<?xml version="1.0" encoding="UTF-8" ?>
<testsuite tests="3" failures="3" name="net.ddns.arnautovevgeny.pricelist.AutomationTest" time="7.163" errors="0" skipped="0">
  <properties>
    <property name="java.runtime.name" value="Java(TM) SE Runtime Environment"/>
    <property name="java.vm.version" value="11.0.4+10-LTS"/>
    <property name="sun.boot.library.path" value="C:\Program Files\Java\jdk-11.0.4\bin"/>
    <property name="maven.multiModuleProjectDirectory" value="D:\Projects\priceList"/>
    <property name="java.vm.vendor" value="Oracle Corporation"/>
    <property name="java.vendor.url" value="http://java.oracle.com/"/>
    <property name="guice.disable.misplaced.annotation.check" value="true"/>
    <property name="path.separator" value=";"/>
    <property name="java.vm.name" value="Java HotSpot(TM) 64-Bit Server VM"/>
    <property name="sun.os.patch.level" value=""/>
    <property name="user.script" value=""/>
    <property name="user.country" value="RU"/>
    <property name="sun.java.launcher" value="SUN_STANDARD"/>
    <property name="java.vm.specification.name" value="Java Virtual Machine Specification"/>
    <property name="user.dir" value="D:\Projects\priceList"/>
    <property name="java.vm.compressedOopsMode" value="Zero based"/>
    <property name="java.runtime.version" value="11.0.4+10-LTS"/>
    <property name="java.awt.graphicsenv" value="sun.awt.Win32GraphicsEnvironment"/>
    <property name="os.arch" value="amd64"/>
    <property name="java.io.tmpdir" value="C:\Users\Евгений\AppData\Local\Temp\"/>
    <property name="line.separator" value="
"/>
    <property name="java.vm.specification.vendor" value="Oracle Corporation"/>
    <property name="user.variant" value=""/>
    <property name="os.name" value="Windows 10"/>
    <property name="maven.ext.class.path" value="C:\Program Files\JetBrains\IntelliJ IDEA 2019.2\plugins\maven\lib\maven-event-listener.jar"/>
    <property name="classworlds.conf" value="C:\Program Files\JetBrains\IntelliJ IDEA 2019.2\plugins\maven\lib\maven3\bin\m2.conf"/>
    <property name="sun.jnu.encoding" value="Cp1251"/>
    <property name="java.library.path" value="C:\Program Files\Java\jdk-11.0.4\bin;C:\Windows\Sun\Java\bin;C:\Windows\system32;C:\Windows;C:\Windows\system32;C:\Windows;C:\Windows\System32\Wbem;C:\Windows\System32\WindowsPowerShell\v1.0\;C:\Windows\System32\OpenSSH\;C:\Program Files\Far Manager\;C:\Program Files\Java\jdk-11.0.3\bin;C:\Program Files (x86)\Calibre2\;C:\MinGW\bin;C:\Program Files (x86)\Common Files\Acronis\SnapAPI\;C:\Program Files\PuTTY\;C:\Users\Евгений\AppData\Local\Microsoft\WindowsApps;;C:\Users\???????\AppData\Local\Programs\Microsoft VS Code\bin;C:\Users\???????\AppData\Local\hyper\app-3.0.2\resources\bin;C:\Users\???????\AppData\Local\hyper\app-3.0.2\resources\bin;C:\Users\Евгений\AppData\Local\hyper\app-3.0.2\resources\bin;C:\Program Files\JetBrains\IntelliJ IDEA 2019.2\bin;;."/>
    <property name="maven.conf" value="C:\Program Files\JetBrains\IntelliJ IDEA 2019.2\plugins\maven\lib\maven3/conf"/>
    <property name="jdk.debug" value="release"/>
    <property name="java.class.version" value="55.0"/>
    <property name="java.specification.name" value="Java Platform API Specification"/>
    <property name="sun.management.compiler" value="HotSpot 64-Bit Tiered Compilers"/>
    <property name="os.version" value="10.0"/>
    <property name="user.home" value="C:\Users\Евгений"/>
    <property name="user.timezone" value="Asia/Yekaterinburg"/>
    <property name="java.awt.printerjob" value="sun.awt.windows.WPrinterJob"/>
    <property name="file.encoding" value="UTF-8"/>
    <property name="java.specification.version" value="11"/>
    <property name="user.name" value="arnau"/>
    <property name="idea.version2019.2.3" value="true"/>
    <property name="java.class.path" value="C:\Program Files\JetBrains\IntelliJ IDEA 2019.2\plugins\maven\lib\maven3\boot\plexus-classworlds-2.6.0.jar"/>
    <property name="java.vm.specification.version" value="11"/>
    <property name="sun.arch.data.model" value="64"/>
    <property name="sun.java.command" value="org.codehaus.classworlds.Launcher -Didea.version2019.2.3 install"/>
    <property name="java.home" value="C:\Program Files\Java\jdk-11.0.4"/>
    <property name="user.language" value="ru"/>
    <property name="java.specification.vendor" value="Oracle Corporation"/>
    <property name="awt.toolkit" value="sun.awt.windows.WToolkit"/>
    <property name="java.vm.info" value="mixed mode"/>
    <property name="java.version" value="11.0.4"/>
    <property name="java.vendor" value="Oracle Corporation"/>
    <property name="maven.home" value="C:\Program Files\JetBrains\IntelliJ IDEA 2019.2\plugins\maven\lib\maven3"/>
    <property name="file.separator" value="\"/>
    <property name="java.version.date" value="2019-07-16"/>
    <property name="java.vendor.url.bug" value="http://bugreport.java.com/bugreport/"/>
    <property name="sun.io.unicode.encoding" value="UnicodeLittle"/>
    <property name="sun.cpu.endian" value="little"/>
    <property name="java.vendor.version" value="18.9"/>
    <property name="sun.desktop" value="windows"/>
    <property name="sun.cpu.isalist" value="amd64"/>
  </properties>
  <testcase classname="net.ddns.arnautovevgeny.pricelist.AutomationTest" name="testViaProducerConsumer" time="3.377">
    <failure message="expected: java.util.concurrent.ConcurrentSkipListSet&lt;[Product(id=16986, name=product 16986, condition=new, state=ok, price=0.03), Product(id=36349, name=product 36349, condition=new, state=ok, price=0.03), Product(id=61232, name=product 61232, condition=new, state=ok, price=0.03), Product(id=94076, name=product 94076, condition=new, state=ok, price=0.03), Product(id=19575, name=product 19575, condition=new, state=ok, price=0.04), Product(id=2131, name=product 2131, condition=new, state=ok, price=0.04), Product(id=13075, name=product 13075, condition=new, state=ok, price=0.05), Product(id=13547, name=product 13547, condition=new, state=ok, price=0.05), Product(id=785, name=product 785, condition=new, state=ok, price=0.05), Product(id=46038, name=product 46038, condition=new, state=ok, price=0.06), Product(id=6236, name=product 6236, condition=new, state=ok, price=0.06), Product(id=66777, name=product 66777, condition=new, state=ok, price=0.06), Product(id=47928, name=product 47928, condition=new, state=ok, price=0.07), Product(id=1087, name=product 1087, condition=new, state=ok, price=0.08), Product(id=40478, name=product 40478, condition=new, state=ok, price=0.08), Product(id=96632, name=product 96632, condition=new, state=ok, price=0.08), Product(id=1990, name=product 1990, condition=new, state=ok, price=0.09), Product(id=24817, name=product 24817, condition=new, state=ok, price=0.09), Product(id=20761, name=product 20761, condition=new, state=ok, price=0.1), Product(id=94385, name=product 94385, condition=new, state=ok, price=0.1), Product(id=4729, name=product 4729, condition=new, state=ok, price=0.11), Product(id=96690, name=product 96690, condition=new, state=ok, price=0.12), Product(id=11120, name=product 11120, condition=new, state=ok, price=0.13), Product(id=36739, name=product 36739, condition=new, state=ok, price=0.13), Product(id=26320, name=product 26320, condition=new, state=ok, price=0.14), Product(id=28860, name=product 28860, condition=new, state=ok, price=0.14), Product(id=36634, name=product 36634, condition=new, state=ok, price=0.14), Product(id=83632, name=product 83632, condition=new, state=ok, price=0.14), Product(id=1530, name=product 1530, condition=new, state=ok, price=0.15), Product(id=45135, name=product 45135, condition=new, state=ok, price=0.15), Product(id=47424, name=product 47424, condition=new, state=ok, price=0.15), Product(id=62629, name=product 62629, condition=new, state=ok, price=0.16), Product(id=16561, name=product 16561, condition=new, state=ok, price=0.18), Product(id=33744, name=product 33744, condition=new, state=ok, price=0.18), Product(id=4616, name=product 4616, condition=new, state=ok, price=0.19), Product(id=66269, name=product 66269, condition=new, state=ok, price=0.19), Product(id=48182, name=product 48182, condition=new, state=ok, price=0.2), Product(id=84114, name=product 84114, condition=new, state=ok, price=0.2), Product(id=16734, name=product 16734, condition=new, state=ok, price=0.21), Product(id=5156, name=product 5156, condition=new, state=ok, price=0.21), Product(id=86143, name=product 86143, condition=new, state=ok, price=0.21), Product(id=34758, name=product 34758, condition=new, state=ok, price=0.22), Product(id=9200, name=product 9200, condition=new, state=ok, price=0.22), Product(id=47714, name=product 47714, condition=new, state=ok, price=0.23), Product(id=28285, name=product 28285, condition=new, state=ok, price=0.24), Product(id=25964, name=product 25964, condition=new, state=ok, price=0.25), Product(id=8775, name=product 8775, condition=new, state=ok, price=0.25), Product(id=31999, name=product 31999, condition=new, state=ok, price=0.26), Product(id=32763, name=product 32763, condition=new, state=ok, price=0.26), Product(id=20740, name=product 20740, condition=new, state=ok, price=0.27), Product(id=6740, name=product 6740, condition=new, state=ok, price=0.27), Product(id=11588, name=product 11588, condition=new, state=ok, price=0.28), Product(id=428, name=product 428, condition=new, state=ok, price=0.28), Product(id=31984, name=product 31984, condition=new, state=ok, price=0.29), Product(id=3061, name=product 3061, condition=new, state=ok, price=0.3), Product(id=45316, name=product 45316, condition=new, state=ok, price=0.3), Product(id=48202, name=product 48202, condition=new, state=ok, price=0.3), Product(id=18818, name=product 18818, condition=new, state=ok, price=0.31), Product(id=35741, name=product 35741, condition=new, state=ok, price=0.31), Product(id=65330, name=product 65330, condition=new, state=ok, price=0.31), Product(id=84274, name=product 84274, condition=new, state=ok, price=0.31), Product(id=88168, name=product 88168, condition=new, state=ok, price=0.32), Product(id=22637, name=product 22637, condition=new, state=ok, price=0.33), Product(id=2459, name=product 2459, condition=new, state=ok, price=0.33), Product(id=10042, name=product 10042, condition=new, state=ok, price=0.34), Product(id=12146, name=product 12146, condition=new, state=ok, price=0.34), Product(id=45187, name=product 45187, condition=new, state=ok, price=0.34), Product(id=60897, name=product 60897, condition=new, state=ok, price=0.34), Product(id=4317, name=product 4317, condition=new, state=ok, price=0.35), Product(id=62823, name=product 62823, condition=new, state=ok, price=0.36), Product(id=80532, name=product 80532, condition=new, state=ok, price=0.36), Product(id=9307, name=product 9307, condition=new, state=ok, price=0.36), Product(id=11601, name=product 11601, condition=new, state=ok, price=0.37), Product(id=36372, name=product 36372, condition=new, state=ok, price=0.37), Product(id=21218, name=product 21218, condition=new, state=ok, price=0.38), Product(id=10953, name=product 10953, condition=new, state=ok, price=0.39), Product(id=21458, name=product 21458, condition=new, state=ok, price=0.39), Product(id=36322, name=product 36322, condition=new, state=ok, price=0.39), Product(id=20187, name=product 20187, condition=new, state=ok, price=0.4), Product(id=55487, name=product 55487, condition=new, state=ok, price=0.4), Product(id=8547, name=product 8547, condition=new, state=ok, price=0.41), Product(id=7429, name=product 7429, condition=new, state=ok, price=0.42), Product(id=11385, name=product 11385, condition=new, state=ok, price=0.43), Product(id=50342, name=product 50342, condition=new, state=ok, price=0.43), Product(id=16788, name=product 16788, condition=new, state=ok, price=0.45), Product(id=22733, name=product 22733, condition=new, state=ok, price=0.46), Product(id=6000, name=product 6000, condition=new, state=ok, price=0.46), Product(id=27066, name=product 27066, condition=new, state=ok, price=0.47), Product(id=7916, name=product 7916, condition=new, state=ok, price=0.47), Product(id=12256, name=product 12256, condition=new, state=ok, price=0.48), Product(id=11813, name=product 11813, condition=new, state=ok, price=0.49), Product(id=37260, name=product 37260, condition=new, state=ok, price=0.49), Product(id=99090, name=product 99090, condition=new, state=ok, price=0.49), Product(id=1256, name=product 1256, condition=new, state=ok, price=0.5), Product(id=9382, name=product 9382, condition=new, state=ok, price=0.5), Product(id=9846, name=product 9846, condition=new, state=ok, price=0.5), Product(id=3088, name=product 3088, condition=new, state=ok, price=0.51), Product(id=33205, name=product 33205, condition=new, state=ok, price=0.51), Product(id=39175, name=product 39175, condition=new, state=ok, price=0.51), Product(id=41082, name=product 41082, condition=new, state=ok, price=0.51), Product(id=4860, name=product 4860, condition=new, state=ok, price=0.51), Product(id=78827, name=product 78827, condition=new, state=ok, price=0.51), Product(id=12793, name=product 12793, condition=new, state=ok, price=0.52), Product(id=23099, name=product 23099, condition=new, state=ok, price=0.52), Product(id=5245, name=product 5245, condition=new, state=ok, price=0.52), Product(id=1815, name=product 1815, condition=new, state=ok, price=0.53), Product(id=26313, name=product 26313, condition=new, state=ok, price=0.54), Product(id=5297, name=product 5297, condition=new, state=ok, price=0.54), Product(id=59588, name=product 59588, condition=new, state=ok, price=0.54), Product(id=71249, name=product 71249, condition=new, state=ok, price=0.54), Product(id=10153, name=product 10153, condition=new, state=ok, price=0.55), Product(id=26403, name=product 26403, condition=new, state=ok, price=0.55), Product(id=7657, name=product 7657, condition=new, state=ok, price=0.55), Product(id=92166, name=product 92166, condition=new, state=ok, price=0.55), Product(id=29757, name=product 29757, condition=new, state=ok, price=0.58), Product(id=8033, name=product 8033, condition=new, state=ok, price=0.58), Product(id=8256, name=product 8256, condition=new, state=ok, price=0.59), Product(id=10569, name=product 10569, condition=new, state=ok, price=0.61), Product(id=3765, name=product 3765, condition=new, state=ok, price=0.61), Product(id=33418, name=product 33418, condition=new, state=ok, price=0.62), Product(id=19584, name=product 19584, condition=new, state=ok, price=0.63), Product(id=3588, name=product 3588, condition=new, state=ok, price=0.63), Product(id=8398, name=product 8398, condition=new, state=ok, price=0.63), Product(id=1332, name=product 1332, condition=new, state=ok, price=0.64), Product(id=12362, name=product 12362, condition=new, state=ok, price=0.65), Product(id=55929, name=product 55929, condition=new, state=ok, price=0.65), Product(id=70644, name=product 70644, condition=new, state=ok, price=0.65), Product(id=990, name=product 990, condition=new, state=ok, price=0.65), Product(id=97284, name=product 97284, condition=new, state=ok, price=0.67), Product(id=62412, name=product 62412, condition=new, state=ok, price=0.68), Product(id=124, name=product 124, condition=new, state=ok, price=0.69), Product(id=33916, name=product 33916, condition=new, state=ok, price=0.69), Product(id=76630, name=product 76630, condition=new, state=ok, price=0.69), Product(id=92217, name=product 92217, condition=new, state=ok, price=0.69), Product(id=56476, name=product 56476, condition=new, state=ok, price=0.7), Product(id=97944, name=product 97944, condition=new, state=ok, price=0.7), Product(id=2054, name=product 2054, condition=new, state=ok, price=0.71), Product(id=2102, name=product 2102, condition=new, state=ok, price=0.71), Product(id=34148, name=product 34148, condition=new, state=ok, price=0.71), Product(id=6060, name=product 6060, condition=new, state=ok, price=0.71), Product(id=91388, name=product 91388, condition=new, state=ok, price=0.71), Product(id=7907, name=product 7907, condition=new, state=ok, price=0.72), Product(id=42513, name=product 42513, condition=new, state=ok, price=0.74), Product(id=6852, name=product 6852, condition=new, state=ok, price=0.74), Product(id=91359, name=product 91359, condition=new, state=ok, price=0.75), Product(id=94987, name=product 94987, condition=new, state=ok, price=0.75), Product(id=42021, name=product 42021, condition=new, state=ok, price=0.77), Product(id=14678, name=product 14678, condition=new, state=ok, price=0.78), Product(id=23803, name=product 23803, condition=new, state=ok, price=0.78), Product(id=15452, name=product 15452, condition=new, state=ok, price=0.79), Product(id=2542, name=product 2542, condition=new, state=ok, price=0.79), Product(id=36534, name=product 36534, condition=new, state=ok, price=0.79), Product(id=36631, name=product 36631, condition=new, state=ok, price=0.79), Product(id=15673, name=product 15673, condition=new, state=ok, price=0.8), Product(id=29327, name=product 29327, condition=new, state=ok, price=0.8), Product(id=42025, name=product 42025, condition=new, state=ok, price=0.8), Product(id=12416, name=product 12416, condition=new, state=ok, price=0.81), Product(id=13085, name=product 13085, condition=new, state=ok, price=0.81), Product(id=3060, name=product 3060, condition=new, state=ok, price=0.81), Product(id=52519, name=product 52519, condition=new, state=ok, price=0.81), Product(id=56700, name=product 56700, condition=new, state=ok, price=0.82), Product(id=3167, name=product 3167, condition=new, state=ok, price=0.83), Product(id=35034, name=product 35034, condition=new, state=ok, price=0.84), Product(id=38786, name=product 38786, condition=new, state=ok, price=0.84), Product(id=1821, name=product 1821, condition=new, state=ok, price=0.85), Product(id=7287, name=product 7287, condition=new, state=ok, price=0.85), Product(id=91511, name=product 91511, condition=new, state=ok, price=0.85), Product(id=41135, name=product 41135, condition=new, state=ok, price=0.86), Product(id=17110, name=product 17110, condition=new, state=ok, price=0.88), Product(id=4129, name=product 4129, condition=new, state=ok, price=0.88), Product(id=70243, name=product 70243, condition=new, state=ok, price=0.88), Product(id=81009, name=product 81009, condition=new, state=ok, price=0.88), Product(id=82672, name=product 82672, condition=new, state=ok, price=0.88), Product(id=46319, name=product 46319, condition=new, state=ok, price=0.89), Product(id=91369, name=product 91369, condition=new, state=ok, price=0.9), Product(id=39811, name=product 39811, condition=new, state=ok, price=0.92), Product(id=401, name=product 401, condition=new, state=ok, price=0.92), Product(id=7721, name=product 7721, condition=new, state=ok, price=0.92), Product(id=7922, name=product 7922, condition=new, state=ok, price=0.93), Product(id=15064, name=product 15064, condition=new, state=ok, price=0.94), Product(id=1276, name=product 1276, condition=new, state=ok, price=0.95), Product(id=18677, name=product 18677, condition=new, state=ok, price=0.95), Product(id=23628, name=product 23628, condition=new, state=ok, price=0.95), Product(id=69437, name=product 69437, condition=new, state=ok, price=0.95), Product(id=18754, name=product 18754, condition=new, state=ok, price=0.96), Product(id=3856, name=product 3856, condition=new, state=ok, price=0.96), Product(id=92627, name=product 92627, condition=new, state=ok, price=0.96), Product(id=17471, name=product 17471, condition=new, state=ok, price=0.97), Product(id=28721, name=product 28721, condition=new, state=ok, price=0.97), Product(id=38118, name=product 38118, condition=new, state=ok, price=0.97), Product(id=50035, name=product 50035, condition=new, state=ok, price=0.97), Product(id=83032, name=product 83032, condition=new, state=ok, price=0.97), Product(id=14314, name=product 14314, condition=new, state=ok, price=0.98), Product(id=36057, name=product 36057, condition=new, state=ok, price=0.98), Product(id=4104, name=product 4104, condition=new, state=ok, price=0.98), Product(id=5799, name=product 5799, condition=new, state=ok, price=0.98), Product(id=9305, name=product 9305, condition=new, state=ok, price=0.98), Product(id=11197, name=product 11197, condition=new, state=ok, price=0.99), Product(id=56086, name=product 56086, condition=new, state=ok, price=0.99), Product(id=98038, name=product 98038, condition=new, state=ok, price=0.99), Product(id=10125, name=product 10125, condition=new, state=ok, price=1.01), Product(id=13377, name=product 13377, condition=new, state=ok, price=1.02), Product(id=70214, name=product 70214, condition=new, state=ok, price=1.02), Product(id=7821, name=product 7821, condition=new, state=ok, price=1.02), Product(id=78758, name=product 78758, condition=new, state=ok, price=1.02), Product(id=93435, name=product 93435, condition=new, state=ok, price=1.02), Product(id=10808, name=product 10808, condition=new, state=ok, price=1.03), Product(id=89830, name=product 89830, condition=new, state=ok, price=1.03), Product(id=18633, name=product 18633, condition=new, state=ok, price=1.04), Product(id=82811, name=product 82811, condition=new, state=ok, price=1.05), Product(id=26763, name=product 26763, condition=new, state=ok, price=1.06), Product(id=33321, name=product 33321, condition=new, state=ok, price=1.07), Product(id=41674, name=product 41674, condition=new, state=ok, price=1.08), Product(id=23336, name=product 23336, condition=new, state=ok, price=1.09), Product(id=60162, name=product 60162, condition=new, state=ok, price=1.09), Product(id=9292, name=product 9292, condition=new, state=ok, price=1.09), Product(id=4549, name=product 4549, condition=new, state=ok, price=1.1), Product(id=48024, name=product 48024, condition=new, state=ok, price=1.1), Product(id=23362, name=product 23362, condition=new, state=ok, price=1.12), Product(id=25181, name=product 25181, condition=new, state=ok, price=1.12), Product(id=42502, name=product 42502, condition=new, state=ok, price=1.12), Product(id=78, name=product 78, condition=new, state=ok, price=1.12), Product(id=78453, name=product 78453, condition=new, state=ok, price=1.13), Product(id=28711, name=product 28711, condition=new, state=ok, price=1.14), Product(id=54778, name=product 54778, condition=new, state=ok, price=1.14), Product(id=24348, name=product 24348, condition=new, state=ok, price=1.15), Product(id=2658, name=product 2658, condition=new, state=ok, price=1.16), Product(id=12896, name=product 12896, condition=new, state=ok, price=1.17), Product(id=31946, name=product 31946, condition=new, state=ok, price=1.17), Product(id=5187, name=product 5187, condition=new, state=ok, price=1.17), Product(id=13646, name=product 13646, condition=new, state=ok, price=1.18), Product(id=16878, name=product 16878, condition=new, state=ok, price=1.18), Product(id=85200, name=product 85200, condition=new, state=ok, price=1.18), Product(id=12165, name=product 12165, condition=new, state=ok, price=1.19), Product(id=25542, name=product 25542, condition=new, state=ok, price=1.19), Product(id=75682, name=product 75682, condition=new, state=ok, price=1.19), Product(id=14643, name=product 14643, condition=new, state=ok, price=1.2), Product(id=84894, name=product 84894, condition=new, state=ok, price=1.2), Product(id=4637, name=product 4637, condition=new, state=ok, price=1.21), Product(id=54904, name=product 54904, condition=new, state=ok, price=1.21), Product(id=81580, name=product 81580, condition=new, state=ok, price=1.22), Product(id=2392, name=product 2392, condition=new, state=ok, price=1.23), Product(id=7479, name=product 7479, condition=new, state=ok, price=1.23), Product(id=81153, name=product 81153, condition=new, state=ok, price=1.23), Product(id=58034, name=product 58034, condition=new, state=ok, price=1.24), Product(id=15035, name=product 15035, condition=new, state=ok, price=1.25), Product(id=27386, name=product 27386, condition=new, state=ok, price=1.25), Product(id=19043, name=product 19043, condition=new, state=ok, price=1.26), Product(id=31133, name=product 31133, condition=new, state=ok, price=1.26), Product(id=99369, name=product 99369, condition=new, state=ok, price=1.26), Product(id=1230, name=product 1230, condition=new, state=ok, price=1.27), Product(id=10945, name=product 10945, condition=new, state=ok, price=1.28), Product(id=188, name=product 188, condition=new, state=ok, price=1.28), Product(id=45449, name=product 45449, condition=new, state=ok, price=1.28), Product(id=21892, name=product 21892, condition=new, state=ok, price=1.29), Product(id=31094, name=product 31094, condition=new, state=ok, price=1.29), Product(id=68280, name=product 68280, condition=new, state=ok, price=1.29), Product(id=38540, name=product 38540, condition=new, state=ok, price=1.3), Product(id=5485, name=product 5485, condition=new, state=ok, price=1.3), Product(id=12980, name=product 12980, condition=new, state=ok, price=1.33), Product(id=44720, name=product 44720, condition=new, state=ok, price=1.33), Product(id=7458, name=product 7458, condition=new, state=ok, price=1.33), Product(id=26424, name=product 26424, condition=new, state=ok, price=1.34), Product(id=27961, name=product 27961, condition=new, state=ok, price=1.34), Product(id=52213, name=product 52213, condition=new, state=ok, price=1.34), Product(id=81142, name=product 81142, condition=new, state=ok, price=1.34), Product(id=23513, name=product 23513, condition=new, state=ok, price=1.35), Product(id=43439, name=product 43439, condition=new, state=ok, price=1.35), Product(id=15835, name=product 15835, condition=new, state=ok, price=1.36), Product(id=29103, name=product 29103, condition=new, state=ok, price=1.36), Product(id=44552, name=product 44552, condition=new, state=ok, price=1.37), Product(id=45250, name=product 45250, condition=new, state=ok, price=1.37), Product(id=6720, name=product 6720, condition=new, state=ok, price=1.37), Product(id=12722, name=product 12722, condition=new, state=ok, price=1.38), Product(id=63897, name=product 63897, condition=new, state=ok, price=1.38), Product(id=55302, name=product 55302, condition=new, state=ok, price=1.39), Product(id=83042, name=product 83042, condition=new, state=ok, price=1.39), Product(id=15760, name=product 15760, condition=new, state=ok, price=1.4), Product(id=22254, name=product 22254, condition=new, state=ok, price=1.4), Product(id=28977, name=product 28977, condition=new, state=ok, price=1.4), Product(id=3444, name=product 3444, condition=new, state=ok, price=1.4), Product(id=32828, name=product 32828, condition=new, state=ok, price=1.41), Product(id=44746, name=product 44746, condition=new, state=ok, price=1.41), Product(id=37985, name=product 37985, condition=new, state=ok, price=1.42), Product(id=12725, name=product 12725, condition=new, state=ok, price=1.43), Product(id=14567, name=product 14567, condition=new, state=ok, price=1.43), Product(id=25631, name=product 25631, condition=new, state=ok, price=1.44), Product(id=3366, name=product 3366, condition=new, state=ok, price=1.44), Product(id=80220, name=product 80220, condition=new, state=ok, price=1.44), Product(id=11383, name=product 11383, condition=new, state=ok, price=1.45), Product(id=1453, name=product 1453, condition=new, state=ok, price=1.45), Product(id=13920, name=product 13920, condition=new, state=ok, price=1.46), Product(id=42561, name=product 42561, condition=new, state=ok, price=1.46), Product(id=40281, name=product 40281, condition=new, state=ok, price=1.47), Product(id=13218, name=product 13218, condition=new, state=ok, price=1.48), Product(id=40795, name=product 40795, condition=new, state=ok, price=1.48), Product(id=18494, name=product 18494, condition=new, state=ok, price=1.49), Product(id=42458, name=product 42458, condition=new, state=ok, price=1.49), Product(id=6825, name=product 6825, condition=new, state=ok, price=1.49), Product(id=99509, name=product 99509, condition=new, state=ok, price=1.49), Product(id=29984, name=product 29984, condition=new, state=ok, price=1.5), Product(id=4362, name=product 4362, condition=new, state=ok, price=1.5), Product(id=18137, name=product 18137, condition=new, state=ok, price=1.51), Product(id=19719, name=product 19719, condition=new, state=ok, price=1.52), Product(id=65074, name=product 65074, condition=new, state=ok, price=1.52), Product(id=20452, name=product 20452, condition=new, state=ok, price=1.54), Product(id=39729, name=product 39729, condition=new, state=ok, price=1.54), Product(id=41776, name=product 41776, condition=new, state=ok, price=1.54), Product(id=47765, name=product 47765, condition=new, state=ok, price=1.54), Product(id=265, name=product 265, condition=new, state=ok, price=1.55), Product(id=34346, name=product 34346, condition=new, state=ok, price=1.55), Product(id=98386, name=product 98386, condition=new, state=ok, price=1.55), Product(id=38295, name=product 38295, condition=new, state=ok, price=1.56), Product(id=49368, name=product 49368, condition=new, state=ok, price=1.56), Product(id=95353, name=product 95353, condition=new, state=ok, price=1.56), Product(id=273, name=product 273, condition=new, state=ok, price=1.57), Product(id=3964, name=product 3964, condition=new, state=ok, price=1.57), Product(id=59097, name=product 59097, condition=new, state=ok, price=1.57), Product(id=14654, name=product 14654, condition=new, state=ok, price=1.58), Product(id=2822, name=product 2822, condition=new, state=ok, price=1.58), Product(id=48553, name=product 48553, condition=new, state=ok, price=1.58), Product(id=49608, name=product 49608, condition=new, state=ok, price=1.58), Product(id=6806, name=product 6806, condition=new, state=ok, price=1.58), Product(id=24815, name=product 24815, condition=new, state=ok, price=1.6), Product(id=52640, name=product 52640, condition=new, state=ok, price=1.6), Product(id=8750, name=product 8750, condition=new, state=ok, price=1.6), Product(id=53953, name=product 53953, condition=new, state=ok, price=1.61), Product(id=7503, name=product 7503, condition=new, state=ok, price=1.61), Product(id=3540, name=product 3540, condition=new, state=ok, price=1.62), Product(id=525, name=product 525, condition=new, state=ok, price=1.62), Product(id=97901, name=product 97901, condition=new, state=ok, price=1.62), Product(id=41164, name=product 41164, condition=new, state=ok, price=1.63), Product(id=5626, name=product 5626, condition=new, state=ok, price=1.63), Product(id=13167, name=product 13167, condition=new, state=ok, price=1.64), Product(id=38705, name=product 38705, condition=new, state=ok, price=1.64), Product(id=6279, name=product 6279, condition=new, state=ok, price=1.65), Product(id=11579, name=product 11579, condition=new, state=ok, price=1.67), Product(id=65346, name=product 65346, condition=new, state=ok, price=1.67), Product(id=13966, name=product 13966, condition=new, state=ok, price=1.68), Product(id=82213, name=product 82213, condition=new, state=ok, price=1.69), Product(id=3177, name=product 3177, condition=new, state=ok, price=1.7), Product(id=74367, name=product 74367, condition=new, state=ok, price=1.7), Product(id=17480, name=product 17480, condition=new, state=ok, price=1.71), Product(id=41526, name=product 41526, condition=new, state=ok, price=1.71), Product(id=82563, name=product 82563, condition=new, state=ok, price=1.71), Product(id=14747, name=product 14747, condition=new, state=ok, price=1.72), Product(id=4093, name=product 4093, condition=new, state=ok, price=1.72), Product(id=16002, name=product 16002, condition=new, state=ok, price=1.73), Product(id=30895, name=product 30895, condition=new, state=ok, price=1.73), Product(id=73832, name=product 73832, condition=new, state=ok, price=1.74), Product(id=1916, name=product 1916, condition=new, state=ok, price=1.76), Product(id=42095, name=product 42095, condition=new, state=ok, price=1.76), Product(id=67713, name=product 67713, condition=new, state=ok, price=1.76), Product(id=18010, name=product 18010, condition=new, state=ok, price=1.77), Product(id=30032, name=product 30032, condition=new, state=ok, price=1.77), Product(id=46652, name=product 46652, condition=new, state=ok, price=1.77), Product(id=8665, name=product 8665, condition=new, state=ok, price=1.77), Product(id=22533, name=product 22533, condition=new, state=ok, price=1.79), Product(id=82482, name=product 82482, condition=new, state=ok, price=1.79), Product(id=2854, name=product 2854, condition=new, state=ok, price=1.8), Product(id=41802, name=product 41802, condition=new, state=ok, price=1.81), Product(id=37849, name=product 37849, condition=new, state=ok, price=1.82), Product(id=71381, name=product 71381, condition=new, state=ok, price=1.83), Product(id=1625, name=product 1625, condition=new, state=ok, price=1.84), Product(id=92840, name=product 92840, condition=new, state=ok, price=1.84), Product(id=9466, name=product 9466, condition=new, state=ok, price=1.85), Product(id=10700, name=product 10700, condition=new, state=ok, price=1.86), Product(id=56841, name=product 56841, condition=new, state=ok, price=1.86), Product(id=58121, name=product 58121, condition=new, state=ok, price=1.86), Product(id=33778, name=product 33778, condition=new, state=ok, price=1.87), Product(id=82407, name=product 82407, condition=new, state=ok, price=1.88), Product(id=68140, name=product 68140, condition=new, state=ok, price=1.89), Product(id=5013, name=product 5013, condition=new, state=ok, price=1.9), Product(id=43349, name=product 43349, condition=new, state=ok, price=1.91), Product(id=6997, name=product 6997, condition=new, state=ok, price=1.91), Product(id=19364, name=product 19364, condition=new, state=ok, price=1.92), Product(id=59688, name=product 59688, condition=new, state=ok, price=1.92), Product(id=36797, name=product 36797, condition=new, state=ok, price=1.93), Product(id=59946, name=product 59946, condition=new, state=ok, price=1.93), Product(id=88593, name=product 88593, condition=new, state=ok, price=1.93), Product(id=13313, name=product 13313, condition=new, state=ok, price=1.94), Product(id=1732, name=product 1732, condition=new, state=ok, price=1.94), Product(id=450, name=product 450, condition=new, state=ok, price=1.94), Product(id=8961, name=product 8961, condition=new, state=ok, price=1.94), Product(id=65168, name=product 65168, condition=new, state=ok, price=1.95), Product(id=8300, name=product 8300, condition=new, state=ok, price=1.95), Product(id=88004, name=product 88004, condition=new, state=ok, price=1.95), Product(id=28319, name=product 28319, condition=new, state=ok, price=1.96), Product(id=12390, name=product 12390, condition=new, state=ok, price=1.97), Product(id=30523, name=product 30523, condition=new, state=ok, price=1.98), Product(id=49417, name=product 49417, condition=new, state=ok, price=1.98), Product(id=74362, name=product 74362, condition=new, state=ok, price=1.98), Product(id=77417, name=product 77417, condition=new, state=ok, price=1.98), Product(id=34089, name=product 34089, condition=new, state=ok, price=1.99), Product(id=11293, name=product 11293, condition=new, state=ok, price=2.0), Product(id=86985, name=product 86985, condition=new, state=ok, price=2.0), Product(id=3741, name=product 3741, condition=new, state=ok, price=2.01), Product(id=4419, name=product 4419, condition=new, state=ok, price=2.01), Product(id=2605, name=product 2605, condition=new, state=ok, price=2.03), Product(id=41871, name=product 41871, condition=new, state=ok, price=2.03), Product(id=12208, name=product 12208, condition=new, state=ok, price=2.04), Product(id=3764, name=product 3764, condition=new, state=ok, price=2.05), Product(id=9346, name=product 9346, condition=new, state=ok, price=2.05), Product(id=96912, name=product 96912, condition=new, state=ok, price=2.05), Product(id=25221, name=product 25221, condition=new, state=ok, price=2.06), Product(id=27890, name=product 27890, condition=new, state=ok, price=2.06), Product(id=35518, name=product 35518, condition=new, state=ok, price=2.06), Product(id=47144, name=product 47144, condition=new, state=ok, price=2.06), Product(id=21447, name=product 21447, condition=new, state=ok, price=2.07), Product(id=36332, name=product 36332, condition=new, state=ok, price=2.07), Product(id=18201, name=product 18201, condition=new, state=ok, price=2.08), Product(id=54793, name=product 54793, condition=new, state=ok, price=2.08), Product(id=38358, name=product 38358, condition=new, state=ok, price=2.09), Product(id=91926, name=product 91926, condition=new, state=ok, price=2.09), Product(id=8818, name=product 8818, condition=new, state=ok, price=2.1), Product(id=17519, name=product 17519, condition=new, state=ok, price=2.13), Product(id=24843, name=product 24843, condition=new, state=ok, price=2.13), Product(id=4741, name=product 4741, condition=new, state=ok, price=2.13), Product(id=31387, name=product 31387, condition=new, state=ok, price=2.14), Product(id=32539, name=product 32539, condition=new, state=ok, price=2.14), Product(id=410, name=product 410, condition=new, state=ok, price=2.14), Product(id=79127, name=product 79127, condition=new, state=ok, price=2.14), Product(id=7974, name=product 7974, condition=new, state=ok, price=2.14), Product(id=83244, name=product 83244, condition=new, state=ok, price=2.14), Product(id=62559, name=product 62559, condition=new, state=ok, price=2.16), Product(id=1499, name=product 1499, condition=new, state=ok, price=2.17), Product(id=23038, name=product 23038, condition=new, state=ok, price=2.17), Product(id=28084, name=product 28084, condition=new, state=ok, price=2.17), Product(id=36146, name=product 36146, condition=new, state=ok, price=2.17), Product(id=51636, name=product 51636, condition=new, state=ok, price=2.17), Product(id=92803, name=product 92803, condition=new, state=ok, price=2.17), Product(id=94661, name=product 94661, condition=new, state=ok, price=2.17), Product(id=6983, name=product 6983, condition=new, state=ok, price=2.18), Product(id=70142, name=product 70142, condition=new, state=ok, price=2.18), Product(id=8419, name=product 8419, condition=new, state=ok, price=2.19), Product(id=11, name=product 11, condition=new, state=ok, price=2.2), Product(id=33335, name=product 33335, condition=new, state=ok, price=2.2), Product(id=45140, name=product 45140, condition=new, state=ok, price=2.2), Product(id=69006, name=product 69006, condition=new, state=ok, price=2.2), Product(id=88112, name=product 88112, condition=new, state=ok, price=2.2), Product(id=17130, name=product 17130, condition=new, state=ok, price=2.21), Product(id=20360, name=product 20360, condition=new, state=ok, price=2.22), Product(id=21636, name=product 21636, condition=new, state=ok, price=2.22), Product(id=12104, name=product 12104, condition=new, state=ok, price=2.23), Product(id=28242, name=product 28242, condition=new, state=ok, price=2.23), Product(id=89734, name=product 89734, condition=new, state=ok, price=2.23), Product(id=10401, name=product 10401, condition=new, state=ok, price=2.25), Product(id=9476, name=product 9476, condition=new, state=ok, price=2.26), Product(id=22575, name=product 22575, condition=new, state=ok, price=2.28), Product(id=9352, name=product 9352, condition=new, state=ok, price=2.28), Product(id=83710, name=product 83710, condition=new, state=ok, price=2.29), Product(id=3141, name=product 3141, condition=new, state=ok, price=2.31), Product(id=8074, name=product 8074, condition=new, state=ok, price=2.31), Product(id=8825, name=product 8825, condition=new, state=ok, price=2.32), Product(id=12332, name=product 12332, condition=new, state=ok, price=2.33), Product(id=1866, name=product 1866, condition=new, state=ok, price=2.33), Product(id=19365, name=product 19365, condition=new, state=ok, price=2.33), Product(id=20450, name=product 20450, condition=new, state=ok, price=2.33), Product(id=33151, name=product 33151, condition=new, state=ok, price=2.33), Product(id=47412, name=product 47412, condition=new, state=ok, price=2.34), Product(id=865, name=product 865, condition=new, state=ok, price=2.34), Product(id=15549, name=product 15549, condition=new, state=ok, price=2.35), Product(id=28225, name=product 28225, condition=new, state=ok, price=2.35), Product(id=55177, name=product 55177, condition=new, state=ok, price=2.35), Product(id=12595, name=product 12595, condition=new, state=ok, price=2.36), Product(id=14411, name=product 14411, condition=new, state=ok, price=2.36), Product(id=18256, name=product 18256, condition=new, state=ok, price=2.36), Product(id=742, name=product 742, condition=new, state=ok, price=2.36), Product(id=128, name=product 128, condition=new, state=ok, price=2.37), Product(id=20498, name=product 20498, condition=new, state=ok, price=2.37), Product(id=24717, name=product 24717, condition=new, state=ok, price=2.37), Product(id=89510, name=product 89510, condition=new, state=ok, price=2.37), Product(id=32056, name=product 32056, condition=new, state=ok, price=2.38), Product(id=12723, name=product 12723, condition=new, state=ok, price=2.4), Product(id=36772, name=product 36772, condition=new, state=ok, price=2.4), Product(id=42713, name=product 42713, condition=new, state=ok, price=2.4), Product(id=15081, name=product 15081, condition=new, state=ok, price=2.41), Product(id=32960, name=product 32960, condition=new, state=ok, price=2.41), Product(id=63516, name=product 63516, condition=new, state=ok, price=2.41), Product(id=8590, name=product 8590, condition=new, state=ok, price=2.41), Product(id=41873, name=product 41873, condition=new, state=ok, price=2.42), Product(id=88030, name=product 88030, condition=new, state=ok, price=2.42), Product(id=31093, name=product 31093, condition=new, state=ok, price=2.43), Product(id=10152, name=product 10152, condition=new, state=ok, price=2.44), Product(id=11048, name=product 11048, condition=new, state=ok, price=2.45), Product(id=53181, name=product 53181, condition=new, state=ok, price=2.46), Product(id=59994, name=product 59994, condition=new, state=ok, price=2.46), Product(id=88669, name=product 88669, condition=new, state=ok, price=2.46), Product(id=94, name=product 94, condition=new, state=ok, price=2.46), Product(id=38172, name=product 38172, condition=new, state=ok, price=2.47), Product(id=46195, name=product 46195, condition=new, state=ok, price=2.48), Product(id=46539, name=product 46539, condition=new, state=ok, price=2.48), Product(id=7530, name=product 7530, condition=new, state=ok, price=2.49), Product(id=1839, name=product 1839, condition=new, state=ok, price=2.5), Product(id=22740, name=product 22740, condition=new, state=ok, price=2.5), Product(id=29362, name=product 29362, condition=new, state=ok, price=2.5), Product(id=40917, name=product 40917, condition=new, state=ok, price=2.5), Product(id=27293, name=product 27293, condition=new, state=ok, price=2.54), Product(id=10757, name=product 10757, condition=new, state=ok, price=2.55), Product(id=36151, name=product 36151, condition=new, state=ok, price=2.55), Product(id=48662, name=product 48662, condition=new, state=ok, price=2.55), Product(id=5527, name=product 5527, condition=new, state=ok, price=2.55), Product(id=1782, name=product 1782, condition=new, state=ok, price=2.57), Product(id=18076, name=product 18076, condition=new, state=ok, price=2.58), Product(id=2868, name=product 2868, condition=new, state=ok, price=2.59), Product(id=82261, name=product 82261, condition=new, state=ok, price=2.6), Product(id=2440, name=product 2440, condition=new, state=ok, price=2.61), Product(id=38080, name=product 38080, condition=new, state=ok, price=2.61), Product(id=16215, name=product 16215, condition=new, state=ok, price=2.64), Product(id=25104, name=product 25104, condition=new, state=ok, price=2.65), Product(id=40111, name=product 40111, condition=new, state=ok, price=2.66), Product(id=53989, name=product 53989, condition=new, state=ok, price=2.66), Product(id=6776, name=product 6776, condition=new, state=ok, price=2.66), Product(id=3035, name=product 3035, condition=new, state=ok, price=2.67), Product(id=49810, name=product 49810, condition=new, state=ok, price=2.67), Product(id=10206, name=product 10206, condition=new, state=ok, price=2.68), Product(id=80790, name=product 80790, condition=new, state=ok, price=2.68), Product(id=52484, name=product 52484, condition=new, state=ok, price=2.69), Product(id=2799, name=product 2799, condition=new, state=ok, price=2.7), Product(id=3858, name=product 3858, condition=new, state=ok, price=2.7), Product(id=53951, name=product 53951, condition=new, state=ok, price=2.7), Product(id=84451, name=product 84451, condition=new, state=ok, price=2.7), Product(id=16013, name=product 16013, condition=new, state=ok, price=2.71), Product(id=32214, name=product 32214, condition=new, state=ok, price=2.71), Product(id=3574, name=product 3574, condition=new, state=ok, price=2.71), Product(id=3175, name=product 3175, condition=new, state=ok, price=2.73), Product(id=3364, name=product 3364, condition=new, state=ok, price=2.73), Product(id=1471, name=product 1471, condition=new, state=ok, price=2.74), Product(id=35718, name=product 35718, condition=new, state=ok, price=2.74), Product(id=45546, name=product 45546, condition=new, state=ok, price=2.74), Product(id=5143, name=product 5143, condition=new, state=ok, price=2.74), Product(id=25572, name=product 25572, condition=new, state=ok, price=2.76), Product(id=47352, name=product 47352, condition=new, state=ok, price=2.78), Product(id=20985, name=product 20985, condition=new, state=ok, price=2.79), Product(id=17688, name=product 17688, condition=new, state=ok, price=2.8), Product(id=12236, name=product 12236, condition=new, state=ok, price=2.81), Product(id=22874, name=product 22874, condition=new, state=ok, price=2.81), Product(id=47927, name=product 47927, condition=new, state=ok, price=2.82), Product(id=1548, name=product 1548, condition=new, state=ok, price=2.83), Product(id=16265, name=product 16265, condition=new, state=ok, price=2.83), Product(id=27070, name=product 27070, condition=new, state=ok, price=2.83), Product(id=60250, name=product 60250, condition=new, state=ok, price=2.83), Product(id=67960, name=product 67960, condition=new, state=ok, price=2.83), Product(id=55683, name=product 55683, condition=new, state=ok, price=2.84), Product(id=7262, name=product 7262, condition=new, state=ok, price=2.84), Product(id=6108, name=product 6108, condition=new, state=ok, price=2.85), Product(id=29928, name=product 29928, condition=new, state=ok, price=2.86), Product(id=18151, name=product 18151, condition=new, state=ok, price=2.88), Product(id=43130, name=product 43130, condition=new, state=ok, price=2.88), Product(id=46474, name=product 46474, condition=new, state=ok, price=2.88), Product(id=90178, name=product 90178, condition=new, state=ok, price=2.88), Product(id=47509, name=product 47509, condition=new, state=ok, price=2.91), Product(id=10959, name=product 10959, condition=new, state=ok, price=2.92), Product(id=43652, name=product 43652, condition=new, state=ok, price=2.93), Product(id=511, name=product 511, condition=new, state=ok, price=2.94), Product(id=80325, name=product 80325, condition=new, state=ok, price=2.94), Product(id=27592, name=product 27592, condition=new, state=ok, price=2.95), Product(id=36911, name=product 36911, condition=new, state=ok, price=2.95), Product(id=44325, name=product 44325, condition=new, state=ok, price=2.95), Product(id=46232, name=product 46232, condition=new, state=ok, price=2.96), Product(id=91088, name=product 91088, condition=new, state=ok, price=2.97), Product(id=90843, name=product 90843, condition=new, state=ok, price=2.98), Product(id=1646, name=product 1646, condition=new, state=ok, price=2.99), Product(id=44245, name=product 44245, condition=new, state=ok, price=2.99), Product(id=84488, name=product 84488, condition=new, state=ok, price=2.99), Product(id=15615, name=product 15615, condition=new, state=ok, price=3.0), Product(id=39427, name=product 39427, condition=new, state=ok, price=3.0), Product(id=75826, name=product 75826, condition=new, state=ok, price=3.01), Product(id=6869, name=product 6869, condition=new, state=ok, price=3.02), Product(id=164, name=product 164, condition=new, state=ok, price=3.03), Product(id=26524, name=product 26524, condition=new, state=ok, price=3.03), Product(id=54666, name=product 54666, condition=new, state=ok, price=3.03), Product(id=1387, name=product 1387, condition=new, state=ok, price=3.04), Product(id=8237, name=product 8237, condition=new, state=ok, price=3.04), Product(id=98951, name=product 98951, condition=new, state=ok, price=3.04), Product(id=64959, name=product 64959, condition=new, state=ok, price=3.05), Product(id=271, name=product 271, condition=new, state=ok, price=3.07), Product(id=40159, name=product 40159, condition=new, state=ok, price=3.07), Product(id=33796, name=product 33796, condition=new, state=ok, price=3.08), Product(id=38253, name=product 38253, condition=new, state=ok, price=3.08), Product(id=38603, name=product 38603, condition=new, state=ok, price=3.08), Product(id=42573, name=product 42573, condition=new, state=ok, price=3.08), Product(id=59352, name=product 59352, condition=new, state=ok, price=3.08), Product(id=70235, name=product 70235, condition=new, state=ok, price=3.08), Product(id=5584, name=product 5584, condition=new, state=ok, price=3.09), Product(id=49094, name=product 49094, condition=new, state=ok, price=3.12), Product(id=14172, name=product 14172, condition=new, state=ok, price=3.13), Product(id=31636, name=product 31636, condition=new, state=ok, price=3.13), Product(id=44657, name=product 44657, condition=new, state=ok, price=3.13), Product(id=16910, name=product 16910, condition=new, state=ok, price=3.14), Product(id=7107, name=product 7107, condition=new, state=ok, price=3.15), Product(id=36457, name=product 36457, condition=new, state=ok, price=3.16), Product(id=40817, name=product 40817, condition=new, state=ok, price=3.16), Product(id=13122, name=product 13122, condition=new, state=ok, price=3.17), Product(id=23123, name=product 23123, condition=new, state=ok, price=3.17), Product(id=27453, name=product 27453, condition=new, state=ok, price=3.17), Product(id=38595, name=product 38595, condition=new, state=ok, price=3.17), Product(id=59539, name=product 59539, condition=new, state=ok, price=3.18), Product(id=69074, name=product 69074, condition=new, state=ok, price=3.18), Product(id=12420, name=product 12420, condition=new, state=ok, price=3.19), Product(id=4974, name=product 4974, condition=new, state=ok, price=3.19), Product(id=56276, name=product 56276, condition=new, state=ok, price=3.2), Product(id=58349, name=product 58349, condition=new, state=ok, price=3.2), Product(id=62584, name=product 62584, condition=new, state=ok, price=3.2), Product(id=121, name=product 121, condition=new, state=ok, price=3.21), Product(id=20947, name=product 20947, condition=new, state=ok, price=3.21), Product(id=13051, name=product 13051, condition=new, state=ok, price=3.22), Product(id=27972, name=product 27972, condition=new, state=ok, price=3.22), Product(id=453, name=product 453, condition=new, state=ok, price=3.22), Product(id=63872, name=product 63872, condition=new, state=ok, price=3.22), Product(id=87741, name=product 87741, condition=new, state=ok, price=3.22), Product(id=15518, name=product 15518, condition=new, state=ok, price=3.23), Product(id=36940, name=product 36940, condition=new, state=ok, price=3.23), Product(id=52986, name=product 52986, condition=new, state=ok, price=3.23), Product(id=22209, name=product 22209, condition=new, state=ok, price=3.24), Product(id=66753, name=product 66753, condition=new, state=ok, price=3.24), Product(id=73351, name=product 73351, condition=new, state=ok, price=3.26), Product(id=15780, name=product 15780, condition=new, state=ok, price=3.27), Product(id=2848, name=product 2848, condition=new, state=ok, price=3.27), Product(id=86790, name=product 86790, condition=new, state=ok, price=3.27), Product(id=25866, name=product 25866, condition=new, state=ok, price=3.28), Product(id=43879, name=product 43879, condition=new, state=ok, price=3.28), Product(id=5308, name=product 5308, condition=new, state=ok, price=3.28), Product(id=10338, name=product 10338, condition=new, state=ok, price=3.31), Product(id=39912, name=product 39912, condition=new, state=ok, price=3.31), Product(id=56835, name=product 56835, condition=new, state=ok, price=3.31), Product(id=71374, name=product 71374, condition=new, state=ok, price=3.32), Product(id=39827, name=product 39827, condition=new, state=ok, price=3.33), Product(id=16087, name=product 16087, condition=new, state=ok, price=3.34), Product(id=17162, name=product 17162, condition=new, state=ok, price=3.34), Product(id=20396, name=product 20396, condition=new, state=ok, price=3.34), Product(id=2269, name=product 2269, condition=new, state=ok, price=3.34), Product(id=5022, name=product 5022, condition=new, state=ok, price=3.34), Product(id=12740, name=product 12740, condition=new, state=ok, price=3.37), Product(id=1833, name=product 1833, condition=new, state=ok, price=3.37), Product(id=6365, name=product 6365, condition=new, state=ok, price=3.37), Product(id=3247, name=product 3247, condition=new, state=ok, price=3.39), Product(id=41684, name=product 41684, condition=new, state=ok, price=3.39), Product(id=5060, name=product 5060, condition=new, state=ok, price=3.39), Product(id=7302, name=product 7302, condition=new, state=ok, price=3.39), Product(id=91937, name=product 91937, condition=new, state=ok, price=3.4), Product(id=10484, name=product 10484, condition=new, state=ok, price=3.42), Product(id=37822, name=product 37822, condition=new, state=ok, price=3.42), Product(id=70361, name=product 70361, condition=new, state=ok, price=3.42), Product(id=2801, name=product 2801, condition=new, state=ok, price=3.43), Product(id=14341, name=product 14341, condition=new, state=ok, price=3.44), Product(id=1492, name=product 1492, condition=new, state=ok, price=3.44), Product(id=41196, name=product 41196, condition=new, state=ok, price=3.45), Product(id=82523, name=product 82523, condition=new, state=ok, price=3.45), Product(id=21589, name=product 21589, condition=new, state=ok, price=3.46), Product(id=28917, name=product 28917, condition=new, state=ok, price=3.46), Product(id=65622, name=product 65622, condition=new, state=ok, price=3.47), Product(id=67101, name=product 67101, condition=new, state=ok, price=3.47), Product(id=82469, name=product 82469, condition=new, state=ok, price=3.47), Product(id=18186, name=product 18186, condition=new, state=ok, price=3.48), Product(id=79550, name=product 79550, condition=new, state=ok, price=3.5), Product(id=16696, name=product 16696, condition=new, state=ok, price=3.51), Product(id=19880, name=product 19880, condition=new, state=ok, price=3.51), Product(id=24301, name=product 24301, condition=new, state=ok, price=3.51), Product(id=33393, name=product 33393, condition=new, state=ok, price=3.51), Product(id=78301, name=product 78301, condition=new, state=ok, price=3.51), Product(id=37513, name=product 37513, condition=new, state=ok, price=3.52), Product(id=27398, name=product 27398, condition=new, state=ok, price=3.53), Product(id=85732, name=product 85732, condition=new, state=ok, price=3.53), Product(id=4315, name=product 4315, condition=new, state=ok, price=3.54), Product(id=86981, name=product 86981, condition=new, state=ok, price=3.54), Product(id=4715, name=product 4715, condition=new, state=ok, price=3.56), Product(id=15462, name=product 15462, condition=new, state=ok, price=3.57), Product(id=1908, name=product 1908, condition=new, state=ok, price=3.57), Product(id=34065, name=product 34065, condition=new, state=ok, price=3.57), Product(id=48105, name=product 48105, condition=new, state=ok, price=3.57), Product(id=4379, name=product 4379, condition=new, state=ok, price=3.59), Product(id=51516, name=product 51516, condition=new, state=ok, price=3.59), Product(id=81166, name=product 81166, condition=new, state=ok, price=3.59), Product(id=92315, name=product 92315, condition=new, state=ok, price=3.59), Product(id=11215, name=product 11215, condition=new, state=ok, price=3.6), Product(id=45695, name=product 45695, condition=new, state=ok, price=3.6), Product(id=98943, name=product 98943, condition=new, state=ok, price=3.6), Product(id=8394, name=product 8394, condition=new, state=ok, price=3.61), Product(id=93053, name=product 93053, condition=new, state=ok, price=3.61), Product(id=27587, name=product 27587, condition=new, state=ok, price=3.62), Product(id=35642, name=product 35642, condition=new, state=ok, price=3.62), Product(id=44609, name=product 44609, condition=new, state=ok, price=3.62), Product(id=23771, name=product 23771, condition=new, state=ok, price=3.63), Product(id=29138, name=product 29138, condition=new, state=ok, price=3.63), Product(id=36268, name=product 36268, condition=new, state=ok, price=3.63), Product(id=36706, name=product 36706, condition=new, state=ok, price=3.63), Product(id=75804, name=product 75804, condition=new, state=ok, price=3.64), Product(id=32418, name=product 32418, condition=new, state=ok, price=3.65), Product(id=96466, name=product 96466, condition=new, state=ok, price=3.65), Product(id=26638, name=product 26638, condition=new, state=ok, price=3.67), Product(id=26199, name=product 26199, condition=new, state=ok, price=3.68), Product(id=4810, name=product 4810, condition=new, state=ok, price=3.68), Product(id=56906, name=product 56906, condition=new, state=ok, price=3.68), Product(id=11178, name=product 11178, condition=new, state=ok, price=3.69), Product(id=17285, name=product 17285, condition=new, state=ok, price=3.69), Product(id=12104, name=product 12104, condition=new, state=ok, price=3.7), Product(id=20239, name=product 20239, condition=new, state=ok, price=3.7), Product(id=21025, name=product 21025, condition=new, state=ok, price=3.7), Product(id=23521, name=product 23521, condition=new, state=ok, price=3.7), Product(id=39761, name=product 39761, condition=new, state=ok, price=3.7), Product(id=25059, name=product 25059, condition=new, state=ok, price=3.71), Product(id=43604, name=product 43604, condition=new, state=ok, price=3.71), Product(id=45975, name=product 45975, condition=new, state=ok, price=3.71), Product(id=98987, name=product 98987, condition=new, state=ok, price=3.71), Product(id=31597, name=product 31597, condition=new, state=ok, price=3.74), Product(id=49214, name=product 49214, condition=new, state=ok, price=3.74), Product(id=1034, name=product 1034, condition=new, state=ok, price=3.75), Product(id=15978, name=product 15978, condition=new, state=ok, price=3.75), Product(id=21331, name=product 21331, condition=new, state=ok, price=3.76), Product(id=2484, name=product 2484, condition=new, state=ok, price=3.76), Product(id=28902, name=product 28902, condition=new, state=ok, price=3.77), Product(id=5955, name=product 5955, condition=new, state=ok, price=3.77), Product(id=6460, name=product 6460, condition=new, state=ok, price=3.77), Product(id=9417, name=product 9417, condition=new, state=ok, price=3.77), Product(id=1367, name=product 1367, condition=new, state=ok, price=3.78), Product(id=8387, name=product 8387, condition=new, state=ok, price=3.78), Product(id=66050, name=product 66050, condition=new, state=ok, price=3.79), Product(id=8420, name=product 8420, condition=new, state=ok, price=3.79), Product(id=3654, name=product 3654, condition=new, state=ok, price=3.8), Product(id=51321, name=product 51321, condition=new, state=ok, price=3.8), Product(id=36497, name=product 36497, condition=new, state=ok, price=3.81), Product(id=8380, name=product 8380, condition=new, state=ok, price=3.81), Product(id=75550, name=product 75550, condition=new, state=ok, price=3.82), Product(id=88522, name=product 88522, condition=new, state=ok, price=3.82), Product(id=1601, name=product 1601, condition=new, state=ok, price=3.83), Product(id=80511, name=product 80511, condition=new, state=ok, price=3.83), Product(id=96817, name=product 96817, condition=new, state=ok, price=3.84), Product(id=29219, name=product 29219, condition=new, state=ok, price=3.85), Product(id=45458, name=product 45458, condition=new, state=ok, price=3.85), Product(id=10263, name=product 10263, condition=new, state=ok, price=3.86), Product(id=14123, name=product 14123, condition=new, state=ok, price=3.86), Product(id=63911, name=product 63911, condition=new, state=ok, price=3.86), Product(id=73542, name=product 73542, condition=new, state=ok, price=3.86), Product(id=89955, name=product 89955, condition=new, state=ok, price=3.86), Product(id=958, name=product 958, condition=new, state=ok, price=3.87), Product(id=98122, name=product 98122, condition=new, state=ok, price=3.88), Product(id=21414, name=product 21414, condition=new, state=ok, price=3.89), Product(id=10512, name=product 10512, condition=new, state=ok, price=3.91), Product(id=52931, name=product 52931, condition=new, state=ok, price=3.91), Product(id=81562, name=product 81562, condition=new, state=ok, price=3.92), Product(id=795, name=product 795, condition=new, state=ok, price=3.93), Product(id=985, name=product 985, condition=new, state=ok, price=3.93), Product(id=37173, name=product 37173, condition=new, state=ok, price=3.94), Product(id=6125, name=product 6125, condition=new, state=ok, price=3.94), Product(id=1380, name=product 1380, condition=new, state=ok, price=3.95), Product(id=2131, name=product 2131, condition=new, state=ok, price=3.95), Product(id=22008, name=product 22008, condition=new, state=ok, price=3.96), Product(id=33957, name=product 33957, condition=new, state=ok, price=3.97), Product(id=42697, name=product 42697, condition=new, state=ok, price=3.97), Product(id=13242, name=product 13242, condition=new, state=ok, price=3.98), Product(id=16646, name=product 16646, condition=new, state=ok, price=3.98), Product(id=16009, name=product 16009, condition=new, state=ok, price=3.99), Product(id=17329, name=product 17329, condition=new, state=ok, price=3.99), Product(id=373, name=product 373, condition=new, state=ok, price=4.0), Product(id=43849, name=product 43849, condition=new, state=ok, price=4.0), Product(id=22414, name=product 22414, condition=new, state=ok, price=4.01), Product(id=74895, name=product 74895, condition=new, state=ok, price=4.01), Product(id=85614, name=product 85614, condition=new, state=ok, price=4.01), Product(id=3941, name=product 3941, condition=new, state=ok, price=4.02), Product(id=6747, name=product 6747, condition=new, state=ok, price=4.02), Product(id=70220, name=product 70220, condition=new, state=ok, price=4.02), Product(id=8527, name=product 8527, condition=new, state=ok, price=4.02), Product(id=12254, name=product 12254, condition=new, state=ok, price=4.03), Product(id=16340, name=product 16340, condition=new, state=ok, price=4.03), Product(id=32364, name=product 32364, condition=new, state=ok, price=4.03), Product(id=4806, name=product 4806, condition=new, state=ok, price=4.03), Product(id=58565, name=product 58565, condition=new, state=ok, price=4.04), Product(id=6721, name=product 6721, condition=new, state=ok, price=4.04), Product(id=19860, name=product 19860, condition=new, state=ok, price=4.05), Product(id=29082, name=product 29082, condition=new, state=ok, price=4.05), Product(id=31749, name=product 31749, condition=new, state=ok, price=4.06), Product(id=41787, name=product 41787, condition=new, state=ok, price=4.06), Product(id=50807, name=product 50807, condition=new, state=ok, price=4.06), Product(id=458, name=product 458, condition=new, state=ok, price=4.08), Product(id=99563, name=product 99563, condition=new, state=ok, price=4.08), Product(id=38697, name=product 38697, condition=new, state=ok, price=4.09), Product(id=39741, name=product 39741, condition=new, state=ok, price=4.09), Product(id=55497, name=product 55497, condition=new, state=ok, price=4.09), Product(id=7770, name=product 7770, condition=new, state=ok, price=4.09), Product(id=37834, name=product 37834, condition=new, state=ok, price=4.1), Product(id=3259, name=product 3259, condition=new, state=ok, price=4.11), Product(id=35826, name=product 35826, condition=new, state=ok, price=4.12), Product(id=21156, name=product 21156, condition=new, state=ok, price=4.13), Product(id=31466, name=product 31466, condition=new, state=ok, price=4.13), Product(id=20146, name=product 20146, condition=new, state=ok, price=4.14), Product(id=95936, name=product 95936, condition=new, state=ok, price=4.14), Product(id=97623, name=product 97623, condition=new, state=ok, price=4.15), Product(id=5409, name=product 5409, condition=new, state=ok, price=4.19), Product(id=59500, name=product 59500, condition=new, state=ok, price=4.21), Product(id=19161, name=product 19161, condition=new, state=ok, price=4.22), Product(id=50778, name=product 50778, condition=new, state=ok, price=4.22), Product(id=31162, name=product 31162, condition=new, state=ok, price=4.23), Product(id=10522, name=product 10522, condition=new, state=ok, price=4.24), Product(id=83307, name=product 83307, condition=new, state=ok, price=4.24), Product(id=12176, name=product 12176, condition=new, state=ok, price=4.25), Product(id=50742, name=product 50742, condition=new, state=ok, price=4.25), Product(id=68019, name=product 68019, condition=new, state=ok, price=4.25), Product(id=95713, name=product 95713, condition=new, state=ok, price=4.25), Product(id=23283, name=product 23283, condition=new, state=ok, price=4.26), Product(id=28928, name=product 28928, condition=new, state=ok, price=4.26), Product(id=11899, name=product 11899, condition=new, state=ok, price=4.27), Product(id=36217, name=product 36217, condition=new, state=ok, price=4.27), Product(id=5314, name=product 5314, condition=new, state=ok, price=4.28), Product(id=23586, name=product 23586, condition=new, state=ok, price=4.29), Product(id=35905, name=product 35905, condition=new, state=ok, price=4.29), Product(id=89814, name=product 89814, condition=new, state=ok, price=4.29), Product(id=19916, name=product 19916, condition=new, state=ok, price=4.3), Product(id=76504, name=product 76504, condition=new, state=ok, price=4.31), Product(id=7993, name=product 7993, condition=new, state=ok, price=4.31), Product(id=85357, name=product 85357, condition=new, state=ok, price=4.31), Product(id=26651, name=product 26651, condition=new, state=ok, price=4.32), Product(id=34146, name=product 34146, condition=new, state=ok, price=4.32), Product(id=1559, name=product 1559, condition=new, state=ok, price=4.33), Product(id=40376, name=product 40376, condition=new, state=ok, price=4.33), Product(id=5333, name=product 5333, condition=new, state=ok, price=4.34), Product(id=65798, name=product 65798, condition=new, state=ok, price=4.34), Product(id=10012, name=product 10012, condition=new, state=ok, price=4.35), Product(id=18256, name=product 18256, condition=new, state=ok, price=4.35), Product(id=697, name=product 697, condition=new, state=ok, price=4.36), Product(id=17360, name=product 17360, condition=new, state=ok, price=4.37), Product(id=22392, name=product 22392, condition=new, state=ok, price=4.37), Product(id=2819, name=product 2819, condition=new, state=ok, price=4.37), Product(id=52131, name=product 52131, condition=new, state=ok, price=4.38), Product(id=8078, name=product 8078, condition=new, state=ok, price=4.38), Product(id=98292, name=product 98292, condition=new, state=ok, price=4.38), Product(id=2401, name=product 2401, condition=new, state=ok, price=4.39), Product(id=2940, name=product 2940, condition=new, state=ok, price=4.39), Product(id=71544, name=product 71544, condition=new, state=ok, price=4.39), Product(id=83502, name=product 83502, condition=new, state=ok, price=4.42), Product(id=15712, name=product 15712, condition=new, state=ok, price=4.43), Product(id=65459, name=product 65459, condition=new, state=ok, price=4.43), Product(id=76915, name=product 76915, condition=new, state=ok, price=4.43), Product(id=94293, name=product 94293, condition=new, state=ok, price=4.43), Product(id=3561, name=product 3561, condition=new, state=ok, price=4.44), Product(id=43485, name=product 43485, condition=new, state=ok, price=4.44), Product(id=44224, name=product 44224, condition=new, state=ok, price=4.44), Product(id=13209, name=product 13209, condition=new, state=ok, price=4.45), Product(id=1453, name=product 1453, condition=new, state=ok, price=4.45), Product(id=24664, name=product 24664, condition=new, state=ok, price=4.45), Product(id=701, name=product 701, condition=new, state=ok, price=4.45), Product(id=17121, name=product 17121, condition=new, state=ok, price=4.46), Product(id=32244, name=product 32244, condition=new, state=ok, price=4.46), Product(id=80829, name=product 80829, condition=new, state=ok, price=4.46), Product(id=1462, name=product 1462, condition=new, state=ok, price=4.47), Product(id=20286, name=product 20286, condition=new, state=ok, price=4.47), Product(id=5713, name=product 5713, condition=new, state=ok, price=4.47), Product(id=85840, name=product 85840, condition=new, state=ok, price=4.48), Product(id=22387, name=product 22387, condition=new, state=ok, price=4.49), Product(id=4315, name=product 4315, condition=new, state=ok, price=4.49), Product(id=49751, name=product 49751, condition=new, state=ok, price=4.49), Product(id=3000, name=product 3000, condition=new, state=ok, price=4.5), Product(id=30168, name=product 30168, condition=new, state=ok, price=4.51), Product(id=64490, name=product 64490, condition=new, state=ok, price=4.51), Product(id=50191, name=product 50191, condition=new, state=ok, price=4.53), Product(id=73329, name=product 73329, condition=new, state=ok, price=4.54), Product(id=128, name=product 128, condition=new, state=ok, price=4.55), Product(id=20007, name=product 20007, condition=new, state=ok, price=4.55), Product(id=67460, name=product 67460, condition=new, state=ok, price=4.55), Product(id=89667, name=product 89667, condition=new, state=ok, price=4.55), Product(id=36499, name=product 36499, condition=new, state=ok, price=4.56), Product(id=37235, name=product 37235, condition=new, state=ok, price=4.57), Product(id=12263, name=product 12263, condition=new, state=ok, price=4.58), Product(id=13867, name=product 13867, condition=new, state=ok, price=4.58), Product(id=19994, name=product 19994, condition=new, state=ok, price=4.58), Product(id=4762, name=product 4762, condition=new, state=ok, price=4.58), Product(id=57190, name=product 57190, condition=new, state=ok, price=4.58), Product(id=391, name=product 391, condition=new, state=ok, price=4.59), Product(id=69398, name=product 69398, condition=new, state=ok, price=4.59), Product(id=22057, name=product 22057, condition=new, state=ok, price=4.6), Product(id=32303, name=product 32303, condition=new, state=ok, price=4.6), Product(id=88984, name=product 88984, condition=new, state=ok, price=4.6), Product(id=99627, name=product 99627, condition=new, state=ok, price=4.6), Product(id=1352, name=product 1352, condition=new, state=ok, price=4.61), Product(id=9557, name=product 9557, condition=new, state=ok, price=4.61), Product(id=16449, name=product 16449, condition=new, state=ok, price=4.62), Product(id=4723, name=product 4723, condition=new, state=ok, price=4.63), Product(id=16613, name=product 16613, condition=new, state=ok, price=4.64), Product(id=17444, name=product 17444, condition=new, state=ok, price=4.64), Product(id=33849, name=product 33849, condition=new, state=ok, price=4.64), Product(id=3415, name=product 3415, condition=new, state=ok, price=4.64), Product(id=45464, name=product 45464, condition=new, state=ok, price=4.65), Product(id=81908, name=product 81908, condition=new, state=ok, price=4.66), Product(id=30997, name=product 30997, condition=new, state=ok, price=4.67), Product(id=49198, name=product 49198, condition=new, state=ok, price=4.67), Product(id=27880, name=product 27880, condition=new, state=ok, price=4.68), Product(id=4519, name=product 4519, condition=new, state=ok, price=4.68), Product(id=48118, name=product 48118, condition=new, state=ok, price=4.68), Product(id=40890, name=product 40890, condition=new, state=ok, price=4.7), Product(id=86074, name=product 86074, condition=new, state=ok, price=4.7), Product(id=1576, name=product 1576, condition=new, state=ok, price=4.72), Product(id=35188, name=product 35188, condition=new, state=ok, price=4.73), Product(id=16254, name=product 16254, condition=new, state=ok, price=4.75), Product(id=33120, name=product 33120, condition=new, state=ok, price=4.75), Product(id=39, name=product 39, condition=new, state=ok, price=4.75), Product(id=42668, name=product 42668, condition=new, state=ok, price=4.75), Product(id=24717, name=product 24717, condition=new, state=ok, price=4.76), Product(id=32703, name=product 32703, condition=new, state=ok, price=4.76), Product(id=92115, name=product 92115, condition=new, state=ok, price=4.76), Product(id=19993, name=product 19993, condition=new, state=ok, price=4.78), Product(id=2582, name=product 2582, condition=new, state=ok, price=4.79), Product(id=28544, name=product 28544, condition=new, state=ok, price=4.8), Product(id=54707, name=product 54707, condition=new, state=ok, price=4.8), Product(id=84141, name=product 84141, condition=new, state=ok, price=4.8), Product(id=17022, name=product 17022, condition=new, state=ok, price=4.81), Product(id=17049, name=product 17049, condition=new, state=ok, price=4.81), Product(id=20035, name=product 20035, condition=new, state=ok, price=4.82), Product(id=2080, name=product 2080, condition=new, state=ok, price=4.82), Product(id=8261, name=product 8261, condition=new, state=ok, price=4.82), Product(id=57158, name=product 57158, condition=new, state=ok, price=4.83), Product(id=16267, name=product 16267, condition=new, state=ok, price=4.84), Product(id=46985, name=product 46985, condition=new, state=ok, price=4.85), Product(id=3492, name=product 3492, condition=new, state=ok, price=4.86), Product(id=4967, name=product 4967, condition=new, state=ok, price=4.86), Product(id=59715, name=product 59715, condition=new, state=ok, price=4.87), Product(id=62750, name=product 62750, condition=new, state=ok, price=4.87), Product(id=23177, name=product 23177, condition=new, state=ok, price=4.88), Product(id=88376, name=product 88376, condition=new, state=ok, price=4.88), Product(id=9219, name=product 9219, condition=new, state=ok, price=4.88), Product(id=10425, name=product 10425, condition=new, state=ok, price=4.89), Product(id=7075, name=product 7075, condition=new, state=ok, price=4.89), Product(id=64748, name=product 64748, condition=new, state=ok, price=4.9), Product(id=87474, name=product 87474, condition=new, state=ok, price=4.9), Product(id=5496, name=product 5496, condition=new, state=ok, price=4.91), Product(id=59899, name=product 59899, condition=new, state=ok, price=4.93), Product(id=54440, name=product 54440, condition=new, state=ok, price=4.94), Product(id=67286, name=product 67286, condition=new, state=ok, price=4.94), Product(id=72421, name=product 72421, condition=new, state=ok, price=4.94), Product(id=75148, name=product 75148, condition=new, state=ok, price=4.94), Product(id=20278, name=product 20278, condition=new, state=ok, price=4.95), Product(id=34152, name=product 34152, condition=new, state=ok, price=4.95), Product(id=4973, name=product 4973, condition=new, state=ok, price=4.96), Product(id=17633, name=product 17633, condition=new, state=ok, price=4.97), Product(id=76731, name=product 76731, condition=new, state=ok, price=4.97), Product(id=50078, name=product 50078, condition=new, state=ok, price=5.0), Product(id=36747, name=product 36747, condition=new, state=ok, price=5.01), Product(id=16508, name=product 16508, condition=new, state=ok, price=5.02), Product(id=3377, name=product 3377, condition=new, state=ok, price=5.02), Product(id=25749, name=product 25749, condition=new, state=ok, price=5.03), Product(id=8061, name=product 8061, condition=new, state=ok, price=5.03), Product(id=81302, name=product 81302, condition=new, state=ok, price=5.03), Product(id=20438, name=product 20438, condition=new, state=ok, price=5.04), Product(id=21909, name=product 21909, condition=new, state=ok, price=5.04), Product(id=9986, name=product 9986, condition=new, state=ok, price=5.04), Product(id=49347, name=product 49347, condition=new, state=ok, price=5.05), Product(id=79232, name=product 79232, condition=new, state=ok, price=5.05), Product(id=17244, name=product 17244, condition=new, state=ok, price=5.06), Product(id=2268, name=product 2268, condition=new, state=ok, price=5.06), Product(id=98453, name=product 98453, condition=new, state=ok, price=5.06), Product(id=22994, name=product 22994, condition=new, state=ok, price=5.07), Product(id=6728, name=product 6728, condition=new, state=ok, price=5.09), Product(id=24719, name=product 24719, condition=new, state=ok, price=5.1), Product(id=39080, name=product 39080, condition=new, state=ok, price=5.1), Product(id=9499, name=product 9499, condition=new, state=ok, price=5.1), Product(id=20641, name=product 20641, condition=new, state=ok, price=5.11), Product(id=39977, name=product 39977, condition=new, state=ok, price=5.11), Product(id=71137, name=product 71137, condition=new, state=ok, price=5.12), Product(id=25373, name=product 25373, condition=new, state=ok, price=5.13), Product(id=43442, name=product 43442, condition=new, state=ok, price=5.13), Product(id=49102, name=product 49102, condition=new, state=ok, price=5.14), Product(id=6047, name=product 6047, condition=new, state=ok, price=5.14), Product(id=24303, name=product 24303, condition=new, state=ok, price=5.15), Product(id=32040, name=product 32040, condition=new, state=ok, price=5.15), Product(id=94001, name=product 94001, condition=new, state=ok, price=5.16), Product(id=15566, name=product 15566, condition=new, state=ok, price=5.17), Product(id=31995, name=product 31995, condition=new, state=ok, price=5.17), Product(id=3536, name=product 3536, condition=new, state=ok, price=5.17), Product(id=47742, name=product 47742, condition=new, state=ok, price=5.17), Product(id=44595, name=product 44595, condition=new, state=ok, price=5.18), Product(id=56164, name=product 56164, condition=new, state=ok, price=5.18), Product(id=14529, name=product 14529, condition=new, state=ok, price=5.2), Product(id=1938, name=product 1938, condition=new, state=ok, price=5.2), Product(id=67317, name=product 67317, condition=new, state=ok, price=5.2), Product(id=19926, name=product 19926, condition=new, state=ok, price=5.21), Product(id=48316, name=product 48316, condition=new, state=ok, price=5.21), Product(id=12756, name=product 12756, condition=new, state=ok, price=5.22), Product(id=21458, name=product 21458, condition=new, state=ok, price=5.22), Product(id=30035, name=product 30035, condition=new, state=ok, price=5.22), Product(id=43901, name=product 43901, condition=new, state=ok, price=5.22), Product(id=25089, name=product 25089, condition=new, state=ok, price=5.23), Product(id=10325, name=product 10325, condition=new, state=ok, price=5.24), Product(id=92628, name=product 92628, condition=new, state=ok, price=5.24), Product(id=21963, name=product 21963, condition=new, state=ok, price=5.25), Product(id=31982, name=product 31982, condition=new, state=ok, price=5.25), Product(id=10000, name=product 10000, condition=new, state=ok, price=5.27), Product(id=13410, name=product 13410, condition=new, state=ok, price=5.28), Product(id=33985, name=product 33985, condition=new, state=ok, price=5.28), Product(id=93068, name=product 93068, condition=new, state=ok, price=5.28), Product(id=421, name=product 421, condition=new, state=ok, price=5.29), Product(id=6853, name=product 6853, condition=new, state=ok, price=5.29), Product(id=9008, name=product 9008, condition=new, state=ok, price=5.29), Product(id=81550, name=product 81550, condition=new, state=ok, price=5.3), Product(id=99702, name=product 99702, condition=new, state=ok, price=5.3), Product(id=17111, name=product 17111, condition=new, state=ok, price=5.31), Product(id=28192, name=product 28192, condition=new, state=ok, price=5.31), Product(id=41182, name=product 41182, condition=new, state=ok, price=5.31), Product(id=43879, name=product 43879, condition=new, state=ok, price=5.32), Product(id=90578, name=product 90578, condition=new, state=ok, price=5.33), Product(id=50362, name=product 50362, condition=new, state=ok, price=5.34), Product(id=5165, name=product 5165, condition=new, state=ok, price=5.34)]&gt; but was: java.util.LinkedList&lt;[Product(id=16986, name=product 16986, condition=new, state=ok, price=0.03), Product(id=36349, name=product 36349, condition=new, state=ok, price=0.03), Product(id=61232, name=product 61232, condition=new, state=ok, price=0.03), Product(id=94076, name=product 94076, condition=new, state=ok, price=0.03), Product(id=19575, name=product 19575, condition=new, state=ok, price=0.04), Product(id=2131, name=product 2131, condition=new, state=ok, price=0.04), Product(id=13075, name=product 13075, condition=new, state=ok, price=0.05), Product(id=13547, name=product 13547, condition=new, state=ok, price=0.05), Product(id=785, name=product 785, condition=new, state=ok, price=0.05), Product(id=46038, name=product 46038, condition=new, state=ok, price=0.06), Product(id=6236, name=product 6236, condition=new, state=ok, price=0.06), Product(id=66777, name=product 66777, condition=new, state=ok, price=0.06), Product(id=47928, name=product 47928, condition=new, state=ok, price=0.07), Product(id=1087, name=product 1087, condition=new, state=ok, price=0.08), Product(id=40478, name=product 40478, condition=new, state=ok, price=0.08), Product(id=96632, name=product 96632, condition=new, state=ok, price=0.08), Product(id=1990, name=product 1990, condition=new, state=ok, price=0.09), Product(id=24817, name=product 24817, condition=new, state=ok, price=0.09), Product(id=20761, name=product 20761, condition=new, state=ok, price=0.1), Product(id=94385, name=product 94385, condition=new, state=ok, price=0.1), Product(id=4729, name=product 4729, condition=new, state=ok, price=0.11), Product(id=96690, name=product 96690, condition=new, state=ok, price=0.12), Product(id=11120, name=product 11120, condition=new, state=ok, price=0.13), Product(id=36739, name=product 36739, condition=new, state=ok, price=0.13), Product(id=26320, name=product 26320, condition=new, state=ok, price=0.14), Product(id=28860, name=product 28860, condition=new, state=ok, price=0.14), Product(id=36634, name=product 36634, condition=new, state=ok, price=0.14), Product(id=83632, name=product 83632, condition=new, state=ok, price=0.14), Product(id=1530, name=product 1530, condition=new, state=ok, price=0.15), Product(id=45135, name=product 45135, condition=new, state=ok, price=0.15), Product(id=47424, name=product 47424, condition=new, state=ok, price=0.15), Product(id=62629, name=product 62629, condition=new, state=ok, price=0.16), Product(id=16561, name=product 16561, condition=new, state=ok, price=0.18), Product(id=33744, name=product 33744, condition=new, state=ok, price=0.18), Product(id=4616, name=product 4616, condition=new, state=ok, price=0.19), Product(id=66269, name=product 66269, condition=new, state=ok, price=0.19), Product(id=48182, name=product 48182, condition=new, state=ok, price=0.2), Product(id=84114, name=product 84114, condition=new, state=ok, price=0.2), Product(id=16734, name=product 16734, condition=new, state=ok, price=0.21), Product(id=5156, name=product 5156, condition=new, state=ok, price=0.21), Product(id=86143, name=product 86143, condition=new, state=ok, price=0.21), Product(id=34758, name=product 34758, condition=new, state=ok, price=0.22), Product(id=9200, name=product 9200, condition=new, state=ok, price=0.22), Product(id=47714, name=product 47714, condition=new, state=ok, price=0.23), Product(id=28285, name=product 28285, condition=new, state=ok, price=0.24), Product(id=25964, name=product 25964, condition=new, state=ok, price=0.25), Product(id=8775, name=product 8775, condition=new, state=ok, price=0.25), Product(id=31999, name=product 31999, condition=new, state=ok, price=0.26), Product(id=32763, name=product 32763, condition=new, state=ok, price=0.26), Product(id=20740, name=product 20740, condition=new, state=ok, price=0.27), Product(id=6740, name=product 6740, condition=new, state=ok, price=0.27), Product(id=11588, name=product 11588, condition=new, state=ok, price=0.28), Product(id=428, name=product 428, condition=new, state=ok, price=0.28), Product(id=31984, name=product 31984, condition=new, state=ok, price=0.29), Product(id=3061, name=product 3061, condition=new, state=ok, price=0.3), Product(id=45316, name=product 45316, condition=new, state=ok, price=0.3), Product(id=48202, name=product 48202, condition=new, state=ok, price=0.3), Product(id=18818, name=product 18818, condition=new, state=ok, price=0.31), Product(id=35741, name=product 35741, condition=new, state=ok, price=0.31), Product(id=65330, name=product 65330, condition=new, state=ok, price=0.31), Product(id=84274, name=product 84274, condition=new, state=ok, price=0.31), Product(id=88168, name=product 88168, condition=new, state=ok, price=0.32), Product(id=22637, name=product 22637, condition=new, state=ok, price=0.33), Product(id=2459, name=product 2459, condition=new, state=ok, price=0.33), Product(id=10042, name=product 10042, condition=new, state=ok, price=0.34), Product(id=12146, name=product 12146, condition=new, state=ok, price=0.34), Product(id=45187, name=product 45187, condition=new, state=ok, price=0.34), Product(id=60897, name=product 60897, condition=new, state=ok, price=0.34), Product(id=4317, name=product 4317, condition=new, state=ok, price=0.35), Product(id=62823, name=product 62823, condition=new, state=ok, price=0.36), Product(id=80532, name=product 80532, condition=new, state=ok, price=0.36), Product(id=9307, name=product 9307, condition=new, state=ok, price=0.36), Product(id=11601, name=product 11601, condition=new, state=ok, price=0.37), Product(id=36372, name=product 36372, condition=new, state=ok, price=0.37), Product(id=21218, name=product 21218, condition=new, state=ok, price=0.38), Product(id=10953, name=product 10953, condition=new, state=ok, price=0.39), Product(id=21458, name=product 21458, condition=new, state=ok, price=0.39), Product(id=36322, name=product 36322, condition=new, state=ok, price=0.39), Product(id=20187, name=product 20187, condition=new, state=ok, price=0.4), Product(id=55487, name=product 55487, condition=new, state=ok, price=0.4), Product(id=8547, name=product 8547, condition=new, state=ok, price=0.41), Product(id=7429, name=product 7429, condition=new, state=ok, price=0.42), Product(id=11385, name=product 11385, condition=new, state=ok, price=0.43), Product(id=50342, name=product 50342, condition=new, state=ok, price=0.43), Product(id=16788, name=product 16788, condition=new, state=ok, price=0.45), Product(id=22733, name=product 22733, condition=new, state=ok, price=0.46), Product(id=6000, name=product 6000, condition=new, state=ok, price=0.46), Product(id=27066, name=product 27066, condition=new, state=ok, price=0.47), Product(id=7916, name=product 7916, condition=new, state=ok, price=0.47), Product(id=12256, name=product 12256, condition=new, state=ok, price=0.48), Product(id=11813, name=product 11813, condition=new, state=ok, price=0.49), Product(id=37260, name=product 37260, condition=new, state=ok, price=0.49), Product(id=99090, name=product 99090, condition=new, state=ok, price=0.49), Product(id=1256, name=product 1256, condition=new, state=ok, price=0.5), Product(id=9382, name=product 9382, condition=new, state=ok, price=0.5), Product(id=9846, name=product 9846, condition=new, state=ok, price=0.5), Product(id=3088, name=product 3088, condition=new, state=ok, price=0.51), Product(id=33205, name=product 33205, condition=new, state=ok, price=0.51), Product(id=39175, name=product 39175, condition=new, state=ok, price=0.51), Product(id=41082, name=product 41082, condition=new, state=ok, price=0.51), Product(id=4860, name=product 4860, condition=new, state=ok, price=0.51), Product(id=78827, name=product 78827, condition=new, state=ok, price=0.51), Product(id=12793, name=product 12793, condition=new, state=ok, price=0.52), Product(id=23099, name=product 23099, condition=new, state=ok, price=0.52), Product(id=5245, name=product 5245, condition=new, state=ok, price=0.52), Product(id=1815, name=product 1815, condition=new, state=ok, price=0.53), Product(id=26313, name=product 26313, condition=new, state=ok, price=0.54), Product(id=5297, name=product 5297, condition=new, state=ok, price=0.54), Product(id=59588, name=product 59588, condition=new, state=ok, price=0.54), Product(id=71249, name=product 71249, condition=new, state=ok, price=0.54), Product(id=10153, name=product 10153, condition=new, state=ok, price=0.55), Product(id=26403, name=product 26403, condition=new, state=ok, price=0.55), Product(id=7657, name=product 7657, condition=new, state=ok, price=0.55), Product(id=92166, name=product 92166, condition=new, state=ok, price=0.55), Product(id=29757, name=product 29757, condition=new, state=ok, price=0.58), Product(id=8033, name=product 8033, condition=new, state=ok, price=0.58), Product(id=8256, name=product 8256, condition=new, state=ok, price=0.59), Product(id=10569, name=product 10569, condition=new, state=ok, price=0.61), Product(id=3765, name=product 3765, condition=new, state=ok, price=0.61), Product(id=33418, name=product 33418, condition=new, state=ok, price=0.62), Product(id=19584, name=product 19584, condition=new, state=ok, price=0.63), Product(id=3588, name=product 3588, condition=new, state=ok, price=0.63), Product(id=8398, name=product 8398, condition=new, state=ok, price=0.63), Product(id=1332, name=product 1332, condition=new, state=ok, price=0.64), Product(id=12362, name=product 12362, condition=new, state=ok, price=0.65), Product(id=55929, name=product 55929, condition=new, state=ok, price=0.65), Product(id=70644, name=product 70644, condition=new, state=ok, price=0.65), Product(id=990, name=product 990, condition=new, state=ok, price=0.65), Product(id=97284, name=product 97284, condition=new, state=ok, price=0.67), Product(id=62412, name=product 62412, condition=new, state=ok, price=0.68), Product(id=124, name=product 124, condition=new, state=ok, price=0.69), Product(id=33916, name=product 33916, condition=new, state=ok, price=0.69), Product(id=76630, name=product 76630, condition=new, state=ok, price=0.69), Product(id=92217, name=product 92217, condition=new, state=ok, price=0.69), Product(id=56476, name=product 56476, condition=new, state=ok, price=0.7), Product(id=97944, name=product 97944, condition=new, state=ok, price=0.7), Product(id=2054, name=product 2054, condition=new, state=ok, price=0.71), Product(id=2102, name=product 2102, condition=new, state=ok, price=0.71), Product(id=34148, name=product 34148, condition=new, state=ok, price=0.71), Product(id=6060, name=product 6060, condition=new, state=ok, price=0.71), Product(id=91388, name=product 91388, condition=new, state=ok, price=0.71), Product(id=7907, name=product 7907, condition=new, state=ok, price=0.72), Product(id=42513, name=product 42513, condition=new, state=ok, price=0.74), Product(id=6852, name=product 6852, condition=new, state=ok, price=0.74), Product(id=91359, name=product 91359, condition=new, state=ok, price=0.75), Product(id=94987, name=product 94987, condition=new, state=ok, price=0.75), Product(id=42021, name=product 42021, condition=new, state=ok, price=0.77), Product(id=14678, name=product 14678, condition=new, state=ok, price=0.78), Product(id=23803, name=product 23803, condition=new, state=ok, price=0.78), Product(id=15452, name=product 15452, condition=new, state=ok, price=0.79), Product(id=2542, name=product 2542, condition=new, state=ok, price=0.79), Product(id=36534, name=product 36534, condition=new, state=ok, price=0.79), Product(id=36631, name=product 36631, condition=new, state=ok, price=0.79), Product(id=15673, name=product 15673, condition=new, state=ok, price=0.8), Product(id=29327, name=product 29327, condition=new, state=ok, price=0.8), Product(id=42025, name=product 42025, condition=new, state=ok, price=0.8), Product(id=12416, name=product 12416, condition=new, state=ok, price=0.81), Product(id=13085, name=product 13085, condition=new, state=ok, price=0.81), Product(id=3060, name=product 3060, condition=new, state=ok, price=0.81), Product(id=52519, name=product 52519, condition=new, state=ok, price=0.81), Product(id=56700, name=product 56700, condition=new, state=ok, price=0.82), Product(id=3167, name=product 3167, condition=new, state=ok, price=0.83), Product(id=35034, name=product 35034, condition=new, state=ok, price=0.84), Product(id=38786, name=product 38786, condition=new, state=ok, price=0.84), Product(id=1821, name=product 1821, condition=new, state=ok, price=0.85), Product(id=7287, name=product 7287, condition=new, state=ok, price=0.85), Product(id=91511, name=product 91511, condition=new, state=ok, price=0.85), Product(id=41135, name=product 41135, condition=new, state=ok, price=0.86), Product(id=17110, name=product 17110, condition=new, state=ok, price=0.88), Product(id=4129, name=product 4129, condition=new, state=ok, price=0.88), Product(id=70243, name=product 70243, condition=new, state=ok, price=0.88), Product(id=81009, name=product 81009, condition=new, state=ok, price=0.88), Product(id=82672, name=product 82672, condition=new, state=ok, price=0.88), Product(id=46319, name=product 46319, condition=new, state=ok, price=0.89), Product(id=91369, name=product 91369, condition=new, state=ok, price=0.9), Product(id=39811, name=product 39811, condition=new, state=ok, price=0.92), Product(id=401, name=product 401, condition=new, state=ok, price=0.92), Product(id=7721, name=product 7721, condition=new, state=ok, price=0.92), Product(id=7922, name=product 7922, condition=new, state=ok, price=0.93), Product(id=15064, name=product 15064, condition=new, state=ok, price=0.94), Product(id=1276, name=product 1276, condition=new, state=ok, price=0.95), Product(id=18677, name=product 18677, condition=new, state=ok, price=0.95), Product(id=23628, name=product 23628, condition=new, state=ok, price=0.95), Product(id=69437, name=product 69437, condition=new, state=ok, price=0.95), Product(id=18754, name=product 18754, condition=new, state=ok, price=0.96), Product(id=3856, name=product 3856, condition=new, state=ok, price=0.96), Product(id=92627, name=product 92627, condition=new, state=ok, price=0.96), Product(id=17471, name=product 17471, condition=new, state=ok, price=0.97), Product(id=28721, name=product 28721, condition=new, state=ok, price=0.97), Product(id=38118, name=product 38118, condition=new, state=ok, price=0.97), Product(id=50035, name=product 50035, condition=new, state=ok, price=0.97), Product(id=83032, name=product 83032, condition=new, state=ok, price=0.97), Product(id=14314, name=product 14314, condition=new, state=ok, price=0.98), Product(id=36057, name=product 36057, condition=new, state=ok, price=0.98), Product(id=4104, name=product 4104, condition=new, state=ok, price=0.98), Product(id=5799, name=product 5799, condition=new, state=ok, price=0.98), Product(id=9305, name=product 9305, condition=new, state=ok, price=0.98), Product(id=11197, name=product 11197, condition=new, state=ok, price=0.99), Product(id=56086, name=product 56086, condition=new, state=ok, price=0.99), Product(id=98038, name=product 98038, condition=new, state=ok, price=0.99), Product(id=10125, name=product 10125, condition=new, state=ok, price=1.01), Product(id=13377, name=product 13377, condition=new, state=ok, price=1.02), Product(id=70214, name=product 70214, condition=new, state=ok, price=1.02), Product(id=7821, name=product 7821, condition=new, state=ok, price=1.02), Product(id=78758, name=product 78758, condition=new, state=ok, price=1.02), Product(id=93435, name=product 93435, condition=new, state=ok, price=1.02), Product(id=10808, name=product 10808, condition=new, state=ok, price=1.03), Product(id=89830, name=product 89830, condition=new, state=ok, price=1.03), Product(id=18633, name=product 18633, condition=new, state=ok, price=1.04), Product(id=82811, name=product 82811, condition=new, state=ok, price=1.05), Product(id=26763, name=product 26763, condition=new, state=ok, price=1.06), Product(id=33321, name=product 33321, condition=new, state=ok, price=1.07), Product(id=41674, name=product 41674, condition=new, state=ok, price=1.08), Product(id=23336, name=product 23336, condition=new, state=ok, price=1.09), Product(id=60162, name=product 60162, condition=new, state=ok, price=1.09), Product(id=9292, name=product 9292, condition=new, state=ok, price=1.09), Product(id=4549, name=product 4549, condition=new, state=ok, price=1.1), Product(id=48024, name=product 48024, condition=new, state=ok, price=1.1), Product(id=23362, name=product 23362, condition=new, state=ok, price=1.12), Product(id=25181, name=product 25181, condition=new, state=ok, price=1.12), Product(id=42502, name=product 42502, condition=new, state=ok, price=1.12), Product(id=78, name=product 78, condition=new, state=ok, price=1.12), Product(id=78453, name=product 78453, condition=new, state=ok, price=1.13), Product(id=28711, name=product 28711, condition=new, state=ok, price=1.14), Product(id=54778, name=product 54778, condition=new, state=ok, price=1.14), Product(id=24348, name=product 24348, condition=new, state=ok, price=1.15), Product(id=2658, name=product 2658, condition=new, state=ok, price=1.16), Product(id=12896, name=product 12896, condition=new, state=ok, price=1.17), Product(id=31946, name=product 31946, condition=new, state=ok, price=1.17), Product(id=5187, name=product 5187, condition=new, state=ok, price=1.17), Product(id=13646, name=product 13646, condition=new, state=ok, price=1.18), Product(id=16878, name=product 16878, condition=new, state=ok, price=1.18), Product(id=85200, name=product 85200, condition=new, state=ok, price=1.18), Product(id=12165, name=product 12165, condition=new, state=ok, price=1.19), Product(id=25542, name=product 25542, condition=new, state=ok, price=1.19), Product(id=75682, name=product 75682, condition=new, state=ok, price=1.19), Product(id=14643, name=product 14643, condition=new, state=ok, price=1.2), Product(id=84894, name=product 84894, condition=new, state=ok, price=1.2), Product(id=4637, name=product 4637, condition=new, state=ok, price=1.21), Product(id=54904, name=product 54904, condition=new, state=ok, price=1.21), Product(id=81580, name=product 81580, condition=new, state=ok, price=1.22), Product(id=2392, name=product 2392, condition=new, state=ok, price=1.23), Product(id=7479, name=product 7479, condition=new, state=ok, price=1.23), Product(id=81153, name=product 81153, condition=new, state=ok, price=1.23), Product(id=58034, name=product 58034, condition=new, state=ok, price=1.24), Product(id=15035, name=product 15035, condition=new, state=ok, price=1.25), Product(id=27386, name=product 27386, condition=new, state=ok, price=1.25), Product(id=19043, name=product 19043, condition=new, state=ok, price=1.26), Product(id=31133, name=product 31133, condition=new, state=ok, price=1.26), Product(id=99369, name=product 99369, condition=new, state=ok, price=1.26), Product(id=1230, name=product 1230, condition=new, state=ok, price=1.27), Product(id=10945, name=product 10945, condition=new, state=ok, price=1.28), Product(id=188, name=product 188, condition=new, state=ok, price=1.28), Product(id=45449, name=product 45449, condition=new, state=ok, price=1.28), Product(id=21892, name=product 21892, condition=new, state=ok, price=1.29), Product(id=31094, name=product 31094, condition=new, state=ok, price=1.29), Product(id=68280, name=product 68280, condition=new, state=ok, price=1.29), Product(id=38540, name=product 38540, condition=new, state=ok, price=1.3), Product(id=5485, name=product 5485, condition=new, state=ok, price=1.3), Product(id=12980, name=product 12980, condition=new, state=ok, price=1.33), Product(id=44720, name=product 44720, condition=new, state=ok, price=1.33), Product(id=7458, name=product 7458, condition=new, state=ok, price=1.33), Product(id=26424, name=product 26424, condition=new, state=ok, price=1.34), Product(id=27961, name=product 27961, condition=new, state=ok, price=1.34), Product(id=52213, name=product 52213, condition=new, state=ok, price=1.34), Product(id=81142, name=product 81142, condition=new, state=ok, price=1.34), Product(id=23513, name=product 23513, condition=new, state=ok, price=1.35), Product(id=43439, name=product 43439, condition=new, state=ok, price=1.35), Product(id=15835, name=product 15835, condition=new, state=ok, price=1.36), Product(id=29103, name=product 29103, condition=new, state=ok, price=1.36), Product(id=44552, name=product 44552, condition=new, state=ok, price=1.37), Product(id=45250, name=product 45250, condition=new, state=ok, price=1.37), Product(id=6720, name=product 6720, condition=new, state=ok, price=1.37), Product(id=12722, name=product 12722, condition=new, state=ok, price=1.38), Product(id=63897, name=product 63897, condition=new, state=ok, price=1.38), Product(id=55302, name=product 55302, condition=new, state=ok, price=1.39), Product(id=83042, name=product 83042, condition=new, state=ok, price=1.39), Product(id=15760, name=product 15760, condition=new, state=ok, price=1.4), Product(id=22254, name=product 22254, condition=new, state=ok, price=1.4), Product(id=28977, name=product 28977, condition=new, state=ok, price=1.4), Product(id=3444, name=product 3444, condition=new, state=ok, price=1.4), Product(id=32828, name=product 32828, condition=new, state=ok, price=1.41), Product(id=44746, name=product 44746, condition=new, state=ok, price=1.41), Product(id=37985, name=product 37985, condition=new, state=ok, price=1.42), Product(id=12725, name=product 12725, condition=new, state=ok, price=1.43), Product(id=14567, name=product 14567, condition=new, state=ok, price=1.43), Product(id=25631, name=product 25631, condition=new, state=ok, price=1.44), Product(id=3366, name=product 3366, condition=new, state=ok, price=1.44), Product(id=80220, name=product 80220, condition=new, state=ok, price=1.44), Product(id=11383, name=product 11383, condition=new, state=ok, price=1.45), Product(id=1453, name=product 1453, condition=new, state=ok, price=1.45), Product(id=13920, name=product 13920, condition=new, state=ok, price=1.46), Product(id=42561, name=product 42561, condition=new, state=ok, price=1.46), Product(id=40281, name=product 40281, condition=new, state=ok, price=1.47), Product(id=13218, name=product 13218, condition=new, state=ok, price=1.48), Product(id=40795, name=product 40795, condition=new, state=ok, price=1.48), Product(id=18494, name=product 18494, condition=new, state=ok, price=1.49), Product(id=42458, name=product 42458, condition=new, state=ok, price=1.49), Product(id=6825, name=product 6825, condition=new, state=ok, price=1.49), Product(id=99509, name=product 99509, condition=new, state=ok, price=1.49), Product(id=29984, name=product 29984, condition=new, state=ok, price=1.5), Product(id=4362, name=product 4362, condition=new, state=ok, price=1.5), Product(id=18137, name=product 18137, condition=new, state=ok, price=1.51), Product(id=19719, name=product 19719, condition=new, state=ok, price=1.52), Product(id=65074, name=product 65074, condition=new, state=ok, price=1.52), Product(id=20452, name=product 20452, condition=new, state=ok, price=1.54), Product(id=39729, name=product 39729, condition=new, state=ok, price=1.54), Product(id=41776, name=product 41776, condition=new, state=ok, price=1.54), Product(id=47765, name=product 47765, condition=new, state=ok, price=1.54), Product(id=265, name=product 265, condition=new, state=ok, price=1.55), Product(id=34346, name=product 34346, condition=new, state=ok, price=1.55), Product(id=98386, name=product 98386, condition=new, state=ok, price=1.55), Product(id=38295, name=product 38295, condition=new, state=ok, price=1.56), Product(id=49368, name=product 49368, condition=new, state=ok, price=1.56), Product(id=95353, name=product 95353, condition=new, state=ok, price=1.56), Product(id=273, name=product 273, condition=new, state=ok, price=1.57), Product(id=3964, name=product 3964, condition=new, state=ok, price=1.57), Product(id=59097, name=product 59097, condition=new, state=ok, price=1.57), Product(id=14654, name=product 14654, condition=new, state=ok, price=1.58), Product(id=2822, name=product 2822, condition=new, state=ok, price=1.58), Product(id=48553, name=product 48553, condition=new, state=ok, price=1.58), Product(id=49608, name=product 49608, condition=new, state=ok, price=1.58), Product(id=6806, name=product 6806, condition=new, state=ok, price=1.58), Product(id=24815, name=product 24815, condition=new, state=ok, price=1.6), Product(id=52640, name=product 52640, condition=new, state=ok, price=1.6), Product(id=8750, name=product 8750, condition=new, state=ok, price=1.6), Product(id=53953, name=product 53953, condition=new, state=ok, price=1.61), Product(id=7503, name=product 7503, condition=new, state=ok, price=1.61), Product(id=3540, name=product 3540, condition=new, state=ok, price=1.62), Product(id=525, name=product 525, condition=new, state=ok, price=1.62), Product(id=97901, name=product 97901, condition=new, state=ok, price=1.62), Product(id=41164, name=product 41164, condition=new, state=ok, price=1.63), Product(id=5626, name=product 5626, condition=new, state=ok, price=1.63), Product(id=13167, name=product 13167, condition=new, state=ok, price=1.64), Product(id=38705, name=product 38705, condition=new, state=ok, price=1.64), Product(id=6279, name=product 6279, condition=new, state=ok, price=1.65), Product(id=11579, name=product 11579, condition=new, state=ok, price=1.67), Product(id=65346, name=product 65346, condition=new, state=ok, price=1.67), Product(id=13966, name=product 13966, condition=new, state=ok, price=1.68), Product(id=82213, name=product 82213, condition=new, state=ok, price=1.69), Product(id=3177, name=product 3177, condition=new, state=ok, price=1.7), Product(id=74367, name=product 74367, condition=new, state=ok, price=1.7), Product(id=17480, name=product 17480, condition=new, state=ok, price=1.71), Product(id=41526, name=product 41526, condition=new, state=ok, price=1.71), Product(id=82563, name=product 82563, condition=new, state=ok, price=1.71), Product(id=14747, name=product 14747, condition=new, state=ok, price=1.72), Product(id=4093, name=product 4093, condition=new, state=ok, price=1.72), Product(id=16002, name=product 16002, condition=new, state=ok, price=1.73), Product(id=30895, name=product 30895, condition=new, state=ok, price=1.73), Product(id=73832, name=product 73832, condition=new, state=ok, price=1.74), Product(id=1916, name=product 1916, condition=new, state=ok, price=1.76), Product(id=42095, name=product 42095, condition=new, state=ok, price=1.76), Product(id=67713, name=product 67713, condition=new, state=ok, price=1.76), Product(id=18010, name=product 18010, condition=new, state=ok, price=1.77), Product(id=30032, name=product 30032, condition=new, state=ok, price=1.77), Product(id=46652, name=product 46652, condition=new, state=ok, price=1.77), Product(id=8665, name=product 8665, condition=new, state=ok, price=1.77), Product(id=22533, name=product 22533, condition=new, state=ok, price=1.79), Product(id=82482, name=product 82482, condition=new, state=ok, price=1.79), Product(id=2854, name=product 2854, condition=new, state=ok, price=1.8), Product(id=41802, name=product 41802, condition=new, state=ok, price=1.81), Product(id=37849, name=product 37849, condition=new, state=ok, price=1.82), Product(id=71381, name=product 71381, condition=new, state=ok, price=1.83), Product(id=1625, name=product 1625, condition=new, state=ok, price=1.84), Product(id=92840, name=product 92840, condition=new, state=ok, price=1.84), Product(id=9466, name=product 9466, condition=new, state=ok, price=1.85), Product(id=10700, name=product 10700, condition=new, state=ok, price=1.86), Product(id=56841, name=product 56841, condition=new, state=ok, price=1.86), Product(id=58121, name=product 58121, condition=new, state=ok, price=1.86), Product(id=33778, name=product 33778, condition=new, state=ok, price=1.87), Product(id=82407, name=product 82407, condition=new, state=ok, price=1.88), Product(id=68140, name=product 68140, condition=new, state=ok, price=1.89), Product(id=5013, name=product 5013, condition=new, state=ok, price=1.9), Product(id=43349, name=product 43349, condition=new, state=ok, price=1.91), Product(id=6997, name=product 6997, condition=new, state=ok, price=1.91), Product(id=19364, name=product 19364, condition=new, state=ok, price=1.92), Product(id=59688, name=product 59688, condition=new, state=ok, price=1.92), Product(id=36797, name=product 36797, condition=new, state=ok, price=1.93), Product(id=59946, name=product 59946, condition=new, state=ok, price=1.93), Product(id=88593, name=product 88593, condition=new, state=ok, price=1.93), Product(id=13313, name=product 13313, condition=new, state=ok, price=1.94), Product(id=1732, name=product 1732, condition=new, state=ok, price=1.94), Product(id=450, name=product 450, condition=new, state=ok, price=1.94), Product(id=8961, name=product 8961, condition=new, state=ok, price=1.94), Product(id=65168, name=product 65168, condition=new, state=ok, price=1.95), Product(id=8300, name=product 8300, condition=new, state=ok, price=1.95), Product(id=88004, name=product 88004, condition=new, state=ok, price=1.95), Product(id=28319, name=product 28319, condition=new, state=ok, price=1.96), Product(id=12390, name=product 12390, condition=new, state=ok, price=1.97), Product(id=30523, name=product 30523, condition=new, state=ok, price=1.98), Product(id=49417, name=product 49417, condition=new, state=ok, price=1.98), Product(id=74362, name=product 74362, condition=new, state=ok, price=1.98), Product(id=77417, name=product 77417, condition=new, state=ok, price=1.98), Product(id=34089, name=product 34089, condition=new, state=ok, price=1.99), Product(id=11293, name=product 11293, condition=new, state=ok, price=2.0), Product(id=86985, name=product 86985, condition=new, state=ok, price=2.0), Product(id=3741, name=product 3741, condition=new, state=ok, price=2.01), Product(id=4419, name=product 4419, condition=new, state=ok, price=2.01), Product(id=2605, name=product 2605, condition=new, state=ok, price=2.03), Product(id=41871, name=product 41871, condition=new, state=ok, price=2.03), Product(id=12208, name=product 12208, condition=new, state=ok, price=2.04), Product(id=3764, name=product 3764, condition=new, state=ok, price=2.05), Product(id=9346, name=product 9346, condition=new, state=ok, price=2.05), Product(id=96912, name=product 96912, condition=new, state=ok, price=2.05), Product(id=25221, name=product 25221, condition=new, state=ok, price=2.06), Product(id=27890, name=product 27890, condition=new, state=ok, price=2.06), Product(id=35518, name=product 35518, condition=new, state=ok, price=2.06), Product(id=47144, name=product 47144, condition=new, state=ok, price=2.06), Product(id=21447, name=product 21447, condition=new, state=ok, price=2.07), Product(id=36332, name=product 36332, condition=new, state=ok, price=2.07), Product(id=18201, name=product 18201, condition=new, state=ok, price=2.08), Product(id=54793, name=product 54793, condition=new, state=ok, price=2.08), Product(id=38358, name=product 38358, condition=new, state=ok, price=2.09), Product(id=91926, name=product 91926, condition=new, state=ok, price=2.09), Product(id=8818, name=product 8818, condition=new, state=ok, price=2.1), Product(id=17519, name=product 17519, condition=new, state=ok, price=2.13), Product(id=24843, name=product 24843, condition=new, state=ok, price=2.13), Product(id=4741, name=product 4741, condition=new, state=ok, price=2.13), Product(id=31387, name=product 31387, condition=new, state=ok, price=2.14), Product(id=32539, name=product 32539, condition=new, state=ok, price=2.14), Product(id=410, name=product 410, condition=new, state=ok, price=2.14), Product(id=79127, name=product 79127, condition=new, state=ok, price=2.14), Product(id=7974, name=product 7974, condition=new, state=ok, price=2.14), Product(id=83244, name=product 83244, condition=new, state=ok, price=2.14), Product(id=62559, name=product 62559, condition=new, state=ok, price=2.16), Product(id=1499, name=product 1499, condition=new, state=ok, price=2.17), Product(id=23038, name=product 23038, condition=new, state=ok, price=2.17), Product(id=28084, name=product 28084, condition=new, state=ok, price=2.17), Product(id=36146, name=product 36146, condition=new, state=ok, price=2.17), Product(id=51636, name=product 51636, condition=new, state=ok, price=2.17), Product(id=92803, name=product 92803, condition=new, state=ok, price=2.17), Product(id=94661, name=product 94661, condition=new, state=ok, price=2.17), Product(id=6983, name=product 6983, condition=new, state=ok, price=2.18), Product(id=70142, name=product 70142, condition=new, state=ok, price=2.18), Product(id=8419, name=product 8419, condition=new, state=ok, price=2.19), Product(id=11, name=product 11, condition=new, state=ok, price=2.2), Product(id=33335, name=product 33335, condition=new, state=ok, price=2.2), Product(id=45140, name=product 45140, condition=new, state=ok, price=2.2), Product(id=69006, name=product 69006, condition=new, state=ok, price=2.2), Product(id=88112, name=product 88112, condition=new, state=ok, price=2.2), Product(id=17130, name=product 17130, condition=new, state=ok, price=2.21), Product(id=20360, name=product 20360, condition=new, state=ok, price=2.22), Product(id=21636, name=product 21636, condition=new, state=ok, price=2.22), Product(id=12104, name=product 12104, condition=new, state=ok, price=2.23), Product(id=28242, name=product 28242, condition=new, state=ok, price=2.23), Product(id=89734, name=product 89734, condition=new, state=ok, price=2.23), Product(id=10401, name=product 10401, condition=new, state=ok, price=2.25), Product(id=9476, name=product 9476, condition=new, state=ok, price=2.26), Product(id=22575, name=product 22575, condition=new, state=ok, price=2.28), Product(id=9352, name=product 9352, condition=new, state=ok, price=2.28), Product(id=83710, name=product 83710, condition=new, state=ok, price=2.29), Product(id=3141, name=product 3141, condition=new, state=ok, price=2.31), Product(id=8074, name=product 8074, condition=new, state=ok, price=2.31), Product(id=8825, name=product 8825, condition=new, state=ok, price=2.32), Product(id=12332, name=product 12332, condition=new, state=ok, price=2.33), Product(id=1866, name=product 1866, condition=new, state=ok, price=2.33), Product(id=19365, name=product 19365, condition=new, state=ok, price=2.33), Product(id=20450, name=product 20450, condition=new, state=ok, price=2.33), Product(id=33151, name=product 33151, condition=new, state=ok, price=2.33), Product(id=47412, name=product 47412, condition=new, state=ok, price=2.34), Product(id=865, name=product 865, condition=new, state=ok, price=2.34), Product(id=15549, name=product 15549, condition=new, state=ok, price=2.35), Product(id=28225, name=product 28225, condition=new, state=ok, price=2.35), Product(id=55177, name=product 55177, condition=new, state=ok, price=2.35), Product(id=12595, name=product 12595, condition=new, state=ok, price=2.36), Product(id=14411, name=product 14411, condition=new, state=ok, price=2.36), Product(id=18256, name=product 18256, condition=new, state=ok, price=2.36), Product(id=742, name=product 742, condition=new, state=ok, price=2.36), Product(id=128, name=product 128, condition=new, state=ok, price=2.37), Product(id=20498, name=product 20498, condition=new, state=ok, price=2.37), Product(id=24717, name=product 24717, condition=new, state=ok, price=2.37), Product(id=89510, name=product 89510, condition=new, state=ok, price=2.37), Product(id=32056, name=product 32056, condition=new, state=ok, price=2.38), Product(id=12723, name=product 12723, condition=new, state=ok, price=2.4), Product(id=36772, name=product 36772, condition=new, state=ok, price=2.4), Product(id=42713, name=product 42713, condition=new, state=ok, price=2.4), Product(id=15081, name=product 15081, condition=new, state=ok, price=2.41), Product(id=32960, name=product 32960, condition=new, state=ok, price=2.41), Product(id=63516, name=product 63516, condition=new, state=ok, price=2.41), Product(id=8590, name=product 8590, condition=new, state=ok, price=2.41), Product(id=41873, name=product 41873, condition=new, state=ok, price=2.42), Product(id=88030, name=product 88030, condition=new, state=ok, price=2.42), Product(id=31093, name=product 31093, condition=new, state=ok, price=2.43), Product(id=10152, name=product 10152, condition=new, state=ok, price=2.44), Product(id=11048, name=product 11048, condition=new, state=ok, price=2.45), Product(id=53181, name=product 53181, condition=new, state=ok, price=2.46), Product(id=59994, name=product 59994, condition=new, state=ok, price=2.46), Product(id=88669, name=product 88669, condition=new, state=ok, price=2.46), Product(id=94, name=product 94, condition=new, state=ok, price=2.46), Product(id=38172, name=product 38172, condition=new, state=ok, price=2.47), Product(id=46195, name=product 46195, condition=new, state=ok, price=2.48), Product(id=46539, name=product 46539, condition=new, state=ok, price=2.48), Product(id=7530, name=product 7530, condition=new, state=ok, price=2.49), Product(id=1839, name=product 1839, condition=new, state=ok, price=2.5), Product(id=22740, name=product 22740, condition=new, state=ok, price=2.5), Product(id=29362, name=product 29362, condition=new, state=ok, price=2.5), Product(id=40917, name=product 40917, condition=new, state=ok, price=2.5), Product(id=27293, name=product 27293, condition=new, state=ok, price=2.54), Product(id=10757, name=product 10757, condition=new, state=ok, price=2.55), Product(id=36151, name=product 36151, condition=new, state=ok, price=2.55), Product(id=48662, name=product 48662, condition=new, state=ok, price=2.55), Product(id=5527, name=product 5527, condition=new, state=ok, price=2.55), Product(id=1782, name=product 1782, condition=new, state=ok, price=2.57), Product(id=18076, name=product 18076, condition=new, state=ok, price=2.58), Product(id=2868, name=product 2868, condition=new, state=ok, price=2.59), Product(id=82261, name=product 82261, condition=new, state=ok, price=2.6), Product(id=2440, name=product 2440, condition=new, state=ok, price=2.61), Product(id=38080, name=product 38080, condition=new, state=ok, price=2.61), Product(id=16215, name=product 16215, condition=new, state=ok, price=2.64), Product(id=25104, name=product 25104, condition=new, state=ok, price=2.65), Product(id=40111, name=product 40111, condition=new, state=ok, price=2.66), Product(id=53989, name=product 53989, condition=new, state=ok, price=2.66), Product(id=6776, name=product 6776, condition=new, state=ok, price=2.66), Product(id=3035, name=product 3035, condition=new, state=ok, price=2.67), Product(id=49810, name=product 49810, condition=new, state=ok, price=2.67), Product(id=10206, name=product 10206, condition=new, state=ok, price=2.68), Product(id=80790, name=product 80790, condition=new, state=ok, price=2.68), Product(id=52484, name=product 52484, condition=new, state=ok, price=2.69), Product(id=2799, name=product 2799, condition=new, state=ok, price=2.7), Product(id=3858, name=product 3858, condition=new, state=ok, price=2.7), Product(id=53951, name=product 53951, condition=new, state=ok, price=2.7), Product(id=84451, name=product 84451, condition=new, state=ok, price=2.7), Product(id=16013, name=product 16013, condition=new, state=ok, price=2.71), Product(id=32214, name=product 32214, condition=new, state=ok, price=2.71), Product(id=3574, name=product 3574, condition=new, state=ok, price=2.71), Product(id=3175, name=product 3175, condition=new, state=ok, price=2.73), Product(id=3364, name=product 3364, condition=new, state=ok, price=2.73), Product(id=1471, name=product 1471, condition=new, state=ok, price=2.74), Product(id=35718, name=product 35718, condition=new, state=ok, price=2.74), Product(id=45546, name=product 45546, condition=new, state=ok, price=2.74), Product(id=5143, name=product 5143, condition=new, state=ok, price=2.74), Product(id=25572, name=product 25572, condition=new, state=ok, price=2.76), Product(id=47352, name=product 47352, condition=new, state=ok, price=2.78), Product(id=20985, name=product 20985, condition=new, state=ok, price=2.79), Product(id=17688, name=product 17688, condition=new, state=ok, price=2.8), Product(id=12236, name=product 12236, condition=new, state=ok, price=2.81), Product(id=22874, name=product 22874, condition=new, state=ok, price=2.81), Product(id=47927, name=product 47927, condition=new, state=ok, price=2.82), Product(id=1548, name=product 1548, condition=new, state=ok, price=2.83), Product(id=16265, name=product 16265, condition=new, state=ok, price=2.83), Product(id=27070, name=product 27070, condition=new, state=ok, price=2.83), Product(id=60250, name=product 60250, condition=new, state=ok, price=2.83), Product(id=67960, name=product 67960, condition=new, state=ok, price=2.83), Product(id=55683, name=product 55683, condition=new, state=ok, price=2.84), Product(id=7262, name=product 7262, condition=new, state=ok, price=2.84), Product(id=6108, name=product 6108, condition=new, state=ok, price=2.85), Product(id=29928, name=product 29928, condition=new, state=ok, price=2.86), Product(id=18151, name=product 18151, condition=new, state=ok, price=2.88), Product(id=43130, name=product 43130, condition=new, state=ok, price=2.88), Product(id=46474, name=product 46474, condition=new, state=ok, price=2.88), Product(id=90178, name=product 90178, condition=new, state=ok, price=2.88), Product(id=47509, name=product 47509, condition=new, state=ok, price=2.91), Product(id=10959, name=product 10959, condition=new, state=ok, price=2.92), Product(id=43652, name=product 43652, condition=new, state=ok, price=2.93), Product(id=511, name=product 511, condition=new, state=ok, price=2.94), Product(id=80325, name=product 80325, condition=new, state=ok, price=2.94), Product(id=27592, name=product 27592, condition=new, state=ok, price=2.95), Product(id=36911, name=product 36911, condition=new, state=ok, price=2.95), Product(id=44325, name=product 44325, condition=new, state=ok, price=2.95), Product(id=46232, name=product 46232, condition=new, state=ok, price=2.96), Product(id=91088, name=product 91088, condition=new, state=ok, price=2.97), Product(id=90843, name=product 90843, condition=new, state=ok, price=2.98), Product(id=1646, name=product 1646, condition=new, state=ok, price=2.99), Product(id=44245, name=product 44245, condition=new, state=ok, price=2.99), Product(id=84488, name=product 84488, condition=new, state=ok, price=2.99), Product(id=15615, name=product 15615, condition=new, state=ok, price=3.0), Product(id=39427, name=product 39427, condition=new, state=ok, price=3.0), Product(id=75826, name=product 75826, condition=new, state=ok, price=3.01), Product(id=6869, name=product 6869, condition=new, state=ok, price=3.02), Product(id=164, name=product 164, condition=new, state=ok, price=3.03), Product(id=26524, name=product 26524, condition=new, state=ok, price=3.03), Product(id=54666, name=product 54666, condition=new, state=ok, price=3.03), Product(id=1387, name=product 1387, condition=new, state=ok, price=3.04), Product(id=8237, name=product 8237, condition=new, state=ok, price=3.04), Product(id=98951, name=product 98951, condition=new, state=ok, price=3.04), Product(id=64959, name=product 64959, condition=new, state=ok, price=3.05), Product(id=271, name=product 271, condition=new, state=ok, price=3.07), Product(id=40159, name=product 40159, condition=new, state=ok, price=3.07), Product(id=33796, name=product 33796, condition=new, state=ok, price=3.08), Product(id=38253, name=product 38253, condition=new, state=ok, price=3.08), Product(id=38603, name=product 38603, condition=new, state=ok, price=3.08), Product(id=42573, name=product 42573, condition=new, state=ok, price=3.08), Product(id=59352, name=product 59352, condition=new, state=ok, price=3.08), Product(id=70235, name=product 70235, condition=new, state=ok, price=3.08), Product(id=5584, name=product 5584, condition=new, state=ok, price=3.09), Product(id=49094, name=product 49094, condition=new, state=ok, price=3.12), Product(id=14172, name=product 14172, condition=new, state=ok, price=3.13), Product(id=31636, name=product 31636, condition=new, state=ok, price=3.13), Product(id=44657, name=product 44657, condition=new, state=ok, price=3.13), Product(id=16910, name=product 16910, condition=new, state=ok, price=3.14), Product(id=7107, name=product 7107, condition=new, state=ok, price=3.15), Product(id=36457, name=product 36457, condition=new, state=ok, price=3.16), Product(id=40817, name=product 40817, condition=new, state=ok, price=3.16), Product(id=13122, name=product 13122, condition=new, state=ok, price=3.17), Product(id=23123, name=product 23123, condition=new, state=ok, price=3.17), Product(id=27453, name=product 27453, condition=new, state=ok, price=3.17), Product(id=38595, name=product 38595, condition=new, state=ok, price=3.17), Product(id=59539, name=product 59539, condition=new, state=ok, price=3.18), Product(id=69074, name=product 69074, condition=new, state=ok, price=3.18), Product(id=12420, name=product 12420, condition=new, state=ok, price=3.19), Product(id=4974, name=product 4974, condition=new, state=ok, price=3.19), Product(id=56276, name=product 56276, condition=new, state=ok, price=3.2), Product(id=58349, name=product 58349, condition=new, state=ok, price=3.2), Product(id=62584, name=product 62584, condition=new, state=ok, price=3.2), Product(id=121, name=product 121, condition=new, state=ok, price=3.21), Product(id=20947, name=product 20947, condition=new, state=ok, price=3.21), Product(id=13051, name=product 13051, condition=new, state=ok, price=3.22), Product(id=27972, name=product 27972, condition=new, state=ok, price=3.22), Product(id=453, name=product 453, condition=new, state=ok, price=3.22), Product(id=63872, name=product 63872, condition=new, state=ok, price=3.22), Product(id=87741, name=product 87741, condition=new, state=ok, price=3.22), Product(id=15518, name=product 15518, condition=new, state=ok, price=3.23), Product(id=36940, name=product 36940, condition=new, state=ok, price=3.23), Product(id=52986, name=product 52986, condition=new, state=ok, price=3.23), Product(id=22209, name=product 22209, condition=new, state=ok, price=3.24), Product(id=66753, name=product 66753, condition=new, state=ok, price=3.24), Product(id=73351, name=product 73351, condition=new, state=ok, price=3.26), Product(id=15780, name=product 15780, condition=new, state=ok, price=3.27), Product(id=2848, name=product 2848, condition=new, state=ok, price=3.27), Product(id=86790, name=product 86790, condition=new, state=ok, price=3.27), Product(id=25866, name=product 25866, condition=new, state=ok, price=3.28), Product(id=43879, name=product 43879, condition=new, state=ok, price=3.28), Product(id=5308, name=product 5308, condition=new, state=ok, price=3.28), Product(id=10338, name=product 10338, condition=new, state=ok, price=3.31), Product(id=39912, name=product 39912, condition=new, state=ok, price=3.31), Product(id=56835, name=product 56835, condition=new, state=ok, price=3.31), Product(id=71374, name=product 71374, condition=new, state=ok, price=3.32), Product(id=39827, name=product 39827, condition=new, state=ok, price=3.33), Product(id=16087, name=product 16087, condition=new, state=ok, price=3.34), Product(id=17162, name=product 17162, condition=new, state=ok, price=3.34), Product(id=20396, name=product 20396, condition=new, state=ok, price=3.34), Product(id=2269, name=product 2269, condition=new, state=ok, price=3.34), Product(id=5022, name=product 5022, condition=new, state=ok, price=3.34), Product(id=12740, name=product 12740, condition=new, state=ok, price=3.37), Product(id=1833, name=product 1833, condition=new, state=ok, price=3.37), Product(id=6365, name=product 6365, condition=new, state=ok, price=3.37), Product(id=3247, name=product 3247, condition=new, state=ok, price=3.39), Product(id=41684, name=product 41684, condition=new, state=ok, price=3.39), Product(id=5060, name=product 5060, condition=new, state=ok, price=3.39), Product(id=7302, name=product 7302, condition=new, state=ok, price=3.39), Product(id=91937, name=product 91937, condition=new, state=ok, price=3.4), Product(id=10484, name=product 10484, condition=new, state=ok, price=3.42), Product(id=37822, name=product 37822, condition=new, state=ok, price=3.42), Product(id=70361, name=product 70361, condition=new, state=ok, price=3.42), Product(id=2801, name=product 2801, condition=new, state=ok, price=3.43), Product(id=14341, name=product 14341, condition=new, state=ok, price=3.44), Product(id=1492, name=product 1492, condition=new, state=ok, price=3.44), Product(id=41196, name=product 41196, condition=new, state=ok, price=3.45), Product(id=82523, name=product 82523, condition=new, state=ok, price=3.45), Product(id=21589, name=product 21589, condition=new, state=ok, price=3.46), Product(id=28917, name=product 28917, condition=new, state=ok, price=3.46), Product(id=65622, name=product 65622, condition=new, state=ok, price=3.47), Product(id=67101, name=product 67101, condition=new, state=ok, price=3.47), Product(id=82469, name=product 82469, condition=new, state=ok, price=3.47), Product(id=18186, name=product 18186, condition=new, state=ok, price=3.48), Product(id=79550, name=product 79550, condition=new, state=ok, price=3.5), Product(id=16696, name=product 16696, condition=new, state=ok, price=3.51), Product(id=19880, name=product 19880, condition=new, state=ok, price=3.51), Product(id=24301, name=product 24301, condition=new, state=ok, price=3.51), Product(id=33393, name=product 33393, condition=new, state=ok, price=3.51), Product(id=78301, name=product 78301, condition=new, state=ok, price=3.51), Product(id=37513, name=product 37513, condition=new, state=ok, price=3.52), Product(id=27398, name=product 27398, condition=new, state=ok, price=3.53), Product(id=85732, name=product 85732, condition=new, state=ok, price=3.53), Product(id=4315, name=product 4315, condition=new, state=ok, price=3.54), Product(id=86981, name=product 86981, condition=new, state=ok, price=3.54), Product(id=4715, name=product 4715, condition=new, state=ok, price=3.56), Product(id=15462, name=product 15462, condition=new, state=ok, price=3.57), Product(id=1908, name=product 1908, condition=new, state=ok, price=3.57), Product(id=34065, name=product 34065, condition=new, state=ok, price=3.57), Product(id=48105, name=product 48105, condition=new, state=ok, price=3.57), Product(id=4379, name=product 4379, condition=new, state=ok, price=3.59), Product(id=51516, name=product 51516, condition=new, state=ok, price=3.59), Product(id=81166, name=product 81166, condition=new, state=ok, price=3.59), Product(id=92315, name=product 92315, condition=new, state=ok, price=3.59), Product(id=11215, name=product 11215, condition=new, state=ok, price=3.6), Product(id=45695, name=product 45695, condition=new, state=ok, price=3.6), Product(id=98943, name=product 98943, condition=new, state=ok, price=3.6), Product(id=8394, name=product 8394, condition=new, state=ok, price=3.61), Product(id=93053, name=product 93053, condition=new, state=ok, price=3.61), Product(id=27587, name=product 27587, condition=new, state=ok, price=3.62), Product(id=35642, name=product 35642, condition=new, state=ok, price=3.62), Product(id=44609, name=product 44609, condition=new, state=ok, price=3.62), Product(id=23771, name=product 23771, condition=new, state=ok, price=3.63), Product(id=29138, name=product 29138, condition=new, state=ok, price=3.63), Product(id=36268, name=product 36268, condition=new, state=ok, price=3.63), Product(id=36706, name=product 36706, condition=new, state=ok, price=3.63), Product(id=75804, name=product 75804, condition=new, state=ok, price=3.64), Product(id=32418, name=product 32418, condition=new, state=ok, price=3.65), Product(id=96466, name=product 96466, condition=new, state=ok, price=3.65), Product(id=26638, name=product 26638, condition=new, state=ok, price=3.67), Product(id=26199, name=product 26199, condition=new, state=ok, price=3.68), Product(id=4810, name=product 4810, condition=new, state=ok, price=3.68), Product(id=56906, name=product 56906, condition=new, state=ok, price=3.68), Product(id=11178, name=product 11178, condition=new, state=ok, price=3.69), Product(id=17285, name=product 17285, condition=new, state=ok, price=3.69), Product(id=12104, name=product 12104, condition=new, state=ok, price=3.7), Product(id=20239, name=product 20239, condition=new, state=ok, price=3.7), Product(id=21025, name=product 21025, condition=new, state=ok, price=3.7), Product(id=23521, name=product 23521, condition=new, state=ok, price=3.7), Product(id=39761, name=product 39761, condition=new, state=ok, price=3.7), Product(id=25059, name=product 25059, condition=new, state=ok, price=3.71), Product(id=43604, name=product 43604, condition=new, state=ok, price=3.71), Product(id=45975, name=product 45975, condition=new, state=ok, price=3.71), Product(id=98987, name=product 98987, condition=new, state=ok, price=3.71), Product(id=31597, name=product 31597, condition=new, state=ok, price=3.74), Product(id=49214, name=product 49214, condition=new, state=ok, price=3.74), Product(id=1034, name=product 1034, condition=new, state=ok, price=3.75), Product(id=15978, name=product 15978, condition=new, state=ok, price=3.75), Product(id=21331, name=product 21331, condition=new, state=ok, price=3.76), Product(id=2484, name=product 2484, condition=new, state=ok, price=3.76), Product(id=28902, name=product 28902, condition=new, state=ok, price=3.77), Product(id=5955, name=product 5955, condition=new, state=ok, price=3.77), Product(id=6460, name=product 6460, condition=new, state=ok, price=3.77), Product(id=9417, name=product 9417, condition=new, state=ok, price=3.77), Product(id=1367, name=product 1367, condition=new, state=ok, price=3.78), Product(id=8387, name=product 8387, condition=new, state=ok, price=3.78), Product(id=66050, name=product 66050, condition=new, state=ok, price=3.79), Product(id=8420, name=product 8420, condition=new, state=ok, price=3.79), Product(id=3654, name=product 3654, condition=new, state=ok, price=3.8), Product(id=51321, name=product 51321, condition=new, state=ok, price=3.8), Product(id=36497, name=product 36497, condition=new, state=ok, price=3.81), Product(id=8380, name=product 8380, condition=new, state=ok, price=3.81), Product(id=75550, name=product 75550, condition=new, state=ok, price=3.82), Product(id=88522, name=product 88522, condition=new, state=ok, price=3.82), Product(id=1601, name=product 1601, condition=new, state=ok, price=3.83), Product(id=80511, name=product 80511, condition=new, state=ok, price=3.83), Product(id=96817, name=product 96817, condition=new, state=ok, price=3.84), Product(id=29219, name=product 29219, condition=new, state=ok, price=3.85), Product(id=45458, name=product 45458, condition=new, state=ok, price=3.85), Product(id=10263, name=product 10263, condition=new, state=ok, price=3.86), Product(id=14123, name=product 14123, condition=new, state=ok, price=3.86), Product(id=63911, name=product 63911, condition=new, state=ok, price=3.86), Product(id=73542, name=product 73542, condition=new, state=ok, price=3.86), Product(id=89955, name=product 89955, condition=new, state=ok, price=3.86), Product(id=958, name=product 958, condition=new, state=ok, price=3.87), Product(id=98122, name=product 98122, condition=new, state=ok, price=3.88), Product(id=21414, name=product 21414, condition=new, state=ok, price=3.89), Product(id=10512, name=product 10512, condition=new, state=ok, price=3.91), Product(id=52931, name=product 52931, condition=new, state=ok, price=3.91), Product(id=81562, name=product 81562, condition=new, state=ok, price=3.92), Product(id=795, name=product 795, condition=new, state=ok, price=3.93), Product(id=985, name=product 985, condition=new, state=ok, price=3.93), Product(id=37173, name=product 37173, condition=new, state=ok, price=3.94), Product(id=6125, name=product 6125, condition=new, state=ok, price=3.94), Product(id=1380, name=product 1380, condition=new, state=ok, price=3.95), Product(id=2131, name=product 2131, condition=new, state=ok, price=3.95), Product(id=22008, name=product 22008, condition=new, state=ok, price=3.96), Product(id=33957, name=product 33957, condition=new, state=ok, price=3.97), Product(id=42697, name=product 42697, condition=new, state=ok, price=3.97), Product(id=13242, name=product 13242, condition=new, state=ok, price=3.98), Product(id=16646, name=product 16646, condition=new, state=ok, price=3.98), Product(id=16009, name=product 16009, condition=new, state=ok, price=3.99), Product(id=17329, name=product 17329, condition=new, state=ok, price=3.99), Product(id=373, name=product 373, condition=new, state=ok, price=4.0), Product(id=43849, name=product 43849, condition=new, state=ok, price=4.0), Product(id=22414, name=product 22414, condition=new, state=ok, price=4.01), Product(id=74895, name=product 74895, condition=new, state=ok, price=4.01), Product(id=85614, name=product 85614, condition=new, state=ok, price=4.01), Product(id=3941, name=product 3941, condition=new, state=ok, price=4.02), Product(id=6747, name=product 6747, condition=new, state=ok, price=4.02), Product(id=70220, name=product 70220, condition=new, state=ok, price=4.02), Product(id=8527, name=product 8527, condition=new, state=ok, price=4.02), Product(id=12254, name=product 12254, condition=new, state=ok, price=4.03), Product(id=16340, name=product 16340, condition=new, state=ok, price=4.03), Product(id=32364, name=product 32364, condition=new, state=ok, price=4.03), Product(id=4806, name=product 4806, condition=new, state=ok, price=4.03), Product(id=58565, name=product 58565, condition=new, state=ok, price=4.04), Product(id=6721, name=product 6721, condition=new, state=ok, price=4.04), Product(id=19860, name=product 19860, condition=new, state=ok, price=4.05), Product(id=29082, name=product 29082, condition=new, state=ok, price=4.05), Product(id=31749, name=product 31749, condition=new, state=ok, price=4.06), Product(id=41787, name=product 41787, condition=new, state=ok, price=4.06), Product(id=50807, name=product 50807, condition=new, state=ok, price=4.06), Product(id=458, name=product 458, condition=new, state=ok, price=4.08), Product(id=99563, name=product 99563, condition=new, state=ok, price=4.08), Product(id=38697, name=product 38697, condition=new, state=ok, price=4.09), Product(id=39741, name=product 39741, condition=new, state=ok, price=4.09), Product(id=55497, name=product 55497, condition=new, state=ok, price=4.09), Product(id=7770, name=product 7770, condition=new, state=ok, price=4.09), Product(id=37834, name=product 37834, condition=new, state=ok, price=4.1), Product(id=3259, name=product 3259, condition=new, state=ok, price=4.11), Product(id=35826, name=product 35826, condition=new, state=ok, price=4.12), Product(id=21156, name=product 21156, condition=new, state=ok, price=4.13), Product(id=31466, name=product 31466, condition=new, state=ok, price=4.13), Product(id=20146, name=product 20146, condition=new, state=ok, price=4.14), Product(id=95936, name=product 95936, condition=new, state=ok, price=4.14), Product(id=97623, name=product 97623, condition=new, state=ok, price=4.15), Product(id=5409, name=product 5409, condition=new, state=ok, price=4.19), Product(id=59500, name=product 59500, condition=new, state=ok, price=4.21), Product(id=19161, name=product 19161, condition=new, state=ok, price=4.22), Product(id=50778, name=product 50778, condition=new, state=ok, price=4.22), Product(id=31162, name=product 31162, condition=new, state=ok, price=4.23), Product(id=10522, name=product 10522, condition=new, state=ok, price=4.24), Product(id=83307, name=product 83307, condition=new, state=ok, price=4.24), Product(id=12176, name=product 12176, condition=new, state=ok, price=4.25), Product(id=50742, name=product 50742, condition=new, state=ok, price=4.25), Product(id=68019, name=product 68019, condition=new, state=ok, price=4.25), Product(id=95713, name=product 95713, condition=new, state=ok, price=4.25), Product(id=23283, name=product 23283, condition=new, state=ok, price=4.26), Product(id=28928, name=product 28928, condition=new, state=ok, price=4.26), Product(id=11899, name=product 11899, condition=new, state=ok, price=4.27), Product(id=36217, name=product 36217, condition=new, state=ok, price=4.27), Product(id=5314, name=product 5314, condition=new, state=ok, price=4.28), Product(id=23586, name=product 23586, condition=new, state=ok, price=4.29), Product(id=35905, name=product 35905, condition=new, state=ok, price=4.29), Product(id=89814, name=product 89814, condition=new, state=ok, price=4.29), Product(id=19916, name=product 19916, condition=new, state=ok, price=4.3), Product(id=76504, name=product 76504, condition=new, state=ok, price=4.31), Product(id=7993, name=product 7993, condition=new, state=ok, price=4.31), Product(id=85357, name=product 85357, condition=new, state=ok, price=4.31), Product(id=26651, name=product 26651, condition=new, state=ok, price=4.32), Product(id=34146, name=product 34146, condition=new, state=ok, price=4.32), Product(id=1559, name=product 1559, condition=new, state=ok, price=4.33), Product(id=40376, name=product 40376, condition=new, state=ok, price=4.33), Product(id=5333, name=product 5333, condition=new, state=ok, price=4.34), Product(id=65798, name=product 65798, condition=new, state=ok, price=4.34), Product(id=10012, name=product 10012, condition=new, state=ok, price=4.35), Product(id=18256, name=product 18256, condition=new, state=ok, price=4.35), Product(id=697, name=product 697, condition=new, state=ok, price=4.36), Product(id=17360, name=product 17360, condition=new, state=ok, price=4.37), Product(id=22392, name=product 22392, condition=new, state=ok, price=4.37), Product(id=2819, name=product 2819, condition=new, state=ok, price=4.37), Product(id=52131, name=product 52131, condition=new, state=ok, price=4.38), Product(id=8078, name=product 8078, condition=new, state=ok, price=4.38), Product(id=98292, name=product 98292, condition=new, state=ok, price=4.38), Product(id=2401, name=product 2401, condition=new, state=ok, price=4.39), Product(id=2940, name=product 2940, condition=new, state=ok, price=4.39), Product(id=71544, name=product 71544, condition=new, state=ok, price=4.39), Product(id=83502, name=product 83502, condition=new, state=ok, price=4.42), Product(id=15712, name=product 15712, condition=new, state=ok, price=4.43), Product(id=65459, name=product 65459, condition=new, state=ok, price=4.43), Product(id=76915, name=product 76915, condition=new, state=ok, price=4.43), Product(id=94293, name=product 94293, condition=new, state=ok, price=4.43), Product(id=3561, name=product 3561, condition=new, state=ok, price=4.44), Product(id=43485, name=product 43485, condition=new, state=ok, price=4.44), Product(id=44224, name=product 44224, condition=new, state=ok, price=4.44), Product(id=13209, name=product 13209, condition=new, state=ok, price=4.45), Product(id=1453, name=product 1453, condition=new, state=ok, price=4.45), Product(id=24664, name=product 24664, condition=new, state=ok, price=4.45), Product(id=701, name=product 701, condition=new, state=ok, price=4.45), Product(id=17121, name=product 17121, condition=new, state=ok, price=4.46), Product(id=32244, name=product 32244, condition=new, state=ok, price=4.46), Product(id=80829, name=product 80829, condition=new, state=ok, price=4.46), Product(id=1462, name=product 1462, condition=new, state=ok, price=4.47), Product(id=20286, name=product 20286, condition=new, state=ok, price=4.47), Product(id=5713, name=product 5713, condition=new, state=ok, price=4.47), Product(id=85840, name=product 85840, condition=new, state=ok, price=4.48), Product(id=22387, name=product 22387, condition=new, state=ok, price=4.49), Product(id=4315, name=product 4315, condition=new, state=ok, price=4.49), Product(id=49751, name=product 49751, condition=new, state=ok, price=4.49), Product(id=3000, name=product 3000, condition=new, state=ok, price=4.5), Product(id=30168, name=product 30168, condition=new, state=ok, price=4.51), Product(id=64490, name=product 64490, condition=new, state=ok, price=4.51), Product(id=50191, name=product 50191, condition=new, state=ok, price=4.53), Product(id=73329, name=product 73329, condition=new, state=ok, price=4.54), Product(id=128, name=product 128, condition=new, state=ok, price=4.55), Product(id=20007, name=product 20007, condition=new, state=ok, price=4.55), Product(id=67460, name=product 67460, condition=new, state=ok, price=4.55), Product(id=89667, name=product 89667, condition=new, state=ok, price=4.55), Product(id=36499, name=product 36499, condition=new, state=ok, price=4.56), Product(id=37235, name=product 37235, condition=new, state=ok, price=4.57), Product(id=12263, name=product 12263, condition=new, state=ok, price=4.58), Product(id=13867, name=product 13867, condition=new, state=ok, price=4.58), Product(id=19994, name=product 19994, condition=new, state=ok, price=4.58), Product(id=4762, name=product 4762, condition=new, state=ok, price=4.58), Product(id=57190, name=product 57190, condition=new, state=ok, price=4.58), Product(id=391, name=product 391, condition=new, state=ok, price=4.59), Product(id=69398, name=product 69398, condition=new, state=ok, price=4.59), Product(id=22057, name=product 22057, condition=new, state=ok, price=4.6), Product(id=32303, name=product 32303, condition=new, state=ok, price=4.6), Product(id=88984, name=product 88984, condition=new, state=ok, price=4.6), Product(id=99627, name=product 99627, condition=new, state=ok, price=4.6), Product(id=1352, name=product 1352, condition=new, state=ok, price=4.61), Product(id=9557, name=product 9557, condition=new, state=ok, price=4.61), Product(id=16449, name=product 16449, condition=new, state=ok, price=4.62), Product(id=4723, name=product 4723, condition=new, state=ok, price=4.63), Product(id=16613, name=product 16613, condition=new, state=ok, price=4.64), Product(id=17444, name=product 17444, condition=new, state=ok, price=4.64), Product(id=33849, name=product 33849, condition=new, state=ok, price=4.64), Product(id=3415, name=product 3415, condition=new, state=ok, price=4.64), Product(id=45464, name=product 45464, condition=new, state=ok, price=4.65), Product(id=81908, name=product 81908, condition=new, state=ok, price=4.66), Product(id=30997, name=product 30997, condition=new, state=ok, price=4.67), Product(id=49198, name=product 49198, condition=new, state=ok, price=4.67), Product(id=27880, name=product 27880, condition=new, state=ok, price=4.68), Product(id=4519, name=product 4519, condition=new, state=ok, price=4.68), Product(id=48118, name=product 48118, condition=new, state=ok, price=4.68), Product(id=40890, name=product 40890, condition=new, state=ok, price=4.7), Product(id=86074, name=product 86074, condition=new, state=ok, price=4.7), Product(id=1576, name=product 1576, condition=new, state=ok, price=4.72), Product(id=35188, name=product 35188, condition=new, state=ok, price=4.73), Product(id=16254, name=product 16254, condition=new, state=ok, price=4.75), Product(id=33120, name=product 33120, condition=new, state=ok, price=4.75), Product(id=39, name=product 39, condition=new, state=ok, price=4.75), Product(id=42668, name=product 42668, condition=new, state=ok, price=4.75), Product(id=24717, name=product 24717, condition=new, state=ok, price=4.76), Product(id=32703, name=product 32703, condition=new, state=ok, price=4.76), Product(id=92115, name=product 92115, condition=new, state=ok, price=4.76), Product(id=19993, name=product 19993, condition=new, state=ok, price=4.78), Product(id=2582, name=product 2582, condition=new, state=ok, price=4.79), Product(id=28544, name=product 28544, condition=new, state=ok, price=4.8), Product(id=54707, name=product 54707, condition=new, state=ok, price=4.8), Product(id=84141, name=product 84141, condition=new, state=ok, price=4.8), Product(id=17022, name=product 17022, condition=new, state=ok, price=4.81), Product(id=17049, name=product 17049, condition=new, state=ok, price=4.81), Product(id=20035, name=product 20035, condition=new, state=ok, price=4.82), Product(id=2080, name=product 2080, condition=new, state=ok, price=4.82), Product(id=8261, name=product 8261, condition=new, state=ok, price=4.82), Product(id=57158, name=product 57158, condition=new, state=ok, price=4.83), Product(id=16267, name=product 16267, condition=new, state=ok, price=4.84), Product(id=46985, name=product 46985, condition=new, state=ok, price=4.85), Product(id=3492, name=product 3492, condition=new, state=ok, price=4.86), Product(id=4967, name=product 4967, condition=new, state=ok, price=4.86), Product(id=59715, name=product 59715, condition=new, state=ok, price=4.87), Product(id=62750, name=product 62750, condition=new, state=ok, price=4.87), Product(id=23177, name=product 23177, condition=new, state=ok, price=4.88), Product(id=88376, name=product 88376, condition=new, state=ok, price=4.88), Product(id=9219, name=product 9219, condition=new, state=ok, price=4.88), Product(id=10425, name=product 10425, condition=new, state=ok, price=4.89), Product(id=7075, name=product 7075, condition=new, state=ok, price=4.89), Product(id=64748, name=product 64748, condition=new, state=ok, price=4.9), Product(id=87474, name=product 87474, condition=new, state=ok, price=4.9), Product(id=5496, name=product 5496, condition=new, state=ok, price=4.91), Product(id=59899, name=product 59899, condition=new, state=ok, price=4.93), Product(id=54440, name=product 54440, condition=new, state=ok, price=4.94), Product(id=67286, name=product 67286, condition=new, state=ok, price=4.94), Product(id=72421, name=product 72421, condition=new, state=ok, price=4.94), Product(id=75148, name=product 75148, condition=new, state=ok, price=4.94), Product(id=20278, name=product 20278, condition=new, state=ok, price=4.95), Product(id=34152, name=product 34152, condition=new, state=ok, price=4.95), Product(id=4973, name=product 4973, condition=new, state=ok, price=4.96), Product(id=17633, name=product 17633, condition=new, state=ok, price=4.97), Product(id=76731, name=product 76731, condition=new, state=ok, price=4.97), Product(id=50078, name=product 50078, condition=new, state=ok, price=5.0), Product(id=36747, name=product 36747, condition=new, state=ok, price=5.01), Product(id=16508, name=product 16508, condition=new, state=ok, price=5.02), Product(id=3377, name=product 3377, condition=new, state=ok, price=5.02), Product(id=25749, name=product 25749, condition=new, state=ok, price=5.03), Product(id=8061, name=product 8061, condition=new, state=ok, price=5.03), Product(id=81302, name=product 81302, condition=new, state=ok, price=5.03), Product(id=20438, name=product 20438, condition=new, state=ok, price=5.04), Product(id=21909, name=product 21909, condition=new, state=ok, price=5.04), Product(id=9986, name=product 9986, condition=new, state=ok, price=5.04), Product(id=49347, name=product 49347, condition=new, state=ok, price=5.05), Product(id=79232, name=product 79232, condition=new, state=ok, price=5.05), Product(id=17244, name=product 17244, condition=new, state=ok, price=5.06), Product(id=2268, name=product 2268, condition=new, state=ok, price=5.06), Product(id=98453, name=product 98453, condition=new, state=ok, price=5.06), Product(id=22994, name=product 22994, condition=new, state=ok, price=5.07), Product(id=6728, name=product 6728, condition=new, state=ok, price=5.09), Product(id=24719, name=product 24719, condition=new, state=ok, price=5.1), Product(id=39080, name=product 39080, condition=new, state=ok, price=5.1), Product(id=9499, name=product 9499, condition=new, state=ok, price=5.1), Product(id=20641, name=product 20641, condition=new, state=ok, price=5.11), Product(id=39977, name=product 39977, condition=new, state=ok, price=5.11), Product(id=71137, name=product 71137, condition=new, state=ok, price=5.12), Product(id=25373, name=product 25373, condition=new, state=ok, price=5.13), Product(id=43442, name=product 43442, condition=new, state=ok, price=5.13), Product(id=49102, name=product 49102, condition=new, state=ok, price=5.14), Product(id=6047, name=product 6047, condition=new, state=ok, price=5.14), Product(id=24303, name=product 24303, condition=new, state=ok, price=5.15), Product(id=32040, name=product 32040, condition=new, state=ok, price=5.15), Product(id=94001, name=product 94001, condition=new, state=ok, price=5.16), Product(id=15566, name=product 15566, condition=new, state=ok, price=5.17), Product(id=31995, name=product 31995, condition=new, state=ok, price=5.17), Product(id=3536, name=product 3536, condition=new, state=ok, price=5.17), Product(id=47742, name=product 47742, condition=new, state=ok, price=5.17), Product(id=44595, name=product 44595, condition=new, state=ok, price=5.18), Product(id=56164, name=product 56164, condition=new, state=ok, price=5.18), Product(id=14529, name=product 14529, condition=new, state=ok, price=5.2), Product(id=1938, name=product 1938, condition=new, state=ok, price=5.2), Product(id=67317, name=product 67317, condition=new, state=ok, price=5.2), Product(id=19926, name=product 19926, condition=new, state=ok, price=5.21), Product(id=48316, name=product 48316, condition=new, state=ok, price=5.21), Product(id=12756, name=product 12756, condition=new, state=ok, price=5.22), Product(id=21458, name=product 21458, condition=new, state=ok, price=5.22), Product(id=30035, name=product 30035, condition=new, state=ok, price=5.22), Product(id=43901, name=product 43901, condition=new, state=ok, price=5.22), Product(id=25089, name=product 25089, condition=new, state=ok, price=5.23), Product(id=10325, name=product 10325, condition=new, state=ok, price=5.24), Product(id=92628, name=product 92628, condition=new, state=ok, price=5.24), Product(id=21963, name=product 21963, condition=new, state=ok, price=5.25), Product(id=31982, name=product 31982, condition=new, state=ok, price=5.25), Product(id=10000, name=product 10000, condition=new, state=ok, price=5.27), Product(id=13410, name=product 13410, condition=new, state=ok, price=5.28), Product(id=33985, name=product 33985, condition=new, state=ok, price=5.28), Product(id=93068, name=product 93068, condition=new, state=ok, price=5.28), Product(id=421, name=product 421, condition=new, state=ok, price=5.29), Product(id=6853, name=product 6853, condition=new, state=ok, price=5.29), Product(id=9008, name=product 9008, condition=new, state=ok, price=5.29), Product(id=81550, name=product 81550, condition=new, state=ok, price=5.3), Product(id=99702, name=product 99702, condition=new, state=ok, price=5.3), Product(id=17111, name=product 17111, condition=new, state=ok, price=5.31), Product(id=28192, name=product 28192, condition=new, state=ok, price=5.31), Product(id=41182, name=product 41182, condition=new, state=ok, price=5.31), Product(id=43879, name=product 43879, condition=new, state=ok, price=5.32), Product(id=90578, name=product 90578, condition=new, state=ok, price=5.33), Product(id=50362, name=product 50362, condition=new, state=ok, price=5.34), Product(id=5165, name=product 5165, condition=new, state=ok, price=5.34)]&gt;" type="java.lang.AssertionError">java.lang.AssertionError: expected: java.util.concurrent.ConcurrentSkipListSet&lt;[Product(id=16986, name=product 16986, condition=new, state=ok, price=0.03), Product(id=36349, name=product 36349, condition=new, state=ok, price=0.03), Product(id=61232, name=product 61232, condition=new, state=ok, price=0.03), Product(id=94076, name=product 94076, condition=new, state=ok, price=0.03), Product(id=19575, name=product 19575, condition=new, state=ok, price=0.04), Product(id=2131, name=product 2131, condition=new, state=ok, price=0.04), Product(id=13075, name=product 13075, condition=new, state=ok, price=0.05), Product(id=13547, name=product 13547, condition=new, state=ok, price=0.05), Product(id=785, name=product 785, condition=new, state=ok, price=0.05), Product(id=46038, name=product 46038, condition=new, state=ok, price=0.06), Product(id=6236, name=product 6236, condition=new, state=ok, price=0.06), Product(id=66777, name=product 66777, condition=new, state=ok, price=0.06), Product(id=47928, name=product 47928, condition=new, state=ok, price=0.07), Product(id=1087, name=product 1087, condition=new, state=ok, price=0.08), Product(id=40478, name=product 40478, condition=new, state=ok, price=0.08), Product(id=96632, name=product 96632, condition=new, state=ok, price=0.08), Product(id=1990, name=product 1990, condition=new, state=ok, price=0.09), Product(id=24817, name=product 24817, condition=new, state=ok, price=0.09), Product(id=20761, name=product 20761, condition=new, state=ok, price=0.1), Product(id=94385, name=product 94385, condition=new, state=ok, price=0.1), Product(id=4729, name=product 4729, condition=new, state=ok, price=0.11), Product(id=96690, name=product 96690, condition=new, state=ok, price=0.12), Product(id=11120, name=product 11120, condition=new, state=ok, price=0.13), Product(id=36739, name=product 36739, condition=new, state=ok, price=0.13), Product(id=26320, name=product 26320, condition=new, state=ok, price=0.14), Product(id=28860, name=product 28860, condition=new, state=ok, price=0.14), Product(id=36634, name=product 36634, condition=new, state=ok, price=0.14), Product(id=83632, name=product 83632, condition=new, state=ok, price=0.14), Product(id=1530, name=product 1530, condition=new, state=ok, price=0.15), Product(id=45135, name=product 45135, condition=new, state=ok, price=0.15), Product(id=47424, name=product 47424, condition=new, state=ok, price=0.15), Product(id=62629, name=product 62629, condition=new, state=ok, price=0.16), Product(id=16561, name=product 16561, condition=new, state=ok, price=0.18), Product(id=33744, name=product 33744, condition=new, state=ok, price=0.18), Product(id=4616, name=product 4616, condition=new, state=ok, price=0.19), Product(id=66269, name=product 66269, condition=new, state=ok, price=0.19), Product(id=48182, name=product 48182, condition=new, state=ok, price=0.2), Product(id=84114, name=product 84114, condition=new, state=ok, price=0.2), Product(id=16734, name=product 16734, condition=new, state=ok, price=0.21), Product(id=5156, name=product 5156, condition=new, state=ok, price=0.21), Product(id=86143, name=product 86143, condition=new, state=ok, price=0.21), Product(id=34758, name=product 34758, condition=new, state=ok, price=0.22), Product(id=9200, name=product 9200, condition=new, state=ok, price=0.22), Product(id=47714, name=product 47714, condition=new, state=ok, price=0.23), Product(id=28285, name=product 28285, condition=new, state=ok, price=0.24), Product(id=25964, name=product 25964, condition=new, state=ok, price=0.25), Product(id=8775, name=product 8775, condition=new, state=ok, price=0.25), Product(id=31999, name=product 31999, condition=new, state=ok, price=0.26), Product(id=32763, name=product 32763, condition=new, state=ok, price=0.26), Product(id=20740, name=product 20740, condition=new, state=ok, price=0.27), Product(id=6740, name=product 6740, condition=new, state=ok, price=0.27), Product(id=11588, name=product 11588, condition=new, state=ok, price=0.28), Product(id=428, name=product 428, condition=new, state=ok, price=0.28), Product(id=31984, name=product 31984, condition=new, state=ok, price=0.29), Product(id=3061, name=product 3061, condition=new, state=ok, price=0.3), Product(id=45316, name=product 45316, condition=new, state=ok, price=0.3), Product(id=48202, name=product 48202, condition=new, state=ok, price=0.3), Product(id=18818, name=product 18818, condition=new, state=ok, price=0.31), Product(id=35741, name=product 35741, condition=new, state=ok, price=0.31), Product(id=65330, name=product 65330, condition=new, state=ok, price=0.31), Product(id=84274, name=product 84274, condition=new, state=ok, price=0.31), Product(id=88168, name=product 88168, condition=new, state=ok, price=0.32), Product(id=22637, name=product 22637, condition=new, state=ok, price=0.33), Product(id=2459, name=product 2459, condition=new, state=ok, price=0.33), Product(id=10042, name=product 10042, condition=new, state=ok, price=0.34), Product(id=12146, name=product 12146, condition=new, state=ok, price=0.34), Product(id=45187, name=product 45187, condition=new, state=ok, price=0.34), Product(id=60897, name=product 60897, condition=new, state=ok, price=0.34), Product(id=4317, name=product 4317, condition=new, state=ok, price=0.35), Product(id=62823, name=product 62823, condition=new, state=ok, price=0.36), Product(id=80532, name=product 80532, condition=new, state=ok, price=0.36), Product(id=9307, name=product 9307, condition=new, state=ok, price=0.36), Product(id=11601, name=product 11601, condition=new, state=ok, price=0.37), Product(id=36372, name=product 36372, condition=new, state=ok, price=0.37), Product(id=21218, name=product 21218, condition=new, state=ok, price=0.38), Product(id=10953, name=product 10953, condition=new, state=ok, price=0.39), Product(id=21458, name=product 21458, condition=new, state=ok, price=0.39), Product(id=36322, name=product 36322, condition=new, state=ok, price=0.39), Product(id=20187, name=product 20187, condition=new, state=ok, price=0.4), Product(id=55487, name=product 55487, condition=new, state=ok, price=0.4), Product(id=8547, name=product 8547, condition=new, state=ok, price=0.41), Product(id=7429, name=product 7429, condition=new, state=ok, price=0.42), Product(id=11385, name=product 11385, condition=new, state=ok, price=0.43), Product(id=50342, name=product 50342, condition=new, state=ok, price=0.43), Product(id=16788, name=product 16788, condition=new, state=ok, price=0.45), Product(id=22733, name=product 22733, condition=new, state=ok, price=0.46), Product(id=6000, name=product 6000, condition=new, state=ok, price=0.46), Product(id=27066, name=product 27066, condition=new, state=ok, price=0.47), Product(id=7916, name=product 7916, condition=new, state=ok, price=0.47), Product(id=12256, name=product 12256, condition=new, state=ok, price=0.48), Product(id=11813, name=product 11813, condition=new, state=ok, price=0.49), Product(id=37260, name=product 37260, condition=new, state=ok, price=0.49), Product(id=99090, name=product 99090, condition=new, state=ok, price=0.49), Product(id=1256, name=product 1256, condition=new, state=ok, price=0.5), Product(id=9382, name=product 9382, condition=new, state=ok, price=0.5), Product(id=9846, name=product 9846, condition=new, state=ok, price=0.5), Product(id=3088, name=product 3088, condition=new, state=ok, price=0.51), Product(id=33205, name=product 33205, condition=new, state=ok, price=0.51), Product(id=39175, name=product 39175, condition=new, state=ok, price=0.51), Product(id=41082, name=product 41082, condition=new, state=ok, price=0.51), Product(id=4860, name=product 4860, condition=new, state=ok, price=0.51), Product(id=78827, name=product 78827, condition=new, state=ok, price=0.51), Product(id=12793, name=product 12793, condition=new, state=ok, price=0.52), Product(id=23099, name=product 23099, condition=new, state=ok, price=0.52), Product(id=5245, name=product 5245, condition=new, state=ok, price=0.52), Product(id=1815, name=product 1815, condition=new, state=ok, price=0.53), Product(id=26313, name=product 26313, condition=new, state=ok, price=0.54), Product(id=5297, name=product 5297, condition=new, state=ok, price=0.54), Product(id=59588, name=product 59588, condition=new, state=ok, price=0.54), Product(id=71249, name=product 71249, condition=new, state=ok, price=0.54), Product(id=10153, name=product 10153, condition=new, state=ok, price=0.55), Product(id=26403, name=product 26403, condition=new, state=ok, price=0.55), Product(id=7657, name=product 7657, condition=new, state=ok, price=0.55), Product(id=92166, name=product 92166, condition=new, state=ok, price=0.55), Product(id=29757, name=product 29757, condition=new, state=ok, price=0.58), Product(id=8033, name=product 8033, condition=new, state=ok, price=0.58), Product(id=8256, name=product 8256, condition=new, state=ok, price=0.59), Product(id=10569, name=product 10569, condition=new, state=ok, price=0.61), Product(id=3765, name=product 3765, condition=new, state=ok, price=0.61), Product(id=33418, name=product 33418, condition=new, state=ok, price=0.62), Product(id=19584, name=product 19584, condition=new, state=ok, price=0.63), Product(id=3588, name=product 3588, condition=new, state=ok, price=0.63), Product(id=8398, name=product 8398, condition=new, state=ok, price=0.63), Product(id=1332, name=product 1332, condition=new, state=ok, price=0.64), Product(id=12362, name=product 12362, condition=new, state=ok, price=0.65), Product(id=55929, name=product 55929, condition=new, state=ok, price=0.65), Product(id=70644, name=product 70644, condition=new, state=ok, price=0.65), Product(id=990, name=product 990, condition=new, state=ok, price=0.65), Product(id=97284, name=product 97284, condition=new, state=ok, price=0.67), Product(id=62412, name=product 62412, condition=new, state=ok, price=0.68), Product(id=124, name=product 124, condition=new, state=ok, price=0.69), Product(id=33916, name=product 33916, condition=new, state=ok, price=0.69), Product(id=76630, name=product 76630, condition=new, state=ok, price=0.69), Product(id=92217, name=product 92217, condition=new, state=ok, price=0.69), Product(id=56476, name=product 56476, condition=new, state=ok, price=0.7), Product(id=97944, name=product 97944, condition=new, state=ok, price=0.7), Product(id=2054, name=product 2054, condition=new, state=ok, price=0.71), Product(id=2102, name=product 2102, condition=new, state=ok, price=0.71), Product(id=34148, name=product 34148, condition=new, state=ok, price=0.71), Product(id=6060, name=product 6060, condition=new, state=ok, price=0.71), Product(id=91388, name=product 91388, condition=new, state=ok, price=0.71), Product(id=7907, name=product 7907, condition=new, state=ok, price=0.72), Product(id=42513, name=product 42513, condition=new, state=ok, price=0.74), Product(id=6852, name=product 6852, condition=new, state=ok, price=0.74), Product(id=91359, name=product 91359, condition=new, state=ok, price=0.75), Product(id=94987, name=product 94987, condition=new, state=ok, price=0.75), Product(id=42021, name=product 42021, condition=new, state=ok, price=0.77), Product(id=14678, name=product 14678, condition=new, state=ok, price=0.78), Product(id=23803, name=product 23803, condition=new, state=ok, price=0.78), Product(id=15452, name=product 15452, condition=new, state=ok, price=0.79), Product(id=2542, name=product 2542, condition=new, state=ok, price=0.79), Product(id=36534, name=product 36534, condition=new, state=ok, price=0.79), Product(id=36631, name=product 36631, condition=new, state=ok, price=0.79), Product(id=15673, name=product 15673, condition=new, state=ok, price=0.8), Product(id=29327, name=product 29327, condition=new, state=ok, price=0.8), Product(id=42025, name=product 42025, condition=new, state=ok, price=0.8), Product(id=12416, name=product 12416, condition=new, state=ok, price=0.81), Product(id=13085, name=product 13085, condition=new, state=ok, price=0.81), Product(id=3060, name=product 3060, condition=new, state=ok, price=0.81), Product(id=52519, name=product 52519, condition=new, state=ok, price=0.81), Product(id=56700, name=product 56700, condition=new, state=ok, price=0.82), Product(id=3167, name=product 3167, condition=new, state=ok, price=0.83), Product(id=35034, name=product 35034, condition=new, state=ok, price=0.84), Product(id=38786, name=product 38786, condition=new, state=ok, price=0.84), Product(id=1821, name=product 1821, condition=new, state=ok, price=0.85), Product(id=7287, name=product 7287, condition=new, state=ok, price=0.85), Product(id=91511, name=product 91511, condition=new, state=ok, price=0.85), Product(id=41135, name=product 41135, condition=new, state=ok, price=0.86), Product(id=17110, name=product 17110, condition=new, state=ok, price=0.88), Product(id=4129, name=product 4129, condition=new, state=ok, price=0.88), Product(id=70243, name=product 70243, condition=new, state=ok, price=0.88), Product(id=81009, name=product 81009, condition=new, state=ok, price=0.88), Product(id=82672, name=product 82672, condition=new, state=ok, price=0.88), Product(id=46319, name=product 46319, condition=new, state=ok, price=0.89), Product(id=91369, name=product 91369, condition=new, state=ok, price=0.9), Product(id=39811, name=product 39811, condition=new, state=ok, price=0.92), Product(id=401, name=product 401, condition=new, state=ok, price=0.92), Product(id=7721, name=product 7721, condition=new, state=ok, price=0.92), Product(id=7922, name=product 7922, condition=new, state=ok, price=0.93), Product(id=15064, name=product 15064, condition=new, state=ok, price=0.94), Product(id=1276, name=product 1276, condition=new, state=ok, price=0.95), Product(id=18677, name=product 18677, condition=new, state=ok, price=0.95), Product(id=23628, name=product 23628, condition=new, state=ok, price=0.95), Product(id=69437, name=product 69437, condition=new, state=ok, price=0.95), Product(id=18754, name=product 18754, condition=new, state=ok, price=0.96), Product(id=3856, name=product 3856, condition=new, state=ok, price=0.96), Product(id=92627, name=product 92627, condition=new, state=ok, price=0.96), Product(id=17471, name=product 17471, condition=new, state=ok, price=0.97), Product(id=28721, name=product 28721, condition=new, state=ok, price=0.97), Product(id=38118, name=product 38118, condition=new, state=ok, price=0.97), Product(id=50035, name=product 50035, condition=new, state=ok, price=0.97), Product(id=83032, name=product 83032, condition=new, state=ok, price=0.97), Product(id=14314, name=product 14314, condition=new, state=ok, price=0.98), Product(id=36057, name=product 36057, condition=new, state=ok, price=0.98), Product(id=4104, name=product 4104, condition=new, state=ok, price=0.98), Product(id=5799, name=product 5799, condition=new, state=ok, price=0.98), Product(id=9305, name=product 9305, condition=new, state=ok, price=0.98), Product(id=11197, name=product 11197, condition=new, state=ok, price=0.99), Product(id=56086, name=product 56086, condition=new, state=ok, price=0.99), Product(id=98038, name=product 98038, condition=new, state=ok, price=0.99), Product(id=10125, name=product 10125, condition=new, state=ok, price=1.01), Product(id=13377, name=product 13377, condition=new, state=ok, price=1.02), Product(id=70214, name=product 70214, condition=new, state=ok, price=1.02), Product(id=7821, name=product 7821, condition=new, state=ok, price=1.02), Product(id=78758, name=product 78758, condition=new, state=ok, price=1.02), Product(id=93435, name=product 93435, condition=new, state=ok, price=1.02), Product(id=10808, name=product 10808, condition=new, state=ok, price=1.03), Product(id=89830, name=product 89830, condition=new, state=ok, price=1.03), Product(id=18633, name=product 18633, condition=new, state=ok, price=1.04), Product(id=82811, name=product 82811, condition=new, state=ok, price=1.05), Product(id=26763, name=product 26763, condition=new, state=ok, price=1.06), Product(id=33321, name=product 33321, condition=new, state=ok, price=1.07), Product(id=41674, name=product 41674, condition=new, state=ok, price=1.08), Product(id=23336, name=product 23336, condition=new, state=ok, price=1.09), Product(id=60162, name=product 60162, condition=new, state=ok, price=1.09), Product(id=9292, name=product 9292, condition=new, state=ok, price=1.09), Product(id=4549, name=product 4549, condition=new, state=ok, price=1.1), Product(id=48024, name=product 48024, condition=new, state=ok, price=1.1), Product(id=23362, name=product 23362, condition=new, state=ok, price=1.12), Product(id=25181, name=product 25181, condition=new, state=ok, price=1.12), Product(id=42502, name=product 42502, condition=new, state=ok, price=1.12), Product(id=78, name=product 78, condition=new, state=ok, price=1.12), Product(id=78453, name=product 78453, condition=new, state=ok, price=1.13), Product(id=28711, name=product 28711, condition=new, state=ok, price=1.14), Product(id=54778, name=product 54778, condition=new, state=ok, price=1.14), Product(id=24348, name=product 24348, condition=new, state=ok, price=1.15), Product(id=2658, name=product 2658, condition=new, state=ok, price=1.16), Product(id=12896, name=product 12896, condition=new, state=ok, price=1.17), Product(id=31946, name=product 31946, condition=new, state=ok, price=1.17), Product(id=5187, name=product 5187, condition=new, state=ok, price=1.17), Product(id=13646, name=product 13646, condition=new, state=ok, price=1.18), Product(id=16878, name=product 16878, condition=new, state=ok, price=1.18), Product(id=85200, name=product 85200, condition=new, state=ok, price=1.18), Product(id=12165, name=product 12165, condition=new, state=ok, price=1.19), Product(id=25542, name=product 25542, condition=new, state=ok, price=1.19), Product(id=75682, name=product 75682, condition=new, state=ok, price=1.19), Product(id=14643, name=product 14643, condition=new, state=ok, price=1.2), Product(id=84894, name=product 84894, condition=new, state=ok, price=1.2), Product(id=4637, name=product 4637, condition=new, state=ok, price=1.21), Product(id=54904, name=product 54904, condition=new, state=ok, price=1.21), Product(id=81580, name=product 81580, condition=new, state=ok, price=1.22), Product(id=2392, name=product 2392, condition=new, state=ok, price=1.23), Product(id=7479, name=product 7479, condition=new, state=ok, price=1.23), Product(id=81153, name=product 81153, condition=new, state=ok, price=1.23), Product(id=58034, name=product 58034, condition=new, state=ok, price=1.24), Product(id=15035, name=product 15035, condition=new, state=ok, price=1.25), Product(id=27386, name=product 27386, condition=new, state=ok, price=1.25), Product(id=19043, name=product 19043, condition=new, state=ok, price=1.26), Product(id=31133, name=product 31133, condition=new, state=ok, price=1.26), Product(id=99369, name=product 99369, condition=new, state=ok, price=1.26), Product(id=1230, name=product 1230, condition=new, state=ok, price=1.27), Product(id=10945, name=product 10945, condition=new, state=ok, price=1.28), Product(id=188, name=product 188, condition=new, state=ok, price=1.28), Product(id=45449, name=product 45449, condition=new, state=ok, price=1.28), Product(id=21892, name=product 21892, condition=new, state=ok, price=1.29), Product(id=31094, name=product 31094, condition=new, state=ok, price=1.29), Product(id=68280, name=product 68280, condition=new, state=ok, price=1.29), Product(id=38540, name=product 38540, condition=new, state=ok, price=1.3), Product(id=5485, name=product 5485, condition=new, state=ok, price=1.3), Product(id=12980, name=product 12980, condition=new, state=ok, price=1.33), Product(id=44720, name=product 44720, condition=new, state=ok, price=1.33), Product(id=7458, name=product 7458, condition=new, state=ok, price=1.33), Product(id=26424, name=product 26424, condition=new, state=ok, price=1.34), Product(id=27961, name=product 27961, condition=new, state=ok, price=1.34), Product(id=52213, name=product 52213, condition=new, state=ok, price=1.34), Product(id=81142, name=product 81142, condition=new, state=ok, price=1.34), Product(id=23513, name=product 23513, condition=new, state=ok, price=1.35), Product(id=43439, name=product 43439, condition=new, state=ok, price=1.35), Product(id=15835, name=product 15835, condition=new, state=ok, price=1.36), Product(id=29103, name=product 29103, condition=new, state=ok, price=1.36), Product(id=44552, name=product 44552, condition=new, state=ok, price=1.37), Product(id=45250, name=product 45250, condition=new, state=ok, price=1.37), Product(id=6720, name=product 6720, condition=new, state=ok, price=1.37), Product(id=12722, name=product 12722, condition=new, state=ok, price=1.38), Product(id=63897, name=product 63897, condition=new, state=ok, price=1.38), Product(id=55302, name=product 55302, condition=new, state=ok, price=1.39), Product(id=83042, name=product 83042, condition=new, state=ok, price=1.39), Product(id=15760, name=product 15760, condition=new, state=ok, price=1.4), Product(id=22254, name=product 22254, condition=new, state=ok, price=1.4), Product(id=28977, name=product 28977, condition=new, state=ok, price=1.4), Product(id=3444, name=product 3444, condition=new, state=ok, price=1.4), Product(id=32828, name=product 32828, condition=new, state=ok, price=1.41), Product(id=44746, name=product 44746, condition=new, state=ok, price=1.41), Product(id=37985, name=product 37985, condition=new, state=ok, price=1.42), Product(id=12725, name=product 12725, condition=new, state=ok, price=1.43), Product(id=14567, name=product 14567, condition=new, state=ok, price=1.43), Product(id=25631, name=product 25631, condition=new, state=ok, price=1.44), Product(id=3366, name=product 3366, condition=new, state=ok, price=1.44), Product(id=80220, name=product 80220, condition=new, state=ok, price=1.44), Product(id=11383, name=product 11383, condition=new, state=ok, price=1.45), Product(id=1453, name=product 1453, condition=new, state=ok, price=1.45), Product(id=13920, name=product 13920, condition=new, state=ok, price=1.46), Product(id=42561, name=product 42561, condition=new, state=ok, price=1.46), Product(id=40281, name=product 40281, condition=new, state=ok, price=1.47), Product(id=13218, name=product 13218, condition=new, state=ok, price=1.48), Product(id=40795, name=product 40795, condition=new, state=ok, price=1.48), Product(id=18494, name=product 18494, condition=new, state=ok, price=1.49), Product(id=42458, name=product 42458, condition=new, state=ok, price=1.49), Product(id=6825, name=product 6825, condition=new, state=ok, price=1.49), Product(id=99509, name=product 99509, condition=new, state=ok, price=1.49), Product(id=29984, name=product 29984, condition=new, state=ok, price=1.5), Product(id=4362, name=product 4362, condition=new, state=ok, price=1.5), Product(id=18137, name=product 18137, condition=new, state=ok, price=1.51), Product(id=19719, name=product 19719, condition=new, state=ok, price=1.52), Product(id=65074, name=product 65074, condition=new, state=ok, price=1.52), Product(id=20452, name=product 20452, condition=new, state=ok, price=1.54), Product(id=39729, name=product 39729, condition=new, state=ok, price=1.54), Product(id=41776, name=product 41776, condition=new, state=ok, price=1.54), Product(id=47765, name=product 47765, condition=new, state=ok, price=1.54), Product(id=265, name=product 265, condition=new, state=ok, price=1.55), Product(id=34346, name=product 34346, condition=new, state=ok, price=1.55), Product(id=98386, name=product 98386, condition=new, state=ok, price=1.55), Product(id=38295, name=product 38295, condition=new, state=ok, price=1.56), Product(id=49368, name=product 49368, condition=new, state=ok, price=1.56), Product(id=95353, name=product 95353, condition=new, state=ok, price=1.56), Product(id=273, name=product 273, condition=new, state=ok, price=1.57), Product(id=3964, name=product 3964, condition=new, state=ok, price=1.57), Product(id=59097, name=product 59097, condition=new, state=ok, price=1.57), Product(id=14654, name=product 14654, condition=new, state=ok, price=1.58), Product(id=2822, name=product 2822, condition=new, state=ok, price=1.58), Product(id=48553, name=product 48553, condition=new, state=ok, price=1.58), Product(id=49608, name=product 49608, condition=new, state=ok, price=1.58), Product(id=6806, name=product 6806, condition=new, state=ok, price=1.58), Product(id=24815, name=product 24815, condition=new, state=ok, price=1.6), Product(id=52640, name=product 52640, condition=new, state=ok, price=1.6), Product(id=8750, name=product 8750, condition=new, state=ok, price=1.6), Product(id=53953, name=product 53953, condition=new, state=ok, price=1.61), Product(id=7503, name=product 7503, condition=new, state=ok, price=1.61), Product(id=3540, name=product 3540, condition=new, state=ok, price=1.62), Product(id=525, name=product 525, condition=new, state=ok, price=1.62), Product(id=97901, name=product 97901, condition=new, state=ok, price=1.62), Product(id=41164, name=product 41164, condition=new, state=ok, price=1.63), Product(id=5626, name=product 5626, condition=new, state=ok, price=1.63), Product(id=13167, name=product 13167, condition=new, state=ok, price=1.64), Product(id=38705, name=product 38705, condition=new, state=ok, price=1.64), Product(id=6279, name=product 6279, condition=new, state=ok, price=1.65), Product(id=11579, name=product 11579, condition=new, state=ok, price=1.67), Product(id=65346, name=product 65346, condition=new, state=ok, price=1.67), Product(id=13966, name=product 13966, condition=new, state=ok, price=1.68), Product(id=82213, name=product 82213, condition=new, state=ok, price=1.69), Product(id=3177, name=product 3177, condition=new, state=ok, price=1.7), Product(id=74367, name=product 74367, condition=new, state=ok, price=1.7), Product(id=17480, name=product 17480, condition=new, state=ok, price=1.71), Product(id=41526, name=product 41526, condition=new, state=ok, price=1.71), Product(id=82563, name=product 82563, condition=new, state=ok, price=1.71), Product(id=14747, name=product 14747, condition=new, state=ok, price=1.72), Product(id=4093, name=product 4093, condition=new, state=ok, price=1.72), Product(id=16002, name=product 16002, condition=new, state=ok, price=1.73), Product(id=30895, name=product 30895, condition=new, state=ok, price=1.73), Product(id=73832, name=product 73832, condition=new, state=ok, price=1.74), Product(id=1916, name=product 1916, condition=new, state=ok, price=1.76), Product(id=42095, name=product 42095, condition=new, state=ok, price=1.76), Product(id=67713, name=product 67713, condition=new, state=ok, price=1.76), Product(id=18010, name=product 18010, condition=new, state=ok, price=1.77), Product(id=30032, name=product 30032, condition=new, state=ok, price=1.77), Product(id=46652, name=product 46652, condition=new, state=ok, price=1.77), Product(id=8665, name=product 8665, condition=new, state=ok, price=1.77), Product(id=22533, name=product 22533, condition=new, state=ok, price=1.79), Product(id=82482, name=product 82482, condition=new, state=ok, price=1.79), Product(id=2854, name=product 2854, condition=new, state=ok, price=1.8), Product(id=41802, name=product 41802, condition=new, state=ok, price=1.81), Product(id=37849, name=product 37849, condition=new, state=ok, price=1.82), Product(id=71381, name=product 71381, condition=new, state=ok, price=1.83), Product(id=1625, name=product 1625, condition=new, state=ok, price=1.84), Product(id=92840, name=product 92840, condition=new, state=ok, price=1.84), Product(id=9466, name=product 9466, condition=new, state=ok, price=1.85), Product(id=10700, name=product 10700, condition=new, state=ok, price=1.86), Product(id=56841, name=product 56841, condition=new, state=ok, price=1.86), Product(id=58121, name=product 58121, condition=new, state=ok, price=1.86), Product(id=33778, name=product 33778, condition=new, state=ok, price=1.87), Product(id=82407, name=product 82407, condition=new, state=ok, price=1.88), Product(id=68140, name=product 68140, condition=new, state=ok, price=1.89), Product(id=5013, name=product 5013, condition=new, state=ok, price=1.9), Product(id=43349, name=product 43349, condition=new, state=ok, price=1.91), Product(id=6997, name=product 6997, condition=new, state=ok, price=1.91), Product(id=19364, name=product 19364, condition=new, state=ok, price=1.92), Product(id=59688, name=product 59688, condition=new, state=ok, price=1.92), Product(id=36797, name=product 36797, condition=new, state=ok, price=1.93), Product(id=59946, name=product 59946, condition=new, state=ok, price=1.93), Product(id=88593, name=product 88593, condition=new, state=ok, price=1.93), Product(id=13313, name=product 13313, condition=new, state=ok, price=1.94), Product(id=1732, name=product 1732, condition=new, state=ok, price=1.94), Product(id=450, name=product 450, condition=new, state=ok, price=1.94), Product(id=8961, name=product 8961, condition=new, state=ok, price=1.94), Product(id=65168, name=product 65168, condition=new, state=ok, price=1.95), Product(id=8300, name=product 8300, condition=new, state=ok, price=1.95), Product(id=88004, name=product 88004, condition=new, state=ok, price=1.95), Product(id=28319, name=product 28319, condition=new, state=ok, price=1.96), Product(id=12390, name=product 12390, condition=new, state=ok, price=1.97), Product(id=30523, name=product 30523, condition=new, state=ok, price=1.98), Product(id=49417, name=product 49417, condition=new, state=ok, price=1.98), Product(id=74362, name=product 74362, condition=new, state=ok, price=1.98), Product(id=77417, name=product 77417, condition=new, state=ok, price=1.98), Product(id=34089, name=product 34089, condition=new, state=ok, price=1.99), Product(id=11293, name=product 11293, condition=new, state=ok, price=2.0), Product(id=86985, name=product 86985, condition=new, state=ok, price=2.0), Product(id=3741, name=product 3741, condition=new, state=ok, price=2.01), Product(id=4419, name=product 4419, condition=new, state=ok, price=2.01), Product(id=2605, name=product 2605, condition=new, state=ok, price=2.03), Product(id=41871, name=product 41871, condition=new, state=ok, price=2.03), Product(id=12208, name=product 12208, condition=new, state=ok, price=2.04), Product(id=3764, name=product 3764, condition=new, state=ok, price=2.05), Product(id=9346, name=product 9346, condition=new, state=ok, price=2.05), Product(id=96912, name=product 96912, condition=new, state=ok, price=2.05), Product(id=25221, name=product 25221, condition=new, state=ok, price=2.06), Product(id=27890, name=product 27890, condition=new, state=ok, price=2.06), Product(id=35518, name=product 35518, condition=new, state=ok, price=2.06), Product(id=47144, name=product 47144, condition=new, state=ok, price=2.06), Product(id=21447, name=product 21447, condition=new, state=ok, price=2.07), Product(id=36332, name=product 36332, condition=new, state=ok, price=2.07), Product(id=18201, name=product 18201, condition=new, state=ok, price=2.08), Product(id=54793, name=product 54793, condition=new, state=ok, price=2.08), Product(id=38358, name=product 38358, condition=new, state=ok, price=2.09), Product(id=91926, name=product 91926, condition=new, state=ok, price=2.09), Product(id=8818, name=product 8818, condition=new, state=ok, price=2.1), Product(id=17519, name=product 17519, condition=new, state=ok, price=2.13), Product(id=24843, name=product 24843, condition=new, state=ok, price=2.13), Product(id=4741, name=product 4741, condition=new, state=ok, price=2.13), Product(id=31387, name=product 31387, condition=new, state=ok, price=2.14), Product(id=32539, name=product 32539, condition=new, state=ok, price=2.14), Product(id=410, name=product 410, condition=new, state=ok, price=2.14), Product(id=79127, name=product 79127, condition=new, state=ok, price=2.14), Product(id=7974, name=product 7974, condition=new, state=ok, price=2.14), Product(id=83244, name=product 83244, condition=new, state=ok, price=2.14), Product(id=62559, name=product 62559, condition=new, state=ok, price=2.16), Product(id=1499, name=product 1499, condition=new, state=ok, price=2.17), Product(id=23038, name=product 23038, condition=new, state=ok, price=2.17), Product(id=28084, name=product 28084, condition=new, state=ok, price=2.17), Product(id=36146, name=product 36146, condition=new, state=ok, price=2.17), Product(id=51636, name=product 51636, condition=new, state=ok, price=2.17), Product(id=92803, name=product 92803, condition=new, state=ok, price=2.17), Product(id=94661, name=product 94661, condition=new, state=ok, price=2.17), Product(id=6983, name=product 6983, condition=new, state=ok, price=2.18), Product(id=70142, name=product 70142, condition=new, state=ok, price=2.18), Product(id=8419, name=product 8419, condition=new, state=ok, price=2.19), Product(id=11, name=product 11, condition=new, state=ok, price=2.2), Product(id=33335, name=product 33335, condition=new, state=ok, price=2.2), Product(id=45140, name=product 45140, condition=new, state=ok, price=2.2), Product(id=69006, name=product 69006, condition=new, state=ok, price=2.2), Product(id=88112, name=product 88112, condition=new, state=ok, price=2.2), Product(id=17130, name=product 17130, condition=new, state=ok, price=2.21), Product(id=20360, name=product 20360, condition=new, state=ok, price=2.22), Product(id=21636, name=product 21636, condition=new, state=ok, price=2.22), Product(id=12104, name=product 12104, condition=new, state=ok, price=2.23), Product(id=28242, name=product 28242, condition=new, state=ok, price=2.23), Product(id=89734, name=product 89734, condition=new, state=ok, price=2.23), Product(id=10401, name=product 10401, condition=new, state=ok, price=2.25), Product(id=9476, name=product 9476, condition=new, state=ok, price=2.26), Product(id=22575, name=product 22575, condition=new, state=ok, price=2.28), Product(id=9352, name=product 9352, condition=new, state=ok, price=2.28), Product(id=83710, name=product 83710, condition=new, state=ok, price=2.29), Product(id=3141, name=product 3141, condition=new, state=ok, price=2.31), Product(id=8074, name=product 8074, condition=new, state=ok, price=2.31), Product(id=8825, name=product 8825, condition=new, state=ok, price=2.32), Product(id=12332, name=product 12332, condition=new, state=ok, price=2.33), Product(id=1866, name=product 1866, condition=new, state=ok, price=2.33), Product(id=19365, name=product 19365, condition=new, state=ok, price=2.33), Product(id=20450, name=product 20450, condition=new, state=ok, price=2.33), Product(id=33151, name=product 33151, condition=new, state=ok, price=2.33), Product(id=47412, name=product 47412, condition=new, state=ok, price=2.34), Product(id=865, name=product 865, condition=new, state=ok, price=2.34), Product(id=15549, name=product 15549, condition=new, state=ok, price=2.35), Product(id=28225, name=product 28225, condition=new, state=ok, price=2.35), Product(id=55177, name=product 55177, condition=new, state=ok, price=2.35), Product(id=12595, name=product 12595, condition=new, state=ok, price=2.36), Product(id=14411, name=product 14411, condition=new, state=ok, price=2.36), Product(id=18256, name=product 18256, condition=new, state=ok, price=2.36), Product(id=742, name=product 742, condition=new, state=ok, price=2.36), Product(id=128, name=product 128, condition=new, state=ok, price=2.37), Product(id=20498, name=product 20498, condition=new, state=ok, price=2.37), Product(id=24717, name=product 24717, condition=new, state=ok, price=2.37), Product(id=89510, name=product 89510, condition=new, state=ok, price=2.37), Product(id=32056, name=product 32056, condition=new, state=ok, price=2.38), Product(id=12723, name=product 12723, condition=new, state=ok, price=2.4), Product(id=36772, name=product 36772, condition=new, state=ok, price=2.4), Product(id=42713, name=product 42713, condition=new, state=ok, price=2.4), Product(id=15081, name=product 15081, condition=new, state=ok, price=2.41), Product(id=32960, name=product 32960, condition=new, state=ok, price=2.41), Product(id=63516, name=product 63516, condition=new, state=ok, price=2.41), Product(id=8590, name=product 8590, condition=new, state=ok, price=2.41), Product(id=41873, name=product 41873, condition=new, state=ok, price=2.42), Product(id=88030, name=product 88030, condition=new, state=ok, price=2.42), Product(id=31093, name=product 31093, condition=new, state=ok, price=2.43), Product(id=10152, name=product 10152, condition=new, state=ok, price=2.44), Product(id=11048, name=product 11048, condition=new, state=ok, price=2.45), Product(id=53181, name=product 53181, condition=new, state=ok, price=2.46), Product(id=59994, name=product 59994, condition=new, state=ok, price=2.46), Product(id=88669, name=product 88669, condition=new, state=ok, price=2.46), Product(id=94, name=product 94, condition=new, state=ok, price=2.46), Product(id=38172, name=product 38172, condition=new, state=ok, price=2.47), Product(id=46195, name=product 46195, condition=new, state=ok, price=2.48), Product(id=46539, name=product 46539, condition=new, state=ok, price=2.48), Product(id=7530, name=product 7530, condition=new, state=ok, price=2.49), Product(id=1839, name=product 1839, condition=new, state=ok, price=2.5), Product(id=22740, name=product 22740, condition=new, state=ok, price=2.5), Product(id=29362, name=product 29362, condition=new, state=ok, price=2.5), Product(id=40917, name=product 40917, condition=new, state=ok, price=2.5), Product(id=27293, name=product 27293, condition=new, state=ok, price=2.54), Product(id=10757, name=product 10757, condition=new, state=ok, price=2.55), Product(id=36151, name=product 36151, condition=new, state=ok, price=2.55), Product(id=48662, name=product 48662, condition=new, state=ok, price=2.55), Product(id=5527, name=product 5527, condition=new, state=ok, price=2.55), Product(id=1782, name=product 1782, condition=new, state=ok, price=2.57), Product(id=18076, name=product 18076, condition=new, state=ok, price=2.58), Product(id=2868, name=product 2868, condition=new, state=ok, price=2.59), Product(id=82261, name=product 82261, condition=new, state=ok, price=2.6), Product(id=2440, name=product 2440, condition=new, state=ok, price=2.61), Product(id=38080, name=product 38080, condition=new, state=ok, price=2.61), Product(id=16215, name=product 16215, condition=new, state=ok, price=2.64), Product(id=25104, name=product 25104, condition=new, state=ok, price=2.65), Product(id=40111, name=product 40111, condition=new, state=ok, price=2.66), Product(id=53989, name=product 53989, condition=new, state=ok, price=2.66), Product(id=6776, name=product 6776, condition=new, state=ok, price=2.66), Product(id=3035, name=product 3035, condition=new, state=ok, price=2.67), Product(id=49810, name=product 49810, condition=new, state=ok, price=2.67), Product(id=10206, name=product 10206, condition=new, state=ok, price=2.68), Product(id=80790, name=product 80790, condition=new, state=ok, price=2.68), Product(id=52484, name=product 52484, condition=new, state=ok, price=2.69), Product(id=2799, name=product 2799, condition=new, state=ok, price=2.7), Product(id=3858, name=product 3858, condition=new, state=ok, price=2.7), Product(id=53951, name=product 53951, condition=new, state=ok, price=2.7), Product(id=84451, name=product 84451, condition=new, state=ok, price=2.7), Product(id=16013, name=product 16013, condition=new, state=ok, price=2.71), Product(id=32214, name=product 32214, condition=new, state=ok, price=2.71), Product(id=3574, name=product 3574, condition=new, state=ok, price=2.71), Product(id=3175, name=product 3175, condition=new, state=ok, price=2.73), Product(id=3364, name=product 3364, condition=new, state=ok, price=2.73), Product(id=1471, name=product 1471, condition=new, state=ok, price=2.74), Product(id=35718, name=product 35718, condition=new, state=ok, price=2.74), Product(id=45546, name=product 45546, condition=new, state=ok, price=2.74), Product(id=5143, name=product 5143, condition=new, state=ok, price=2.74), Product(id=25572, name=product 25572, condition=new, state=ok, price=2.76), Product(id=47352, name=product 47352, condition=new, state=ok, price=2.78), Product(id=20985, name=product 20985, condition=new, state=ok, price=2.79), Product(id=17688, name=product 17688, condition=new, state=ok, price=2.8), Product(id=12236, name=product 12236, condition=new, state=ok, price=2.81), Product(id=22874, name=product 22874, condition=new, state=ok, price=2.81), Product(id=47927, name=product 47927, condition=new, state=ok, price=2.82), Product(id=1548, name=product 1548, condition=new, state=ok, price=2.83), Product(id=16265, name=product 16265, condition=new, state=ok, price=2.83), Product(id=27070, name=product 27070, condition=new, state=ok, price=2.83), Product(id=60250, name=product 60250, condition=new, state=ok, price=2.83), Product(id=67960, name=product 67960, condition=new, state=ok, price=2.83), Product(id=55683, name=product 55683, condition=new, state=ok, price=2.84), Product(id=7262, name=product 7262, condition=new, state=ok, price=2.84), Product(id=6108, name=product 6108, condition=new, state=ok, price=2.85), Product(id=29928, name=product 29928, condition=new, state=ok, price=2.86), Product(id=18151, name=product 18151, condition=new, state=ok, price=2.88), Product(id=43130, name=product 43130, condition=new, state=ok, price=2.88), Product(id=46474, name=product 46474, condition=new, state=ok, price=2.88), Product(id=90178, name=product 90178, condition=new, state=ok, price=2.88), Product(id=47509, name=product 47509, condition=new, state=ok, price=2.91), Product(id=10959, name=product 10959, condition=new, state=ok, price=2.92), Product(id=43652, name=product 43652, condition=new, state=ok, price=2.93), Product(id=511, name=product 511, condition=new, state=ok, price=2.94), Product(id=80325, name=product 80325, condition=new, state=ok, price=2.94), Product(id=27592, name=product 27592, condition=new, state=ok, price=2.95), Product(id=36911, name=product 36911, condition=new, state=ok, price=2.95), Product(id=44325, name=product 44325, condition=new, state=ok, price=2.95), Product(id=46232, name=product 46232, condition=new, state=ok, price=2.96), Product(id=91088, name=product 91088, condition=new, state=ok, price=2.97), Product(id=90843, name=product 90843, condition=new, state=ok, price=2.98), Product(id=1646, name=product 1646, condition=new, state=ok, price=2.99), Product(id=44245, name=product 44245, condition=new, state=ok, price=2.99), Product(id=84488, name=product 84488, condition=new, state=ok, price=2.99), Product(id=15615, name=product 15615, condition=new, state=ok, price=3.0), Product(id=39427, name=product 39427, condition=new, state=ok, price=3.0), Product(id=75826, name=product 75826, condition=new, state=ok, price=3.01), Product(id=6869, name=product 6869, condition=new, state=ok, price=3.02), Product(id=164, name=product 164, condition=new, state=ok, price=3.03), Product(id=26524, name=product 26524, condition=new, state=ok, price=3.03), Product(id=54666, name=product 54666, condition=new, state=ok, price=3.03), Product(id=1387, name=product 1387, condition=new, state=ok, price=3.04), Product(id=8237, name=product 8237, condition=new, state=ok, price=3.04), Product(id=98951, name=product 98951, condition=new, state=ok, price=3.04), Product(id=64959, name=product 64959, condition=new, state=ok, price=3.05), Product(id=271, name=product 271, condition=new, state=ok, price=3.07), Product(id=40159, name=product 40159, condition=new, state=ok, price=3.07), Product(id=33796, name=product 33796, condition=new, state=ok, price=3.08), Product(id=38253, name=product 38253, condition=new, state=ok, price=3.08), Product(id=38603, name=product 38603, condition=new, state=ok, price=3.08), Product(id=42573, name=product 42573, condition=new, state=ok, price=3.08), Product(id=59352, name=product 59352, condition=new, state=ok, price=3.08), Product(id=70235, name=product 70235, condition=new, state=ok, price=3.08), Product(id=5584, name=product 5584, condition=new, state=ok, price=3.09), Product(id=49094, name=product 49094, condition=new, state=ok, price=3.12), Product(id=14172, name=product 14172, condition=new, state=ok, price=3.13), Product(id=31636, name=product 31636, condition=new, state=ok, price=3.13), Product(id=44657, name=product 44657, condition=new, state=ok, price=3.13), Product(id=16910, name=product 16910, condition=new, state=ok, price=3.14), Product(id=7107, name=product 7107, condition=new, state=ok, price=3.15), Product(id=36457, name=product 36457, condition=new, state=ok, price=3.16), Product(id=40817, name=product 40817, condition=new, state=ok, price=3.16), Product(id=13122, name=product 13122, condition=new, state=ok, price=3.17), Product(id=23123, name=product 23123, condition=new, state=ok, price=3.17), Product(id=27453, name=product 27453, condition=new, state=ok, price=3.17), Product(id=38595, name=product 38595, condition=new, state=ok, price=3.17), Product(id=59539, name=product 59539, condition=new, state=ok, price=3.18), Product(id=69074, name=product 69074, condition=new, state=ok, price=3.18), Product(id=12420, name=product 12420, condition=new, state=ok, price=3.19), Product(id=4974, name=product 4974, condition=new, state=ok, price=3.19), Product(id=56276, name=product 56276, condition=new, state=ok, price=3.2), Product(id=58349, name=product 58349, condition=new, state=ok, price=3.2), Product(id=62584, name=product 62584, condition=new, state=ok, price=3.2), Product(id=121, name=product 121, condition=new, state=ok, price=3.21), Product(id=20947, name=product 20947, condition=new, state=ok, price=3.21), Product(id=13051, name=product 13051, condition=new, state=ok, price=3.22), Product(id=27972, name=product 27972, condition=new, state=ok, price=3.22), Product(id=453, name=product 453, condition=new, state=ok, price=3.22), Product(id=63872, name=product 63872, condition=new, state=ok, price=3.22), Product(id=87741, name=product 87741, condition=new, state=ok, price=3.22), Product(id=15518, name=product 15518, condition=new, state=ok, price=3.23), Product(id=36940, name=product 36940, condition=new, state=ok, price=3.23), Product(id=52986, name=product 52986, condition=new, state=ok, price=3.23), Product(id=22209, name=product 22209, condition=new, state=ok, price=3.24), Product(id=66753, name=product 66753, condition=new, state=ok, price=3.24), Product(id=73351, name=product 73351, condition=new, state=ok, price=3.26), Product(id=15780, name=product 15780, condition=new, state=ok, price=3.27), Product(id=2848, name=product 2848, condition=new, state=ok, price=3.27), Product(id=86790, name=product 86790, condition=new, state=ok, price=3.27), Product(id=25866, name=product 25866, condition=new, state=ok, price=3.28), Product(id=43879, name=product 43879, condition=new, state=ok, price=3.28), Product(id=5308, name=product 5308, condition=new, state=ok, price=3.28), Product(id=10338, name=product 10338, condition=new, state=ok, price=3.31), Product(id=39912, name=product 39912, condition=new, state=ok, price=3.31), Product(id=56835, name=product 56835, condition=new, state=ok, price=3.31), Product(id=71374, name=product 71374, condition=new, state=ok, price=3.32), Product(id=39827, name=product 39827, condition=new, state=ok, price=3.33), Product(id=16087, name=product 16087, condition=new, state=ok, price=3.34), Product(id=17162, name=product 17162, condition=new, state=ok, price=3.34), Product(id=20396, name=product 20396, condition=new, state=ok, price=3.34), Product(id=2269, name=product 2269, condition=new, state=ok, price=3.34), Product(id=5022, name=product 5022, condition=new, state=ok, price=3.34), Product(id=12740, name=product 12740, condition=new, state=ok, price=3.37), Product(id=1833, name=product 1833, condition=new, state=ok, price=3.37), Product(id=6365, name=product 6365, condition=new, state=ok, price=3.37), Product(id=3247, name=product 3247, condition=new, state=ok, price=3.39), Product(id=41684, name=product 41684, condition=new, state=ok, price=3.39), Product(id=5060, name=product 5060, condition=new, state=ok, price=3.39), Product(id=7302, name=product 7302, condition=new, state=ok, price=3.39), Product(id=91937, name=product 91937, condition=new, state=ok, price=3.4), Product(id=10484, name=product 10484, condition=new, state=ok, price=3.42), Product(id=37822, name=product 37822, condition=new, state=ok, price=3.42), Product(id=70361, name=product 70361, condition=new, state=ok, price=3.42), Product(id=2801, name=product 2801, condition=new, state=ok, price=3.43), Product(id=14341, name=product 14341, condition=new, state=ok, price=3.44), Product(id=1492, name=product 1492, condition=new, state=ok, price=3.44), Product(id=41196, name=product 41196, condition=new, state=ok, price=3.45), Product(id=82523, name=product 82523, condition=new, state=ok, price=3.45), Product(id=21589, name=product 21589, condition=new, state=ok, price=3.46), Product(id=28917, name=product 28917, condition=new, state=ok, price=3.46), Product(id=65622, name=product 65622, condition=new, state=ok, price=3.47), Product(id=67101, name=product 67101, condition=new, state=ok, price=3.47), Product(id=82469, name=product 82469, condition=new, state=ok, price=3.47), Product(id=18186, name=product 18186, condition=new, state=ok, price=3.48), Product(id=79550, name=product 79550, condition=new, state=ok, price=3.5), Product(id=16696, name=product 16696, condition=new, state=ok, price=3.51), Product(id=19880, name=product 19880, condition=new, state=ok, price=3.51), Product(id=24301, name=product 24301, condition=new, state=ok, price=3.51), Product(id=33393, name=product 33393, condition=new, state=ok, price=3.51), Product(id=78301, name=product 78301, condition=new, state=ok, price=3.51), Product(id=37513, name=product 37513, condition=new, state=ok, price=3.52), Product(id=27398, name=product 27398, condition=new, state=ok, price=3.53), Product(id=85732, name=product 85732, condition=new, state=ok, price=3.53), Product(id=4315, name=product 4315, condition=new, state=ok, price=3.54), Product(id=86981, name=product 86981, condition=new, state=ok, price=3.54), Product(id=4715, name=product 4715, condition=new, state=ok, price=3.56), Product(id=15462, name=product 15462, condition=new, state=ok, price=3.57), Product(id=1908, name=product 1908, condition=new, state=ok, price=3.57), Product(id=34065, name=product 34065, condition=new, state=ok, price=3.57), Product(id=48105, name=product 48105, condition=new, state=ok, price=3.57), Product(id=4379, name=product 4379, condition=new, state=ok, price=3.59), Product(id=51516, name=product 51516, condition=new, state=ok, price=3.59), Product(id=81166, name=product 81166, condition=new, state=ok, price=3.59), Product(id=92315, name=product 92315, condition=new, state=ok, price=3.59), Product(id=11215, name=product 11215, condition=new, state=ok, price=3.6), Product(id=45695, name=product 45695, condition=new, state=ok, price=3.6), Product(id=98943, name=product 98943, condition=new, state=ok, price=3.6), Product(id=8394, name=product 8394, condition=new, state=ok, price=3.61), Product(id=93053, name=product 93053, condition=new, state=ok, price=3.61), Product(id=27587, name=product 27587, condition=new, state=ok, price=3.62), Product(id=35642, name=product 35642, condition=new, state=ok, price=3.62), Product(id=44609, name=product 44609, condition=new, state=ok, price=3.62), Product(id=23771, name=product 23771, condition=new, state=ok, price=3.63), Product(id=29138, name=product 29138, condition=new, state=ok, price=3.63), Product(id=36268, name=product 36268, condition=new, state=ok, price=3.63), Product(id=36706, name=product 36706, condition=new, state=ok, price=3.63), Product(id=75804, name=product 75804, condition=new, state=ok, price=3.64), Product(id=32418, name=product 32418, condition=new, state=ok, price=3.65), Product(id=96466, name=product 96466, condition=new, state=ok, price=3.65), Product(id=26638, name=product 26638, condition=new, state=ok, price=3.67), Product(id=26199, name=product 26199, condition=new, state=ok, price=3.68), Product(id=4810, name=product 4810, condition=new, state=ok, price=3.68), Product(id=56906, name=product 56906, condition=new, state=ok, price=3.68), Product(id=11178, name=product 11178, condition=new, state=ok, price=3.69), Product(id=17285, name=product 17285, condition=new, state=ok, price=3.69), Product(id=12104, name=product 12104, condition=new, state=ok, price=3.7), Product(id=20239, name=product 20239, condition=new, state=ok, price=3.7), Product(id=21025, name=product 21025, condition=new, state=ok, price=3.7), Product(id=23521, name=product 23521, condition=new, state=ok, price=3.7), Product(id=39761, name=product 39761, condition=new, state=ok, price=3.7), Product(id=25059, name=product 25059, condition=new, state=ok, price=3.71), Product(id=43604, name=product 43604, condition=new, state=ok, price=3.71), Product(id=45975, name=product 45975, condition=new, state=ok, price=3.71), Product(id=98987, name=product 98987, condition=new, state=ok, price=3.71), Product(id=31597, name=product 31597, condition=new, state=ok, price=3.74), Product(id=49214, name=product 49214, condition=new, state=ok, price=3.74), Product(id=1034, name=product 1034, condition=new, state=ok, price=3.75), Product(id=15978, name=product 15978, condition=new, state=ok, price=3.75), Product(id=21331, name=product 21331, condition=new, state=ok, price=3.76), Product(id=2484, name=product 2484, condition=new, state=ok, price=3.76), Product(id=28902, name=product 28902, condition=new, state=ok, price=3.77), Product(id=5955, name=product 5955, condition=new, state=ok, price=3.77), Product(id=6460, name=product 6460, condition=new, state=ok, price=3.77), Product(id=9417, name=product 9417, condition=new, state=ok, price=3.77), Product(id=1367, name=product 1367, condition=new, state=ok, price=3.78), Product(id=8387, name=product 8387, condition=new, state=ok, price=3.78), Product(id=66050, name=product 66050, condition=new, state=ok, price=3.79), Product(id=8420, name=product 8420, condition=new, state=ok, price=3.79), Product(id=3654, name=product 3654, condition=new, state=ok, price=3.8), Product(id=51321, name=product 51321, condition=new, state=ok, price=3.8), Product(id=36497, name=product 36497, condition=new, state=ok, price=3.81), Product(id=8380, name=product 8380, condition=new, state=ok, price=3.81), Product(id=75550, name=product 75550, condition=new, state=ok, price=3.82), Product(id=88522, name=product 88522, condition=new, state=ok, price=3.82), Product(id=1601, name=product 1601, condition=new, state=ok, price=3.83), Product(id=80511, name=product 80511, condition=new, state=ok, price=3.83), Product(id=96817, name=product 96817, condition=new, state=ok, price=3.84), Product(id=29219, name=product 29219, condition=new, state=ok, price=3.85), Product(id=45458, name=product 45458, condition=new, state=ok, price=3.85), Product(id=10263, name=product 10263, condition=new, state=ok, price=3.86), Product(id=14123, name=product 14123, condition=new, state=ok, price=3.86), Product(id=63911, name=product 63911, condition=new, state=ok, price=3.86), Product(id=73542, name=product 73542, condition=new, state=ok, price=3.86), Product(id=89955, name=product 89955, condition=new, state=ok, price=3.86), Product(id=958, name=product 958, condition=new, state=ok, price=3.87), Product(id=98122, name=product 98122, condition=new, state=ok, price=3.88), Product(id=21414, name=product 21414, condition=new, state=ok, price=3.89), Product(id=10512, name=product 10512, condition=new, state=ok, price=3.91), Product(id=52931, name=product 52931, condition=new, state=ok, price=3.91), Product(id=81562, name=product 81562, condition=new, state=ok, price=3.92), Product(id=795, name=product 795, condition=new, state=ok, price=3.93), Product(id=985, name=product 985, condition=new, state=ok, price=3.93), Product(id=37173, name=product 37173, condition=new, state=ok, price=3.94), Product(id=6125, name=product 6125, condition=new, state=ok, price=3.94), Product(id=1380, name=product 1380, condition=new, state=ok, price=3.95), Product(id=2131, name=product 2131, condition=new, state=ok, price=3.95), Product(id=22008, name=product 22008, condition=new, state=ok, price=3.96), Product(id=33957, name=product 33957, condition=new, state=ok, price=3.97), Product(id=42697, name=product 42697, condition=new, state=ok, price=3.97), Product(id=13242, name=product 13242, condition=new, state=ok, price=3.98), Product(id=16646, name=product 16646, condition=new, state=ok, price=3.98), Product(id=16009, name=product 16009, condition=new, state=ok, price=3.99), Product(id=17329, name=product 17329, condition=new, state=ok, price=3.99), Product(id=373, name=product 373, condition=new, state=ok, price=4.0), Product(id=43849, name=product 43849, condition=new, state=ok, price=4.0), Product(id=22414, name=product 22414, condition=new, state=ok, price=4.01), Product(id=74895, name=product 74895, condition=new, state=ok, price=4.01), Product(id=85614, name=product 85614, condition=new, state=ok, price=4.01), Product(id=3941, name=product 3941, condition=new, state=ok, price=4.02), Product(id=6747, name=product 6747, condition=new, state=ok, price=4.02), Product(id=70220, name=product 70220, condition=new, state=ok, price=4.02), Product(id=8527, name=product 8527, condition=new, state=ok, price=4.02), Product(id=12254, name=product 12254, condition=new, state=ok, price=4.03), Product(id=16340, name=product 16340, condition=new, state=ok, price=4.03), Product(id=32364, name=product 32364, condition=new, state=ok, price=4.03), Product(id=4806, name=product 4806, condition=new, state=ok, price=4.03), Product(id=58565, name=product 58565, condition=new, state=ok, price=4.04), Product(id=6721, name=product 6721, condition=new, state=ok, price=4.04), Product(id=19860, name=product 19860, condition=new, state=ok, price=4.05), Product(id=29082, name=product 29082, condition=new, state=ok, price=4.05), Product(id=31749, name=product 31749, condition=new, state=ok, price=4.06), Product(id=41787, name=product 41787, condition=new, state=ok, price=4.06), Product(id=50807, name=product 50807, condition=new, state=ok, price=4.06), Product(id=458, name=product 458, condition=new, state=ok, price=4.08), Product(id=99563, name=product 99563, condition=new, state=ok, price=4.08), Product(id=38697, name=product 38697, condition=new, state=ok, price=4.09), Product(id=39741, name=product 39741, condition=new, state=ok, price=4.09), Product(id=55497, name=product 55497, condition=new, state=ok, price=4.09), Product(id=7770, name=product 7770, condition=new, state=ok, price=4.09), Product(id=37834, name=product 37834, condition=new, state=ok, price=4.1), Product(id=3259, name=product 3259, condition=new, state=ok, price=4.11), Product(id=35826, name=product 35826, condition=new, state=ok, price=4.12), Product(id=21156, name=product 21156, condition=new, state=ok, price=4.13), Product(id=31466, name=product 31466, condition=new, state=ok, price=4.13), Product(id=20146, name=product 20146, condition=new, state=ok, price=4.14), Product(id=95936, name=product 95936, condition=new, state=ok, price=4.14), Product(id=97623, name=product 97623, condition=new, state=ok, price=4.15), Product(id=5409, name=product 5409, condition=new, state=ok, price=4.19), Product(id=59500, name=product 59500, condition=new, state=ok, price=4.21), Product(id=19161, name=product 19161, condition=new, state=ok, price=4.22), Product(id=50778, name=product 50778, condition=new, state=ok, price=4.22), Product(id=31162, name=product 31162, condition=new, state=ok, price=4.23), Product(id=10522, name=product 10522, condition=new, state=ok, price=4.24), Product(id=83307, name=product 83307, condition=new, state=ok, price=4.24), Product(id=12176, name=product 12176, condition=new, state=ok, price=4.25), Product(id=50742, name=product 50742, condition=new, state=ok, price=4.25), Product(id=68019, name=product 68019, condition=new, state=ok, price=4.25), Product(id=95713, name=product 95713, condition=new, state=ok, price=4.25), Product(id=23283, name=product 23283, condition=new, state=ok, price=4.26), Product(id=28928, name=product 28928, condition=new, state=ok, price=4.26), Product(id=11899, name=product 11899, condition=new, state=ok, price=4.27), Product(id=36217, name=product 36217, condition=new, state=ok, price=4.27), Product(id=5314, name=product 5314, condition=new, state=ok, price=4.28), Product(id=23586, name=product 23586, condition=new, state=ok, price=4.29), Product(id=35905, name=product 35905, condition=new, state=ok, price=4.29), Product(id=89814, name=product 89814, condition=new, state=ok, price=4.29), Product(id=19916, name=product 19916, condition=new, state=ok, price=4.3), Product(id=76504, name=product 76504, condition=new, state=ok, price=4.31), Product(id=7993, name=product 7993, condition=new, state=ok, price=4.31), Product(id=85357, name=product 85357, condition=new, state=ok, price=4.31), Product(id=26651, name=product 26651, condition=new, state=ok, price=4.32), Product(id=34146, name=product 34146, condition=new, state=ok, price=4.32), Product(id=1559, name=product 1559, condition=new, state=ok, price=4.33), Product(id=40376, name=product 40376, condition=new, state=ok, price=4.33), Product(id=5333, name=product 5333, condition=new, state=ok, price=4.34), Product(id=65798, name=product 65798, condition=new, state=ok, price=4.34), Product(id=10012, name=product 10012, condition=new, state=ok, price=4.35), Product(id=18256, name=product 18256, condition=new, state=ok, price=4.35), Product(id=697, name=product 697, condition=new, state=ok, price=4.36), Product(id=17360, name=product 17360, condition=new, state=ok, price=4.37), Product(id=22392, name=product 22392, condition=new, state=ok, price=4.37), Product(id=2819, name=product 2819, condition=new, state=ok, price=4.37), Product(id=52131, name=product 52131, condition=new, state=ok, price=4.38), Product(id=8078, name=product 8078, condition=new, state=ok, price=4.38), Product(id=98292, name=product 98292, condition=new, state=ok, price=4.38), Product(id=2401, name=product 2401, condition=new, state=ok, price=4.39), Product(id=2940, name=product 2940, condition=new, state=ok, price=4.39), Product(id=71544, name=product 71544, condition=new, state=ok, price=4.39), Product(id=83502, name=product 83502, condition=new, state=ok, price=4.42), Product(id=15712, name=product 15712, condition=new, state=ok, price=4.43), Product(id=65459, name=product 65459, condition=new, state=ok, price=4.43), Product(id=76915, name=product 76915, condition=new, state=ok, price=4.43), Product(id=94293, name=product 94293, condition=new, state=ok, price=4.43), Product(id=3561, name=product 3561, condition=new, state=ok, price=4.44), Product(id=43485, name=product 43485, condition=new, state=ok, price=4.44), Product(id=44224, name=product 44224, condition=new, state=ok, price=4.44), Product(id=13209, name=product 13209, condition=new, state=ok, price=4.45), Product(id=1453, name=product 1453, condition=new, state=ok, price=4.45), Product(id=24664, name=product 24664, condition=new, state=ok, price=4.45), Product(id=701, name=product 701, condition=new, state=ok, price=4.45), Product(id=17121, name=product 17121, condition=new, state=ok, price=4.46), Product(id=32244, name=product 32244, condition=new, state=ok, price=4.46), Product(id=80829, name=product 80829, condition=new, state=ok, price=4.46), Product(id=1462, name=product 1462, condition=new, state=ok, price=4.47), Product(id=20286, name=product 20286, condition=new, state=ok, price=4.47), Product(id=5713, name=product 5713, condition=new, state=ok, price=4.47), Product(id=85840, name=product 85840, condition=new, state=ok, price=4.48), Product(id=22387, name=product 22387, condition=new, state=ok, price=4.49), Product(id=4315, name=product 4315, condition=new, state=ok, price=4.49), Product(id=49751, name=product 49751, condition=new, state=ok, price=4.49), Product(id=3000, name=product 3000, condition=new, state=ok, price=4.5), Product(id=30168, name=product 30168, condition=new, state=ok, price=4.51), Product(id=64490, name=product 64490, condition=new, state=ok, price=4.51), Product(id=50191, name=product 50191, condition=new, state=ok, price=4.53), Product(id=73329, name=product 73329, condition=new, state=ok, price=4.54), Product(id=128, name=product 128, condition=new, state=ok, price=4.55), Product(id=20007, name=product 20007, condition=new, state=ok, price=4.55), Product(id=67460, name=product 67460, condition=new, state=ok, price=4.55), Product(id=89667, name=product 89667, condition=new, state=ok, price=4.55), Product(id=36499, name=product 36499, condition=new, state=ok, price=4.56), Product(id=37235, name=product 37235, condition=new, state=ok, price=4.57), Product(id=12263, name=product 12263, condition=new, state=ok, price=4.58), Product(id=13867, name=product 13867, condition=new, state=ok, price=4.58), Product(id=19994, name=product 19994, condition=new, state=ok, price=4.58), Product(id=4762, name=product 4762, condition=new, state=ok, price=4.58), Product(id=57190, name=product 57190, condition=new, state=ok, price=4.58), Product(id=391, name=product 391, condition=new, state=ok, price=4.59), Product(id=69398, name=product 69398, condition=new, state=ok, price=4.59), Product(id=22057, name=product 22057, condition=new, state=ok, price=4.6), Product(id=32303, name=product 32303, condition=new, state=ok, price=4.6), Product(id=88984, name=product 88984, condition=new, state=ok, price=4.6), Product(id=99627, name=product 99627, condition=new, state=ok, price=4.6), Product(id=1352, name=product 1352, condition=new, state=ok, price=4.61), Product(id=9557, name=product 9557, condition=new, state=ok, price=4.61), Product(id=16449, name=product 16449, condition=new, state=ok, price=4.62), Product(id=4723, name=product 4723, condition=new, state=ok, price=4.63), Product(id=16613, name=product 16613, condition=new, state=ok, price=4.64), Product(id=17444, name=product 17444, condition=new, state=ok, price=4.64), Product(id=33849, name=product 33849, condition=new, state=ok, price=4.64), Product(id=3415, name=product 3415, condition=new, state=ok, price=4.64), Product(id=45464, name=product 45464, condition=new, state=ok, price=4.65), Product(id=81908, name=product 81908, condition=new, state=ok, price=4.66), Product(id=30997, name=product 30997, condition=new, state=ok, price=4.67), Product(id=49198, name=product 49198, condition=new, state=ok, price=4.67), Product(id=27880, name=product 27880, condition=new, state=ok, price=4.68), Product(id=4519, name=product 4519, condition=new, state=ok, price=4.68), Product(id=48118, name=product 48118, condition=new, state=ok, price=4.68), Product(id=40890, name=product 40890, condition=new, state=ok, price=4.7), Product(id=86074, name=product 86074, condition=new, state=ok, price=4.7), Product(id=1576, name=product 1576, condition=new, state=ok, price=4.72), Product(id=35188, name=product 35188, condition=new, state=ok, price=4.73), Product(id=16254, name=product 16254, condition=new, state=ok, price=4.75), Product(id=33120, name=product 33120, condition=new, state=ok, price=4.75), Product(id=39, name=product 39, condition=new, state=ok, price=4.75), Product(id=42668, name=product 42668, condition=new, state=ok, price=4.75), Product(id=24717, name=product 24717, condition=new, state=ok, price=4.76), Product(id=32703, name=product 32703, condition=new, state=ok, price=4.76), Product(id=92115, name=product 92115, condition=new, state=ok, price=4.76), Product(id=19993, name=product 19993, condition=new, state=ok, price=4.78), Product(id=2582, name=product 2582, condition=new, state=ok, price=4.79), Product(id=28544, name=product 28544, condition=new, state=ok, price=4.8), Product(id=54707, name=product 54707, condition=new, state=ok, price=4.8), Product(id=84141, name=product 84141, condition=new, state=ok, price=4.8), Product(id=17022, name=product 17022, condition=new, state=ok, price=4.81), Product(id=17049, name=product 17049, condition=new, state=ok, price=4.81), Product(id=20035, name=product 20035, condition=new, state=ok, price=4.82), Product(id=2080, name=product 2080, condition=new, state=ok, price=4.82), Product(id=8261, name=product 8261, condition=new, state=ok, price=4.82), Product(id=57158, name=product 57158, condition=new, state=ok, price=4.83), Product(id=16267, name=product 16267, condition=new, state=ok, price=4.84), Product(id=46985, name=product 46985, condition=new, state=ok, price=4.85), Product(id=3492, name=product 3492, condition=new, state=ok, price=4.86), Product(id=4967, name=product 4967, condition=new, state=ok, price=4.86), Product(id=59715, name=product 59715, condition=new, state=ok, price=4.87), Product(id=62750, name=product 62750, condition=new, state=ok, price=4.87), Product(id=23177, name=product 23177, condition=new, state=ok, price=4.88), Product(id=88376, name=product 88376, condition=new, state=ok, price=4.88), Product(id=9219, name=product 9219, condition=new, state=ok, price=4.88), Product(id=10425, name=product 10425, condition=new, state=ok, price=4.89), Product(id=7075, name=product 7075, condition=new, state=ok, price=4.89), Product(id=64748, name=product 64748, condition=new, state=ok, price=4.9), Product(id=87474, name=product 87474, condition=new, state=ok, price=4.9), Product(id=5496, name=product 5496, condition=new, state=ok, price=4.91), Product(id=59899, name=product 59899, condition=new, state=ok, price=4.93), Product(id=54440, name=product 54440, condition=new, state=ok, price=4.94), Product(id=67286, name=product 67286, condition=new, state=ok, price=4.94), Product(id=72421, name=product 72421, condition=new, state=ok, price=4.94), Product(id=75148, name=product 75148, condition=new, state=ok, price=4.94), Product(id=20278, name=product 20278, condition=new, state=ok, price=4.95), Product(id=34152, name=product 34152, condition=new, state=ok, price=4.95), Product(id=4973, name=product 4973, condition=new, state=ok, price=4.96), Product(id=17633, name=product 17633, condition=new, state=ok, price=4.97), Product(id=76731, name=product 76731, condition=new, state=ok, price=4.97), Product(id=50078, name=product 50078, condition=new, state=ok, price=5.0), Product(id=36747, name=product 36747, condition=new, state=ok, price=5.01), Product(id=16508, name=product 16508, condition=new, state=ok, price=5.02), Product(id=3377, name=product 3377, condition=new, state=ok, price=5.02), Product(id=25749, name=product 25749, condition=new, state=ok, price=5.03), Product(id=8061, name=product 8061, condition=new, state=ok, price=5.03), Product(id=81302, name=product 81302, condition=new, state=ok, price=5.03), Product(id=20438, name=product 20438, condition=new, state=ok, price=5.04), Product(id=21909, name=product 21909, condition=new, state=ok, price=5.04), Product(id=9986, name=product 9986, condition=new, state=ok, price=5.04), Product(id=49347, name=product 49347, condition=new, state=ok, price=5.05), Product(id=79232, name=product 79232, condition=new, state=ok, price=5.05), Product(id=17244, name=product 17244, condition=new, state=ok, price=5.06), Product(id=2268, name=product 2268, condition=new, state=ok, price=5.06), Product(id=98453, name=product 98453, condition=new, state=ok, price=5.06), Product(id=22994, name=product 22994, condition=new, state=ok, price=5.07), Product(id=6728, name=product 6728, condition=new, state=ok, price=5.09), Product(id=24719, name=product 24719, condition=new, state=ok, price=5.1), Product(id=39080, name=product 39080, condition=new, state=ok, price=5.1), Product(id=9499, name=product 9499, condition=new, state=ok, price=5.1), Product(id=20641, name=product 20641, condition=new, state=ok, price=5.11), Product(id=39977, name=product 39977, condition=new, state=ok, price=5.11), Product(id=71137, name=product 71137, condition=new, state=ok, price=5.12), Product(id=25373, name=product 25373, condition=new, state=ok, price=5.13), Product(id=43442, name=product 43442, condition=new, state=ok, price=5.13), Product(id=49102, name=product 49102, condition=new, state=ok, price=5.14), Product(id=6047, name=product 6047, condition=new, state=ok, price=5.14), Product(id=24303, name=product 24303, condition=new, state=ok, price=5.15), Product(id=32040, name=product 32040, condition=new, state=ok, price=5.15), Product(id=94001, name=product 94001, condition=new, state=ok, price=5.16), Product(id=15566, name=product 15566, condition=new, state=ok, price=5.17), Product(id=31995, name=product 31995, condition=new, state=ok, price=5.17), Product(id=3536, name=product 3536, condition=new, state=ok, price=5.17), Product(id=47742, name=product 47742, condition=new, state=ok, price=5.17), Product(id=44595, name=product 44595, condition=new, state=ok, price=5.18), Product(id=56164, name=product 56164, condition=new, state=ok, price=5.18), Product(id=14529, name=product 14529, condition=new, state=ok, price=5.2), Product(id=1938, name=product 1938, condition=new, state=ok, price=5.2), Product(id=67317, name=product 67317, condition=new, state=ok, price=5.2), Product(id=19926, name=product 19926, condition=new, state=ok, price=5.21), Product(id=48316, name=product 48316, condition=new, state=ok, price=5.21), Product(id=12756, name=product 12756, condition=new, state=ok, price=5.22), Product(id=21458, name=product 21458, condition=new, state=ok, price=5.22), Product(id=30035, name=product 30035, condition=new, state=ok, price=5.22), Product(id=43901, name=product 43901, condition=new, state=ok, price=5.22), Product(id=25089, name=product 25089, condition=new, state=ok, price=5.23), Product(id=10325, name=product 10325, condition=new, state=ok, price=5.24), Product(id=92628, name=product 92628, condition=new, state=ok, price=5.24), Product(id=21963, name=product 21963, condition=new, state=ok, price=5.25), Product(id=31982, name=product 31982, condition=new, state=ok, price=5.25), Product(id=10000, name=product 10000, condition=new, state=ok, price=5.27), Product(id=13410, name=product 13410, condition=new, state=ok, price=5.28), Product(id=33985, name=product 33985, condition=new, state=ok, price=5.28), Product(id=93068, name=product 93068, condition=new, state=ok, price=5.28), Product(id=421, name=product 421, condition=new, state=ok, price=5.29), Product(id=6853, name=product 6853, condition=new, state=ok, price=5.29), Product(id=9008, name=product 9008, condition=new, state=ok, price=5.29), Product(id=81550, name=product 81550, condition=new, state=ok, price=5.3), Product(id=99702, name=product 99702, condition=new, state=ok, price=5.3), Product(id=17111, name=product 17111, condition=new, state=ok, price=5.31), Product(id=28192, name=product 28192, condition=new, state=ok, price=5.31), Product(id=41182, name=product 41182, condition=new, state=ok, price=5.31), Product(id=43879, name=product 43879, condition=new, state=ok, price=5.32), Product(id=90578, name=product 90578, condition=new, state=ok, price=5.33), Product(id=50362, name=product 50362, condition=new, state=ok, price=5.34), Product(id=5165, name=product 5165, condition=new, state=ok, price=5.34)]&gt; but was: java.util.LinkedList&lt;[Product(id=16986, name=product 16986, condition=new, state=ok, price=0.03), Product(id=36349, name=product 36349, condition=new, state=ok, price=0.03), Product(id=61232, name=product 61232, condition=new, state=ok, price=0.03), Product(id=94076, name=product 94076, condition=new, state=ok, price=0.03), Product(id=19575, name=product 19575, condition=new, state=ok, price=0.04), Product(id=2131, name=product 2131, condition=new, state=ok, price=0.04), Product(id=13075, name=product 13075, condition=new, state=ok, price=0.05), Product(id=13547, name=product 13547, condition=new, state=ok, price=0.05), Product(id=785, name=product 785, condition=new, state=ok, price=0.05), Product(id=46038, name=product 46038, condition=new, state=ok, price=0.06), Product(id=6236, name=product 6236, condition=new, state=ok, price=0.06), Product(id=66777, name=product 66777, condition=new, state=ok, price=0.06), Product(id=47928, name=product 47928, condition=new, state=ok, price=0.07), Product(id=1087, name=product 1087, condition=new, state=ok, price=0.08), Product(id=40478, name=product 40478, condition=new, state=ok, price=0.08), Product(id=96632, name=product 96632, condition=new, state=ok, price=0.08), Product(id=1990, name=product 1990, condition=new, state=ok, price=0.09), Product(id=24817, name=product 24817, condition=new, state=ok, price=0.09), Product(id=20761, name=product 20761, condition=new, state=ok, price=0.1), Product(id=94385, name=product 94385, condition=new, state=ok, price=0.1), Product(id=4729, name=product 4729, condition=new, state=ok, price=0.11), Product(id=96690, name=product 96690, condition=new, state=ok, price=0.12), Product(id=11120, name=product 11120, condition=new, state=ok, price=0.13), Product(id=36739, name=product 36739, condition=new, state=ok, price=0.13), Product(id=26320, name=product 26320, condition=new, state=ok, price=0.14), Product(id=28860, name=product 28860, condition=new, state=ok, price=0.14), Product(id=36634, name=product 36634, condition=new, state=ok, price=0.14), Product(id=83632, name=product 83632, condition=new, state=ok, price=0.14), Product(id=1530, name=product 1530, condition=new, state=ok, price=0.15), Product(id=45135, name=product 45135, condition=new, state=ok, price=0.15), Product(id=47424, name=product 47424, condition=new, state=ok, price=0.15), Product(id=62629, name=product 62629, condition=new, state=ok, price=0.16), Product(id=16561, name=product 16561, condition=new, state=ok, price=0.18), Product(id=33744, name=product 33744, condition=new, state=ok, price=0.18), Product(id=4616, name=product 4616, condition=new, state=ok, price=0.19), Product(id=66269, name=product 66269, condition=new, state=ok, price=0.19), Product(id=48182, name=product 48182, condition=new, state=ok, price=0.2), Product(id=84114, name=product 84114, condition=new, state=ok, price=0.2), Product(id=16734, name=product 16734, condition=new, state=ok, price=0.21), Product(id=5156, name=product 5156, condition=new, state=ok, price=0.21), Product(id=86143, name=product 86143, condition=new, state=ok, price=0.21), Product(id=34758, name=product 34758, condition=new, state=ok, price=0.22), Product(id=9200, name=product 9200, condition=new, state=ok, price=0.22), Product(id=47714, name=product 47714, condition=new, state=ok, price=0.23), Product(id=28285, name=product 28285, condition=new, state=ok, price=0.24), Product(id=25964, name=product 25964, condition=new, state=ok, price=0.25), Product(id=8775, name=product 8775, condition=new, state=ok, price=0.25), Product(id=31999, name=product 31999, condition=new, state=ok, price=0.26), Product(id=32763, name=product 32763, condition=new, state=ok, price=0.26), Product(id=20740, name=product 20740, condition=new, state=ok, price=0.27), Product(id=6740, name=product 6740, condition=new, state=ok, price=0.27), Product(id=11588, name=product 11588, condition=new, state=ok, price=0.28), Product(id=428, name=product 428, condition=new, state=ok, price=0.28), Product(id=31984, name=product 31984, condition=new, state=ok, price=0.29), Product(id=3061, name=product 3061, condition=new, state=ok, price=0.3), Product(id=45316, name=product 45316, condition=new, state=ok, price=0.3), Product(id=48202, name=product 48202, condition=new, state=ok, price=0.3), Product(id=18818, name=product 18818, condition=new, state=ok, price=0.31), Product(id=35741, name=product 35741, condition=new, state=ok, price=0.31), Product(id=65330, name=product 65330, condition=new, state=ok, price=0.31), Product(id=84274, name=product 84274, condition=new, state=ok, price=0.31), Product(id=88168, name=product 88168, condition=new, state=ok, price=0.32), Product(id=22637, name=product 22637, condition=new, state=ok, price=0.33), Product(id=2459, name=product 2459, condition=new, state=ok, price=0.33), Product(id=10042, name=product 10042, condition=new, state=ok, price=0.34), Product(id=12146, name=product 12146, condition=new, state=ok, price=0.34), Product(id=45187, name=product 45187, condition=new, state=ok, price=0.34), Product(id=60897, name=product 60897, condition=new, state=ok, price=0.34), Product(id=4317, name=product 4317, condition=new, state=ok, price=0.35), Product(id=62823, name=product 62823, condition=new, state=ok, price=0.36), Product(id=80532, name=product 80532, condition=new, state=ok, price=0.36), Product(id=9307, name=product 9307, condition=new, state=ok, price=0.36), Product(id=11601, name=product 11601, condition=new, state=ok, price=0.37), Product(id=36372, name=product 36372, condition=new, state=ok, price=0.37), Product(id=21218, name=product 21218, condition=new, state=ok, price=0.38), Product(id=10953, name=product 10953, condition=new, state=ok, price=0.39), Product(id=21458, name=product 21458, condition=new, state=ok, price=0.39), Product(id=36322, name=product 36322, condition=new, state=ok, price=0.39), Product(id=20187, name=product 20187, condition=new, state=ok, price=0.4), Product(id=55487, name=product 55487, condition=new, state=ok, price=0.4), Product(id=8547, name=product 8547, condition=new, state=ok, price=0.41), Product(id=7429, name=product 7429, condition=new, state=ok, price=0.42), Product(id=11385, name=product 11385, condition=new, state=ok, price=0.43), Product(id=50342, name=product 50342, condition=new, state=ok, price=0.43), Product(id=16788, name=product 16788, condition=new, state=ok, price=0.45), Product(id=22733, name=product 22733, condition=new, state=ok, price=0.46), Product(id=6000, name=product 6000, condition=new, state=ok, price=0.46), Product(id=27066, name=product 27066, condition=new, state=ok, price=0.47), Product(id=7916, name=product 7916, condition=new, state=ok, price=0.47), Product(id=12256, name=product 12256, condition=new, state=ok, price=0.48), Product(id=11813, name=product 11813, condition=new, state=ok, price=0.49), Product(id=37260, name=product 37260, condition=new, state=ok, price=0.49), Product(id=99090, name=product 99090, condition=new, state=ok, price=0.49), Product(id=1256, name=product 1256, condition=new, state=ok, price=0.5), Product(id=9382, name=product 9382, condition=new, state=ok, price=0.5), Product(id=9846, name=product 9846, condition=new, state=ok, price=0.5), Product(id=3088, name=product 3088, condition=new, state=ok, price=0.51), Product(id=33205, name=product 33205, condition=new, state=ok, price=0.51), Product(id=39175, name=product 39175, condition=new, state=ok, price=0.51), Product(id=41082, name=product 41082, condition=new, state=ok, price=0.51), Product(id=4860, name=product 4860, condition=new, state=ok, price=0.51), Product(id=78827, name=product 78827, condition=new, state=ok, price=0.51), Product(id=12793, name=product 12793, condition=new, state=ok, price=0.52), Product(id=23099, name=product 23099, condition=new, state=ok, price=0.52), Product(id=5245, name=product 5245, condition=new, state=ok, price=0.52), Product(id=1815, name=product 1815, condition=new, state=ok, price=0.53), Product(id=26313, name=product 26313, condition=new, state=ok, price=0.54), Product(id=5297, name=product 5297, condition=new, state=ok, price=0.54), Product(id=59588, name=product 59588, condition=new, state=ok, price=0.54), Product(id=71249, name=product 71249, condition=new, state=ok, price=0.54), Product(id=10153, name=product 10153, condition=new, state=ok, price=0.55), Product(id=26403, name=product 26403, condition=new, state=ok, price=0.55), Product(id=7657, name=product 7657, condition=new, state=ok, price=0.55), Product(id=92166, name=product 92166, condition=new, state=ok, price=0.55), Product(id=29757, name=product 29757, condition=new, state=ok, price=0.58), Product(id=8033, name=product 8033, condition=new, state=ok, price=0.58), Product(id=8256, name=product 8256, condition=new, state=ok, price=0.59), Product(id=10569, name=product 10569, condition=new, state=ok, price=0.61), Product(id=3765, name=product 3765, condition=new, state=ok, price=0.61), Product(id=33418, name=product 33418, condition=new, state=ok, price=0.62), Product(id=19584, name=product 19584, condition=new, state=ok, price=0.63), Product(id=3588, name=product 3588, condition=new, state=ok, price=0.63), Product(id=8398, name=product 8398, condition=new, state=ok, price=0.63), Product(id=1332, name=product 1332, condition=new, state=ok, price=0.64), Product(id=12362, name=product 12362, condition=new, state=ok, price=0.65), Product(id=55929, name=product 55929, condition=new, state=ok, price=0.65), Product(id=70644, name=product 70644, condition=new, state=ok, price=0.65), Product(id=990, name=product 990, condition=new, state=ok, price=0.65), Product(id=97284, name=product 97284, condition=new, state=ok, price=0.67), Product(id=62412, name=product 62412, condition=new, state=ok, price=0.68), Product(id=124, name=product 124, condition=new, state=ok, price=0.69), Product(id=33916, name=product 33916, condition=new, state=ok, price=0.69), Product(id=76630, name=product 76630, condition=new, state=ok, price=0.69), Product(id=92217, name=product 92217, condition=new, state=ok, price=0.69), Product(id=56476, name=product 56476, condition=new, state=ok, price=0.7), Product(id=97944, name=product 97944, condition=new, state=ok, price=0.7), Product(id=2054, name=product 2054, condition=new, state=ok, price=0.71), Product(id=2102, name=product 2102, condition=new, state=ok, price=0.71), Product(id=34148, name=product 34148, condition=new, state=ok, price=0.71), Product(id=6060, name=product 6060, condition=new, state=ok, price=0.71), Product(id=91388, name=product 91388, condition=new, state=ok, price=0.71), Product(id=7907, name=product 7907, condition=new, state=ok, price=0.72), Product(id=42513, name=product 42513, condition=new, state=ok, price=0.74), Product(id=6852, name=product 6852, condition=new, state=ok, price=0.74), Product(id=91359, name=product 91359, condition=new, state=ok, price=0.75), Product(id=94987, name=product 94987, condition=new, state=ok, price=0.75), Product(id=42021, name=product 42021, condition=new, state=ok, price=0.77), Product(id=14678, name=product 14678, condition=new, state=ok, price=0.78), Product(id=23803, name=product 23803, condition=new, state=ok, price=0.78), Product(id=15452, name=product 15452, condition=new, state=ok, price=0.79), Product(id=2542, name=product 2542, condition=new, state=ok, price=0.79), Product(id=36534, name=product 36534, condition=new, state=ok, price=0.79), Product(id=36631, name=product 36631, condition=new, state=ok, price=0.79), Product(id=15673, name=product 15673, condition=new, state=ok, price=0.8), Product(id=29327, name=product 29327, condition=new, state=ok, price=0.8), Product(id=42025, name=product 42025, condition=new, state=ok, price=0.8), Product(id=12416, name=product 12416, condition=new, state=ok, price=0.81), Product(id=13085, name=product 13085, condition=new, state=ok, price=0.81), Product(id=3060, name=product 3060, condition=new, state=ok, price=0.81), Product(id=52519, name=product 52519, condition=new, state=ok, price=0.81), Product(id=56700, name=product 56700, condition=new, state=ok, price=0.82), Product(id=3167, name=product 3167, condition=new, state=ok, price=0.83), Product(id=35034, name=product 35034, condition=new, state=ok, price=0.84), Product(id=38786, name=product 38786, condition=new, state=ok, price=0.84), Product(id=1821, name=product 1821, condition=new, state=ok, price=0.85), Product(id=7287, name=product 7287, condition=new, state=ok, price=0.85), Product(id=91511, name=product 91511, condition=new, state=ok, price=0.85), Product(id=41135, name=product 41135, condition=new, state=ok, price=0.86), Product(id=17110, name=product 17110, condition=new, state=ok, price=0.88), Product(id=4129, name=product 4129, condition=new, state=ok, price=0.88), Product(id=70243, name=product 70243, condition=new, state=ok, price=0.88), Product(id=81009, name=product 81009, condition=new, state=ok, price=0.88), Product(id=82672, name=product 82672, condition=new, state=ok, price=0.88), Product(id=46319, name=product 46319, condition=new, state=ok, price=0.89), Product(id=91369, name=product 91369, condition=new, state=ok, price=0.9), Product(id=39811, name=product 39811, condition=new, state=ok, price=0.92), Product(id=401, name=product 401, condition=new, state=ok, price=0.92), Product(id=7721, name=product 7721, condition=new, state=ok, price=0.92), Product(id=7922, name=product 7922, condition=new, state=ok, price=0.93), Product(id=15064, name=product 15064, condition=new, state=ok, price=0.94), Product(id=1276, name=product 1276, condition=new, state=ok, price=0.95), Product(id=18677, name=product 18677, condition=new, state=ok, price=0.95), Product(id=23628, name=product 23628, condition=new, state=ok, price=0.95), Product(id=69437, name=product 69437, condition=new, state=ok, price=0.95), Product(id=18754, name=product 18754, condition=new, state=ok, price=0.96), Product(id=3856, name=product 3856, condition=new, state=ok, price=0.96), Product(id=92627, name=product 92627, condition=new, state=ok, price=0.96), Product(id=17471, name=product 17471, condition=new, state=ok, price=0.97), Product(id=28721, name=product 28721, condition=new, state=ok, price=0.97), Product(id=38118, name=product 38118, condition=new, state=ok, price=0.97), Product(id=50035, name=product 50035, condition=new, state=ok, price=0.97), Product(id=83032, name=product 83032, condition=new, state=ok, price=0.97), Product(id=14314, name=product 14314, condition=new, state=ok, price=0.98), Product(id=36057, name=product 36057, condition=new, state=ok, price=0.98), Product(id=4104, name=product 4104, condition=new, state=ok, price=0.98), Product(id=5799, name=product 5799, condition=new, state=ok, price=0.98), Product(id=9305, name=product 9305, condition=new, state=ok, price=0.98), Product(id=11197, name=product 11197, condition=new, state=ok, price=0.99), Product(id=56086, name=product 56086, condition=new, state=ok, price=0.99), Product(id=98038, name=product 98038, condition=new, state=ok, price=0.99), Product(id=10125, name=product 10125, condition=new, state=ok, price=1.01), Product(id=13377, name=product 13377, condition=new, state=ok, price=1.02), Product(id=70214, name=product 70214, condition=new, state=ok, price=1.02), Product(id=7821, name=product 7821, condition=new, state=ok, price=1.02), Product(id=78758, name=product 78758, condition=new, state=ok, price=1.02), Product(id=93435, name=product 93435, condition=new, state=ok, price=1.02), Product(id=10808, name=product 10808, condition=new, state=ok, price=1.03), Product(id=89830, name=product 89830, condition=new, state=ok, price=1.03), Product(id=18633, name=product 18633, condition=new, state=ok, price=1.04), Product(id=82811, name=product 82811, condition=new, state=ok, price=1.05), Product(id=26763, name=product 26763, condition=new, state=ok, price=1.06), Product(id=33321, name=product 33321, condition=new, state=ok, price=1.07), Product(id=41674, name=product 41674, condition=new, state=ok, price=1.08), Product(id=23336, name=product 23336, condition=new, state=ok, price=1.09), Product(id=60162, name=product 60162, condition=new, state=ok, price=1.09), Product(id=9292, name=product 9292, condition=new, state=ok, price=1.09), Product(id=4549, name=product 4549, condition=new, state=ok, price=1.1), Product(id=48024, name=product 48024, condition=new, state=ok, price=1.1), Product(id=23362, name=product 23362, condition=new, state=ok, price=1.12), Product(id=25181, name=product 25181, condition=new, state=ok, price=1.12), Product(id=42502, name=product 42502, condition=new, state=ok, price=1.12), Product(id=78, name=product 78, condition=new, state=ok, price=1.12), Product(id=78453, name=product 78453, condition=new, state=ok, price=1.13), Product(id=28711, name=product 28711, condition=new, state=ok, price=1.14), Product(id=54778, name=product 54778, condition=new, state=ok, price=1.14), Product(id=24348, name=product 24348, condition=new, state=ok, price=1.15), Product(id=2658, name=product 2658, condition=new, state=ok, price=1.16), Product(id=12896, name=product 12896, condition=new, state=ok, price=1.17), Product(id=31946, name=product 31946, condition=new, state=ok, price=1.17), Product(id=5187, name=product 5187, condition=new, state=ok, price=1.17), Product(id=13646, name=product 13646, condition=new, state=ok, price=1.18), Product(id=16878, name=product 16878, condition=new, state=ok, price=1.18), Product(id=85200, name=product 85200, condition=new, state=ok, price=1.18), Product(id=12165, name=product 12165, condition=new, state=ok, price=1.19), Product(id=25542, name=product 25542, condition=new, state=ok, price=1.19), Product(id=75682, name=product 75682, condition=new, state=ok, price=1.19), Product(id=14643, name=product 14643, condition=new, state=ok, price=1.2), Product(id=84894, name=product 84894, condition=new, state=ok, price=1.2), Product(id=4637, name=product 4637, condition=new, state=ok, price=1.21), Product(id=54904, name=product 54904, condition=new, state=ok, price=1.21), Product(id=81580, name=product 81580, condition=new, state=ok, price=1.22), Product(id=2392, name=product 2392, condition=new, state=ok, price=1.23), Product(id=7479, name=product 7479, condition=new, state=ok, price=1.23), Product(id=81153, name=product 81153, condition=new, state=ok, price=1.23), Product(id=58034, name=product 58034, condition=new, state=ok, price=1.24), Product(id=15035, name=product 15035, condition=new, state=ok, price=1.25), Product(id=27386, name=product 27386, condition=new, state=ok, price=1.25), Product(id=19043, name=product 19043, condition=new, state=ok, price=1.26), Product(id=31133, name=product 31133, condition=new, state=ok, price=1.26), Product(id=99369, name=product 99369, condition=new, state=ok, price=1.26), Product(id=1230, name=product 1230, condition=new, state=ok, price=1.27), Product(id=10945, name=product 10945, condition=new, state=ok, price=1.28), Product(id=188, name=product 188, condition=new, state=ok, price=1.28), Product(id=45449, name=product 45449, condition=new, state=ok, price=1.28), Product(id=21892, name=product 21892, condition=new, state=ok, price=1.29), Product(id=31094, name=product 31094, condition=new, state=ok, price=1.29), Product(id=68280, name=product 68280, condition=new, state=ok, price=1.29), Product(id=38540, name=product 38540, condition=new, state=ok, price=1.3), Product(id=5485, name=product 5485, condition=new, state=ok, price=1.3), Product(id=12980, name=product 12980, condition=new, state=ok, price=1.33), Product(id=44720, name=product 44720, condition=new, state=ok, price=1.33), Product(id=7458, name=product 7458, condition=new, state=ok, price=1.33), Product(id=26424, name=product 26424, condition=new, state=ok, price=1.34), Product(id=27961, name=product 27961, condition=new, state=ok, price=1.34), Product(id=52213, name=product 52213, condition=new, state=ok, price=1.34), Product(id=81142, name=product 81142, condition=new, state=ok, price=1.34), Product(id=23513, name=product 23513, condition=new, state=ok, price=1.35), Product(id=43439, name=product 43439, condition=new, state=ok, price=1.35), Product(id=15835, name=product 15835, condition=new, state=ok, price=1.36), Product(id=29103, name=product 29103, condition=new, state=ok, price=1.36), Product(id=44552, name=product 44552, condition=new, state=ok, price=1.37), Product(id=45250, name=product 45250, condition=new, state=ok, price=1.37), Product(id=6720, name=product 6720, condition=new, state=ok, price=1.37), Product(id=12722, name=product 12722, condition=new, state=ok, price=1.38), Product(id=63897, name=product 63897, condition=new, state=ok, price=1.38), Product(id=55302, name=product 55302, condition=new, state=ok, price=1.39), Product(id=83042, name=product 83042, condition=new, state=ok, price=1.39), Product(id=15760, name=product 15760, condition=new, state=ok, price=1.4), Product(id=22254, name=product 22254, condition=new, state=ok, price=1.4), Product(id=28977, name=product 28977, condition=new, state=ok, price=1.4), Product(id=3444, name=product 3444, condition=new, state=ok, price=1.4), Product(id=32828, name=product 32828, condition=new, state=ok, price=1.41), Product(id=44746, name=product 44746, condition=new, state=ok, price=1.41), Product(id=37985, name=product 37985, condition=new, state=ok, price=1.42), Product(id=12725, name=product 12725, condition=new, state=ok, price=1.43), Product(id=14567, name=product 14567, condition=new, state=ok, price=1.43), Product(id=25631, name=product 25631, condition=new, state=ok, price=1.44), Product(id=3366, name=product 3366, condition=new, state=ok, price=1.44), Product(id=80220, name=product 80220, condition=new, state=ok, price=1.44), Product(id=11383, name=product 11383, condition=new, state=ok, price=1.45), Product(id=1453, name=product 1453, condition=new, state=ok, price=1.45), Product(id=13920, name=product 13920, condition=new, state=ok, price=1.46), Product(id=42561, name=product 42561, condition=new, state=ok, price=1.46), Product(id=40281, name=product 40281, condition=new, state=ok, price=1.47), Product(id=13218, name=product 13218, condition=new, state=ok, price=1.48), Product(id=40795, name=product 40795, condition=new, state=ok, price=1.48), Product(id=18494, name=product 18494, condition=new, state=ok, price=1.49), Product(id=42458, name=product 42458, condition=new, state=ok, price=1.49), Product(id=6825, name=product 6825, condition=new, state=ok, price=1.49), Product(id=99509, name=product 99509, condition=new, state=ok, price=1.49), Product(id=29984, name=product 29984, condition=new, state=ok, price=1.5), Product(id=4362, name=product 4362, condition=new, state=ok, price=1.5), Product(id=18137, name=product 18137, condition=new, state=ok, price=1.51), Product(id=19719, name=product 19719, condition=new, state=ok, price=1.52), Product(id=65074, name=product 65074, condition=new, state=ok, price=1.52), Product(id=20452, name=product 20452, condition=new, state=ok, price=1.54), Product(id=39729, name=product 39729, condition=new, state=ok, price=1.54), Product(id=41776, name=product 41776, condition=new, state=ok, price=1.54), Product(id=47765, name=product 47765, condition=new, state=ok, price=1.54), Product(id=265, name=product 265, condition=new, state=ok, price=1.55), Product(id=34346, name=product 34346, condition=new, state=ok, price=1.55), Product(id=98386, name=product 98386, condition=new, state=ok, price=1.55), Product(id=38295, name=product 38295, condition=new, state=ok, price=1.56), Product(id=49368, name=product 49368, condition=new, state=ok, price=1.56), Product(id=95353, name=product 95353, condition=new, state=ok, price=1.56), Product(id=273, name=product 273, condition=new, state=ok, price=1.57), Product(id=3964, name=product 3964, condition=new, state=ok, price=1.57), Product(id=59097, name=product 59097, condition=new, state=ok, price=1.57), Product(id=14654, name=product 14654, condition=new, state=ok, price=1.58), Product(id=2822, name=product 2822, condition=new, state=ok, price=1.58), Product(id=48553, name=product 48553, condition=new, state=ok, price=1.58), Product(id=49608, name=product 49608, condition=new, state=ok, price=1.58), Product(id=6806, name=product 6806, condition=new, state=ok, price=1.58), Product(id=24815, name=product 24815, condition=new, state=ok, price=1.6), Product(id=52640, name=product 52640, condition=new, state=ok, price=1.6), Product(id=8750, name=product 8750, condition=new, state=ok, price=1.6), Product(id=53953, name=product 53953, condition=new, state=ok, price=1.61), Product(id=7503, name=product 7503, condition=new, state=ok, price=1.61), Product(id=3540, name=product 3540, condition=new, state=ok, price=1.62), Product(id=525, name=product 525, condition=new, state=ok, price=1.62), Product(id=97901, name=product 97901, condition=new, state=ok, price=1.62), Product(id=41164, name=product 41164, condition=new, state=ok, price=1.63), Product(id=5626, name=product 5626, condition=new, state=ok, price=1.63), Product(id=13167, name=product 13167, condition=new, state=ok, price=1.64), Product(id=38705, name=product 38705, condition=new, state=ok, price=1.64), Product(id=6279, name=product 6279, condition=new, state=ok, price=1.65), Product(id=11579, name=product 11579, condition=new, state=ok, price=1.67), Product(id=65346, name=product 65346, condition=new, state=ok, price=1.67), Product(id=13966, name=product 13966, condition=new, state=ok, price=1.68), Product(id=82213, name=product 82213, condition=new, state=ok, price=1.69), Product(id=3177, name=product 3177, condition=new, state=ok, price=1.7), Product(id=74367, name=product 74367, condition=new, state=ok, price=1.7), Product(id=17480, name=product 17480, condition=new, state=ok, price=1.71), Product(id=41526, name=product 41526, condition=new, state=ok, price=1.71), Product(id=82563, name=product 82563, condition=new, state=ok, price=1.71), Product(id=14747, name=product 14747, condition=new, state=ok, price=1.72), Product(id=4093, name=product 4093, condition=new, state=ok, price=1.72), Product(id=16002, name=product 16002, condition=new, state=ok, price=1.73), Product(id=30895, name=product 30895, condition=new, state=ok, price=1.73), Product(id=73832, name=product 73832, condition=new, state=ok, price=1.74), Product(id=1916, name=product 1916, condition=new, state=ok, price=1.76), Product(id=42095, name=product 42095, condition=new, state=ok, price=1.76), Product(id=67713, name=product 67713, condition=new, state=ok, price=1.76), Product(id=18010, name=product 18010, condition=new, state=ok, price=1.77), Product(id=30032, name=product 30032, condition=new, state=ok, price=1.77), Product(id=46652, name=product 46652, condition=new, state=ok, price=1.77), Product(id=8665, name=product 8665, condition=new, state=ok, price=1.77), Product(id=22533, name=product 22533, condition=new, state=ok, price=1.79), Product(id=82482, name=product 82482, condition=new, state=ok, price=1.79), Product(id=2854, name=product 2854, condition=new, state=ok, price=1.8), Product(id=41802, name=product 41802, condition=new, state=ok, price=1.81), Product(id=37849, name=product 37849, condition=new, state=ok, price=1.82), Product(id=71381, name=product 71381, condition=new, state=ok, price=1.83), Product(id=1625, name=product 1625, condition=new, state=ok, price=1.84), Product(id=92840, name=product 92840, condition=new, state=ok, price=1.84), Product(id=9466, name=product 9466, condition=new, state=ok, price=1.85), Product(id=10700, name=product 10700, condition=new, state=ok, price=1.86), Product(id=56841, name=product 56841, condition=new, state=ok, price=1.86), Product(id=58121, name=product 58121, condition=new, state=ok, price=1.86), Product(id=33778, name=product 33778, condition=new, state=ok, price=1.87), Product(id=82407, name=product 82407, condition=new, state=ok, price=1.88), Product(id=68140, name=product 68140, condition=new, state=ok, price=1.89), Product(id=5013, name=product 5013, condition=new, state=ok, price=1.9), Product(id=43349, name=product 43349, condition=new, state=ok, price=1.91), Product(id=6997, name=product 6997, condition=new, state=ok, price=1.91), Product(id=19364, name=product 19364, condition=new, state=ok, price=1.92), Product(id=59688, name=product 59688, condition=new, state=ok, price=1.92), Product(id=36797, name=product 36797, condition=new, state=ok, price=1.93), Product(id=59946, name=product 59946, condition=new, state=ok, price=1.93), Product(id=88593, name=product 88593, condition=new, state=ok, price=1.93), Product(id=13313, name=product 13313, condition=new, state=ok, price=1.94), Product(id=1732, name=product 1732, condition=new, state=ok, price=1.94), Product(id=450, name=product 450, condition=new, state=ok, price=1.94), Product(id=8961, name=product 8961, condition=new, state=ok, price=1.94), Product(id=65168, name=product 65168, condition=new, state=ok, price=1.95), Product(id=8300, name=product 8300, condition=new, state=ok, price=1.95), Product(id=88004, name=product 88004, condition=new, state=ok, price=1.95), Product(id=28319, name=product 28319, condition=new, state=ok, price=1.96), Product(id=12390, name=product 12390, condition=new, state=ok, price=1.97), Product(id=30523, name=product 30523, condition=new, state=ok, price=1.98), Product(id=49417, name=product 49417, condition=new, state=ok, price=1.98), Product(id=74362, name=product 74362, condition=new, state=ok, price=1.98), Product(id=77417, name=product 77417, condition=new, state=ok, price=1.98), Product(id=34089, name=product 34089, condition=new, state=ok, price=1.99), Product(id=11293, name=product 11293, condition=new, state=ok, price=2.0), Product(id=86985, name=product 86985, condition=new, state=ok, price=2.0), Product(id=3741, name=product 3741, condition=new, state=ok, price=2.01), Product(id=4419, name=product 4419, condition=new, state=ok, price=2.01), Product(id=2605, name=product 2605, condition=new, state=ok, price=2.03), Product(id=41871, name=product 41871, condition=new, state=ok, price=2.03), Product(id=12208, name=product 12208, condition=new, state=ok, price=2.04), Product(id=3764, name=product 3764, condition=new, state=ok, price=2.05), Product(id=9346, name=product 9346, condition=new, state=ok, price=2.05), Product(id=96912, name=product 96912, condition=new, state=ok, price=2.05), Product(id=25221, name=product 25221, condition=new, state=ok, price=2.06), Product(id=27890, name=product 27890, condition=new, state=ok, price=2.06), Product(id=35518, name=product 35518, condition=new, state=ok, price=2.06), Product(id=47144, name=product 47144, condition=new, state=ok, price=2.06), Product(id=21447, name=product 21447, condition=new, state=ok, price=2.07), Product(id=36332, name=product 36332, condition=new, state=ok, price=2.07), Product(id=18201, name=product 18201, condition=new, state=ok, price=2.08), Product(id=54793, name=product 54793, condition=new, state=ok, price=2.08), Product(id=38358, name=product 38358, condition=new, state=ok, price=2.09), Product(id=91926, name=product 91926, condition=new, state=ok, price=2.09), Product(id=8818, name=product 8818, condition=new, state=ok, price=2.1), Product(id=17519, name=product 17519, condition=new, state=ok, price=2.13), Product(id=24843, name=product 24843, condition=new, state=ok, price=2.13), Product(id=4741, name=product 4741, condition=new, state=ok, price=2.13), Product(id=31387, name=product 31387, condition=new, state=ok, price=2.14), Product(id=32539, name=product 32539, condition=new, state=ok, price=2.14), Product(id=410, name=product 410, condition=new, state=ok, price=2.14), Product(id=79127, name=product 79127, condition=new, state=ok, price=2.14), Product(id=7974, name=product 7974, condition=new, state=ok, price=2.14), Product(id=83244, name=product 83244, condition=new, state=ok, price=2.14), Product(id=62559, name=product 62559, condition=new, state=ok, price=2.16), Product(id=1499, name=product 1499, condition=new, state=ok, price=2.17), Product(id=23038, name=product 23038, condition=new, state=ok, price=2.17), Product(id=28084, name=product 28084, condition=new, state=ok, price=2.17), Product(id=36146, name=product 36146, condition=new, state=ok, price=2.17), Product(id=51636, name=product 51636, condition=new, state=ok, price=2.17), Product(id=92803, name=product 92803, condition=new, state=ok, price=2.17), Product(id=94661, name=product 94661, condition=new, state=ok, price=2.17), Product(id=6983, name=product 6983, condition=new, state=ok, price=2.18), Product(id=70142, name=product 70142, condition=new, state=ok, price=2.18), Product(id=8419, name=product 8419, condition=new, state=ok, price=2.19), Product(id=11, name=product 11, condition=new, state=ok, price=2.2), Product(id=33335, name=product 33335, condition=new, state=ok, price=2.2), Product(id=45140, name=product 45140, condition=new, state=ok, price=2.2), Product(id=69006, name=product 69006, condition=new, state=ok, price=2.2), Product(id=88112, name=product 88112, condition=new, state=ok, price=2.2), Product(id=17130, name=product 17130, condition=new, state=ok, price=2.21), Product(id=20360, name=product 20360, condition=new, state=ok, price=2.22), Product(id=21636, name=product 21636, condition=new, state=ok, price=2.22), Product(id=12104, name=product 12104, condition=new, state=ok, price=2.23), Product(id=28242, name=product 28242, condition=new, state=ok, price=2.23), Product(id=89734, name=product 89734, condition=new, state=ok, price=2.23), Product(id=10401, name=product 10401, condition=new, state=ok, price=2.25), Product(id=9476, name=product 9476, condition=new, state=ok, price=2.26), Product(id=22575, name=product 22575, condition=new, state=ok, price=2.28), Product(id=9352, name=product 9352, condition=new, state=ok, price=2.28), Product(id=83710, name=product 83710, condition=new, state=ok, price=2.29), Product(id=3141, name=product 3141, condition=new, state=ok, price=2.31), Product(id=8074, name=product 8074, condition=new, state=ok, price=2.31), Product(id=8825, name=product 8825, condition=new, state=ok, price=2.32), Product(id=12332, name=product 12332, condition=new, state=ok, price=2.33), Product(id=1866, name=product 1866, condition=new, state=ok, price=2.33), Product(id=19365, name=product 19365, condition=new, state=ok, price=2.33), Product(id=20450, name=product 20450, condition=new, state=ok, price=2.33), Product(id=33151, name=product 33151, condition=new, state=ok, price=2.33), Product(id=47412, name=product 47412, condition=new, state=ok, price=2.34), Product(id=865, name=product 865, condition=new, state=ok, price=2.34), Product(id=15549, name=product 15549, condition=new, state=ok, price=2.35), Product(id=28225, name=product 28225, condition=new, state=ok, price=2.35), Product(id=55177, name=product 55177, condition=new, state=ok, price=2.35), Product(id=12595, name=product 12595, condition=new, state=ok, price=2.36), Product(id=14411, name=product 14411, condition=new, state=ok, price=2.36), Product(id=18256, name=product 18256, condition=new, state=ok, price=2.36), Product(id=742, name=product 742, condition=new, state=ok, price=2.36), Product(id=128, name=product 128, condition=new, state=ok, price=2.37), Product(id=20498, name=product 20498, condition=new, state=ok, price=2.37), Product(id=24717, name=product 24717, condition=new, state=ok, price=2.37), Product(id=89510, name=product 89510, condition=new, state=ok, price=2.37), Product(id=32056, name=product 32056, condition=new, state=ok, price=2.38), Product(id=12723, name=product 12723, condition=new, state=ok, price=2.4), Product(id=36772, name=product 36772, condition=new, state=ok, price=2.4), Product(id=42713, name=product 42713, condition=new, state=ok, price=2.4), Product(id=15081, name=product 15081, condition=new, state=ok, price=2.41), Product(id=32960, name=product 32960, condition=new, state=ok, price=2.41), Product(id=63516, name=product 63516, condition=new, state=ok, price=2.41), Product(id=8590, name=product 8590, condition=new, state=ok, price=2.41), Product(id=41873, name=product 41873, condition=new, state=ok, price=2.42), Product(id=88030, name=product 88030, condition=new, state=ok, price=2.42), Product(id=31093, name=product 31093, condition=new, state=ok, price=2.43), Product(id=10152, name=product 10152, condition=new, state=ok, price=2.44), Product(id=11048, name=product 11048, condition=new, state=ok, price=2.45), Product(id=53181, name=product 53181, condition=new, state=ok, price=2.46), Product(id=59994, name=product 59994, condition=new, state=ok, price=2.46), Product(id=88669, name=product 88669, condition=new, state=ok, price=2.46), Product(id=94, name=product 94, condition=new, state=ok, price=2.46), Product(id=38172, name=product 38172, condition=new, state=ok, price=2.47), Product(id=46195, name=product 46195, condition=new, state=ok, price=2.48), Product(id=46539, name=product 46539, condition=new, state=ok, price=2.48), Product(id=7530, name=product 7530, condition=new, state=ok, price=2.49), Product(id=1839, name=product 1839, condition=new, state=ok, price=2.5), Product(id=22740, name=product 22740, condition=new, state=ok, price=2.5), Product(id=29362, name=product 29362, condition=new, state=ok, price=2.5), Product(id=40917, name=product 40917, condition=new, state=ok, price=2.5), Product(id=27293, name=product 27293, condition=new, state=ok, price=2.54), Product(id=10757, name=product 10757, condition=new, state=ok, price=2.55), Product(id=36151, name=product 36151, condition=new, state=ok, price=2.55), Product(id=48662, name=product 48662, condition=new, state=ok, price=2.55), Product(id=5527, name=product 5527, condition=new, state=ok, price=2.55), Product(id=1782, name=product 1782, condition=new, state=ok, price=2.57), Product(id=18076, name=product 18076, condition=new, state=ok, price=2.58), Product(id=2868, name=product 2868, condition=new, state=ok, price=2.59), Product(id=82261, name=product 82261, condition=new, state=ok, price=2.6), Product(id=2440, name=product 2440, condition=new, state=ok, price=2.61), Product(id=38080, name=product 38080, condition=new, state=ok, price=2.61), Product(id=16215, name=product 16215, condition=new, state=ok, price=2.64), Product(id=25104, name=product 25104, condition=new, state=ok, price=2.65), Product(id=40111, name=product 40111, condition=new, state=ok, price=2.66), Product(id=53989, name=product 53989, condition=new, state=ok, price=2.66), Product(id=6776, name=product 6776, condition=new, state=ok, price=2.66), Product(id=3035, name=product 3035, condition=new, state=ok, price=2.67), Product(id=49810, name=product 49810, condition=new, state=ok, price=2.67), Product(id=10206, name=product 10206, condition=new, state=ok, price=2.68), Product(id=80790, name=product 80790, condition=new, state=ok, price=2.68), Product(id=52484, name=product 52484, condition=new, state=ok, price=2.69), Product(id=2799, name=product 2799, condition=new, state=ok, price=2.7), Product(id=3858, name=product 3858, condition=new, state=ok, price=2.7), Product(id=53951, name=product 53951, condition=new, state=ok, price=2.7), Product(id=84451, name=product 84451, condition=new, state=ok, price=2.7), Product(id=16013, name=product 16013, condition=new, state=ok, price=2.71), Product(id=32214, name=product 32214, condition=new, state=ok, price=2.71), Product(id=3574, name=product 3574, condition=new, state=ok, price=2.71), Product(id=3175, name=product 3175, condition=new, state=ok, price=2.73), Product(id=3364, name=product 3364, condition=new, state=ok, price=2.73), Product(id=1471, name=product 1471, condition=new, state=ok, price=2.74), Product(id=35718, name=product 35718, condition=new, state=ok, price=2.74), Product(id=45546, name=product 45546, condition=new, state=ok, price=2.74), Product(id=5143, name=product 5143, condition=new, state=ok, price=2.74), Product(id=25572, name=product 25572, condition=new, state=ok, price=2.76), Product(id=47352, name=product 47352, condition=new, state=ok, price=2.78), Product(id=20985, name=product 20985, condition=new, state=ok, price=2.79), Product(id=17688, name=product 17688, condition=new, state=ok, price=2.8), Product(id=12236, name=product 12236, condition=new, state=ok, price=2.81), Product(id=22874, name=product 22874, condition=new, state=ok, price=2.81), Product(id=47927, name=product 47927, condition=new, state=ok, price=2.82), Product(id=1548, name=product 1548, condition=new, state=ok, price=2.83), Product(id=16265, name=product 16265, condition=new, state=ok, price=2.83), Product(id=27070, name=product 27070, condition=new, state=ok, price=2.83), Product(id=60250, name=product 60250, condition=new, state=ok, price=2.83), Product(id=67960, name=product 67960, condition=new, state=ok, price=2.83), Product(id=55683, name=product 55683, condition=new, state=ok, price=2.84), Product(id=7262, name=product 7262, condition=new, state=ok, price=2.84), Product(id=6108, name=product 6108, condition=new, state=ok, price=2.85), Product(id=29928, name=product 29928, condition=new, state=ok, price=2.86), Product(id=18151, name=product 18151, condition=new, state=ok, price=2.88), Product(id=43130, name=product 43130, condition=new, state=ok, price=2.88), Product(id=46474, name=product 46474, condition=new, state=ok, price=2.88), Product(id=90178, name=product 90178, condition=new, state=ok, price=2.88), Product(id=47509, name=product 47509, condition=new, state=ok, price=2.91), Product(id=10959, name=product 10959, condition=new, state=ok, price=2.92), Product(id=43652, name=product 43652, condition=new, state=ok, price=2.93), Product(id=511, name=product 511, condition=new, state=ok, price=2.94), Product(id=80325, name=product 80325, condition=new, state=ok, price=2.94), Product(id=27592, name=product 27592, condition=new, state=ok, price=2.95), Product(id=36911, name=product 36911, condition=new, state=ok, price=2.95), Product(id=44325, name=product 44325, condition=new, state=ok, price=2.95), Product(id=46232, name=product 46232, condition=new, state=ok, price=2.96), Product(id=91088, name=product 91088, condition=new, state=ok, price=2.97), Product(id=90843, name=product 90843, condition=new, state=ok, price=2.98), Product(id=1646, name=product 1646, condition=new, state=ok, price=2.99), Product(id=44245, name=product 44245, condition=new, state=ok, price=2.99), Product(id=84488, name=product 84488, condition=new, state=ok, price=2.99), Product(id=15615, name=product 15615, condition=new, state=ok, price=3.0), Product(id=39427, name=product 39427, condition=new, state=ok, price=3.0), Product(id=75826, name=product 75826, condition=new, state=ok, price=3.01), Product(id=6869, name=product 6869, condition=new, state=ok, price=3.02), Product(id=164, name=product 164, condition=new, state=ok, price=3.03), Product(id=26524, name=product 26524, condition=new, state=ok, price=3.03), Product(id=54666, name=product 54666, condition=new, state=ok, price=3.03), Product(id=1387, name=product 1387, condition=new, state=ok, price=3.04), Product(id=8237, name=product 8237, condition=new, state=ok, price=3.04), Product(id=98951, name=product 98951, condition=new, state=ok, price=3.04), Product(id=64959, name=product 64959, condition=new, state=ok, price=3.05), Product(id=271, name=product 271, condition=new, state=ok, price=3.07), Product(id=40159, name=product 40159, condition=new, state=ok, price=3.07), Product(id=33796, name=product 33796, condition=new, state=ok, price=3.08), Product(id=38253, name=product 38253, condition=new, state=ok, price=3.08), Product(id=38603, name=product 38603, condition=new, state=ok, price=3.08), Product(id=42573, name=product 42573, condition=new, state=ok, price=3.08), Product(id=59352, name=product 59352, condition=new, state=ok, price=3.08), Product(id=70235, name=product 70235, condition=new, state=ok, price=3.08), Product(id=5584, name=product 5584, condition=new, state=ok, price=3.09), Product(id=49094, name=product 49094, condition=new, state=ok, price=3.12), Product(id=14172, name=product 14172, condition=new, state=ok, price=3.13), Product(id=31636, name=product 31636, condition=new, state=ok, price=3.13), Product(id=44657, name=product 44657, condition=new, state=ok, price=3.13), Product(id=16910, name=product 16910, condition=new, state=ok, price=3.14), Product(id=7107, name=product 7107, condition=new, state=ok, price=3.15), Product(id=36457, name=product 36457, condition=new, state=ok, price=3.16), Product(id=40817, name=product 40817, condition=new, state=ok, price=3.16), Product(id=13122, name=product 13122, condition=new, state=ok, price=3.17), Product(id=23123, name=product 23123, condition=new, state=ok, price=3.17), Product(id=27453, name=product 27453, condition=new, state=ok, price=3.17), Product(id=38595, name=product 38595, condition=new, state=ok, price=3.17), Product(id=59539, name=product 59539, condition=new, state=ok, price=3.18), Product(id=69074, name=product 69074, condition=new, state=ok, price=3.18), Product(id=12420, name=product 12420, condition=new, state=ok, price=3.19), Product(id=4974, name=product 4974, condition=new, state=ok, price=3.19), Product(id=56276, name=product 56276, condition=new, state=ok, price=3.2), Product(id=58349, name=product 58349, condition=new, state=ok, price=3.2), Product(id=62584, name=product 62584, condition=new, state=ok, price=3.2), Product(id=121, name=product 121, condition=new, state=ok, price=3.21), Product(id=20947, name=product 20947, condition=new, state=ok, price=3.21), Product(id=13051, name=product 13051, condition=new, state=ok, price=3.22), Product(id=27972, name=product 27972, condition=new, state=ok, price=3.22), Product(id=453, name=product 453, condition=new, state=ok, price=3.22), Product(id=63872, name=product 63872, condition=new, state=ok, price=3.22), Product(id=87741, name=product 87741, condition=new, state=ok, price=3.22), Product(id=15518, name=product 15518, condition=new, state=ok, price=3.23), Product(id=36940, name=product 36940, condition=new, state=ok, price=3.23), Product(id=52986, name=product 52986, condition=new, state=ok, price=3.23), Product(id=22209, name=product 22209, condition=new, state=ok, price=3.24), Product(id=66753, name=product 66753, condition=new, state=ok, price=3.24), Product(id=73351, name=product 73351, condition=new, state=ok, price=3.26), Product(id=15780, name=product 15780, condition=new, state=ok, price=3.27), Product(id=2848, name=product 2848, condition=new, state=ok, price=3.27), Product(id=86790, name=product 86790, condition=new, state=ok, price=3.27), Product(id=25866, name=product 25866, condition=new, state=ok, price=3.28), Product(id=43879, name=product 43879, condition=new, state=ok, price=3.28), Product(id=5308, name=product 5308, condition=new, state=ok, price=3.28), Product(id=10338, name=product 10338, condition=new, state=ok, price=3.31), Product(id=39912, name=product 39912, condition=new, state=ok, price=3.31), Product(id=56835, name=product 56835, condition=new, state=ok, price=3.31), Product(id=71374, name=product 71374, condition=new, state=ok, price=3.32), Product(id=39827, name=product 39827, condition=new, state=ok, price=3.33), Product(id=16087, name=product 16087, condition=new, state=ok, price=3.34), Product(id=17162, name=product 17162, condition=new, state=ok, price=3.34), Product(id=20396, name=product 20396, condition=new, state=ok, price=3.34), Product(id=2269, name=product 2269, condition=new, state=ok, price=3.34), Product(id=5022, name=product 5022, condition=new, state=ok, price=3.34), Product(id=12740, name=product 12740, condition=new, state=ok, price=3.37), Product(id=1833, name=product 1833, condition=new, state=ok, price=3.37), Product(id=6365, name=product 6365, condition=new, state=ok, price=3.37), Product(id=3247, name=product 3247, condition=new, state=ok, price=3.39), Product(id=41684, name=product 41684, condition=new, state=ok, price=3.39), Product(id=5060, name=product 5060, condition=new, state=ok, price=3.39), Product(id=7302, name=product 7302, condition=new, state=ok, price=3.39), Product(id=91937, name=product 91937, condition=new, state=ok, price=3.4), Product(id=10484, name=product 10484, condition=new, state=ok, price=3.42), Product(id=37822, name=product 37822, condition=new, state=ok, price=3.42), Product(id=70361, name=product 70361, condition=new, state=ok, price=3.42), Product(id=2801, name=product 2801, condition=new, state=ok, price=3.43), Product(id=14341, name=product 14341, condition=new, state=ok, price=3.44), Product(id=1492, name=product 1492, condition=new, state=ok, price=3.44), Product(id=41196, name=product 41196, condition=new, state=ok, price=3.45), Product(id=82523, name=product 82523, condition=new, state=ok, price=3.45), Product(id=21589, name=product 21589, condition=new, state=ok, price=3.46), Product(id=28917, name=product 28917, condition=new, state=ok, price=3.46), Product(id=65622, name=product 65622, condition=new, state=ok, price=3.47), Product(id=67101, name=product 67101, condition=new, state=ok, price=3.47), Product(id=82469, name=product 82469, condition=new, state=ok, price=3.47), Product(id=18186, name=product 18186, condition=new, state=ok, price=3.48), Product(id=79550, name=product 79550, condition=new, state=ok, price=3.5), Product(id=16696, name=product 16696, condition=new, state=ok, price=3.51), Product(id=19880, name=product 19880, condition=new, state=ok, price=3.51), Product(id=24301, name=product 24301, condition=new, state=ok, price=3.51), Product(id=33393, name=product 33393, condition=new, state=ok, price=3.51), Product(id=78301, name=product 78301, condition=new, state=ok, price=3.51), Product(id=37513, name=product 37513, condition=new, state=ok, price=3.52), Product(id=27398, name=product 27398, condition=new, state=ok, price=3.53), Product(id=85732, name=product 85732, condition=new, state=ok, price=3.53), Product(id=4315, name=product 4315, condition=new, state=ok, price=3.54), Product(id=86981, name=product 86981, condition=new, state=ok, price=3.54), Product(id=4715, name=product 4715, condition=new, state=ok, price=3.56), Product(id=15462, name=product 15462, condition=new, state=ok, price=3.57), Product(id=1908, name=product 1908, condition=new, state=ok, price=3.57), Product(id=34065, name=product 34065, condition=new, state=ok, price=3.57), Product(id=48105, name=product 48105, condition=new, state=ok, price=3.57), Product(id=4379, name=product 4379, condition=new, state=ok, price=3.59), Product(id=51516, name=product 51516, condition=new, state=ok, price=3.59), Product(id=81166, name=product 81166, condition=new, state=ok, price=3.59), Product(id=92315, name=product 92315, condition=new, state=ok, price=3.59), Product(id=11215, name=product 11215, condition=new, state=ok, price=3.6), Product(id=45695, name=product 45695, condition=new, state=ok, price=3.6), Product(id=98943, name=product 98943, condition=new, state=ok, price=3.6), Product(id=8394, name=product 8394, condition=new, state=ok, price=3.61), Product(id=93053, name=product 93053, condition=new, state=ok, price=3.61), Product(id=27587, name=product 27587, condition=new, state=ok, price=3.62), Product(id=35642, name=product 35642, condition=new, state=ok, price=3.62), Product(id=44609, name=product 44609, condition=new, state=ok, price=3.62), Product(id=23771, name=product 23771, condition=new, state=ok, price=3.63), Product(id=29138, name=product 29138, condition=new, state=ok, price=3.63), Product(id=36268, name=product 36268, condition=new, state=ok, price=3.63), Product(id=36706, name=product 36706, condition=new, state=ok, price=3.63), Product(id=75804, name=product 75804, condition=new, state=ok, price=3.64), Product(id=32418, name=product 32418, condition=new, state=ok, price=3.65), Product(id=96466, name=product 96466, condition=new, state=ok, price=3.65), Product(id=26638, name=product 26638, condition=new, state=ok, price=3.67), Product(id=26199, name=product 26199, condition=new, state=ok, price=3.68), Product(id=4810, name=product 4810, condition=new, state=ok, price=3.68), Product(id=56906, name=product 56906, condition=new, state=ok, price=3.68), Product(id=11178, name=product 11178, condition=new, state=ok, price=3.69), Product(id=17285, name=product 17285, condition=new, state=ok, price=3.69), Product(id=12104, name=product 12104, condition=new, state=ok, price=3.7), Product(id=20239, name=product 20239, condition=new, state=ok, price=3.7), Product(id=21025, name=product 21025, condition=new, state=ok, price=3.7), Product(id=23521, name=product 23521, condition=new, state=ok, price=3.7), Product(id=39761, name=product 39761, condition=new, state=ok, price=3.7), Product(id=25059, name=product 25059, condition=new, state=ok, price=3.71), Product(id=43604, name=product 43604, condition=new, state=ok, price=3.71), Product(id=45975, name=product 45975, condition=new, state=ok, price=3.71), Product(id=98987, name=product 98987, condition=new, state=ok, price=3.71), Product(id=31597, name=product 31597, condition=new, state=ok, price=3.74), Product(id=49214, name=product 49214, condition=new, state=ok, price=3.74), Product(id=1034, name=product 1034, condition=new, state=ok, price=3.75), Product(id=15978, name=product 15978, condition=new, state=ok, price=3.75), Product(id=21331, name=product 21331, condition=new, state=ok, price=3.76), Product(id=2484, name=product 2484, condition=new, state=ok, price=3.76), Product(id=28902, name=product 28902, condition=new, state=ok, price=3.77), Product(id=5955, name=product 5955, condition=new, state=ok, price=3.77), Product(id=6460, name=product 6460, condition=new, state=ok, price=3.77), Product(id=9417, name=product 9417, condition=new, state=ok, price=3.77), Product(id=1367, name=product 1367, condition=new, state=ok, price=3.78), Product(id=8387, name=product 8387, condition=new, state=ok, price=3.78), Product(id=66050, name=product 66050, condition=new, state=ok, price=3.79), Product(id=8420, name=product 8420, condition=new, state=ok, price=3.79), Product(id=3654, name=product 3654, condition=new, state=ok, price=3.8), Product(id=51321, name=product 51321, condition=new, state=ok, price=3.8), Product(id=36497, name=product 36497, condition=new, state=ok, price=3.81), Product(id=8380, name=product 8380, condition=new, state=ok, price=3.81), Product(id=75550, name=product 75550, condition=new, state=ok, price=3.82), Product(id=88522, name=product 88522, condition=new, state=ok, price=3.82), Product(id=1601, name=product 1601, condition=new, state=ok, price=3.83), Product(id=80511, name=product 80511, condition=new, state=ok, price=3.83), Product(id=96817, name=product 96817, condition=new, state=ok, price=3.84), Product(id=29219, name=product 29219, condition=new, state=ok, price=3.85), Product(id=45458, name=product 45458, condition=new, state=ok, price=3.85), Product(id=10263, name=product 10263, condition=new, state=ok, price=3.86), Product(id=14123, name=product 14123, condition=new, state=ok, price=3.86), Product(id=63911, name=product 63911, condition=new, state=ok, price=3.86), Product(id=73542, name=product 73542, condition=new, state=ok, price=3.86), Product(id=89955, name=product 89955, condition=new, state=ok, price=3.86), Product(id=958, name=product 958, condition=new, state=ok, price=3.87), Product(id=98122, name=product 98122, condition=new, state=ok, price=3.88), Product(id=21414, name=product 21414, condition=new, state=ok, price=3.89), Product(id=10512, name=product 10512, condition=new, state=ok, price=3.91), Product(id=52931, name=product 52931, condition=new, state=ok, price=3.91), Product(id=81562, name=product 81562, condition=new, state=ok, price=3.92), Product(id=795, name=product 795, condition=new, state=ok, price=3.93), Product(id=985, name=product 985, condition=new, state=ok, price=3.93), Product(id=37173, name=product 37173, condition=new, state=ok, price=3.94), Product(id=6125, name=product 6125, condition=new, state=ok, price=3.94), Product(id=1380, name=product 1380, condition=new, state=ok, price=3.95), Product(id=2131, name=product 2131, condition=new, state=ok, price=3.95), Product(id=22008, name=product 22008, condition=new, state=ok, price=3.96), Product(id=33957, name=product 33957, condition=new, state=ok, price=3.97), Product(id=42697, name=product 42697, condition=new, state=ok, price=3.97), Product(id=13242, name=product 13242, condition=new, state=ok, price=3.98), Product(id=16646, name=product 16646, condition=new, state=ok, price=3.98), Product(id=16009, name=product 16009, condition=new, state=ok, price=3.99), Product(id=17329, name=product 17329, condition=new, state=ok, price=3.99), Product(id=373, name=product 373, condition=new, state=ok, price=4.0), Product(id=43849, name=product 43849, condition=new, state=ok, price=4.0), Product(id=22414, name=product 22414, condition=new, state=ok, price=4.01), Product(id=74895, name=product 74895, condition=new, state=ok, price=4.01), Product(id=85614, name=product 85614, condition=new, state=ok, price=4.01), Product(id=3941, name=product 3941, condition=new, state=ok, price=4.02), Product(id=6747, name=product 6747, condition=new, state=ok, price=4.02), Product(id=70220, name=product 70220, condition=new, state=ok, price=4.02), Product(id=8527, name=product 8527, condition=new, state=ok, price=4.02), Product(id=12254, name=product 12254, condition=new, state=ok, price=4.03), Product(id=16340, name=product 16340, condition=new, state=ok, price=4.03), Product(id=32364, name=product 32364, condition=new, state=ok, price=4.03), Product(id=4806, name=product 4806, condition=new, state=ok, price=4.03), Product(id=58565, name=product 58565, condition=new, state=ok, price=4.04), Product(id=6721, name=product 6721, condition=new, state=ok, price=4.04), Product(id=19860, name=product 19860, condition=new, state=ok, price=4.05), Product(id=29082, name=product 29082, condition=new, state=ok, price=4.05), Product(id=31749, name=product 31749, condition=new, state=ok, price=4.06), Product(id=41787, name=product 41787, condition=new, state=ok, price=4.06), Product(id=50807, name=product 50807, condition=new, state=ok, price=4.06), Product(id=458, name=product 458, condition=new, state=ok, price=4.08), Product(id=99563, name=product 99563, condition=new, state=ok, price=4.08), Product(id=38697, name=product 38697, condition=new, state=ok, price=4.09), Product(id=39741, name=product 39741, condition=new, state=ok, price=4.09), Product(id=55497, name=product 55497, condition=new, state=ok, price=4.09), Product(id=7770, name=product 7770, condition=new, state=ok, price=4.09), Product(id=37834, name=product 37834, condition=new, state=ok, price=4.1), Product(id=3259, name=product 3259, condition=new, state=ok, price=4.11), Product(id=35826, name=product 35826, condition=new, state=ok, price=4.12), Product(id=21156, name=product 21156, condition=new, state=ok, price=4.13), Product(id=31466, name=product 31466, condition=new, state=ok, price=4.13), Product(id=20146, name=product 20146, condition=new, state=ok, price=4.14), Product(id=95936, name=product 95936, condition=new, state=ok, price=4.14), Product(id=97623, name=product 97623, condition=new, state=ok, price=4.15), Product(id=5409, name=product 5409, condition=new, state=ok, price=4.19), Product(id=59500, name=product 59500, condition=new, state=ok, price=4.21), Product(id=19161, name=product 19161, condition=new, state=ok, price=4.22), Product(id=50778, name=product 50778, condition=new, state=ok, price=4.22), Product(id=31162, name=product 31162, condition=new, state=ok, price=4.23), Product(id=10522, name=product 10522, condition=new, state=ok, price=4.24), Product(id=83307, name=product 83307, condition=new, state=ok, price=4.24), Product(id=12176, name=product 12176, condition=new, state=ok, price=4.25), Product(id=50742, name=product 50742, condition=new, state=ok, price=4.25), Product(id=68019, name=product 68019, condition=new, state=ok, price=4.25), Product(id=95713, name=product 95713, condition=new, state=ok, price=4.25), Product(id=23283, name=product 23283, condition=new, state=ok, price=4.26), Product(id=28928, name=product 28928, condition=new, state=ok, price=4.26), Product(id=11899, name=product 11899, condition=new, state=ok, price=4.27), Product(id=36217, name=product 36217, condition=new, state=ok, price=4.27), Product(id=5314, name=product 5314, condition=new, state=ok, price=4.28), Product(id=23586, name=product 23586, condition=new, state=ok, price=4.29), Product(id=35905, name=product 35905, condition=new, state=ok, price=4.29), Product(id=89814, name=product 89814, condition=new, state=ok, price=4.29), Product(id=19916, name=product 19916, condition=new, state=ok, price=4.3), Product(id=76504, name=product 76504, condition=new, state=ok, price=4.31), Product(id=7993, name=product 7993, condition=new, state=ok, price=4.31), Product(id=85357, name=product 85357, condition=new, state=ok, price=4.31), Product(id=26651, name=product 26651, condition=new, state=ok, price=4.32), Product(id=34146, name=product 34146, condition=new, state=ok, price=4.32), Product(id=1559, name=product 1559, condition=new, state=ok, price=4.33), Product(id=40376, name=product 40376, condition=new, state=ok, price=4.33), Product(id=5333, name=product 5333, condition=new, state=ok, price=4.34), Product(id=65798, name=product 65798, condition=new, state=ok, price=4.34), Product(id=10012, name=product 10012, condition=new, state=ok, price=4.35), Product(id=18256, name=product 18256, condition=new, state=ok, price=4.35), Product(id=697, name=product 697, condition=new, state=ok, price=4.36), Product(id=17360, name=product 17360, condition=new, state=ok, price=4.37), Product(id=22392, name=product 22392, condition=new, state=ok, price=4.37), Product(id=2819, name=product 2819, condition=new, state=ok, price=4.37), Product(id=52131, name=product 52131, condition=new, state=ok, price=4.38), Product(id=8078, name=product 8078, condition=new, state=ok, price=4.38), Product(id=98292, name=product 98292, condition=new, state=ok, price=4.38), Product(id=2401, name=product 2401, condition=new, state=ok, price=4.39), Product(id=2940, name=product 2940, condition=new, state=ok, price=4.39), Product(id=71544, name=product 71544, condition=new, state=ok, price=4.39), Product(id=83502, name=product 83502, condition=new, state=ok, price=4.42), Product(id=15712, name=product 15712, condition=new, state=ok, price=4.43), Product(id=65459, name=product 65459, condition=new, state=ok, price=4.43), Product(id=76915, name=product 76915, condition=new, state=ok, price=4.43), Product(id=94293, name=product 94293, condition=new, state=ok, price=4.43), Product(id=3561, name=product 3561, condition=new, state=ok, price=4.44), Product(id=43485, name=product 43485, condition=new, state=ok, price=4.44), Product(id=44224, name=product 44224, condition=new, state=ok, price=4.44), Product(id=13209, name=product 13209, condition=new, state=ok, price=4.45), Product(id=1453, name=product 1453, condition=new, state=ok, price=4.45), Product(id=24664, name=product 24664, condition=new, state=ok, price=4.45), Product(id=701, name=product 701, condition=new, state=ok, price=4.45), Product(id=17121, name=product 17121, condition=new, state=ok, price=4.46), Product(id=32244, name=product 32244, condition=new, state=ok, price=4.46), Product(id=80829, name=product 80829, condition=new, state=ok, price=4.46), Product(id=1462, name=product 1462, condition=new, state=ok, price=4.47), Product(id=20286, name=product 20286, condition=new, state=ok, price=4.47), Product(id=5713, name=product 5713, condition=new, state=ok, price=4.47), Product(id=85840, name=product 85840, condition=new, state=ok, price=4.48), Product(id=22387, name=product 22387, condition=new, state=ok, price=4.49), Product(id=4315, name=product 4315, condition=new, state=ok, price=4.49), Product(id=49751, name=product 49751, condition=new, state=ok, price=4.49), Product(id=3000, name=product 3000, condition=new, state=ok, price=4.5), Product(id=30168, name=product 30168, condition=new, state=ok, price=4.51), Product(id=64490, name=product 64490, condition=new, state=ok, price=4.51), Product(id=50191, name=product 50191, condition=new, state=ok, price=4.53), Product(id=73329, name=product 73329, condition=new, state=ok, price=4.54), Product(id=128, name=product 128, condition=new, state=ok, price=4.55), Product(id=20007, name=product 20007, condition=new, state=ok, price=4.55), Product(id=67460, name=product 67460, condition=new, state=ok, price=4.55), Product(id=89667, name=product 89667, condition=new, state=ok, price=4.55), Product(id=36499, name=product 36499, condition=new, state=ok, price=4.56), Product(id=37235, name=product 37235, condition=new, state=ok, price=4.57), Product(id=12263, name=product 12263, condition=new, state=ok, price=4.58), Product(id=13867, name=product 13867, condition=new, state=ok, price=4.58), Product(id=19994, name=product 19994, condition=new, state=ok, price=4.58), Product(id=4762, name=product 4762, condition=new, state=ok, price=4.58), Product(id=57190, name=product 57190, condition=new, state=ok, price=4.58), Product(id=391, name=product 391, condition=new, state=ok, price=4.59), Product(id=69398, name=product 69398, condition=new, state=ok, price=4.59), Product(id=22057, name=product 22057, condition=new, state=ok, price=4.6), Product(id=32303, name=product 32303, condition=new, state=ok, price=4.6), Product(id=88984, name=product 88984, condition=new, state=ok, price=4.6), Product(id=99627, name=product 99627, condition=new, state=ok, price=4.6), Product(id=1352, name=product 1352, condition=new, state=ok, price=4.61), Product(id=9557, name=product 9557, condition=new, state=ok, price=4.61), Product(id=16449, name=product 16449, condition=new, state=ok, price=4.62), Product(id=4723, name=product 4723, condition=new, state=ok, price=4.63), Product(id=16613, name=product 16613, condition=new, state=ok, price=4.64), Product(id=17444, name=product 17444, condition=new, state=ok, price=4.64), Product(id=33849, name=product 33849, condition=new, state=ok, price=4.64), Product(id=3415, name=product 3415, condition=new, state=ok, price=4.64), Product(id=45464, name=product 45464, condition=new, state=ok, price=4.65), Product(id=81908, name=product 81908, condition=new, state=ok, price=4.66), Product(id=30997, name=product 30997, condition=new, state=ok, price=4.67), Product(id=49198, name=product 49198, condition=new, state=ok, price=4.67), Product(id=27880, name=product 27880, condition=new, state=ok, price=4.68), Product(id=4519, name=product 4519, condition=new, state=ok, price=4.68), Product(id=48118, name=product 48118, condition=new, state=ok, price=4.68), Product(id=40890, name=product 40890, condition=new, state=ok, price=4.7), Product(id=86074, name=product 86074, condition=new, state=ok, price=4.7), Product(id=1576, name=product 1576, condition=new, state=ok, price=4.72), Product(id=35188, name=product 35188, condition=new, state=ok, price=4.73), Product(id=16254, name=product 16254, condition=new, state=ok, price=4.75), Product(id=33120, name=product 33120, condition=new, state=ok, price=4.75), Product(id=39, name=product 39, condition=new, state=ok, price=4.75), Product(id=42668, name=product 42668, condition=new, state=ok, price=4.75), Product(id=24717, name=product 24717, condition=new, state=ok, price=4.76), Product(id=32703, name=product 32703, condition=new, state=ok, price=4.76), Product(id=92115, name=product 92115, condition=new, state=ok, price=4.76), Product(id=19993, name=product 19993, condition=new, state=ok, price=4.78), Product(id=2582, name=product 2582, condition=new, state=ok, price=4.79), Product(id=28544, name=product 28544, condition=new, state=ok, price=4.8), Product(id=54707, name=product 54707, condition=new, state=ok, price=4.8), Product(id=84141, name=product 84141, condition=new, state=ok, price=4.8), Product(id=17022, name=product 17022, condition=new, state=ok, price=4.81), Product(id=17049, name=product 17049, condition=new, state=ok, price=4.81), Product(id=20035, name=product 20035, condition=new, state=ok, price=4.82), Product(id=2080, name=product 2080, condition=new, state=ok, price=4.82), Product(id=8261, name=product 8261, condition=new, state=ok, price=4.82), Product(id=57158, name=product 57158, condition=new, state=ok, price=4.83), Product(id=16267, name=product 16267, condition=new, state=ok, price=4.84), Product(id=46985, name=product 46985, condition=new, state=ok, price=4.85), Product(id=3492, name=product 3492, condition=new, state=ok, price=4.86), Product(id=4967, name=product 4967, condition=new, state=ok, price=4.86), Product(id=59715, name=product 59715, condition=new, state=ok, price=4.87), Product(id=62750, name=product 62750, condition=new, state=ok, price=4.87), Product(id=23177, name=product 23177, condition=new, state=ok, price=4.88), Product(id=88376, name=product 88376, condition=new, state=ok, price=4.88), Product(id=9219, name=product 9219, condition=new, state=ok, price=4.88), Product(id=10425, name=product 10425, condition=new, state=ok, price=4.89), Product(id=7075, name=product 7075, condition=new, state=ok, price=4.89), Product(id=64748, name=product 64748, condition=new, state=ok, price=4.9), Product(id=87474, name=product 87474, condition=new, state=ok, price=4.9), Product(id=5496, name=product 5496, condition=new, state=ok, price=4.91), Product(id=59899, name=product 59899, condition=new, state=ok, price=4.93), Product(id=54440, name=product 54440, condition=new, state=ok, price=4.94), Product(id=67286, name=product 67286, condition=new, state=ok, price=4.94), Product(id=72421, name=product 72421, condition=new, state=ok, price=4.94), Product(id=75148, name=product 75148, condition=new, state=ok, price=4.94), Product(id=20278, name=product 20278, condition=new, state=ok, price=4.95), Product(id=34152, name=product 34152, condition=new, state=ok, price=4.95), Product(id=4973, name=product 4973, condition=new, state=ok, price=4.96), Product(id=17633, name=product 17633, condition=new, state=ok, price=4.97), Product(id=76731, name=product 76731, condition=new, state=ok, price=4.97), Product(id=50078, name=product 50078, condition=new, state=ok, price=5.0), Product(id=36747, name=product 36747, condition=new, state=ok, price=5.01), Product(id=16508, name=product 16508, condition=new, state=ok, price=5.02), Product(id=3377, name=product 3377, condition=new, state=ok, price=5.02), Product(id=25749, name=product 25749, condition=new, state=ok, price=5.03), Product(id=8061, name=product 8061, condition=new, state=ok, price=5.03), Product(id=81302, name=product 81302, condition=new, state=ok, price=5.03), Product(id=20438, name=product 20438, condition=new, state=ok, price=5.04), Product(id=21909, name=product 21909, condition=new, state=ok, price=5.04), Product(id=9986, name=product 9986, condition=new, state=ok, price=5.04), Product(id=49347, name=product 49347, condition=new, state=ok, price=5.05), Product(id=79232, name=product 79232, condition=new, state=ok, price=5.05), Product(id=17244, name=product 17244, condition=new, state=ok, price=5.06), Product(id=2268, name=product 2268, condition=new, state=ok, price=5.06), Product(id=98453, name=product 98453, condition=new, state=ok, price=5.06), Product(id=22994, name=product 22994, condition=new, state=ok, price=5.07), Product(id=6728, name=product 6728, condition=new, state=ok, price=5.09), Product(id=24719, name=product 24719, condition=new, state=ok, price=5.1), Product(id=39080, name=product 39080, condition=new, state=ok, price=5.1), Product(id=9499, name=product 9499, condition=new, state=ok, price=5.1), Product(id=20641, name=product 20641, condition=new, state=ok, price=5.11), Product(id=39977, name=product 39977, condition=new, state=ok, price=5.11), Product(id=71137, name=product 71137, condition=new, state=ok, price=5.12), Product(id=25373, name=product 25373, condition=new, state=ok, price=5.13), Product(id=43442, name=product 43442, condition=new, state=ok, price=5.13), Product(id=49102, name=product 49102, condition=new, state=ok, price=5.14), Product(id=6047, name=product 6047, condition=new, state=ok, price=5.14), Product(id=24303, name=product 24303, condition=new, state=ok, price=5.15), Product(id=32040, name=product 32040, condition=new, state=ok, price=5.15), Product(id=94001, name=product 94001, condition=new, state=ok, price=5.16), Product(id=15566, name=product 15566, condition=new, state=ok, price=5.17), Product(id=31995, name=product 31995, condition=new, state=ok, price=5.17), Product(id=3536, name=product 3536, condition=new, state=ok, price=5.17), Product(id=47742, name=product 47742, condition=new, state=ok, price=5.17), Product(id=44595, name=product 44595, condition=new, state=ok, price=5.18), Product(id=56164, name=product 56164, condition=new, state=ok, price=5.18), Product(id=14529, name=product 14529, condition=new, state=ok, price=5.2), Product(id=1938, name=product 1938, condition=new, state=ok, price=5.2), Product(id=67317, name=product 67317, condition=new, state=ok, price=5.2), Product(id=19926, name=product 19926, condition=new, state=ok, price=5.21), Product(id=48316, name=product 48316, condition=new, state=ok, price=5.21), Product(id=12756, name=product 12756, condition=new, state=ok, price=5.22), Product(id=21458, name=product 21458, condition=new, state=ok, price=5.22), Product(id=30035, name=product 30035, condition=new, state=ok, price=5.22), Product(id=43901, name=product 43901, condition=new, state=ok, price=5.22), Product(id=25089, name=product 25089, condition=new, state=ok, price=5.23), Product(id=10325, name=product 10325, condition=new, state=ok, price=5.24), Product(id=92628, name=product 92628, condition=new, state=ok, price=5.24), Product(id=21963, name=product 21963, condition=new, state=ok, price=5.25), Product(id=31982, name=product 31982, condition=new, state=ok, price=5.25), Product(id=10000, name=product 10000, condition=new, state=ok, price=5.27), Product(id=13410, name=product 13410, condition=new, state=ok, price=5.28), Product(id=33985, name=product 33985, condition=new, state=ok, price=5.28), Product(id=93068, name=product 93068, condition=new, state=ok, price=5.28), Product(id=421, name=product 421, condition=new, state=ok, price=5.29), Product(id=6853, name=product 6853, condition=new, state=ok, price=5.29), Product(id=9008, name=product 9008, condition=new, state=ok, price=5.29), Product(id=81550, name=product 81550, condition=new, state=ok, price=5.3), Product(id=99702, name=product 99702, condition=new, state=ok, price=5.3), Product(id=17111, name=product 17111, condition=new, state=ok, price=5.31), Product(id=28192, name=product 28192, condition=new, state=ok, price=5.31), Product(id=41182, name=product 41182, condition=new, state=ok, price=5.31), Product(id=43879, name=product 43879, condition=new, state=ok, price=5.32), Product(id=90578, name=product 90578, condition=new, state=ok, price=5.33), Product(id=50362, name=product 50362, condition=new, state=ok, price=5.34), Product(id=5165, name=product 5165, condition=new, state=ok, price=5.34)]&gt;
	at org.junit.Assert.fail(Assert.java:88)
	at org.junit.Assert.failNotEquals(Assert.java:834)
	at org.junit.Assert.assertEquals(Assert.java:118)
	at org.junit.Assert.assertEquals(Assert.java:144)
	at net.ddns.arnautovevgeny.pricelist.AutomationTest.producerConsumer(AutomationTest.java:251)
	at net.ddns.arnautovevgeny.pricelist.AutomationTest.testViaProducerConsumer(AutomationTest.java:256)
	at java.base/jdk.internal.reflect.NativeMethodAccessorImpl.invoke0(Native Method)
	at java.base/jdk.internal.reflect.NativeMethodAccessorImpl.invoke(NativeMethodAccessorImpl.java:62)
	at java.base/jdk.internal.reflect.DelegatingMethodAccessorImpl.invoke(DelegatingMethodAccessorImpl.java:43)
	at java.base/java.lang.reflect.Method.invoke(Method.java:566)
	at org.junit.runners.model.FrameworkMethod$1.runReflectiveCall(FrameworkMethod.java:50)
	at org.junit.internal.runners.model.ReflectiveCallable.run(ReflectiveCallable.java:12)
	at org.junit.runners.model.FrameworkMethod.invokeExplosively(FrameworkMethod.java:47)
	at org.junit.internal.runners.statements.InvokeMethod.evaluate(InvokeMethod.java:17)
	at org.junit.internal.runners.statements.RunBefores.evaluate(RunBefores.java:26)
	at org.junit.internal.runners.statements.RunAfters.evaluate(RunAfters.java:27)
	at org.junit.runners.ParentRunner.runLeaf(ParentRunner.java:325)
	at org.junit.runners.BlockJUnit4ClassRunner.runChild(BlockJUnit4ClassRunner.java:78)
	at org.junit.runners.BlockJUnit4ClassRunner.runChild(BlockJUnit4ClassRunner.java:57)
	at org.junit.runners.ParentRunner$3.run(ParentRunner.java:290)
	at org.junit.runners.ParentRunner$1.schedule(ParentRunner.java:71)
	at org.junit.runners.ParentRunner.runChildren(ParentRunner.java:288)
	at org.junit.runners.ParentRunner.access$000(ParentRunner.java:58)
	at org.junit.runners.ParentRunner$2.evaluate(ParentRunner.java:268)
	at org.junit.runners.ParentRunner.run(ParentRunner.java:363)
	at org.apache.maven.surefire.junit4.JUnit4Provider.execute(JUnit4Provider.java:252)
	at org.apache.maven.surefire.junit4.JUnit4Provider.executeTestSet(JUnit4Provider.java:141)
	at org.apache.maven.surefire.junit4.JUnit4Provider.invoke(JUnit4Provider.java:112)
	at java.base/jdk.internal.reflect.NativeMethodAccessorImpl.invoke0(Native Method)
	at java.base/jdk.internal.reflect.NativeMethodAccessorImpl.invoke(NativeMethodAccessorImpl.java:62)
	at java.base/jdk.internal.reflect.DelegatingMethodAccessorImpl.invoke(DelegatingMethodAccessorImpl.java:43)
	at java.base/java.lang.reflect.Method.invoke(Method.java:566)
	at org.apache.maven.surefire.util.ReflectionUtils.invokeMethodWithArray(ReflectionUtils.java:189)
	at org.apache.maven.surefire.booter.ProviderFactory$ProviderProxy.invoke(ProviderFactory.java:165)
	at org.apache.maven.surefire.booter.ProviderFactory.invokeProvider(ProviderFactory.java:85)
	at org.apache.maven.surefire.booter.ForkedBooter.runSuitesInProcess(ForkedBooter.java:115)
	at org.apache.maven.surefire.booter.ForkedBooter.main(ForkedBooter.java:75)
</failure>
    <system-out>18:23:31,247 |-INFO in ch.qos.logback.classic.LoggerContext[default] - Could NOT find resource [logback-test.xml]
18:23:31,248 |-INFO in ch.qos.logback.classic.LoggerContext[default] - Could NOT find resource [logback.groovy]
18:23:31,249 |-INFO in ch.qos.logback.classic.LoggerContext[default] - Found resource [logback.xml] at [file:/D:/Projects/priceList/target/classes/logback.xml]
18:23:31,373 |-INFO in ch.qos.logback.classic.joran.action.ConfigurationAction - debug attribute not set
18:23:31,381 |-INFO in ch.qos.logback.core.joran.action.AppenderAction - About to instantiate appender of type [ch.qos.logback.core.rolling.RollingFileAppender]
18:23:31,387 |-INFO in ch.qos.logback.core.joran.action.AppenderAction - Naming appender as [FILE]
18:23:31,404 |-INFO in c.q.l.core.rolling.TimeBasedRollingPolicy@1995250556 - setting totalSizeCap to 3 GB
18:23:31,462 |-INFO in c.q.l.core.rolling.TimeBasedRollingPolicy@1995250556 - Will use gz compression
18:23:31,464 |-INFO in c.q.l.core.rolling.TimeBasedRollingPolicy@1995250556 - Will use the pattern ./%d{yyyy/MM}/LogFile for the active file
18:23:31,469 |-INFO in c.q.l.core.rolling.DefaultTimeBasedFileNamingAndTriggeringPolicy - The date pattern is &apos;yyyy/MM&apos; from file name pattern &apos;./%d{yyyy/MM}/LogFile.gz&apos;.
18:23:31,469 |-INFO in c.q.l.core.rolling.DefaultTimeBasedFileNamingAndTriggeringPolicy - Rollover at start of every month.
18:23:31,481 |-INFO in c.q.l.core.rolling.DefaultTimeBasedFileNamingAndTriggeringPolicy - Setting initial period to Thu Oct 10 18:18:57 YEKT 2019
18:23:31,482 |-WARN in c.q.l.core.rolling.TimeBasedRollingPolicy@1995250556 - &apos;maxHistory&apos; is not set, ignoring &apos;totalSizeCap&apos; option with value [3 GB]
18:23:31,501 |-INFO in ch.qos.logback.core.rolling.RollingFileAppender[FILE] - Active log file name: ./LogFile.log
18:23:31,501 |-INFO in ch.qos.logback.core.rolling.RollingFileAppender[FILE] - File property is set to [./LogFile.log]
18:23:31,503 |-INFO in ch.qos.logback.classic.joran.action.LoggerAction - Setting level of logger [net.ddns.arnautovevgeny] to INFO
18:23:31,503 |-INFO in ch.qos.logback.classic.joran.action.RootLoggerAction - Setting level of ROOT logger to INFO
18:23:31,503 |-INFO in ch.qos.logback.core.joran.action.AppenderRefAction - Attaching appender named [FILE] to Logger[ROOT]
18:23:31,504 |-INFO in ch.qos.logback.classic.joran.action.ConfigurationAction - End of configuration.
18:23:31,505 |-INFO in ch.qos.logback.classic.joran.JoranConfigurator@11fc564b - Registering current configuration as safe fallback point

</system-out>
  </testcase>
  <testcase classname="net.ddns.arnautovevgeny.pricelist.AutomationTest" name="testViaStream" time="1.702">
    <failure message="expected: java.util.concurrent.ConcurrentSkipListSet&lt;[Product(id=840, name=product 840, condition=new, state=ok, price=0.01), Product(id=6275, name=product 6275, condition=new, state=ok, price=0.02), Product(id=79875, name=product 79875, condition=new, state=ok, price=0.02), Product(id=8169, name=product 8169, condition=new, state=ok, price=0.02), Product(id=26463, name=product 26463, condition=new, state=ok, price=0.03), Product(id=42920, name=product 42920, condition=new, state=ok, price=0.03), Product(id=79198, name=product 79198, condition=new, state=ok, price=0.03), Product(id=27393, name=product 27393, condition=new, state=ok, price=0.05), Product(id=2329, name=product 2329, condition=new, state=ok, price=0.06), Product(id=36535, name=product 36535, condition=new, state=ok, price=0.06), Product(id=84156, name=product 84156, condition=new, state=ok, price=0.06), Product(id=91851, name=product 91851, condition=new, state=ok, price=0.06), Product(id=12990, name=product 12990, condition=new, state=ok, price=0.07), Product(id=89239, name=product 89239, condition=new, state=ok, price=0.07), Product(id=1957, name=product 1957, condition=new, state=ok, price=0.08), Product(id=8035, name=product 8035, condition=new, state=ok, price=0.08), Product(id=5694, name=product 5694, condition=new, state=ok, price=0.1), Product(id=13678, name=product 13678, condition=new, state=ok, price=0.11), Product(id=48869, name=product 48869, condition=new, state=ok, price=0.11), Product(id=10933, name=product 10933, condition=new, state=ok, price=0.13), Product(id=16532, name=product 16532, condition=new, state=ok, price=0.13), Product(id=1121, name=product 1121, condition=new, state=ok, price=0.14), Product(id=69096, name=product 69096, condition=new, state=ok, price=0.15), Product(id=9427, name=product 9427, condition=new, state=ok, price=0.15), Product(id=10975, name=product 10975, condition=new, state=ok, price=0.16), Product(id=11443, name=product 11443, condition=new, state=ok, price=0.16), Product(id=69236, name=product 69236, condition=new, state=ok, price=0.16), Product(id=2192, name=product 2192, condition=new, state=ok, price=0.17), Product(id=3111, name=product 3111, condition=new, state=ok, price=0.18), Product(id=59367, name=product 59367, condition=new, state=ok, price=0.18), Product(id=85418, name=product 85418, condition=new, state=ok, price=0.18), Product(id=24014, name=product 24014, condition=new, state=ok, price=0.19), Product(id=67480, name=product 67480, condition=new, state=ok, price=0.19), Product(id=9806, name=product 9806, condition=new, state=ok, price=0.19), Product(id=21081, name=product 21081, condition=new, state=ok, price=0.22), Product(id=49360, name=product 49360, condition=new, state=ok, price=0.22), Product(id=53085, name=product 53085, condition=new, state=ok, price=0.22), Product(id=5499, name=product 5499, condition=new, state=ok, price=0.24), Product(id=48409, name=product 48409, condition=new, state=ok, price=0.26), Product(id=1862, name=product 1862, condition=new, state=ok, price=0.28), Product(id=56420, name=product 56420, condition=new, state=ok, price=0.28), Product(id=4911, name=product 4911, condition=new, state=ok, price=0.29), Product(id=9182, name=product 9182, condition=new, state=ok, price=0.29), Product(id=13823, name=product 13823, condition=new, state=ok, price=0.3), Product(id=25479, name=product 25479, condition=new, state=ok, price=0.31), Product(id=94460, name=product 94460, condition=new, state=ok, price=0.31), Product(id=10809, name=product 10809, condition=new, state=ok, price=0.32), Product(id=27213, name=product 27213, condition=new, state=ok, price=0.32), Product(id=84616, name=product 84616, condition=new, state=ok, price=0.32), Product(id=97770, name=product 97770, condition=new, state=ok, price=0.33), Product(id=28618, name=product 28618, condition=new, state=ok, price=0.35), Product(id=47138, name=product 47138, condition=new, state=ok, price=0.35), Product(id=21885, name=product 21885, condition=new, state=ok, price=0.36), Product(id=271, name=product 271, condition=new, state=ok, price=0.37), Product(id=76850, name=product 76850, condition=new, state=ok, price=0.37), Product(id=82419, name=product 82419, condition=new, state=ok, price=0.37), Product(id=7863, name=product 7863, condition=new, state=ok, price=0.38), Product(id=57703, name=product 57703, condition=new, state=ok, price=0.39), Product(id=13841, name=product 13841, condition=new, state=ok, price=0.4), Product(id=2846, name=product 2846, condition=new, state=ok, price=0.4), Product(id=29743, name=product 29743, condition=new, state=ok, price=0.41), Product(id=34969, name=product 34969, condition=new, state=ok, price=0.41), Product(id=39272, name=product 39272, condition=new, state=ok, price=0.41), Product(id=49461, name=product 49461, condition=new, state=ok, price=0.41), Product(id=6032, name=product 6032, condition=new, state=ok, price=0.43), Product(id=88668, name=product 88668, condition=new, state=ok, price=0.43), Product(id=9010, name=product 9010, condition=new, state=ok, price=0.43), Product(id=15280, name=product 15280, condition=new, state=ok, price=0.44), Product(id=8484, name=product 8484, condition=new, state=ok, price=0.44), Product(id=92319, name=product 92319, condition=new, state=ok, price=0.44), Product(id=42407, name=product 42407, condition=new, state=ok, price=0.45), Product(id=45617, name=product 45617, condition=new, state=ok, price=0.47), Product(id=86708, name=product 86708, condition=new, state=ok, price=0.47), Product(id=210, name=product 210, condition=new, state=ok, price=0.48), Product(id=34603, name=product 34603, condition=new, state=ok, price=0.48), Product(id=44382, name=product 44382, condition=new, state=ok, price=0.48), Product(id=42463, name=product 42463, condition=new, state=ok, price=0.49), Product(id=4070, name=product 4070, condition=new, state=ok, price=0.5), Product(id=50869, name=product 50869, condition=new, state=ok, price=0.5), Product(id=24532, name=product 24532, condition=new, state=ok, price=0.51), Product(id=2924, name=product 2924, condition=new, state=ok, price=0.51), Product(id=41487, name=product 41487, condition=new, state=ok, price=0.51), Product(id=43307, name=product 43307, condition=new, state=ok, price=0.51), Product(id=69957, name=product 69957, condition=new, state=ok, price=0.51), Product(id=47293, name=product 47293, condition=new, state=ok, price=0.52), Product(id=17385, name=product 17385, condition=new, state=ok, price=0.53), Product(id=26659, name=product 26659, condition=new, state=ok, price=0.53), Product(id=33141, name=product 33141, condition=new, state=ok, price=0.53), Product(id=76285, name=product 76285, condition=new, state=ok, price=0.53), Product(id=83765, name=product 83765, condition=new, state=ok, price=0.53), Product(id=90446, name=product 90446, condition=new, state=ok, price=0.53), Product(id=76395, name=product 76395, condition=new, state=ok, price=0.54), Product(id=11830, name=product 11830, condition=new, state=ok, price=0.55), Product(id=21271, name=product 21271, condition=new, state=ok, price=0.55), Product(id=2366, name=product 2366, condition=new, state=ok, price=0.56), Product(id=17001, name=product 17001, condition=new, state=ok, price=0.57), Product(id=94191, name=product 94191, condition=new, state=ok, price=0.57), Product(id=34189, name=product 34189, condition=new, state=ok, price=0.58), Product(id=85105, name=product 85105, condition=new, state=ok, price=0.58), Product(id=26898, name=product 26898, condition=new, state=ok, price=0.59), Product(id=42540, name=product 42540, condition=new, state=ok, price=0.59), Product(id=27135, name=product 27135, condition=new, state=ok, price=0.6), Product(id=7800, name=product 7800, condition=new, state=ok, price=0.6), Product(id=89461, name=product 89461, condition=new, state=ok, price=0.6), Product(id=4515, name=product 4515, condition=new, state=ok, price=0.61), Product(id=94966, name=product 94966, condition=new, state=ok, price=0.61), Product(id=42401, name=product 42401, condition=new, state=ok, price=0.62), Product(id=16244, name=product 16244, condition=new, state=ok, price=0.63), Product(id=1535, name=product 1535, condition=new, state=ok, price=0.64), Product(id=75697, name=product 75697, condition=new, state=ok, price=0.64), Product(id=16112, name=product 16112, condition=new, state=ok, price=0.66), Product(id=28589, name=product 28589, condition=new, state=ok, price=0.66), Product(id=36217, name=product 36217, condition=new, state=ok, price=0.67), Product(id=40706, name=product 40706, condition=new, state=ok, price=0.67), Product(id=70736, name=product 70736, condition=new, state=ok, price=0.67), Product(id=73860, name=product 73860, condition=new, state=ok, price=0.67), Product(id=1491, name=product 1491, condition=new, state=ok, price=0.68), Product(id=33597, name=product 33597, condition=new, state=ok, price=0.68), Product(id=17265, name=product 17265, condition=new, state=ok, price=0.69), Product(id=178, name=product 178, condition=new, state=ok, price=0.69), Product(id=20974, name=product 20974, condition=new, state=ok, price=0.69), Product(id=23576, name=product 23576, condition=new, state=ok, price=0.69), Product(id=15189, name=product 15189, condition=new, state=ok, price=0.7), Product(id=4743, name=product 4743, condition=new, state=ok, price=0.7), Product(id=6368, name=product 6368, condition=new, state=ok, price=0.71), Product(id=7420, name=product 7420, condition=new, state=ok, price=0.71), Product(id=7955, name=product 7955, condition=new, state=ok, price=0.71), Product(id=8124, name=product 8124, condition=new, state=ok, price=0.71), Product(id=1690, name=product 1690, condition=new, state=ok, price=0.72), Product(id=46027, name=product 46027, condition=new, state=ok, price=0.72), Product(id=2867, name=product 2867, condition=new, state=ok, price=0.73), Product(id=86871, name=product 86871, condition=new, state=ok, price=0.73), Product(id=31060, name=product 31060, condition=new, state=ok, price=0.76), Product(id=9575, name=product 9575, condition=new, state=ok, price=0.76), Product(id=31640, name=product 31640, condition=new, state=ok, price=0.77), Product(id=33550, name=product 33550, condition=new, state=ok, price=0.77), Product(id=936, name=product 936, condition=new, state=ok, price=0.77), Product(id=14155, name=product 14155, condition=new, state=ok, price=0.78), Product(id=4061, name=product 4061, condition=new, state=ok, price=0.78), Product(id=30821, name=product 30821, condition=new, state=ok, price=0.79), Product(id=4143, name=product 4143, condition=new, state=ok, price=0.79), Product(id=12348, name=product 12348, condition=new, state=ok, price=0.8), Product(id=1798, name=product 1798, condition=new, state=ok, price=0.8), Product(id=37662, name=product 37662, condition=new, state=ok, price=0.8), Product(id=39323, name=product 39323, condition=new, state=ok, price=0.8), Product(id=14675, name=product 14675, condition=new, state=ok, price=0.81), Product(id=16069, name=product 16069, condition=new, state=ok, price=0.81), Product(id=29223, name=product 29223, condition=new, state=ok, price=0.83), Product(id=33347, name=product 33347, condition=new, state=ok, price=0.83), Product(id=38440, name=product 38440, condition=new, state=ok, price=0.83), Product(id=5852, name=product 5852, condition=new, state=ok, price=0.83), Product(id=41215, name=product 41215, condition=new, state=ok, price=0.84), Product(id=4403, name=product 4403, condition=new, state=ok, price=0.84), Product(id=6913, name=product 6913, condition=new, state=ok, price=0.84), Product(id=29372, name=product 29372, condition=new, state=ok, price=0.85), Product(id=61760, name=product 61760, condition=new, state=ok, price=0.85), Product(id=73127, name=product 73127, condition=new, state=ok, price=0.85), Product(id=948, name=product 948, condition=new, state=ok, price=0.85), Product(id=4878, name=product 4878, condition=new, state=ok, price=0.86), Product(id=93979, name=product 93979, condition=new, state=ok, price=0.86), Product(id=4180, name=product 4180, condition=new, state=ok, price=0.87), Product(id=14026, name=product 14026, condition=new, state=ok, price=0.88), Product(id=12882, name=product 12882, condition=new, state=ok, price=0.89), Product(id=16290, name=product 16290, condition=new, state=ok, price=0.89), Product(id=27964, name=product 27964, condition=new, state=ok, price=0.89), Product(id=84488, name=product 84488, condition=new, state=ok, price=0.89), Product(id=9154, name=product 9154, condition=new, state=ok, price=0.89), Product(id=4611, name=product 4611, condition=new, state=ok, price=0.91), Product(id=9869, name=product 9869, condition=new, state=ok, price=0.91), Product(id=10744, name=product 10744, condition=new, state=ok, price=0.92), Product(id=30373, name=product 30373, condition=new, state=ok, price=0.92), Product(id=84398, name=product 84398, condition=new, state=ok, price=0.94), Product(id=87896, name=product 87896, condition=new, state=ok, price=0.95), Product(id=98175, name=product 98175, condition=new, state=ok, price=0.95), Product(id=5916, name=product 5916, condition=new, state=ok, price=0.97), Product(id=1062, name=product 1062, condition=new, state=ok, price=0.98), Product(id=21832, name=product 21832, condition=new, state=ok, price=0.98), Product(id=23439, name=product 23439, condition=new, state=ok, price=0.99), Product(id=33840, name=product 33840, condition=new, state=ok, price=0.99), Product(id=7100, name=product 7100, condition=new, state=ok, price=0.99), Product(id=32447, name=product 32447, condition=new, state=ok, price=1.0), Product(id=3928, name=product 3928, condition=new, state=ok, price=1.0), Product(id=12476, name=product 12476, condition=new, state=ok, price=1.01), Product(id=27460, name=product 27460, condition=new, state=ok, price=1.01), Product(id=5523, name=product 5523, condition=new, state=ok, price=1.01), Product(id=26451, name=product 26451, condition=new, state=ok, price=1.02), Product(id=30077, name=product 30077, condition=new, state=ok, price=1.02), Product(id=37384, name=product 37384, condition=new, state=ok, price=1.02), Product(id=27607, name=product 27607, condition=new, state=ok, price=1.03), Product(id=5175, name=product 5175, condition=new, state=ok, price=1.03), Product(id=6362, name=product 6362, condition=new, state=ok, price=1.03), Product(id=75891, name=product 75891, condition=new, state=ok, price=1.03), Product(id=1344, name=product 1344, condition=new, state=ok, price=1.04), Product(id=6910, name=product 6910, condition=new, state=ok, price=1.04), Product(id=14552, name=product 14552, condition=new, state=ok, price=1.05), Product(id=13280, name=product 13280, condition=new, state=ok, price=1.06), Product(id=28961, name=product 28961, condition=new, state=ok, price=1.06), Product(id=57118, name=product 57118, condition=new, state=ok, price=1.06), Product(id=68724, name=product 68724, condition=new, state=ok, price=1.06), Product(id=86146, name=product 86146, condition=new, state=ok, price=1.06), Product(id=97674, name=product 97674, condition=new, state=ok, price=1.06), Product(id=98893, name=product 98893, condition=new, state=ok, price=1.06), Product(id=13659, name=product 13659, condition=new, state=ok, price=1.07), Product(id=21522, name=product 21522, condition=new, state=ok, price=1.07), Product(id=39657, name=product 39657, condition=new, state=ok, price=1.07), Product(id=49607, name=product 49607, condition=new, state=ok, price=1.07), Product(id=6663, name=product 6663, condition=new, state=ok, price=1.07), Product(id=47056, name=product 47056, condition=new, state=ok, price=1.08), Product(id=3512, name=product 3512, condition=new, state=ok, price=1.09), Product(id=90535, name=product 90535, condition=new, state=ok, price=1.09), Product(id=15477, name=product 15477, condition=new, state=ok, price=1.1), Product(id=31874, name=product 31874, condition=new, state=ok, price=1.1), Product(id=10251, name=product 10251, condition=new, state=ok, price=1.11), Product(id=11415, name=product 11415, condition=new, state=ok, price=1.12), Product(id=11629, name=product 11629, condition=new, state=ok, price=1.12), Product(id=23537, name=product 23537, condition=new, state=ok, price=1.12), Product(id=30994, name=product 30994, condition=new, state=ok, price=1.12), Product(id=5869, name=product 5869, condition=new, state=ok, price=1.12), Product(id=64392, name=product 64392, condition=new, state=ok, price=1.12), Product(id=84181, name=product 84181, condition=new, state=ok, price=1.12), Product(id=20291, name=product 20291, condition=new, state=ok, price=1.13), Product(id=4877, name=product 4877, condition=new, state=ok, price=1.13), Product(id=29246, name=product 29246, condition=new, state=ok, price=1.15), Product(id=38, name=product 38, condition=new, state=ok, price=1.15), Product(id=45002, name=product 45002, condition=new, state=ok, price=1.15), Product(id=36654, name=product 36654, condition=new, state=ok, price=1.17), Product(id=50162, name=product 50162, condition=new, state=ok, price=1.17), Product(id=53854, name=product 53854, condition=new, state=ok, price=1.17), Product(id=53880, name=product 53880, condition=new, state=ok, price=1.17), Product(id=10230, name=product 10230, condition=new, state=ok, price=1.19), Product(id=27403, name=product 27403, condition=new, state=ok, price=1.19), Product(id=50931, name=product 50931, condition=new, state=ok, price=1.19), Product(id=6020, name=product 6020, condition=new, state=ok, price=1.19), Product(id=82149, name=product 82149, condition=new, state=ok, price=1.19), Product(id=94181, name=product 94181, condition=new, state=ok, price=1.19), Product(id=3065, name=product 3065, condition=new, state=ok, price=1.2), Product(id=3150, name=product 3150, condition=new, state=ok, price=1.2), Product(id=3257, name=product 3257, condition=new, state=ok, price=1.21), Product(id=5626, name=product 5626, condition=new, state=ok, price=1.21), Product(id=75874, name=product 75874, condition=new, state=ok, price=1.21), Product(id=98055, name=product 98055, condition=new, state=ok, price=1.22), Product(id=43214, name=product 43214, condition=new, state=ok, price=1.25), Product(id=89045, name=product 89045, condition=new, state=ok, price=1.25), Product(id=21676, name=product 21676, condition=new, state=ok, price=1.26), Product(id=1264, name=product 1264, condition=new, state=ok, price=1.27), Product(id=23304, name=product 23304, condition=new, state=ok, price=1.27), Product(id=23919, name=product 23919, condition=new, state=ok, price=1.27), Product(id=39282, name=product 39282, condition=new, state=ok, price=1.27), Product(id=45362, name=product 45362, condition=new, state=ok, price=1.27), Product(id=91556, name=product 91556, condition=new, state=ok, price=1.27), Product(id=3936, name=product 3936, condition=new, state=ok, price=1.28), Product(id=84887, name=product 84887, condition=new, state=ok, price=1.28), Product(id=66472, name=product 66472, condition=new, state=ok, price=1.29), Product(id=15971, name=product 15971, condition=new, state=ok, price=1.3), Product(id=48056, name=product 48056, condition=new, state=ok, price=1.3), Product(id=15878, name=product 15878, condition=new, state=ok, price=1.31), Product(id=31326, name=product 31326, condition=new, state=ok, price=1.31), Product(id=41754, name=product 41754, condition=new, state=ok, price=1.32), Product(id=75869, name=product 75869, condition=new, state=ok, price=1.32), Product(id=1017, name=product 1017, condition=new, state=ok, price=1.33), Product(id=11682, name=product 11682, condition=new, state=ok, price=1.33), Product(id=24639, name=product 24639, condition=new, state=ok, price=1.33), Product(id=4736, name=product 4736, condition=new, state=ok, price=1.33), Product(id=53720, name=product 53720, condition=new, state=ok, price=1.33), Product(id=85957, name=product 85957, condition=new, state=ok, price=1.34), Product(id=63505, name=product 63505, condition=new, state=ok, price=1.35), Product(id=75129, name=product 75129, condition=new, state=ok, price=1.35), Product(id=11046, name=product 11046, condition=new, state=ok, price=1.36), Product(id=18569, name=product 18569, condition=new, state=ok, price=1.36), Product(id=38298, name=product 38298, condition=new, state=ok, price=1.36), Product(id=29398, name=product 29398, condition=new, state=ok, price=1.37), Product(id=35508, name=product 35508, condition=new, state=ok, price=1.39), Product(id=46591, name=product 46591, condition=new, state=ok, price=1.39), Product(id=11996, name=product 11996, condition=new, state=ok, price=1.4), Product(id=45854, name=product 45854, condition=new, state=ok, price=1.4), Product(id=14659, name=product 14659, condition=new, state=ok, price=1.41), Product(id=164, name=product 164, condition=new, state=ok, price=1.41), Product(id=50293, name=product 50293, condition=new, state=ok, price=1.41), Product(id=65781, name=product 65781, condition=new, state=ok, price=1.42), Product(id=5734, name=product 5734, condition=new, state=ok, price=1.43), Product(id=64237, name=product 64237, condition=new, state=ok, price=1.43), Product(id=74125, name=product 74125, condition=new, state=ok, price=1.43), Product(id=2315, name=product 2315, condition=new, state=ok, price=1.44), Product(id=33089, name=product 33089, condition=new, state=ok, price=1.44), Product(id=6934, name=product 6934, condition=new, state=ok, price=1.44), Product(id=96328, name=product 96328, condition=new, state=ok, price=1.44), Product(id=10934, name=product 10934, condition=new, state=ok, price=1.45), Product(id=1434, name=product 1434, condition=new, state=ok, price=1.45), Product(id=31611, name=product 31611, condition=new, state=ok, price=1.45), Product(id=4835, name=product 4835, condition=new, state=ok, price=1.45), Product(id=53060, name=product 53060, condition=new, state=ok, price=1.45), Product(id=2958, name=product 2958, condition=new, state=ok, price=1.46), Product(id=8111, name=product 8111, condition=new, state=ok, price=1.46), Product(id=3487, name=product 3487, condition=new, state=ok, price=1.47), Product(id=68795, name=product 68795, condition=new, state=ok, price=1.48), Product(id=23103, name=product 23103, condition=new, state=ok, price=1.49), Product(id=36743, name=product 36743, condition=new, state=ok, price=1.49), Product(id=88095, name=product 88095, condition=new, state=ok, price=1.49), Product(id=10577, name=product 10577, condition=new, state=ok, price=1.51), Product(id=12434, name=product 12434, condition=new, state=ok, price=1.51), Product(id=12522, name=product 12522, condition=new, state=ok, price=1.51), Product(id=73022, name=product 73022, condition=new, state=ok, price=1.51), Product(id=22185, name=product 22185, condition=new, state=ok, price=1.52), Product(id=67082, name=product 67082, condition=new, state=ok, price=1.52), Product(id=4273, name=product 4273, condition=new, state=ok, price=1.53), Product(id=69447, name=product 69447, condition=new, state=ok, price=1.53), Product(id=79864, name=product 79864, condition=new, state=ok, price=1.54), Product(id=86717, name=product 86717, condition=new, state=ok, price=1.54), Product(id=1313, name=product 1313, condition=new, state=ok, price=1.55), Product(id=38342, name=product 38342, condition=new, state=ok, price=1.55), Product(id=6014, name=product 6014, condition=new, state=ok, price=1.55), Product(id=20909, name=product 20909, condition=new, state=ok, price=1.57), Product(id=28544, name=product 28544, condition=new, state=ok, price=1.57), Product(id=36752, name=product 36752, condition=new, state=ok, price=1.57), Product(id=46909, name=product 46909, condition=new, state=ok, price=1.57), Product(id=4812, name=product 4812, condition=new, state=ok, price=1.58), Product(id=9167, name=product 9167, condition=new, state=ok, price=1.59), Product(id=263, name=product 263, condition=new, state=ok, price=1.6), Product(id=4139, name=product 4139, condition=new, state=ok, price=1.6), Product(id=26375, name=product 26375, condition=new, state=ok, price=1.61), Product(id=37729, name=product 37729, condition=new, state=ok, price=1.63), Product(id=64335, name=product 64335, condition=new, state=ok, price=1.63), Product(id=14365, name=product 14365, condition=new, state=ok, price=1.65), Product(id=34872, name=product 34872, condition=new, state=ok, price=1.65), Product(id=53752, name=product 53752, condition=new, state=ok, price=1.65), Product(id=11360, name=product 11360, condition=new, state=ok, price=1.66), Product(id=22493, name=product 22493, condition=new, state=ok, price=1.66), Product(id=25938, name=product 25938, condition=new, state=ok, price=1.66), Product(id=1160, name=product 1160, condition=new, state=ok, price=1.67), Product(id=16341, name=product 16341, condition=new, state=ok, price=1.67), Product(id=34445, name=product 34445, condition=new, state=ok, price=1.67), Product(id=46638, name=product 46638, condition=new, state=ok, price=1.67), Product(id=97896, name=product 97896, condition=new, state=ok, price=1.67), Product(id=26115, name=product 26115, condition=new, state=ok, price=1.68), Product(id=45178, name=product 45178, condition=new, state=ok, price=1.68), Product(id=69765, name=product 69765, condition=new, state=ok, price=1.68), Product(id=18591, name=product 18591, condition=new, state=ok, price=1.69), Product(id=31852, name=product 31852, condition=new, state=ok, price=1.69), Product(id=47320, name=product 47320, condition=new, state=ok, price=1.69), Product(id=68582, name=product 68582, condition=new, state=ok, price=1.69), Product(id=84384, name=product 84384, condition=new, state=ok, price=1.69), Product(id=12232, name=product 12232, condition=new, state=ok, price=1.7), Product(id=2537, name=product 2537, condition=new, state=ok, price=1.7), Product(id=6103, name=product 6103, condition=new, state=ok, price=1.71), Product(id=36797, name=product 36797, condition=new, state=ok, price=1.72), Product(id=6726, name=product 6726, condition=new, state=ok, price=1.72), Product(id=17319, name=product 17319, condition=new, state=ok, price=1.73), Product(id=21, name=product 21, condition=new, state=ok, price=1.73), Product(id=44416, name=product 44416, condition=new, state=ok, price=1.73), Product(id=6337, name=product 6337, condition=new, state=ok, price=1.73), Product(id=14408, name=product 14408, condition=new, state=ok, price=1.74), Product(id=21543, name=product 21543, condition=new, state=ok, price=1.74), Product(id=80683, name=product 80683, condition=new, state=ok, price=1.74), Product(id=3247, name=product 3247, condition=new, state=ok, price=1.75), Product(id=37468, name=product 37468, condition=new, state=ok, price=1.75), Product(id=93081, name=product 93081, condition=new, state=ok, price=1.75), Product(id=36189, name=product 36189, condition=new, state=ok, price=1.76), Product(id=49510, name=product 49510, condition=new, state=ok, price=1.76), Product(id=18586, name=product 18586, condition=new, state=ok, price=1.78), Product(id=7451, name=product 7451, condition=new, state=ok, price=1.79), Product(id=35338, name=product 35338, condition=new, state=ok, price=1.81), Product(id=3868, name=product 3868, condition=new, state=ok, price=1.81), Product(id=71879, name=product 71879, condition=new, state=ok, price=1.81), Product(id=3713, name=product 3713, condition=new, state=ok, price=1.82), Product(id=9955, name=product 9955, condition=new, state=ok, price=1.82), Product(id=19483, name=product 19483, condition=new, state=ok, price=1.84), Product(id=38168, name=product 38168, condition=new, state=ok, price=1.84), Product(id=5736, name=product 5736, condition=new, state=ok, price=1.84), Product(id=61954, name=product 61954, condition=new, state=ok, price=1.84), Product(id=12566, name=product 12566, condition=new, state=ok, price=1.86), Product(id=73727, name=product 73727, condition=new, state=ok, price=1.86), Product(id=37927, name=product 37927, condition=new, state=ok, price=1.87), Product(id=93734, name=product 93734, condition=new, state=ok, price=1.87), Product(id=33960, name=product 33960, condition=new, state=ok, price=1.88), Product(id=19656, name=product 19656, condition=new, state=ok, price=1.89), Product(id=20683, name=product 20683, condition=new, state=ok, price=1.89), Product(id=5874, name=product 5874, condition=new, state=ok, price=1.89), Product(id=20984, name=product 20984, condition=new, state=ok, price=1.9), Product(id=30836, name=product 30836, condition=new, state=ok, price=1.9), Product(id=123, name=product 123, condition=new, state=ok, price=1.91), Product(id=13707, name=product 13707, condition=new, state=ok, price=1.91), Product(id=42464, name=product 42464, condition=new, state=ok, price=1.91), Product(id=6036, name=product 6036, condition=new, state=ok, price=1.91), Product(id=20659, name=product 20659, condition=new, state=ok, price=1.92), Product(id=2408, name=product 2408, condition=new, state=ok, price=1.92), Product(id=28065, name=product 28065, condition=new, state=ok, price=1.92), Product(id=10868, name=product 10868, condition=new, state=ok, price=1.94), Product(id=54132, name=product 54132, condition=new, state=ok, price=1.94), Product(id=78041, name=product 78041, condition=new, state=ok, price=1.94), Product(id=4222, name=product 4222, condition=new, state=ok, price=1.95), Product(id=52295, name=product 52295, condition=new, state=ok, price=1.96), Product(id=22396, name=product 22396, condition=new, state=ok, price=1.97), Product(id=49907, name=product 49907, condition=new, state=ok, price=1.97), Product(id=24106, name=product 24106, condition=new, state=ok, price=1.98), Product(id=27833, name=product 27833, condition=new, state=ok, price=1.98), Product(id=4218, name=product 4218, condition=new, state=ok, price=1.98), Product(id=4262, name=product 4262, condition=new, state=ok, price=1.99), Product(id=4402, name=product 4402, condition=new, state=ok, price=1.99), Product(id=86, name=product 86, condition=new, state=ok, price=1.99), Product(id=32984, name=product 32984, condition=new, state=ok, price=2.0), Product(id=44782, name=product 44782, condition=new, state=ok, price=2.0), Product(id=57174, name=product 57174, condition=new, state=ok, price=2.0), Product(id=18210, name=product 18210, condition=new, state=ok, price=2.01), Product(id=37896, name=product 37896, condition=new, state=ok, price=2.01), Product(id=76581, name=product 76581, condition=new, state=ok, price=2.01), Product(id=5793, name=product 5793, condition=new, state=ok, price=2.02), Product(id=4570, name=product 4570, condition=new, state=ok, price=2.03), Product(id=10563, name=product 10563, condition=new, state=ok, price=2.04), Product(id=13721, name=product 13721, condition=new, state=ok, price=2.04), Product(id=20365, name=product 20365, condition=new, state=ok, price=2.04), Product(id=23133, name=product 23133, condition=new, state=ok, price=2.05), Product(id=29447, name=product 29447, condition=new, state=ok, price=2.05), Product(id=8339, name=product 8339, condition=new, state=ok, price=2.05), Product(id=18834, name=product 18834, condition=new, state=ok, price=2.06), Product(id=43126, name=product 43126, condition=new, state=ok, price=2.07), Product(id=44109, name=product 44109, condition=new, state=ok, price=2.07), Product(id=86862, name=product 86862, condition=new, state=ok, price=2.07), Product(id=7446, name=product 7446, condition=new, state=ok, price=2.08), Product(id=37100, name=product 37100, condition=new, state=ok, price=2.09), Product(id=4160, name=product 4160, condition=new, state=ok, price=2.09), Product(id=59985, name=product 59985, condition=new, state=ok, price=2.09), Product(id=6033, name=product 6033, condition=new, state=ok, price=2.09), Product(id=60405, name=product 60405, condition=new, state=ok, price=2.11), Product(id=90808, name=product 90808, condition=new, state=ok, price=2.11), Product(id=61781, name=product 61781, condition=new, state=ok, price=2.16), Product(id=11551, name=product 11551, condition=new, state=ok, price=2.17), Product(id=80034, name=product 80034, condition=new, state=ok, price=2.18), Product(id=29458, name=product 29458, condition=new, state=ok, price=2.19), Product(id=29677, name=product 29677, condition=new, state=ok, price=2.19), Product(id=2025, name=product 2025, condition=new, state=ok, price=2.2), Product(id=53271, name=product 53271, condition=new, state=ok, price=2.2), Product(id=93147, name=product 93147, condition=new, state=ok, price=2.2), Product(id=24933, name=product 24933, condition=new, state=ok, price=2.21), Product(id=72827, name=product 72827, condition=new, state=ok, price=2.23), Product(id=72897, name=product 72897, condition=new, state=ok, price=2.23), Product(id=2326, name=product 2326, condition=new, state=ok, price=2.24), Product(id=187, name=product 187, condition=new, state=ok, price=2.25), Product(id=4104, name=product 4104, condition=new, state=ok, price=2.25), Product(id=55745, name=product 55745, condition=new, state=ok, price=2.25), Product(id=3520, name=product 3520, condition=new, state=ok, price=2.26), Product(id=5214, name=product 5214, condition=new, state=ok, price=2.27), Product(id=96871, name=product 96871, condition=new, state=ok, price=2.27), Product(id=6219, name=product 6219, condition=new, state=ok, price=2.29), Product(id=11813, name=product 11813, condition=new, state=ok, price=2.31), Product(id=16656, name=product 16656, condition=new, state=ok, price=2.31), Product(id=28735, name=product 28735, condition=new, state=ok, price=2.31), Product(id=49690, name=product 49690, condition=new, state=ok, price=2.31), Product(id=58877, name=product 58877, condition=new, state=ok, price=2.31), Product(id=12626, name=product 12626, condition=new, state=ok, price=2.32), Product(id=418, name=product 418, condition=new, state=ok, price=2.32), Product(id=60092, name=product 60092, condition=new, state=ok, price=2.32), Product(id=18107, name=product 18107, condition=new, state=ok, price=2.33), Product(id=31236, name=product 31236, condition=new, state=ok, price=2.33), Product(id=36866, name=product 36866, condition=new, state=ok, price=2.33), Product(id=1746, name=product 1746, condition=new, state=ok, price=2.35), Product(id=35025, name=product 35025, condition=new, state=ok, price=2.35), Product(id=45917, name=product 45917, condition=new, state=ok, price=2.35), Product(id=88952, name=product 88952, condition=new, state=ok, price=2.35), Product(id=9489, name=product 9489, condition=new, state=ok, price=2.35), Product(id=17407, name=product 17407, condition=new, state=ok, price=2.36), Product(id=3214, name=product 3214, condition=new, state=ok, price=2.36), Product(id=49521, name=product 49521, condition=new, state=ok, price=2.36), Product(id=61279, name=product 61279, condition=new, state=ok, price=2.37), Product(id=81031, name=product 81031, condition=new, state=ok, price=2.37), Product(id=12963, name=product 12963, condition=new, state=ok, price=2.38), Product(id=47687, name=product 47687, condition=new, state=ok, price=2.39), Product(id=52240, name=product 52240, condition=new, state=ok, price=2.39), Product(id=7065, name=product 7065, condition=new, state=ok, price=2.39), Product(id=1758, name=product 1758, condition=new, state=ok, price=2.4), Product(id=1797, name=product 1797, condition=new, state=ok, price=2.4), Product(id=3436, name=product 3436, condition=new, state=ok, price=2.4), Product(id=47956, name=product 47956, condition=new, state=ok, price=2.4), Product(id=68699, name=product 68699, condition=new, state=ok, price=2.4), Product(id=31593, name=product 31593, condition=new, state=ok, price=2.41), Product(id=34177, name=product 34177, condition=new, state=ok, price=2.41), Product(id=8323, name=product 8323, condition=new, state=ok, price=2.41), Product(id=213, name=product 213, condition=new, state=ok, price=2.42), Product(id=39933, name=product 39933, condition=new, state=ok, price=2.43), Product(id=331, name=product 331, condition=new, state=ok, price=2.44), Product(id=58864, name=product 58864, condition=new, state=ok, price=2.44), Product(id=14643, name=product 14643, condition=new, state=ok, price=2.45), Product(id=54064, name=product 54064, condition=new, state=ok, price=2.45), Product(id=24418, name=product 24418, condition=new, state=ok, price=2.46), Product(id=736, name=product 736, condition=new, state=ok, price=2.46), Product(id=77826, name=product 77826, condition=new, state=ok, price=2.46), Product(id=79010, name=product 79010, condition=new, state=ok, price=2.46), Product(id=8257, name=product 8257, condition=new, state=ok, price=2.46), Product(id=99369, name=product 99369, condition=new, state=ok, price=2.46), Product(id=34321, name=product 34321, condition=new, state=ok, price=2.47), Product(id=2103, name=product 2103, condition=new, state=ok, price=2.48), Product(id=14689, name=product 14689, condition=new, state=ok, price=2.49), Product(id=22082, name=product 22082, condition=new, state=ok, price=2.49), Product(id=10260, name=product 10260, condition=new, state=ok, price=2.5), Product(id=16315, name=product 16315, condition=new, state=ok, price=2.51), Product(id=28659, name=product 28659, condition=new, state=ok, price=2.51), Product(id=72216, name=product 72216, condition=new, state=ok, price=2.52), Product(id=64776, name=product 64776, condition=new, state=ok, price=2.53), Product(id=8335, name=product 8335, condition=new, state=ok, price=2.53), Product(id=37715, name=product 37715, condition=new, state=ok, price=2.54), Product(id=43402, name=product 43402, condition=new, state=ok, price=2.54), Product(id=2341, name=product 2341, condition=new, state=ok, price=2.55), Product(id=35210, name=product 35210, condition=new, state=ok, price=2.55), Product(id=2519, name=product 2519, condition=new, state=ok, price=2.56), Product(id=21845, name=product 21845, condition=new, state=ok, price=2.57), Product(id=7288, name=product 7288, condition=new, state=ok, price=2.58), Product(id=1970, name=product 1970, condition=new, state=ok, price=2.59), Product(id=39294, name=product 39294, condition=new, state=ok, price=2.6), Product(id=64843, name=product 64843, condition=new, state=ok, price=2.6), Product(id=11401, name=product 11401, condition=new, state=ok, price=2.61), Product(id=23217, name=product 23217, condition=new, state=ok, price=2.61), Product(id=37187, name=product 37187, condition=new, state=ok, price=2.61), Product(id=9639, name=product 9639, condition=new, state=ok, price=2.61), Product(id=10827, name=product 10827, condition=new, state=ok, price=2.62), Product(id=17898, name=product 17898, condition=new, state=ok, price=2.62), Product(id=4957, name=product 4957, condition=new, state=ok, price=2.63), Product(id=29386, name=product 29386, condition=new, state=ok, price=2.64), Product(id=8828, name=product 8828, condition=new, state=ok, price=2.65), Product(id=4310, name=product 4310, condition=new, state=ok, price=2.66), Product(id=9104, name=product 9104, condition=new, state=ok, price=2.66), Product(id=47025, name=product 47025, condition=new, state=ok, price=2.67), Product(id=76934, name=product 76934, condition=new, state=ok, price=2.67), Product(id=9872, name=product 9872, condition=new, state=ok, price=2.67), Product(id=46588, name=product 46588, condition=new, state=ok, price=2.68), Product(id=1145, name=product 1145, condition=new, state=ok, price=2.69), Product(id=68560, name=product 68560, condition=new, state=ok, price=2.69), Product(id=358, name=product 358, condition=new, state=ok, price=2.7), Product(id=12178, name=product 12178, condition=new, state=ok, price=2.71), Product(id=4268, name=product 4268, condition=new, state=ok, price=2.71), Product(id=45577, name=product 45577, condition=new, state=ok, price=2.71), Product(id=3484, name=product 3484, condition=new, state=ok, price=2.73), Product(id=64752, name=product 64752, condition=new, state=ok, price=2.73), Product(id=91382, name=product 91382, condition=new, state=ok, price=2.73), Product(id=1042, name=product 1042, condition=new, state=ok, price=2.74), Product(id=45915, name=product 45915, condition=new, state=ok, price=2.74), Product(id=15488, name=product 15488, condition=new, state=ok, price=2.75), Product(id=29824, name=product 29824, condition=new, state=ok, price=2.75), Product(id=30507, name=product 30507, condition=new, state=ok, price=2.75), Product(id=76717, name=product 76717, condition=new, state=ok, price=2.75), Product(id=13781, name=product 13781, condition=new, state=ok, price=2.76), Product(id=60508, name=product 60508, condition=new, state=ok, price=2.76), Product(id=75911, name=product 75911, condition=new, state=ok, price=2.76), Product(id=8361, name=product 8361, condition=new, state=ok, price=2.76), Product(id=1722, name=product 1722, condition=new, state=ok, price=2.77), Product(id=36074, name=product 36074, condition=new, state=ok, price=2.77), Product(id=4824, name=product 4824, condition=new, state=ok, price=2.77), Product(id=61981, name=product 61981, condition=new, state=ok, price=2.77), Product(id=72514, name=product 72514, condition=new, state=ok, price=2.77), Product(id=7521, name=product 7521, condition=new, state=ok, price=2.77), Product(id=61366, name=product 61366, condition=new, state=ok, price=2.79), Product(id=21952, name=product 21952, condition=new, state=ok, price=2.81), Product(id=89046, name=product 89046, condition=new, state=ok, price=2.82), Product(id=9361, name=product 9361, condition=new, state=ok, price=2.82), Product(id=1171, name=product 1171, condition=new, state=ok, price=2.83), Product(id=43016, name=product 43016, condition=new, state=ok, price=2.83), Product(id=45737, name=product 45737, condition=new, state=ok, price=2.83), Product(id=74082, name=product 74082, condition=new, state=ok, price=2.83), Product(id=26722, name=product 26722, condition=new, state=ok, price=2.84), Product(id=38956, name=product 38956, condition=new, state=ok, price=2.86), Product(id=47211, name=product 47211, condition=new, state=ok, price=2.86), Product(id=87687, name=product 87687, condition=new, state=ok, price=2.86), Product(id=18140, name=product 18140, condition=new, state=ok, price=2.88), Product(id=11844, name=product 11844, condition=new, state=ok, price=2.89), Product(id=88091, name=product 88091, condition=new, state=ok, price=2.89), Product(id=3208, name=product 3208, condition=new, state=ok, price=2.9), Product(id=37313, name=product 37313, condition=new, state=ok, price=2.9), Product(id=44371, name=product 44371, condition=new, state=ok, price=2.9), Product(id=17582, name=product 17582, condition=new, state=ok, price=2.91), Product(id=33541, name=product 33541, condition=new, state=ok, price=2.91), Product(id=440, name=product 440, condition=new, state=ok, price=2.91), Product(id=80310, name=product 80310, condition=new, state=ok, price=2.92), Product(id=9021, name=product 9021, condition=new, state=ok, price=2.92), Product(id=10274, name=product 10274, condition=new, state=ok, price=2.94), Product(id=26704, name=product 26704, condition=new, state=ok, price=2.94), Product(id=42648, name=product 42648, condition=new, state=ok, price=2.94), Product(id=14828, name=product 14828, condition=new, state=ok, price=2.95), Product(id=56435, name=product 56435, condition=new, state=ok, price=2.95), Product(id=27019, name=product 27019, condition=new, state=ok, price=2.96), Product(id=46238, name=product 46238, condition=new, state=ok, price=2.96), Product(id=64663, name=product 64663, condition=new, state=ok, price=2.96), Product(id=12140, name=product 12140, condition=new, state=ok, price=2.97), Product(id=18347, name=product 18347, condition=new, state=ok, price=2.97), Product(id=29653, name=product 29653, condition=new, state=ok, price=2.97), Product(id=982, name=product 982, condition=new, state=ok, price=2.97), Product(id=3232, name=product 3232, condition=new, state=ok, price=2.98), Product(id=54742, name=product 54742, condition=new, state=ok, price=2.98), Product(id=17111, name=product 17111, condition=new, state=ok, price=2.99), Product(id=2313, name=product 2313, condition=new, state=ok, price=2.99), Product(id=9527, name=product 9527, condition=new, state=ok, price=2.99), Product(id=96244, name=product 96244, condition=new, state=ok, price=2.99), Product(id=3003, name=product 3003, condition=new, state=ok, price=3.0), Product(id=1256, name=product 1256, condition=new, state=ok, price=3.01), Product(id=3167, name=product 3167, condition=new, state=ok, price=3.01), Product(id=74986, name=product 74986, condition=new, state=ok, price=3.01), Product(id=36799, name=product 36799, condition=new, state=ok, price=3.02), Product(id=15, name=product 15, condition=new, state=ok, price=3.03), Product(id=44953, name=product 44953, condition=new, state=ok, price=3.03), Product(id=13765, name=product 13765, condition=new, state=ok, price=3.05), Product(id=21677, name=product 21677, condition=new, state=ok, price=3.05), Product(id=25137, name=product 25137, condition=new, state=ok, price=3.05), Product(id=28218, name=product 28218, condition=new, state=ok, price=3.05), Product(id=88810, name=product 88810, condition=new, state=ok, price=3.05), Product(id=1986, name=product 1986, condition=new, state=ok, price=3.07), Product(id=47984, name=product 47984, condition=new, state=ok, price=3.07), Product(id=5199, name=product 5199, condition=new, state=ok, price=3.07), Product(id=66609, name=product 66609, condition=new, state=ok, price=3.07), Product(id=40963, name=product 40963, condition=new, state=ok, price=3.08), Product(id=52512, name=product 52512, condition=new, state=ok, price=3.08), Product(id=1118, name=product 1118, condition=new, state=ok, price=3.09), Product(id=22307, name=product 22307, condition=new, state=ok, price=3.09), Product(id=9626, name=product 9626, condition=new, state=ok, price=3.09), Product(id=10877, name=product 10877, condition=new, state=ok, price=3.1), Product(id=41109, name=product 41109, condition=new, state=ok, price=3.1), Product(id=95110, name=product 95110, condition=new, state=ok, price=3.1), Product(id=22220, name=product 22220, condition=new, state=ok, price=3.11), Product(id=31250, name=product 31250, condition=new, state=ok, price=3.11), Product(id=50761, name=product 50761, condition=new, state=ok, price=3.11), Product(id=13972, name=product 13972, condition=new, state=ok, price=3.12), Product(id=41067, name=product 41067, condition=new, state=ok, price=3.12), Product(id=744, name=product 744, condition=new, state=ok, price=3.12), Product(id=26197, name=product 26197, condition=new, state=ok, price=3.13), Product(id=36936, name=product 36936, condition=new, state=ok, price=3.14), Product(id=6708, name=product 6708, condition=new, state=ok, price=3.14), Product(id=94337, name=product 94337, condition=new, state=ok, price=3.14), Product(id=12142, name=product 12142, condition=new, state=ok, price=3.15), Product(id=14260, name=product 14260, condition=new, state=ok, price=3.15), Product(id=81675, name=product 81675, condition=new, state=ok, price=3.15), Product(id=24159, name=product 24159, condition=new, state=ok, price=3.16), Product(id=24479, name=product 24479, condition=new, state=ok, price=3.16), Product(id=33664, name=product 33664, condition=new, state=ok, price=3.16), Product(id=21559, name=product 21559, condition=new, state=ok, price=3.17), Product(id=54119, name=product 54119, condition=new, state=ok, price=3.17), Product(id=19744, name=product 19744, condition=new, state=ok, price=3.18), Product(id=2265, name=product 2265, condition=new, state=ok, price=3.18), Product(id=3375, name=product 3375, condition=new, state=ok, price=3.18), Product(id=36343, name=product 36343, condition=new, state=ok, price=3.18), Product(id=20796, name=product 20796, condition=new, state=ok, price=3.19), Product(id=31652, name=product 31652, condition=new, state=ok, price=3.19), Product(id=5024, name=product 5024, condition=new, state=ok, price=3.19), Product(id=19974, name=product 19974, condition=new, state=ok, price=3.2), Product(id=22386, name=product 22386, condition=new, state=ok, price=3.2), Product(id=46507, name=product 46507, condition=new, state=ok, price=3.2), Product(id=91305, name=product 91305, condition=new, state=ok, price=3.22), Product(id=10893, name=product 10893, condition=new, state=ok, price=3.23), Product(id=57943, name=product 57943, condition=new, state=ok, price=3.24), Product(id=28815, name=product 28815, condition=new, state=ok, price=3.25), Product(id=17812, name=product 17812, condition=new, state=ok, price=3.27), Product(id=25293, name=product 25293, condition=new, state=ok, price=3.28), Product(id=29932, name=product 29932, condition=new, state=ok, price=3.29), Product(id=256, name=product 256, condition=new, state=ok, price=3.3), Product(id=262, name=product 262, condition=new, state=ok, price=3.3), Product(id=7614, name=product 7614, condition=new, state=ok, price=3.3), Product(id=22, name=product 22, condition=new, state=ok, price=3.31), Product(id=4170, name=product 4170, condition=new, state=ok, price=3.31), Product(id=38691, name=product 38691, condition=new, state=ok, price=3.32), Product(id=8477, name=product 8477, condition=new, state=ok, price=3.32), Product(id=16175, name=product 16175, condition=new, state=ok, price=3.33), Product(id=2998, name=product 2998, condition=new, state=ok, price=3.33), Product(id=19138, name=product 19138, condition=new, state=ok, price=3.34), Product(id=22644, name=product 22644, condition=new, state=ok, price=3.34), Product(id=44486, name=product 44486, condition=new, state=ok, price=3.34), Product(id=10691, name=product 10691, condition=new, state=ok, price=3.35), Product(id=444, name=product 444, condition=new, state=ok, price=3.35), Product(id=5413, name=product 5413, condition=new, state=ok, price=3.35), Product(id=6411, name=product 6411, condition=new, state=ok, price=3.35), Product(id=20859, name=product 20859, condition=new, state=ok, price=3.37), Product(id=71244, name=product 71244, condition=new, state=ok, price=3.37), Product(id=20396, name=product 20396, condition=new, state=ok, price=3.38), Product(id=22296, name=product 22296, condition=new, state=ok, price=3.39), Product(id=43068, name=product 43068, condition=new, state=ok, price=3.4), Product(id=55388, name=product 55388, condition=new, state=ok, price=3.4), Product(id=94849, name=product 94849, condition=new, state=ok, price=3.4), Product(id=14037, name=product 14037, condition=new, state=ok, price=3.41), Product(id=44104, name=product 44104, condition=new, state=ok, price=3.41), Product(id=57257, name=product 57257, condition=new, state=ok, price=3.41), Product(id=28377, name=product 28377, condition=new, state=ok, price=3.42), Product(id=30231, name=product 30231, condition=new, state=ok, price=3.42), Product(id=27843, name=product 27843, condition=new, state=ok, price=3.43), Product(id=30017, name=product 30017, condition=new, state=ok, price=3.44), Product(id=75999, name=product 75999, condition=new, state=ok, price=3.45), Product(id=948, name=product 948, condition=new, state=ok, price=3.46), Product(id=26933, name=product 26933, condition=new, state=ok, price=3.47), Product(id=8483, name=product 8483, condition=new, state=ok, price=3.47), Product(id=3274, name=product 3274, condition=new, state=ok, price=3.48), Product(id=493, name=product 493, condition=new, state=ok, price=3.48), Product(id=58565, name=product 58565, condition=new, state=ok, price=3.5), Product(id=2222, name=product 2222, condition=new, state=ok, price=3.51), Product(id=2268, name=product 2268, condition=new, state=ok, price=3.51), Product(id=4304, name=product 4304, condition=new, state=ok, price=3.51), Product(id=4673, name=product 4673, condition=new, state=ok, price=3.51), Product(id=8467, name=product 8467, condition=new, state=ok, price=3.51), Product(id=17714, name=product 17714, condition=new, state=ok, price=3.52), Product(id=43847, name=product 43847, condition=new, state=ok, price=3.52), Product(id=7771, name=product 7771, condition=new, state=ok, price=3.52), Product(id=1170, name=product 1170, condition=new, state=ok, price=3.53), Product(id=24240, name=product 24240, condition=new, state=ok, price=3.53), Product(id=48874, name=product 48874, condition=new, state=ok, price=3.53), Product(id=8097, name=product 8097, condition=new, state=ok, price=3.53), Product(id=29221, name=product 29221, condition=new, state=ok, price=3.54), Product(id=36402, name=product 36402, condition=new, state=ok, price=3.54), Product(id=65174, name=product 65174, condition=new, state=ok, price=3.54), Product(id=7646, name=product 7646, condition=new, state=ok, price=3.54), Product(id=7743, name=product 7743, condition=new, state=ok, price=3.55), Product(id=7982, name=product 7982, condition=new, state=ok, price=3.55), Product(id=86982, name=product 86982, condition=new, state=ok, price=3.55), Product(id=11654, name=product 11654, condition=new, state=ok, price=3.56), Product(id=11779, name=product 11779, condition=new, state=ok, price=3.56), Product(id=75944, name=product 75944, condition=new, state=ok, price=3.56), Product(id=2589, name=product 2589, condition=new, state=ok, price=3.57), Product(id=35216, name=product 35216, condition=new, state=ok, price=3.57), Product(id=2036, name=product 2036, condition=new, state=ok, price=3.58), Product(id=15005, name=product 15005, condition=new, state=ok, price=3.59), Product(id=21551, name=product 21551, condition=new, state=ok, price=3.59), Product(id=24174, name=product 24174, condition=new, state=ok, price=3.59), Product(id=10046, name=product 10046, condition=new, state=ok, price=3.6), Product(id=12431, name=product 12431, condition=new, state=ok, price=3.6), Product(id=19887, name=product 19887, condition=new, state=ok, price=3.6), Product(id=21072, name=product 21072, condition=new, state=ok, price=3.6), Product(id=6665, name=product 6665, condition=new, state=ok, price=3.61), Product(id=26358, name=product 26358, condition=new, state=ok, price=3.62), Product(id=30000, name=product 30000, condition=new, state=ok, price=3.62), Product(id=30785, name=product 30785, condition=new, state=ok, price=3.62), Product(id=3857, name=product 3857, condition=new, state=ok, price=3.62), Product(id=497, name=product 497, condition=new, state=ok, price=3.62), Product(id=14338, name=product 14338, condition=new, state=ok, price=3.63), Product(id=15431, name=product 15431, condition=new, state=ok, price=3.63), Product(id=7, name=product 7, condition=new, state=ok, price=3.64), Product(id=12833, name=product 12833, condition=new, state=ok, price=3.65), Product(id=9445, name=product 9445, condition=new, state=ok, price=3.65), Product(id=69755, name=product 69755, condition=new, state=ok, price=3.66), Product(id=88692, name=product 88692, condition=new, state=ok, price=3.66), Product(id=9008, name=product 9008, condition=new, state=ok, price=3.68), Product(id=969, name=product 969, condition=new, state=ok, price=3.68), Product(id=10348, name=product 10348, condition=new, state=ok, price=3.69), Product(id=22062, name=product 22062, condition=new, state=ok, price=3.71), Product(id=73298, name=product 73298, condition=new, state=ok, price=3.71), Product(id=10214, name=product 10214, condition=new, state=ok, price=3.72), Product(id=58161, name=product 58161, condition=new, state=ok, price=3.72), Product(id=16962, name=product 16962, condition=new, state=ok, price=3.73), Product(id=83748, name=product 83748, condition=new, state=ok, price=3.73), Product(id=23753, name=product 23753, condition=new, state=ok, price=3.74), Product(id=33953, name=product 33953, condition=new, state=ok, price=3.74), Product(id=2730, name=product 2730, condition=new, state=ok, price=3.75), Product(id=8002, name=product 8002, condition=new, state=ok, price=3.75), Product(id=96111, name=product 96111, condition=new, state=ok, price=3.75), Product(id=55155, name=product 55155, condition=new, state=ok, price=3.76), Product(id=695, name=product 695, condition=new, state=ok, price=3.76), Product(id=98765, name=product 98765, condition=new, state=ok, price=3.76), Product(id=42224, name=product 42224, condition=new, state=ok, price=3.77), Product(id=7086, name=product 7086, condition=new, state=ok, price=3.77), Product(id=12930, name=product 12930, condition=new, state=ok, price=3.78), Product(id=5652, name=product 5652, condition=new, state=ok, price=3.78), Product(id=26399, name=product 26399, condition=new, state=ok, price=3.79), Product(id=70211, name=product 70211, condition=new, state=ok, price=3.79), Product(id=7700, name=product 7700, condition=new, state=ok, price=3.79), Product(id=11857, name=product 11857, condition=new, state=ok, price=3.8), Product(id=19407, name=product 19407, condition=new, state=ok, price=3.8), Product(id=30784, name=product 30784, condition=new, state=ok, price=3.8), Product(id=99059, name=product 99059, condition=new, state=ok, price=3.8), Product(id=28334, name=product 28334, condition=new, state=ok, price=3.81), Product(id=36518, name=product 36518, condition=new, state=ok, price=3.81), Product(id=67880, name=product 67880, condition=new, state=ok, price=3.81), Product(id=47191, name=product 47191, condition=new, state=ok, price=3.82), Product(id=41568, name=product 41568, condition=new, state=ok, price=3.85), Product(id=45220, name=product 45220, condition=new, state=ok, price=3.85), Product(id=13263, name=product 13263, condition=new, state=ok, price=3.86), Product(id=9813, name=product 9813, condition=new, state=ok, price=3.86), Product(id=32746, name=product 32746, condition=new, state=ok, price=3.87), Product(id=250, name=product 250, condition=new, state=ok, price=3.88), Product(id=25424, name=product 25424, condition=new, state=ok, price=3.88), Product(id=28366, name=product 28366, condition=new, state=ok, price=3.88), Product(id=399, name=product 399, condition=new, state=ok, price=3.88), Product(id=4990, name=product 4990, condition=new, state=ok, price=3.88), Product(id=1171, name=product 1171, condition=new, state=ok, price=3.89), Product(id=2406, name=product 2406, condition=new, state=ok, price=3.89), Product(id=39235, name=product 39235, condition=new, state=ok, price=3.89), Product(id=15668, name=product 15668, condition=new, state=ok, price=3.9), Product(id=27394, name=product 27394, condition=new, state=ok, price=3.9), Product(id=72839, name=product 72839, condition=new, state=ok, price=3.9), Product(id=9817, name=product 9817, condition=new, state=ok, price=3.9), Product(id=4560, name=product 4560, condition=new, state=ok, price=3.91), Product(id=23582, name=product 23582, condition=new, state=ok, price=3.93), Product(id=30323, name=product 30323, condition=new, state=ok, price=3.94), Product(id=3998, name=product 3998, condition=new, state=ok, price=3.94), Product(id=44915, name=product 44915, condition=new, state=ok, price=3.94), Product(id=51880, name=product 51880, condition=new, state=ok, price=3.94), Product(id=6981, name=product 6981, condition=new, state=ok, price=3.94), Product(id=81910, name=product 81910, condition=new, state=ok, price=3.94), Product(id=34724, name=product 34724, condition=new, state=ok, price=3.95), Product(id=70199, name=product 70199, condition=new, state=ok, price=3.95), Product(id=12040, name=product 12040, condition=new, state=ok, price=3.96), Product(id=28813, name=product 28813, condition=new, state=ok, price=3.96), Product(id=9676, name=product 9676, condition=new, state=ok, price=3.96), Product(id=3132, name=product 3132, condition=new, state=ok, price=3.97), Product(id=42276, name=product 42276, condition=new, state=ok, price=3.97), Product(id=5151, name=product 5151, condition=new, state=ok, price=3.97), Product(id=44145, name=product 44145, condition=new, state=ok, price=3.98), Product(id=62750, name=product 62750, condition=new, state=ok, price=3.98), Product(id=77872, name=product 77872, condition=new, state=ok, price=3.98), Product(id=273, name=product 273, condition=new, state=ok, price=4.0), Product(id=25570, name=product 25570, condition=new, state=ok, price=4.01), Product(id=35711, name=product 35711, condition=new, state=ok, price=4.02), Product(id=31873, name=product 31873, condition=new, state=ok, price=4.03), Product(id=677, name=product 677, condition=new, state=ok, price=4.03), Product(id=87050, name=product 87050, condition=new, state=ok, price=4.03), Product(id=26783, name=product 26783, condition=new, state=ok, price=4.04), Product(id=74194, name=product 74194, condition=new, state=ok, price=4.04), Product(id=95697, name=product 95697, condition=new, state=ok, price=4.04), Product(id=38096, name=product 38096, condition=new, state=ok, price=4.05), Product(id=14421, name=product 14421, condition=new, state=ok, price=4.07), Product(id=20552, name=product 20552, condition=new, state=ok, price=4.07), Product(id=75914, name=product 75914, condition=new, state=ok, price=4.07), Product(id=2110, name=product 2110, condition=new, state=ok, price=4.08), Product(id=10662, name=product 10662, condition=new, state=ok, price=4.09), Product(id=19377, name=product 19377, condition=new, state=ok, price=4.09), Product(id=11216, name=product 11216, condition=new, state=ok, price=4.1), Product(id=47024, name=product 47024, condition=new, state=ok, price=4.1), Product(id=18914, name=product 18914, condition=new, state=ok, price=4.11), Product(id=19466, name=product 19466, condition=new, state=ok, price=4.12), Product(id=4609, name=product 4609, condition=new, state=ok, price=4.12), Product(id=590, name=product 590, condition=new, state=ok, price=4.12), Product(id=6575, name=product 6575, condition=new, state=ok, price=4.12), Product(id=84883, name=product 84883, condition=new, state=ok, price=4.12), Product(id=14356, name=product 14356, condition=new, state=ok, price=4.13), Product(id=17592, name=product 17592, condition=new, state=ok, price=4.13), Product(id=27062, name=product 27062, condition=new, state=ok, price=4.13), Product(id=31207, name=product 31207, condition=new, state=ok, price=4.13), Product(id=13954, name=product 13954, condition=new, state=ok, price=4.16), Product(id=35880, name=product 35880, condition=new, state=ok, price=4.16), Product(id=37426, name=product 37426, condition=new, state=ok, price=4.16), Product(id=38131, name=product 38131, condition=new, state=ok, price=4.16), Product(id=6689, name=product 6689, condition=new, state=ok, price=4.16), Product(id=6178, name=product 6178, condition=new, state=ok, price=4.17), Product(id=34600, name=product 34600, condition=new, state=ok, price=4.18), Product(id=45414, name=product 45414, condition=new, state=ok, price=4.18), Product(id=55707, name=product 55707, condition=new, state=ok, price=4.18), Product(id=31122, name=product 31122, condition=new, state=ok, price=4.19), Product(id=36440, name=product 36440, condition=new, state=ok, price=4.19), Product(id=2467, name=product 2467, condition=new, state=ok, price=4.2), Product(id=45286, name=product 45286, condition=new, state=ok, price=4.2), Product(id=62310, name=product 62310, condition=new, state=ok, price=4.2), Product(id=97714, name=product 97714, condition=new, state=ok, price=4.2), Product(id=4200, name=product 4200, condition=new, state=ok, price=4.21), Product(id=23878, name=product 23878, condition=new, state=ok, price=4.22), Product(id=34082, name=product 34082, condition=new, state=ok, price=4.22), Product(id=42541, name=product 42541, condition=new, state=ok, price=4.22), Product(id=42567, name=product 42567, condition=new, state=ok, price=4.22), Product(id=2042, name=product 2042, condition=new, state=ok, price=4.23), Product(id=68634, name=product 68634, condition=new, state=ok, price=4.23), Product(id=14315, name=product 14315, condition=new, state=ok, price=4.25), Product(id=14510, name=product 14510, condition=new, state=ok, price=4.25), Product(id=18332, name=product 18332, condition=new, state=ok, price=4.25), Product(id=25478, name=product 25478, condition=new, state=ok, price=4.25), Product(id=28383, name=product 28383, condition=new, state=ok, price=4.25), Product(id=45838, name=product 45838, condition=new, state=ok, price=4.25), Product(id=18819, name=product 18819, condition=new, state=ok, price=4.26), Product(id=25234, name=product 25234, condition=new, state=ok, price=4.26), Product(id=3739, name=product 3739, condition=new, state=ok, price=4.26), Product(id=47960, name=product 47960, condition=new, state=ok, price=4.26), Product(id=11354, name=product 11354, condition=new, state=ok, price=4.27), Product(id=14164, name=product 14164, condition=new, state=ok, price=4.28), Product(id=15567, name=product 15567, condition=new, state=ok, price=4.28), Product(id=44729, name=product 44729, condition=new, state=ok, price=4.28), Product(id=87875, name=product 87875, condition=new, state=ok, price=4.28), Product(id=19079, name=product 19079, condition=new, state=ok, price=4.29), Product(id=23238, name=product 23238, condition=new, state=ok, price=4.29), Product(id=43810, name=product 43810, condition=new, state=ok, price=4.29), Product(id=7991, name=product 7991, condition=new, state=ok, price=4.29), Product(id=24076, name=product 24076, condition=new, state=ok, price=4.3), Product(id=35953, name=product 35953, condition=new, state=ok, price=4.3), Product(id=7208, name=product 7208, condition=new, state=ok, price=4.3), Product(id=31928, name=product 31928, condition=new, state=ok, price=4.31), Product(id=7468, name=product 7468, condition=new, state=ok, price=4.31), Product(id=42187, name=product 42187, condition=new, state=ok, price=4.32), Product(id=21741, name=product 21741, condition=new, state=ok, price=4.33), Product(id=359, name=product 359, condition=new, state=ok, price=4.33), Product(id=43849, name=product 43849, condition=new, state=ok, price=4.33), Product(id=2525, name=product 2525, condition=new, state=ok, price=4.34), Product(id=28343, name=product 28343, condition=new, state=ok, price=4.34), Product(id=3885, name=product 3885, condition=new, state=ok, price=4.34), Product(id=44319, name=product 44319, condition=new, state=ok, price=4.34), Product(id=43294, name=product 43294, condition=new, state=ok, price=4.35), Product(id=930, name=product 930, condition=new, state=ok, price=4.35), Product(id=35588, name=product 35588, condition=new, state=ok, price=4.36), Product(id=53807, name=product 53807, condition=new, state=ok, price=4.36), Product(id=53820, name=product 53820, condition=new, state=ok, price=4.36), Product(id=790, name=product 790, condition=new, state=ok, price=4.36), Product(id=8539, name=product 8539, condition=new, state=ok, price=4.36), Product(id=95977, name=product 95977, condition=new, state=ok, price=4.36), Product(id=60752, name=product 60752, condition=new, state=ok, price=4.37), Product(id=8896, name=product 8896, condition=new, state=ok, price=4.38), Product(id=30728, name=product 30728, condition=new, state=ok, price=4.39), Product(id=51453, name=product 51453, condition=new, state=ok, price=4.39), Product(id=68278, name=product 68278, condition=new, state=ok, price=4.39), Product(id=25843, name=product 25843, condition=new, state=ok, price=4.4), Product(id=14848, name=product 14848, condition=new, state=ok, price=4.41), Product(id=41201, name=product 41201, condition=new, state=ok, price=4.41), Product(id=7174, name=product 7174, condition=new, state=ok, price=4.41), Product(id=7917, name=product 7917, condition=new, state=ok, price=4.41), Product(id=36116, name=product 36116, condition=new, state=ok, price=4.42), Product(id=11255, name=product 11255, condition=new, state=ok, price=4.43), Product(id=1351, name=product 1351, condition=new, state=ok, price=4.43), Product(id=4309, name=product 4309, condition=new, state=ok, price=4.45), Product(id=9512, name=product 9512, condition=new, state=ok, price=4.45), Product(id=18741, name=product 18741, condition=new, state=ok, price=4.46), Product(id=60545, name=product 60545, condition=new, state=ok, price=4.47), Product(id=69269, name=product 69269, condition=new, state=ok, price=4.47), Product(id=15449, name=product 15449, condition=new, state=ok, price=4.48), Product(id=11585, name=product 11585, condition=new, state=ok, price=4.49), Product(id=15124, name=product 15124, condition=new, state=ok, price=4.5), Product(id=16348, name=product 16348, condition=new, state=ok, price=4.51), Product(id=27897, name=product 27897, condition=new, state=ok, price=4.52), Product(id=30587, name=product 30587, condition=new, state=ok, price=4.52), Product(id=19181, name=product 19181, condition=new, state=ok, price=4.53), Product(id=63382, name=product 63382, condition=new, state=ok, price=4.53), Product(id=79907, name=product 79907, condition=new, state=ok, price=4.54), Product(id=83662, name=product 83662, condition=new, state=ok, price=4.54), Product(id=89626, name=product 89626, condition=new, state=ok, price=4.54), Product(id=63363, name=product 63363, condition=new, state=ok, price=4.55), Product(id=11317, name=product 11317, condition=new, state=ok, price=4.56), Product(id=20988, name=product 20988, condition=new, state=ok, price=4.56), Product(id=28166, name=product 28166, condition=new, state=ok, price=4.56), Product(id=2992, name=product 2992, condition=new, state=ok, price=4.56), Product(id=10, name=product 10, condition=new, state=ok, price=4.57), Product(id=84841, name=product 84841, condition=new, state=ok, price=4.57), Product(id=12727, name=product 12727, condition=new, state=ok, price=4.58), Product(id=21036, name=product 21036, condition=new, state=ok, price=4.58), Product(id=17146, name=product 17146, condition=new, state=ok, price=4.59), Product(id=20042, name=product 20042, condition=new, state=ok, price=4.59), Product(id=41409, name=product 41409, condition=new, state=ok, price=4.59), Product(id=4260, name=product 4260, condition=new, state=ok, price=4.59), Product(id=69824, name=product 69824, condition=new, state=ok, price=4.59), Product(id=14823, name=product 14823, condition=new, state=ok, price=4.6), Product(id=24053, name=product 24053, condition=new, state=ok, price=4.6), Product(id=45280, name=product 45280, condition=new, state=ok, price=4.6), Product(id=53717, name=product 53717, condition=new, state=ok, price=4.61), Product(id=14999, name=product 14999, condition=new, state=ok, price=4.64), Product(id=31473, name=product 31473, condition=new, state=ok, price=4.64), Product(id=40923, name=product 40923, condition=new, state=ok, price=4.64), Product(id=965, name=product 965, condition=new, state=ok, price=4.64), Product(id=19985, name=product 19985, condition=new, state=ok, price=4.65), Product(id=61580, name=product 61580, condition=new, state=ok, price=4.65), Product(id=11972, name=product 11972, condition=new, state=ok, price=4.66), Product(id=20370, name=product 20370, condition=new, state=ok, price=4.66), Product(id=12399, name=product 12399, condition=new, state=ok, price=4.68), Product(id=29100, name=product 29100, condition=new, state=ok, price=4.68), Product(id=91451, name=product 91451, condition=new, state=ok, price=4.68), Product(id=92806, name=product 92806, condition=new, state=ok, price=4.68), Product(id=20308, name=product 20308, condition=new, state=ok, price=4.69), Product(id=75759, name=product 75759, condition=new, state=ok, price=4.69), Product(id=36287, name=product 36287, condition=new, state=ok, price=4.7), Product(id=46547, name=product 46547, condition=new, state=ok, price=4.71), Product(id=27249, name=product 27249, condition=new, state=ok, price=4.73), Product(id=5798, name=product 5798, condition=new, state=ok, price=4.73), Product(id=7969, name=product 7969, condition=new, state=ok, price=4.73), Product(id=9296, name=product 9296, condition=new, state=ok, price=4.74), Product(id=34001, name=product 34001, condition=new, state=ok, price=4.76), Product(id=60825, name=product 60825, condition=new, state=ok, price=4.76), Product(id=15131, name=product 15131, condition=new, state=ok, price=4.78), Product(id=39824, name=product 39824, condition=new, state=ok, price=4.78), Product(id=79786, name=product 79786, condition=new, state=ok, price=4.78), Product(id=14835, name=product 14835, condition=new, state=ok, price=4.79), Product(id=1693, name=product 1693, condition=new, state=ok, price=4.8), Product(id=2221, name=product 2221, condition=new, state=ok, price=4.8), Product(id=4467, name=product 4467, condition=new, state=ok, price=4.83), Product(id=76923, name=product 76923, condition=new, state=ok, price=4.83), Product(id=26763, name=product 26763, condition=new, state=ok, price=4.84), Product(id=34653, name=product 34653, condition=new, state=ok, price=4.85), Product(id=4506, name=product 4506, condition=new, state=ok, price=4.86), Product(id=50214, name=product 50214, condition=new, state=ok, price=4.87), Product(id=7873, name=product 7873, condition=new, state=ok, price=4.87), Product(id=3331, name=product 3331, condition=new, state=ok, price=4.88), Product(id=70368, name=product 70368, condition=new, state=ok, price=4.88), Product(id=19958, name=product 19958, condition=new, state=ok, price=4.89), Product(id=4058, name=product 4058, condition=new, state=ok, price=4.9), Product(id=3524, name=product 3524, condition=new, state=ok, price=4.91), Product(id=8180, name=product 8180, condition=new, state=ok, price=4.91), Product(id=9060, name=product 9060, condition=new, state=ok, price=4.91), Product(id=14739, name=product 14739, condition=new, state=ok, price=4.92), Product(id=26216, name=product 26216, condition=new, state=ok, price=4.92), Product(id=2873, name=product 2873, condition=new, state=ok, price=4.92), Product(id=47107, name=product 47107, condition=new, state=ok, price=4.92), Product(id=62605, name=product 62605, condition=new, state=ok, price=4.92), Product(id=67958, name=product 67958, condition=new, state=ok, price=4.92), Product(id=22833, name=product 22833, condition=new, state=ok, price=4.93), Product(id=6231, name=product 6231, condition=new, state=ok, price=4.93), Product(id=10727, name=product 10727, condition=new, state=ok, price=4.94), Product(id=49360, name=product 49360, condition=new, state=ok, price=4.94), Product(id=81448, name=product 81448, condition=new, state=ok, price=4.94), Product(id=77463, name=product 77463, condition=new, state=ok, price=4.95), Product(id=827, name=product 827, condition=new, state=ok, price=4.95), Product(id=11329, name=product 11329, condition=new, state=ok, price=4.96), Product(id=26889, name=product 26889, condition=new, state=ok, price=4.96), Product(id=46153, name=product 46153, condition=new, state=ok, price=4.97), Product(id=5149, name=product 5149, condition=new, state=ok, price=4.97), Product(id=77295, name=product 77295, condition=new, state=ok, price=4.97), Product(id=82243, name=product 82243, condition=new, state=ok, price=4.97), Product(id=26981, name=product 26981, condition=new, state=ok, price=4.98), Product(id=96306, name=product 96306, condition=new, state=ok, price=4.98), Product(id=72095, name=product 72095, condition=new, state=ok, price=4.99), Product(id=32067, name=product 32067, condition=new, state=ok, price=5.0)]&gt; but was: java.util.LinkedList&lt;[Product(id=840, name=product 840, condition=new, state=ok, price=0.01), Product(id=6275, name=product 6275, condition=new, state=ok, price=0.02), Product(id=79875, name=product 79875, condition=new, state=ok, price=0.02), Product(id=8169, name=product 8169, condition=new, state=ok, price=0.02), Product(id=26463, name=product 26463, condition=new, state=ok, price=0.03), Product(id=42920, name=product 42920, condition=new, state=ok, price=0.03), Product(id=79198, name=product 79198, condition=new, state=ok, price=0.03), Product(id=27393, name=product 27393, condition=new, state=ok, price=0.05), Product(id=2329, name=product 2329, condition=new, state=ok, price=0.06), Product(id=36535, name=product 36535, condition=new, state=ok, price=0.06), Product(id=84156, name=product 84156, condition=new, state=ok, price=0.06), Product(id=91851, name=product 91851, condition=new, state=ok, price=0.06), Product(id=12990, name=product 12990, condition=new, state=ok, price=0.07), Product(id=89239, name=product 89239, condition=new, state=ok, price=0.07), Product(id=1957, name=product 1957, condition=new, state=ok, price=0.08), Product(id=8035, name=product 8035, condition=new, state=ok, price=0.08), Product(id=5694, name=product 5694, condition=new, state=ok, price=0.1), Product(id=13678, name=product 13678, condition=new, state=ok, price=0.11), Product(id=48869, name=product 48869, condition=new, state=ok, price=0.11), Product(id=10933, name=product 10933, condition=new, state=ok, price=0.13), Product(id=16532, name=product 16532, condition=new, state=ok, price=0.13), Product(id=1121, name=product 1121, condition=new, state=ok, price=0.14), Product(id=69096, name=product 69096, condition=new, state=ok, price=0.15), Product(id=9427, name=product 9427, condition=new, state=ok, price=0.15), Product(id=10975, name=product 10975, condition=new, state=ok, price=0.16), Product(id=11443, name=product 11443, condition=new, state=ok, price=0.16), Product(id=69236, name=product 69236, condition=new, state=ok, price=0.16), Product(id=2192, name=product 2192, condition=new, state=ok, price=0.17), Product(id=3111, name=product 3111, condition=new, state=ok, price=0.18), Product(id=59367, name=product 59367, condition=new, state=ok, price=0.18), Product(id=85418, name=product 85418, condition=new, state=ok, price=0.18), Product(id=24014, name=product 24014, condition=new, state=ok, price=0.19), Product(id=67480, name=product 67480, condition=new, state=ok, price=0.19), Product(id=9806, name=product 9806, condition=new, state=ok, price=0.19), Product(id=21081, name=product 21081, condition=new, state=ok, price=0.22), Product(id=49360, name=product 49360, condition=new, state=ok, price=0.22), Product(id=53085, name=product 53085, condition=new, state=ok, price=0.22), Product(id=5499, name=product 5499, condition=new, state=ok, price=0.24), Product(id=48409, name=product 48409, condition=new, state=ok, price=0.26), Product(id=1862, name=product 1862, condition=new, state=ok, price=0.28), Product(id=56420, name=product 56420, condition=new, state=ok, price=0.28), Product(id=4911, name=product 4911, condition=new, state=ok, price=0.29), Product(id=9182, name=product 9182, condition=new, state=ok, price=0.29), Product(id=13823, name=product 13823, condition=new, state=ok, price=0.3), Product(id=25479, name=product 25479, condition=new, state=ok, price=0.31), Product(id=94460, name=product 94460, condition=new, state=ok, price=0.31), Product(id=10809, name=product 10809, condition=new, state=ok, price=0.32), Product(id=27213, name=product 27213, condition=new, state=ok, price=0.32), Product(id=84616, name=product 84616, condition=new, state=ok, price=0.32), Product(id=97770, name=product 97770, condition=new, state=ok, price=0.33), Product(id=28618, name=product 28618, condition=new, state=ok, price=0.35), Product(id=47138, name=product 47138, condition=new, state=ok, price=0.35), Product(id=21885, name=product 21885, condition=new, state=ok, price=0.36), Product(id=271, name=product 271, condition=new, state=ok, price=0.37), Product(id=76850, name=product 76850, condition=new, state=ok, price=0.37), Product(id=82419, name=product 82419, condition=new, state=ok, price=0.37), Product(id=7863, name=product 7863, condition=new, state=ok, price=0.38), Product(id=57703, name=product 57703, condition=new, state=ok, price=0.39), Product(id=13841, name=product 13841, condition=new, state=ok, price=0.4), Product(id=2846, name=product 2846, condition=new, state=ok, price=0.4), Product(id=29743, name=product 29743, condition=new, state=ok, price=0.41), Product(id=34969, name=product 34969, condition=new, state=ok, price=0.41), Product(id=39272, name=product 39272, condition=new, state=ok, price=0.41), Product(id=49461, name=product 49461, condition=new, state=ok, price=0.41), Product(id=6032, name=product 6032, condition=new, state=ok, price=0.43), Product(id=88668, name=product 88668, condition=new, state=ok, price=0.43), Product(id=9010, name=product 9010, condition=new, state=ok, price=0.43), Product(id=15280, name=product 15280, condition=new, state=ok, price=0.44), Product(id=8484, name=product 8484, condition=new, state=ok, price=0.44), Product(id=92319, name=product 92319, condition=new, state=ok, price=0.44), Product(id=42407, name=product 42407, condition=new, state=ok, price=0.45), Product(id=45617, name=product 45617, condition=new, state=ok, price=0.47), Product(id=86708, name=product 86708, condition=new, state=ok, price=0.47), Product(id=210, name=product 210, condition=new, state=ok, price=0.48), Product(id=34603, name=product 34603, condition=new, state=ok, price=0.48), Product(id=44382, name=product 44382, condition=new, state=ok, price=0.48), Product(id=42463, name=product 42463, condition=new, state=ok, price=0.49), Product(id=4070, name=product 4070, condition=new, state=ok, price=0.5), Product(id=50869, name=product 50869, condition=new, state=ok, price=0.5), Product(id=24532, name=product 24532, condition=new, state=ok, price=0.51), Product(id=2924, name=product 2924, condition=new, state=ok, price=0.51), Product(id=41487, name=product 41487, condition=new, state=ok, price=0.51), Product(id=43307, name=product 43307, condition=new, state=ok, price=0.51), Product(id=69957, name=product 69957, condition=new, state=ok, price=0.51), Product(id=47293, name=product 47293, condition=new, state=ok, price=0.52), Product(id=17385, name=product 17385, condition=new, state=ok, price=0.53), Product(id=26659, name=product 26659, condition=new, state=ok, price=0.53), Product(id=33141, name=product 33141, condition=new, state=ok, price=0.53), Product(id=76285, name=product 76285, condition=new, state=ok, price=0.53), Product(id=83765, name=product 83765, condition=new, state=ok, price=0.53), Product(id=90446, name=product 90446, condition=new, state=ok, price=0.53), Product(id=76395, name=product 76395, condition=new, state=ok, price=0.54), Product(id=11830, name=product 11830, condition=new, state=ok, price=0.55), Product(id=21271, name=product 21271, condition=new, state=ok, price=0.55), Product(id=2366, name=product 2366, condition=new, state=ok, price=0.56), Product(id=17001, name=product 17001, condition=new, state=ok, price=0.57), Product(id=94191, name=product 94191, condition=new, state=ok, price=0.57), Product(id=34189, name=product 34189, condition=new, state=ok, price=0.58), Product(id=85105, name=product 85105, condition=new, state=ok, price=0.58), Product(id=26898, name=product 26898, condition=new, state=ok, price=0.59), Product(id=42540, name=product 42540, condition=new, state=ok, price=0.59), Product(id=27135, name=product 27135, condition=new, state=ok, price=0.6), Product(id=7800, name=product 7800, condition=new, state=ok, price=0.6), Product(id=89461, name=product 89461, condition=new, state=ok, price=0.6), Product(id=4515, name=product 4515, condition=new, state=ok, price=0.61), Product(id=94966, name=product 94966, condition=new, state=ok, price=0.61), Product(id=42401, name=product 42401, condition=new, state=ok, price=0.62), Product(id=16244, name=product 16244, condition=new, state=ok, price=0.63), Product(id=1535, name=product 1535, condition=new, state=ok, price=0.64), Product(id=75697, name=product 75697, condition=new, state=ok, price=0.64), Product(id=16112, name=product 16112, condition=new, state=ok, price=0.66), Product(id=28589, name=product 28589, condition=new, state=ok, price=0.66), Product(id=36217, name=product 36217, condition=new, state=ok, price=0.67), Product(id=40706, name=product 40706, condition=new, state=ok, price=0.67), Product(id=70736, name=product 70736, condition=new, state=ok, price=0.67), Product(id=73860, name=product 73860, condition=new, state=ok, price=0.67), Product(id=1491, name=product 1491, condition=new, state=ok, price=0.68), Product(id=33597, name=product 33597, condition=new, state=ok, price=0.68), Product(id=17265, name=product 17265, condition=new, state=ok, price=0.69), Product(id=178, name=product 178, condition=new, state=ok, price=0.69), Product(id=20974, name=product 20974, condition=new, state=ok, price=0.69), Product(id=23576, name=product 23576, condition=new, state=ok, price=0.69), Product(id=15189, name=product 15189, condition=new, state=ok, price=0.7), Product(id=4743, name=product 4743, condition=new, state=ok, price=0.7), Product(id=6368, name=product 6368, condition=new, state=ok, price=0.71), Product(id=7420, name=product 7420, condition=new, state=ok, price=0.71), Product(id=7955, name=product 7955, condition=new, state=ok, price=0.71), Product(id=8124, name=product 8124, condition=new, state=ok, price=0.71), Product(id=1690, name=product 1690, condition=new, state=ok, price=0.72), Product(id=46027, name=product 46027, condition=new, state=ok, price=0.72), Product(id=2867, name=product 2867, condition=new, state=ok, price=0.73), Product(id=86871, name=product 86871, condition=new, state=ok, price=0.73), Product(id=31060, name=product 31060, condition=new, state=ok, price=0.76), Product(id=9575, name=product 9575, condition=new, state=ok, price=0.76), Product(id=31640, name=product 31640, condition=new, state=ok, price=0.77), Product(id=33550, name=product 33550, condition=new, state=ok, price=0.77), Product(id=936, name=product 936, condition=new, state=ok, price=0.77), Product(id=14155, name=product 14155, condition=new, state=ok, price=0.78), Product(id=4061, name=product 4061, condition=new, state=ok, price=0.78), Product(id=30821, name=product 30821, condition=new, state=ok, price=0.79), Product(id=4143, name=product 4143, condition=new, state=ok, price=0.79), Product(id=12348, name=product 12348, condition=new, state=ok, price=0.8), Product(id=1798, name=product 1798, condition=new, state=ok, price=0.8), Product(id=37662, name=product 37662, condition=new, state=ok, price=0.8), Product(id=39323, name=product 39323, condition=new, state=ok, price=0.8), Product(id=14675, name=product 14675, condition=new, state=ok, price=0.81), Product(id=16069, name=product 16069, condition=new, state=ok, price=0.81), Product(id=29223, name=product 29223, condition=new, state=ok, price=0.83), Product(id=33347, name=product 33347, condition=new, state=ok, price=0.83), Product(id=38440, name=product 38440, condition=new, state=ok, price=0.83), Product(id=5852, name=product 5852, condition=new, state=ok, price=0.83), Product(id=41215, name=product 41215, condition=new, state=ok, price=0.84), Product(id=4403, name=product 4403, condition=new, state=ok, price=0.84), Product(id=6913, name=product 6913, condition=new, state=ok, price=0.84), Product(id=29372, name=product 29372, condition=new, state=ok, price=0.85), Product(id=61760, name=product 61760, condition=new, state=ok, price=0.85), Product(id=73127, name=product 73127, condition=new, state=ok, price=0.85), Product(id=948, name=product 948, condition=new, state=ok, price=0.85), Product(id=4878, name=product 4878, condition=new, state=ok, price=0.86), Product(id=93979, name=product 93979, condition=new, state=ok, price=0.86), Product(id=4180, name=product 4180, condition=new, state=ok, price=0.87), Product(id=14026, name=product 14026, condition=new, state=ok, price=0.88), Product(id=12882, name=product 12882, condition=new, state=ok, price=0.89), Product(id=16290, name=product 16290, condition=new, state=ok, price=0.89), Product(id=27964, name=product 27964, condition=new, state=ok, price=0.89), Product(id=84488, name=product 84488, condition=new, state=ok, price=0.89), Product(id=9154, name=product 9154, condition=new, state=ok, price=0.89), Product(id=4611, name=product 4611, condition=new, state=ok, price=0.91), Product(id=9869, name=product 9869, condition=new, state=ok, price=0.91), Product(id=10744, name=product 10744, condition=new, state=ok, price=0.92), Product(id=30373, name=product 30373, condition=new, state=ok, price=0.92), Product(id=84398, name=product 84398, condition=new, state=ok, price=0.94), Product(id=87896, name=product 87896, condition=new, state=ok, price=0.95), Product(id=98175, name=product 98175, condition=new, state=ok, price=0.95), Product(id=5916, name=product 5916, condition=new, state=ok, price=0.97), Product(id=1062, name=product 1062, condition=new, state=ok, price=0.98), Product(id=21832, name=product 21832, condition=new, state=ok, price=0.98), Product(id=23439, name=product 23439, condition=new, state=ok, price=0.99), Product(id=33840, name=product 33840, condition=new, state=ok, price=0.99), Product(id=7100, name=product 7100, condition=new, state=ok, price=0.99), Product(id=32447, name=product 32447, condition=new, state=ok, price=1.0), Product(id=3928, name=product 3928, condition=new, state=ok, price=1.0), Product(id=12476, name=product 12476, condition=new, state=ok, price=1.01), Product(id=27460, name=product 27460, condition=new, state=ok, price=1.01), Product(id=5523, name=product 5523, condition=new, state=ok, price=1.01), Product(id=26451, name=product 26451, condition=new, state=ok, price=1.02), Product(id=30077, name=product 30077, condition=new, state=ok, price=1.02), Product(id=37384, name=product 37384, condition=new, state=ok, price=1.02), Product(id=27607, name=product 27607, condition=new, state=ok, price=1.03), Product(id=5175, name=product 5175, condition=new, state=ok, price=1.03), Product(id=6362, name=product 6362, condition=new, state=ok, price=1.03), Product(id=75891, name=product 75891, condition=new, state=ok, price=1.03), Product(id=1344, name=product 1344, condition=new, state=ok, price=1.04), Product(id=6910, name=product 6910, condition=new, state=ok, price=1.04), Product(id=14552, name=product 14552, condition=new, state=ok, price=1.05), Product(id=13280, name=product 13280, condition=new, state=ok, price=1.06), Product(id=28961, name=product 28961, condition=new, state=ok, price=1.06), Product(id=57118, name=product 57118, condition=new, state=ok, price=1.06), Product(id=68724, name=product 68724, condition=new, state=ok, price=1.06), Product(id=86146, name=product 86146, condition=new, state=ok, price=1.06), Product(id=97674, name=product 97674, condition=new, state=ok, price=1.06), Product(id=98893, name=product 98893, condition=new, state=ok, price=1.06), Product(id=13659, name=product 13659, condition=new, state=ok, price=1.07), Product(id=21522, name=product 21522, condition=new, state=ok, price=1.07), Product(id=39657, name=product 39657, condition=new, state=ok, price=1.07), Product(id=49607, name=product 49607, condition=new, state=ok, price=1.07), Product(id=6663, name=product 6663, condition=new, state=ok, price=1.07), Product(id=47056, name=product 47056, condition=new, state=ok, price=1.08), Product(id=3512, name=product 3512, condition=new, state=ok, price=1.09), Product(id=90535, name=product 90535, condition=new, state=ok, price=1.09), Product(id=15477, name=product 15477, condition=new, state=ok, price=1.1), Product(id=31874, name=product 31874, condition=new, state=ok, price=1.1), Product(id=10251, name=product 10251, condition=new, state=ok, price=1.11), Product(id=11415, name=product 11415, condition=new, state=ok, price=1.12), Product(id=11629, name=product 11629, condition=new, state=ok, price=1.12), Product(id=23537, name=product 23537, condition=new, state=ok, price=1.12), Product(id=30994, name=product 30994, condition=new, state=ok, price=1.12), Product(id=5869, name=product 5869, condition=new, state=ok, price=1.12), Product(id=64392, name=product 64392, condition=new, state=ok, price=1.12), Product(id=84181, name=product 84181, condition=new, state=ok, price=1.12), Product(id=20291, name=product 20291, condition=new, state=ok, price=1.13), Product(id=4877, name=product 4877, condition=new, state=ok, price=1.13), Product(id=29246, name=product 29246, condition=new, state=ok, price=1.15), Product(id=38, name=product 38, condition=new, state=ok, price=1.15), Product(id=45002, name=product 45002, condition=new, state=ok, price=1.15), Product(id=36654, name=product 36654, condition=new, state=ok, price=1.17), Product(id=50162, name=product 50162, condition=new, state=ok, price=1.17), Product(id=53854, name=product 53854, condition=new, state=ok, price=1.17), Product(id=53880, name=product 53880, condition=new, state=ok, price=1.17), Product(id=10230, name=product 10230, condition=new, state=ok, price=1.19), Product(id=27403, name=product 27403, condition=new, state=ok, price=1.19), Product(id=50931, name=product 50931, condition=new, state=ok, price=1.19), Product(id=6020, name=product 6020, condition=new, state=ok, price=1.19), Product(id=82149, name=product 82149, condition=new, state=ok, price=1.19), Product(id=94181, name=product 94181, condition=new, state=ok, price=1.19), Product(id=3065, name=product 3065, condition=new, state=ok, price=1.2), Product(id=3150, name=product 3150, condition=new, state=ok, price=1.2), Product(id=3257, name=product 3257, condition=new, state=ok, price=1.21), Product(id=5626, name=product 5626, condition=new, state=ok, price=1.21), Product(id=75874, name=product 75874, condition=new, state=ok, price=1.21), Product(id=98055, name=product 98055, condition=new, state=ok, price=1.22), Product(id=43214, name=product 43214, condition=new, state=ok, price=1.25), Product(id=89045, name=product 89045, condition=new, state=ok, price=1.25), Product(id=21676, name=product 21676, condition=new, state=ok, price=1.26), Product(id=1264, name=product 1264, condition=new, state=ok, price=1.27), Product(id=23304, name=product 23304, condition=new, state=ok, price=1.27), Product(id=23919, name=product 23919, condition=new, state=ok, price=1.27), Product(id=39282, name=product 39282, condition=new, state=ok, price=1.27), Product(id=45362, name=product 45362, condition=new, state=ok, price=1.27), Product(id=91556, name=product 91556, condition=new, state=ok, price=1.27), Product(id=3936, name=product 3936, condition=new, state=ok, price=1.28), Product(id=84887, name=product 84887, condition=new, state=ok, price=1.28), Product(id=66472, name=product 66472, condition=new, state=ok, price=1.29), Product(id=15971, name=product 15971, condition=new, state=ok, price=1.3), Product(id=48056, name=product 48056, condition=new, state=ok, price=1.3), Product(id=15878, name=product 15878, condition=new, state=ok, price=1.31), Product(id=31326, name=product 31326, condition=new, state=ok, price=1.31), Product(id=41754, name=product 41754, condition=new, state=ok, price=1.32), Product(id=75869, name=product 75869, condition=new, state=ok, price=1.32), Product(id=1017, name=product 1017, condition=new, state=ok, price=1.33), Product(id=11682, name=product 11682, condition=new, state=ok, price=1.33), Product(id=24639, name=product 24639, condition=new, state=ok, price=1.33), Product(id=4736, name=product 4736, condition=new, state=ok, price=1.33), Product(id=53720, name=product 53720, condition=new, state=ok, price=1.33), Product(id=85957, name=product 85957, condition=new, state=ok, price=1.34), Product(id=63505, name=product 63505, condition=new, state=ok, price=1.35), Product(id=75129, name=product 75129, condition=new, state=ok, price=1.35), Product(id=11046, name=product 11046, condition=new, state=ok, price=1.36), Product(id=18569, name=product 18569, condition=new, state=ok, price=1.36), Product(id=38298, name=product 38298, condition=new, state=ok, price=1.36), Product(id=29398, name=product 29398, condition=new, state=ok, price=1.37), Product(id=35508, name=product 35508, condition=new, state=ok, price=1.39), Product(id=46591, name=product 46591, condition=new, state=ok, price=1.39), Product(id=11996, name=product 11996, condition=new, state=ok, price=1.4), Product(id=45854, name=product 45854, condition=new, state=ok, price=1.4), Product(id=14659, name=product 14659, condition=new, state=ok, price=1.41), Product(id=164, name=product 164, condition=new, state=ok, price=1.41), Product(id=50293, name=product 50293, condition=new, state=ok, price=1.41), Product(id=65781, name=product 65781, condition=new, state=ok, price=1.42), Product(id=5734, name=product 5734, condition=new, state=ok, price=1.43), Product(id=64237, name=product 64237, condition=new, state=ok, price=1.43), Product(id=74125, name=product 74125, condition=new, state=ok, price=1.43), Product(id=2315, name=product 2315, condition=new, state=ok, price=1.44), Product(id=33089, name=product 33089, condition=new, state=ok, price=1.44), Product(id=6934, name=product 6934, condition=new, state=ok, price=1.44), Product(id=96328, name=product 96328, condition=new, state=ok, price=1.44), Product(id=10934, name=product 10934, condition=new, state=ok, price=1.45), Product(id=1434, name=product 1434, condition=new, state=ok, price=1.45), Product(id=31611, name=product 31611, condition=new, state=ok, price=1.45), Product(id=4835, name=product 4835, condition=new, state=ok, price=1.45), Product(id=53060, name=product 53060, condition=new, state=ok, price=1.45), Product(id=2958, name=product 2958, condition=new, state=ok, price=1.46), Product(id=8111, name=product 8111, condition=new, state=ok, price=1.46), Product(id=3487, name=product 3487, condition=new, state=ok, price=1.47), Product(id=68795, name=product 68795, condition=new, state=ok, price=1.48), Product(id=23103, name=product 23103, condition=new, state=ok, price=1.49), Product(id=36743, name=product 36743, condition=new, state=ok, price=1.49), Product(id=88095, name=product 88095, condition=new, state=ok, price=1.49), Product(id=10577, name=product 10577, condition=new, state=ok, price=1.51), Product(id=12434, name=product 12434, condition=new, state=ok, price=1.51), Product(id=12522, name=product 12522, condition=new, state=ok, price=1.51), Product(id=73022, name=product 73022, condition=new, state=ok, price=1.51), Product(id=22185, name=product 22185, condition=new, state=ok, price=1.52), Product(id=67082, name=product 67082, condition=new, state=ok, price=1.52), Product(id=4273, name=product 4273, condition=new, state=ok, price=1.53), Product(id=69447, name=product 69447, condition=new, state=ok, price=1.53), Product(id=79864, name=product 79864, condition=new, state=ok, price=1.54), Product(id=86717, name=product 86717, condition=new, state=ok, price=1.54), Product(id=1313, name=product 1313, condition=new, state=ok, price=1.55), Product(id=38342, name=product 38342, condition=new, state=ok, price=1.55), Product(id=6014, name=product 6014, condition=new, state=ok, price=1.55), Product(id=20909, name=product 20909, condition=new, state=ok, price=1.57), Product(id=28544, name=product 28544, condition=new, state=ok, price=1.57), Product(id=36752, name=product 36752, condition=new, state=ok, price=1.57), Product(id=46909, name=product 46909, condition=new, state=ok, price=1.57), Product(id=4812, name=product 4812, condition=new, state=ok, price=1.58), Product(id=9167, name=product 9167, condition=new, state=ok, price=1.59), Product(id=263, name=product 263, condition=new, state=ok, price=1.6), Product(id=4139, name=product 4139, condition=new, state=ok, price=1.6), Product(id=26375, name=product 26375, condition=new, state=ok, price=1.61), Product(id=37729, name=product 37729, condition=new, state=ok, price=1.63), Product(id=64335, name=product 64335, condition=new, state=ok, price=1.63), Product(id=14365, name=product 14365, condition=new, state=ok, price=1.65), Product(id=34872, name=product 34872, condition=new, state=ok, price=1.65), Product(id=53752, name=product 53752, condition=new, state=ok, price=1.65), Product(id=11360, name=product 11360, condition=new, state=ok, price=1.66), Product(id=22493, name=product 22493, condition=new, state=ok, price=1.66), Product(id=25938, name=product 25938, condition=new, state=ok, price=1.66), Product(id=1160, name=product 1160, condition=new, state=ok, price=1.67), Product(id=16341, name=product 16341, condition=new, state=ok, price=1.67), Product(id=34445, name=product 34445, condition=new, state=ok, price=1.67), Product(id=46638, name=product 46638, condition=new, state=ok, price=1.67), Product(id=97896, name=product 97896, condition=new, state=ok, price=1.67), Product(id=26115, name=product 26115, condition=new, state=ok, price=1.68), Product(id=45178, name=product 45178, condition=new, state=ok, price=1.68), Product(id=69765, name=product 69765, condition=new, state=ok, price=1.68), Product(id=18591, name=product 18591, condition=new, state=ok, price=1.69), Product(id=31852, name=product 31852, condition=new, state=ok, price=1.69), Product(id=47320, name=product 47320, condition=new, state=ok, price=1.69), Product(id=68582, name=product 68582, condition=new, state=ok, price=1.69), Product(id=84384, name=product 84384, condition=new, state=ok, price=1.69), Product(id=12232, name=product 12232, condition=new, state=ok, price=1.7), Product(id=2537, name=product 2537, condition=new, state=ok, price=1.7), Product(id=6103, name=product 6103, condition=new, state=ok, price=1.71), Product(id=36797, name=product 36797, condition=new, state=ok, price=1.72), Product(id=6726, name=product 6726, condition=new, state=ok, price=1.72), Product(id=17319, name=product 17319, condition=new, state=ok, price=1.73), Product(id=21, name=product 21, condition=new, state=ok, price=1.73), Product(id=44416, name=product 44416, condition=new, state=ok, price=1.73), Product(id=6337, name=product 6337, condition=new, state=ok, price=1.73), Product(id=14408, name=product 14408, condition=new, state=ok, price=1.74), Product(id=21543, name=product 21543, condition=new, state=ok, price=1.74), Product(id=80683, name=product 80683, condition=new, state=ok, price=1.74), Product(id=3247, name=product 3247, condition=new, state=ok, price=1.75), Product(id=37468, name=product 37468, condition=new, state=ok, price=1.75), Product(id=93081, name=product 93081, condition=new, state=ok, price=1.75), Product(id=36189, name=product 36189, condition=new, state=ok, price=1.76), Product(id=49510, name=product 49510, condition=new, state=ok, price=1.76), Product(id=18586, name=product 18586, condition=new, state=ok, price=1.78), Product(id=7451, name=product 7451, condition=new, state=ok, price=1.79), Product(id=35338, name=product 35338, condition=new, state=ok, price=1.81), Product(id=3868, name=product 3868, condition=new, state=ok, price=1.81), Product(id=71879, name=product 71879, condition=new, state=ok, price=1.81), Product(id=3713, name=product 3713, condition=new, state=ok, price=1.82), Product(id=9955, name=product 9955, condition=new, state=ok, price=1.82), Product(id=19483, name=product 19483, condition=new, state=ok, price=1.84), Product(id=38168, name=product 38168, condition=new, state=ok, price=1.84), Product(id=5736, name=product 5736, condition=new, state=ok, price=1.84), Product(id=61954, name=product 61954, condition=new, state=ok, price=1.84), Product(id=12566, name=product 12566, condition=new, state=ok, price=1.86), Product(id=73727, name=product 73727, condition=new, state=ok, price=1.86), Product(id=37927, name=product 37927, condition=new, state=ok, price=1.87), Product(id=93734, name=product 93734, condition=new, state=ok, price=1.87), Product(id=33960, name=product 33960, condition=new, state=ok, price=1.88), Product(id=19656, name=product 19656, condition=new, state=ok, price=1.89), Product(id=20683, name=product 20683, condition=new, state=ok, price=1.89), Product(id=5874, name=product 5874, condition=new, state=ok, price=1.89), Product(id=20984, name=product 20984, condition=new, state=ok, price=1.9), Product(id=30836, name=product 30836, condition=new, state=ok, price=1.9), Product(id=123, name=product 123, condition=new, state=ok, price=1.91), Product(id=13707, name=product 13707, condition=new, state=ok, price=1.91), Product(id=42464, name=product 42464, condition=new, state=ok, price=1.91), Product(id=6036, name=product 6036, condition=new, state=ok, price=1.91), Product(id=20659, name=product 20659, condition=new, state=ok, price=1.92), Product(id=2408, name=product 2408, condition=new, state=ok, price=1.92), Product(id=28065, name=product 28065, condition=new, state=ok, price=1.92), Product(id=10868, name=product 10868, condition=new, state=ok, price=1.94), Product(id=54132, name=product 54132, condition=new, state=ok, price=1.94), Product(id=78041, name=product 78041, condition=new, state=ok, price=1.94), Product(id=4222, name=product 4222, condition=new, state=ok, price=1.95), Product(id=52295, name=product 52295, condition=new, state=ok, price=1.96), Product(id=22396, name=product 22396, condition=new, state=ok, price=1.97), Product(id=49907, name=product 49907, condition=new, state=ok, price=1.97), Product(id=24106, name=product 24106, condition=new, state=ok, price=1.98), Product(id=27833, name=product 27833, condition=new, state=ok, price=1.98), Product(id=4218, name=product 4218, condition=new, state=ok, price=1.98), Product(id=4262, name=product 4262, condition=new, state=ok, price=1.99), Product(id=4402, name=product 4402, condition=new, state=ok, price=1.99), Product(id=86, name=product 86, condition=new, state=ok, price=1.99), Product(id=32984, name=product 32984, condition=new, state=ok, price=2.0), Product(id=44782, name=product 44782, condition=new, state=ok, price=2.0), Product(id=57174, name=product 57174, condition=new, state=ok, price=2.0), Product(id=18210, name=product 18210, condition=new, state=ok, price=2.01), Product(id=37896, name=product 37896, condition=new, state=ok, price=2.01), Product(id=76581, name=product 76581, condition=new, state=ok, price=2.01), Product(id=5793, name=product 5793, condition=new, state=ok, price=2.02), Product(id=4570, name=product 4570, condition=new, state=ok, price=2.03), Product(id=10563, name=product 10563, condition=new, state=ok, price=2.04), Product(id=13721, name=product 13721, condition=new, state=ok, price=2.04), Product(id=20365, name=product 20365, condition=new, state=ok, price=2.04), Product(id=23133, name=product 23133, condition=new, state=ok, price=2.05), Product(id=29447, name=product 29447, condition=new, state=ok, price=2.05), Product(id=8339, name=product 8339, condition=new, state=ok, price=2.05), Product(id=18834, name=product 18834, condition=new, state=ok, price=2.06), Product(id=43126, name=product 43126, condition=new, state=ok, price=2.07), Product(id=44109, name=product 44109, condition=new, state=ok, price=2.07), Product(id=86862, name=product 86862, condition=new, state=ok, price=2.07), Product(id=7446, name=product 7446, condition=new, state=ok, price=2.08), Product(id=37100, name=product 37100, condition=new, state=ok, price=2.09), Product(id=4160, name=product 4160, condition=new, state=ok, price=2.09), Product(id=59985, name=product 59985, condition=new, state=ok, price=2.09), Product(id=6033, name=product 6033, condition=new, state=ok, price=2.09), Product(id=60405, name=product 60405, condition=new, state=ok, price=2.11), Product(id=90808, name=product 90808, condition=new, state=ok, price=2.11), Product(id=61781, name=product 61781, condition=new, state=ok, price=2.16), Product(id=11551, name=product 11551, condition=new, state=ok, price=2.17), Product(id=80034, name=product 80034, condition=new, state=ok, price=2.18), Product(id=29458, name=product 29458, condition=new, state=ok, price=2.19), Product(id=29677, name=product 29677, condition=new, state=ok, price=2.19), Product(id=2025, name=product 2025, condition=new, state=ok, price=2.2), Product(id=53271, name=product 53271, condition=new, state=ok, price=2.2), Product(id=93147, name=product 93147, condition=new, state=ok, price=2.2), Product(id=24933, name=product 24933, condition=new, state=ok, price=2.21), Product(id=72827, name=product 72827, condition=new, state=ok, price=2.23), Product(id=72897, name=product 72897, condition=new, state=ok, price=2.23), Product(id=2326, name=product 2326, condition=new, state=ok, price=2.24), Product(id=187, name=product 187, condition=new, state=ok, price=2.25), Product(id=4104, name=product 4104, condition=new, state=ok, price=2.25), Product(id=55745, name=product 55745, condition=new, state=ok, price=2.25), Product(id=3520, name=product 3520, condition=new, state=ok, price=2.26), Product(id=5214, name=product 5214, condition=new, state=ok, price=2.27), Product(id=96871, name=product 96871, condition=new, state=ok, price=2.27), Product(id=6219, name=product 6219, condition=new, state=ok, price=2.29), Product(id=11813, name=product 11813, condition=new, state=ok, price=2.31), Product(id=16656, name=product 16656, condition=new, state=ok, price=2.31), Product(id=28735, name=product 28735, condition=new, state=ok, price=2.31), Product(id=49690, name=product 49690, condition=new, state=ok, price=2.31), Product(id=58877, name=product 58877, condition=new, state=ok, price=2.31), Product(id=12626, name=product 12626, condition=new, state=ok, price=2.32), Product(id=418, name=product 418, condition=new, state=ok, price=2.32), Product(id=60092, name=product 60092, condition=new, state=ok, price=2.32), Product(id=18107, name=product 18107, condition=new, state=ok, price=2.33), Product(id=31236, name=product 31236, condition=new, state=ok, price=2.33), Product(id=36866, name=product 36866, condition=new, state=ok, price=2.33), Product(id=1746, name=product 1746, condition=new, state=ok, price=2.35), Product(id=35025, name=product 35025, condition=new, state=ok, price=2.35), Product(id=45917, name=product 45917, condition=new, state=ok, price=2.35), Product(id=88952, name=product 88952, condition=new, state=ok, price=2.35), Product(id=9489, name=product 9489, condition=new, state=ok, price=2.35), Product(id=17407, name=product 17407, condition=new, state=ok, price=2.36), Product(id=3214, name=product 3214, condition=new, state=ok, price=2.36), Product(id=49521, name=product 49521, condition=new, state=ok, price=2.36), Product(id=61279, name=product 61279, condition=new, state=ok, price=2.37), Product(id=81031, name=product 81031, condition=new, state=ok, price=2.37), Product(id=12963, name=product 12963, condition=new, state=ok, price=2.38), Product(id=47687, name=product 47687, condition=new, state=ok, price=2.39), Product(id=52240, name=product 52240, condition=new, state=ok, price=2.39), Product(id=7065, name=product 7065, condition=new, state=ok, price=2.39), Product(id=1758, name=product 1758, condition=new, state=ok, price=2.4), Product(id=1797, name=product 1797, condition=new, state=ok, price=2.4), Product(id=3436, name=product 3436, condition=new, state=ok, price=2.4), Product(id=47956, name=product 47956, condition=new, state=ok, price=2.4), Product(id=68699, name=product 68699, condition=new, state=ok, price=2.4), Product(id=31593, name=product 31593, condition=new, state=ok, price=2.41), Product(id=34177, name=product 34177, condition=new, state=ok, price=2.41), Product(id=8323, name=product 8323, condition=new, state=ok, price=2.41), Product(id=213, name=product 213, condition=new, state=ok, price=2.42), Product(id=39933, name=product 39933, condition=new, state=ok, price=2.43), Product(id=331, name=product 331, condition=new, state=ok, price=2.44), Product(id=58864, name=product 58864, condition=new, state=ok, price=2.44), Product(id=14643, name=product 14643, condition=new, state=ok, price=2.45), Product(id=54064, name=product 54064, condition=new, state=ok, price=2.45), Product(id=24418, name=product 24418, condition=new, state=ok, price=2.46), Product(id=736, name=product 736, condition=new, state=ok, price=2.46), Product(id=77826, name=product 77826, condition=new, state=ok, price=2.46), Product(id=79010, name=product 79010, condition=new, state=ok, price=2.46), Product(id=8257, name=product 8257, condition=new, state=ok, price=2.46), Product(id=99369, name=product 99369, condition=new, state=ok, price=2.46), Product(id=34321, name=product 34321, condition=new, state=ok, price=2.47), Product(id=2103, name=product 2103, condition=new, state=ok, price=2.48), Product(id=14689, name=product 14689, condition=new, state=ok, price=2.49), Product(id=22082, name=product 22082, condition=new, state=ok, price=2.49), Product(id=10260, name=product 10260, condition=new, state=ok, price=2.5), Product(id=16315, name=product 16315, condition=new, state=ok, price=2.51), Product(id=28659, name=product 28659, condition=new, state=ok, price=2.51), Product(id=72216, name=product 72216, condition=new, state=ok, price=2.52), Product(id=64776, name=product 64776, condition=new, state=ok, price=2.53), Product(id=8335, name=product 8335, condition=new, state=ok, price=2.53), Product(id=37715, name=product 37715, condition=new, state=ok, price=2.54), Product(id=43402, name=product 43402, condition=new, state=ok, price=2.54), Product(id=2341, name=product 2341, condition=new, state=ok, price=2.55), Product(id=35210, name=product 35210, condition=new, state=ok, price=2.55), Product(id=2519, name=product 2519, condition=new, state=ok, price=2.56), Product(id=21845, name=product 21845, condition=new, state=ok, price=2.57), Product(id=7288, name=product 7288, condition=new, state=ok, price=2.58), Product(id=1970, name=product 1970, condition=new, state=ok, price=2.59), Product(id=39294, name=product 39294, condition=new, state=ok, price=2.6), Product(id=64843, name=product 64843, condition=new, state=ok, price=2.6), Product(id=11401, name=product 11401, condition=new, state=ok, price=2.61), Product(id=23217, name=product 23217, condition=new, state=ok, price=2.61), Product(id=37187, name=product 37187, condition=new, state=ok, price=2.61), Product(id=9639, name=product 9639, condition=new, state=ok, price=2.61), Product(id=10827, name=product 10827, condition=new, state=ok, price=2.62), Product(id=17898, name=product 17898, condition=new, state=ok, price=2.62), Product(id=4957, name=product 4957, condition=new, state=ok, price=2.63), Product(id=29386, name=product 29386, condition=new, state=ok, price=2.64), Product(id=8828, name=product 8828, condition=new, state=ok, price=2.65), Product(id=4310, name=product 4310, condition=new, state=ok, price=2.66), Product(id=9104, name=product 9104, condition=new, state=ok, price=2.66), Product(id=47025, name=product 47025, condition=new, state=ok, price=2.67), Product(id=76934, name=product 76934, condition=new, state=ok, price=2.67), Product(id=9872, name=product 9872, condition=new, state=ok, price=2.67), Product(id=46588, name=product 46588, condition=new, state=ok, price=2.68), Product(id=1145, name=product 1145, condition=new, state=ok, price=2.69), Product(id=68560, name=product 68560, condition=new, state=ok, price=2.69), Product(id=358, name=product 358, condition=new, state=ok, price=2.7), Product(id=12178, name=product 12178, condition=new, state=ok, price=2.71), Product(id=4268, name=product 4268, condition=new, state=ok, price=2.71), Product(id=45577, name=product 45577, condition=new, state=ok, price=2.71), Product(id=3484, name=product 3484, condition=new, state=ok, price=2.73), Product(id=64752, name=product 64752, condition=new, state=ok, price=2.73), Product(id=91382, name=product 91382, condition=new, state=ok, price=2.73), Product(id=1042, name=product 1042, condition=new, state=ok, price=2.74), Product(id=45915, name=product 45915, condition=new, state=ok, price=2.74), Product(id=15488, name=product 15488, condition=new, state=ok, price=2.75), Product(id=29824, name=product 29824, condition=new, state=ok, price=2.75), Product(id=30507, name=product 30507, condition=new, state=ok, price=2.75), Product(id=76717, name=product 76717, condition=new, state=ok, price=2.75), Product(id=13781, name=product 13781, condition=new, state=ok, price=2.76), Product(id=60508, name=product 60508, condition=new, state=ok, price=2.76), Product(id=75911, name=product 75911, condition=new, state=ok, price=2.76), Product(id=8361, name=product 8361, condition=new, state=ok, price=2.76), Product(id=1722, name=product 1722, condition=new, state=ok, price=2.77), Product(id=36074, name=product 36074, condition=new, state=ok, price=2.77), Product(id=4824, name=product 4824, condition=new, state=ok, price=2.77), Product(id=61981, name=product 61981, condition=new, state=ok, price=2.77), Product(id=72514, name=product 72514, condition=new, state=ok, price=2.77), Product(id=7521, name=product 7521, condition=new, state=ok, price=2.77), Product(id=61366, name=product 61366, condition=new, state=ok, price=2.79), Product(id=21952, name=product 21952, condition=new, state=ok, price=2.81), Product(id=89046, name=product 89046, condition=new, state=ok, price=2.82), Product(id=9361, name=product 9361, condition=new, state=ok, price=2.82), Product(id=1171, name=product 1171, condition=new, state=ok, price=2.83), Product(id=43016, name=product 43016, condition=new, state=ok, price=2.83), Product(id=45737, name=product 45737, condition=new, state=ok, price=2.83), Product(id=74082, name=product 74082, condition=new, state=ok, price=2.83), Product(id=26722, name=product 26722, condition=new, state=ok, price=2.84), Product(id=38956, name=product 38956, condition=new, state=ok, price=2.86), Product(id=47211, name=product 47211, condition=new, state=ok, price=2.86), Product(id=87687, name=product 87687, condition=new, state=ok, price=2.86), Product(id=18140, name=product 18140, condition=new, state=ok, price=2.88), Product(id=11844, name=product 11844, condition=new, state=ok, price=2.89), Product(id=88091, name=product 88091, condition=new, state=ok, price=2.89), Product(id=3208, name=product 3208, condition=new, state=ok, price=2.9), Product(id=37313, name=product 37313, condition=new, state=ok, price=2.9), Product(id=44371, name=product 44371, condition=new, state=ok, price=2.9), Product(id=17582, name=product 17582, condition=new, state=ok, price=2.91), Product(id=33541, name=product 33541, condition=new, state=ok, price=2.91), Product(id=440, name=product 440, condition=new, state=ok, price=2.91), Product(id=80310, name=product 80310, condition=new, state=ok, price=2.92), Product(id=9021, name=product 9021, condition=new, state=ok, price=2.92), Product(id=10274, name=product 10274, condition=new, state=ok, price=2.94), Product(id=26704, name=product 26704, condition=new, state=ok, price=2.94), Product(id=42648, name=product 42648, condition=new, state=ok, price=2.94), Product(id=14828, name=product 14828, condition=new, state=ok, price=2.95), Product(id=56435, name=product 56435, condition=new, state=ok, price=2.95), Product(id=27019, name=product 27019, condition=new, state=ok, price=2.96), Product(id=46238, name=product 46238, condition=new, state=ok, price=2.96), Product(id=64663, name=product 64663, condition=new, state=ok, price=2.96), Product(id=12140, name=product 12140, condition=new, state=ok, price=2.97), Product(id=18347, name=product 18347, condition=new, state=ok, price=2.97), Product(id=29653, name=product 29653, condition=new, state=ok, price=2.97), Product(id=982, name=product 982, condition=new, state=ok, price=2.97), Product(id=3232, name=product 3232, condition=new, state=ok, price=2.98), Product(id=54742, name=product 54742, condition=new, state=ok, price=2.98), Product(id=17111, name=product 17111, condition=new, state=ok, price=2.99), Product(id=2313, name=product 2313, condition=new, state=ok, price=2.99), Product(id=9527, name=product 9527, condition=new, state=ok, price=2.99), Product(id=96244, name=product 96244, condition=new, state=ok, price=2.99), Product(id=3003, name=product 3003, condition=new, state=ok, price=3.0), Product(id=1256, name=product 1256, condition=new, state=ok, price=3.01), Product(id=3167, name=product 3167, condition=new, state=ok, price=3.01), Product(id=74986, name=product 74986, condition=new, state=ok, price=3.01), Product(id=36799, name=product 36799, condition=new, state=ok, price=3.02), Product(id=15, name=product 15, condition=new, state=ok, price=3.03), Product(id=44953, name=product 44953, condition=new, state=ok, price=3.03), Product(id=13765, name=product 13765, condition=new, state=ok, price=3.05), Product(id=21677, name=product 21677, condition=new, state=ok, price=3.05), Product(id=25137, name=product 25137, condition=new, state=ok, price=3.05), Product(id=28218, name=product 28218, condition=new, state=ok, price=3.05), Product(id=88810, name=product 88810, condition=new, state=ok, price=3.05), Product(id=1986, name=product 1986, condition=new, state=ok, price=3.07), Product(id=47984, name=product 47984, condition=new, state=ok, price=3.07), Product(id=5199, name=product 5199, condition=new, state=ok, price=3.07), Product(id=66609, name=product 66609, condition=new, state=ok, price=3.07), Product(id=40963, name=product 40963, condition=new, state=ok, price=3.08), Product(id=52512, name=product 52512, condition=new, state=ok, price=3.08), Product(id=1118, name=product 1118, condition=new, state=ok, price=3.09), Product(id=22307, name=product 22307, condition=new, state=ok, price=3.09), Product(id=9626, name=product 9626, condition=new, state=ok, price=3.09), Product(id=10877, name=product 10877, condition=new, state=ok, price=3.1), Product(id=41109, name=product 41109, condition=new, state=ok, price=3.1), Product(id=95110, name=product 95110, condition=new, state=ok, price=3.1), Product(id=22220, name=product 22220, condition=new, state=ok, price=3.11), Product(id=31250, name=product 31250, condition=new, state=ok, price=3.11), Product(id=50761, name=product 50761, condition=new, state=ok, price=3.11), Product(id=13972, name=product 13972, condition=new, state=ok, price=3.12), Product(id=41067, name=product 41067, condition=new, state=ok, price=3.12), Product(id=744, name=product 744, condition=new, state=ok, price=3.12), Product(id=26197, name=product 26197, condition=new, state=ok, price=3.13), Product(id=36936, name=product 36936, condition=new, state=ok, price=3.14), Product(id=6708, name=product 6708, condition=new, state=ok, price=3.14), Product(id=94337, name=product 94337, condition=new, state=ok, price=3.14), Product(id=12142, name=product 12142, condition=new, state=ok, price=3.15), Product(id=14260, name=product 14260, condition=new, state=ok, price=3.15), Product(id=81675, name=product 81675, condition=new, state=ok, price=3.15), Product(id=24159, name=product 24159, condition=new, state=ok, price=3.16), Product(id=24479, name=product 24479, condition=new, state=ok, price=3.16), Product(id=33664, name=product 33664, condition=new, state=ok, price=3.16), Product(id=21559, name=product 21559, condition=new, state=ok, price=3.17), Product(id=54119, name=product 54119, condition=new, state=ok, price=3.17), Product(id=19744, name=product 19744, condition=new, state=ok, price=3.18), Product(id=2265, name=product 2265, condition=new, state=ok, price=3.18), Product(id=3375, name=product 3375, condition=new, state=ok, price=3.18), Product(id=36343, name=product 36343, condition=new, state=ok, price=3.18), Product(id=20796, name=product 20796, condition=new, state=ok, price=3.19), Product(id=31652, name=product 31652, condition=new, state=ok, price=3.19), Product(id=5024, name=product 5024, condition=new, state=ok, price=3.19), Product(id=19974, name=product 19974, condition=new, state=ok, price=3.2), Product(id=22386, name=product 22386, condition=new, state=ok, price=3.2), Product(id=46507, name=product 46507, condition=new, state=ok, price=3.2), Product(id=91305, name=product 91305, condition=new, state=ok, price=3.22), Product(id=10893, name=product 10893, condition=new, state=ok, price=3.23), Product(id=57943, name=product 57943, condition=new, state=ok, price=3.24), Product(id=28815, name=product 28815, condition=new, state=ok, price=3.25), Product(id=17812, name=product 17812, condition=new, state=ok, price=3.27), Product(id=25293, name=product 25293, condition=new, state=ok, price=3.28), Product(id=29932, name=product 29932, condition=new, state=ok, price=3.29), Product(id=256, name=product 256, condition=new, state=ok, price=3.3), Product(id=262, name=product 262, condition=new, state=ok, price=3.3), Product(id=7614, name=product 7614, condition=new, state=ok, price=3.3), Product(id=22, name=product 22, condition=new, state=ok, price=3.31), Product(id=4170, name=product 4170, condition=new, state=ok, price=3.31), Product(id=38691, name=product 38691, condition=new, state=ok, price=3.32), Product(id=8477, name=product 8477, condition=new, state=ok, price=3.32), Product(id=16175, name=product 16175, condition=new, state=ok, price=3.33), Product(id=2998, name=product 2998, condition=new, state=ok, price=3.33), Product(id=19138, name=product 19138, condition=new, state=ok, price=3.34), Product(id=22644, name=product 22644, condition=new, state=ok, price=3.34), Product(id=44486, name=product 44486, condition=new, state=ok, price=3.34), Product(id=10691, name=product 10691, condition=new, state=ok, price=3.35), Product(id=444, name=product 444, condition=new, state=ok, price=3.35), Product(id=5413, name=product 5413, condition=new, state=ok, price=3.35), Product(id=6411, name=product 6411, condition=new, state=ok, price=3.35), Product(id=20859, name=product 20859, condition=new, state=ok, price=3.37), Product(id=71244, name=product 71244, condition=new, state=ok, price=3.37), Product(id=20396, name=product 20396, condition=new, state=ok, price=3.38), Product(id=22296, name=product 22296, condition=new, state=ok, price=3.39), Product(id=43068, name=product 43068, condition=new, state=ok, price=3.4), Product(id=55388, name=product 55388, condition=new, state=ok, price=3.4), Product(id=94849, name=product 94849, condition=new, state=ok, price=3.4), Product(id=14037, name=product 14037, condition=new, state=ok, price=3.41), Product(id=44104, name=product 44104, condition=new, state=ok, price=3.41), Product(id=57257, name=product 57257, condition=new, state=ok, price=3.41), Product(id=28377, name=product 28377, condition=new, state=ok, price=3.42), Product(id=30231, name=product 30231, condition=new, state=ok, price=3.42), Product(id=27843, name=product 27843, condition=new, state=ok, price=3.43), Product(id=30017, name=product 30017, condition=new, state=ok, price=3.44), Product(id=75999, name=product 75999, condition=new, state=ok, price=3.45), Product(id=948, name=product 948, condition=new, state=ok, price=3.46), Product(id=26933, name=product 26933, condition=new, state=ok, price=3.47), Product(id=8483, name=product 8483, condition=new, state=ok, price=3.47), Product(id=3274, name=product 3274, condition=new, state=ok, price=3.48), Product(id=493, name=product 493, condition=new, state=ok, price=3.48), Product(id=58565, name=product 58565, condition=new, state=ok, price=3.5), Product(id=2222, name=product 2222, condition=new, state=ok, price=3.51), Product(id=2268, name=product 2268, condition=new, state=ok, price=3.51), Product(id=4304, name=product 4304, condition=new, state=ok, price=3.51), Product(id=4673, name=product 4673, condition=new, state=ok, price=3.51), Product(id=8467, name=product 8467, condition=new, state=ok, price=3.51), Product(id=17714, name=product 17714, condition=new, state=ok, price=3.52), Product(id=43847, name=product 43847, condition=new, state=ok, price=3.52), Product(id=7771, name=product 7771, condition=new, state=ok, price=3.52), Product(id=1170, name=product 1170, condition=new, state=ok, price=3.53), Product(id=24240, name=product 24240, condition=new, state=ok, price=3.53), Product(id=48874, name=product 48874, condition=new, state=ok, price=3.53), Product(id=8097, name=product 8097, condition=new, state=ok, price=3.53), Product(id=29221, name=product 29221, condition=new, state=ok, price=3.54), Product(id=36402, name=product 36402, condition=new, state=ok, price=3.54), Product(id=65174, name=product 65174, condition=new, state=ok, price=3.54), Product(id=7646, name=product 7646, condition=new, state=ok, price=3.54), Product(id=7743, name=product 7743, condition=new, state=ok, price=3.55), Product(id=7982, name=product 7982, condition=new, state=ok, price=3.55), Product(id=86982, name=product 86982, condition=new, state=ok, price=3.55), Product(id=11654, name=product 11654, condition=new, state=ok, price=3.56), Product(id=11779, name=product 11779, condition=new, state=ok, price=3.56), Product(id=75944, name=product 75944, condition=new, state=ok, price=3.56), Product(id=2589, name=product 2589, condition=new, state=ok, price=3.57), Product(id=35216, name=product 35216, condition=new, state=ok, price=3.57), Product(id=2036, name=product 2036, condition=new, state=ok, price=3.58), Product(id=15005, name=product 15005, condition=new, state=ok, price=3.59), Product(id=21551, name=product 21551, condition=new, state=ok, price=3.59), Product(id=24174, name=product 24174, condition=new, state=ok, price=3.59), Product(id=10046, name=product 10046, condition=new, state=ok, price=3.6), Product(id=12431, name=product 12431, condition=new, state=ok, price=3.6), Product(id=19887, name=product 19887, condition=new, state=ok, price=3.6), Product(id=21072, name=product 21072, condition=new, state=ok, price=3.6), Product(id=6665, name=product 6665, condition=new, state=ok, price=3.61), Product(id=26358, name=product 26358, condition=new, state=ok, price=3.62), Product(id=30000, name=product 30000, condition=new, state=ok, price=3.62), Product(id=30785, name=product 30785, condition=new, state=ok, price=3.62), Product(id=3857, name=product 3857, condition=new, state=ok, price=3.62), Product(id=497, name=product 497, condition=new, state=ok, price=3.62), Product(id=14338, name=product 14338, condition=new, state=ok, price=3.63), Product(id=15431, name=product 15431, condition=new, state=ok, price=3.63), Product(id=7, name=product 7, condition=new, state=ok, price=3.64), Product(id=12833, name=product 12833, condition=new, state=ok, price=3.65), Product(id=9445, name=product 9445, condition=new, state=ok, price=3.65), Product(id=69755, name=product 69755, condition=new, state=ok, price=3.66), Product(id=88692, name=product 88692, condition=new, state=ok, price=3.66), Product(id=9008, name=product 9008, condition=new, state=ok, price=3.68), Product(id=969, name=product 969, condition=new, state=ok, price=3.68), Product(id=10348, name=product 10348, condition=new, state=ok, price=3.69), Product(id=22062, name=product 22062, condition=new, state=ok, price=3.71), Product(id=73298, name=product 73298, condition=new, state=ok, price=3.71), Product(id=10214, name=product 10214, condition=new, state=ok, price=3.72), Product(id=58161, name=product 58161, condition=new, state=ok, price=3.72), Product(id=16962, name=product 16962, condition=new, state=ok, price=3.73), Product(id=83748, name=product 83748, condition=new, state=ok, price=3.73), Product(id=23753, name=product 23753, condition=new, state=ok, price=3.74), Product(id=33953, name=product 33953, condition=new, state=ok, price=3.74), Product(id=2730, name=product 2730, condition=new, state=ok, price=3.75), Product(id=8002, name=product 8002, condition=new, state=ok, price=3.75), Product(id=96111, name=product 96111, condition=new, state=ok, price=3.75), Product(id=55155, name=product 55155, condition=new, state=ok, price=3.76), Product(id=695, name=product 695, condition=new, state=ok, price=3.76), Product(id=98765, name=product 98765, condition=new, state=ok, price=3.76), Product(id=42224, name=product 42224, condition=new, state=ok, price=3.77), Product(id=7086, name=product 7086, condition=new, state=ok, price=3.77), Product(id=12930, name=product 12930, condition=new, state=ok, price=3.78), Product(id=5652, name=product 5652, condition=new, state=ok, price=3.78), Product(id=26399, name=product 26399, condition=new, state=ok, price=3.79), Product(id=70211, name=product 70211, condition=new, state=ok, price=3.79), Product(id=7700, name=product 7700, condition=new, state=ok, price=3.79), Product(id=11857, name=product 11857, condition=new, state=ok, price=3.8), Product(id=19407, name=product 19407, condition=new, state=ok, price=3.8), Product(id=30784, name=product 30784, condition=new, state=ok, price=3.8), Product(id=99059, name=product 99059, condition=new, state=ok, price=3.8), Product(id=28334, name=product 28334, condition=new, state=ok, price=3.81), Product(id=36518, name=product 36518, condition=new, state=ok, price=3.81), Product(id=67880, name=product 67880, condition=new, state=ok, price=3.81), Product(id=47191, name=product 47191, condition=new, state=ok, price=3.82), Product(id=41568, name=product 41568, condition=new, state=ok, price=3.85), Product(id=45220, name=product 45220, condition=new, state=ok, price=3.85), Product(id=13263, name=product 13263, condition=new, state=ok, price=3.86), Product(id=9813, name=product 9813, condition=new, state=ok, price=3.86), Product(id=32746, name=product 32746, condition=new, state=ok, price=3.87), Product(id=250, name=product 250, condition=new, state=ok, price=3.88), Product(id=25424, name=product 25424, condition=new, state=ok, price=3.88), Product(id=28366, name=product 28366, condition=new, state=ok, price=3.88), Product(id=399, name=product 399, condition=new, state=ok, price=3.88), Product(id=4990, name=product 4990, condition=new, state=ok, price=3.88), Product(id=1171, name=product 1171, condition=new, state=ok, price=3.89), Product(id=2406, name=product 2406, condition=new, state=ok, price=3.89), Product(id=39235, name=product 39235, condition=new, state=ok, price=3.89), Product(id=15668, name=product 15668, condition=new, state=ok, price=3.9), Product(id=27394, name=product 27394, condition=new, state=ok, price=3.9), Product(id=72839, name=product 72839, condition=new, state=ok, price=3.9), Product(id=9817, name=product 9817, condition=new, state=ok, price=3.9), Product(id=4560, name=product 4560, condition=new, state=ok, price=3.91), Product(id=23582, name=product 23582, condition=new, state=ok, price=3.93), Product(id=30323, name=product 30323, condition=new, state=ok, price=3.94), Product(id=3998, name=product 3998, condition=new, state=ok, price=3.94), Product(id=44915, name=product 44915, condition=new, state=ok, price=3.94), Product(id=51880, name=product 51880, condition=new, state=ok, price=3.94), Product(id=6981, name=product 6981, condition=new, state=ok, price=3.94), Product(id=81910, name=product 81910, condition=new, state=ok, price=3.94), Product(id=34724, name=product 34724, condition=new, state=ok, price=3.95), Product(id=70199, name=product 70199, condition=new, state=ok, price=3.95), Product(id=12040, name=product 12040, condition=new, state=ok, price=3.96), Product(id=28813, name=product 28813, condition=new, state=ok, price=3.96), Product(id=9676, name=product 9676, condition=new, state=ok, price=3.96), Product(id=3132, name=product 3132, condition=new, state=ok, price=3.97), Product(id=42276, name=product 42276, condition=new, state=ok, price=3.97), Product(id=5151, name=product 5151, condition=new, state=ok, price=3.97), Product(id=44145, name=product 44145, condition=new, state=ok, price=3.98), Product(id=62750, name=product 62750, condition=new, state=ok, price=3.98), Product(id=77872, name=product 77872, condition=new, state=ok, price=3.98), Product(id=273, name=product 273, condition=new, state=ok, price=4.0), Product(id=25570, name=product 25570, condition=new, state=ok, price=4.01), Product(id=35711, name=product 35711, condition=new, state=ok, price=4.02), Product(id=31873, name=product 31873, condition=new, state=ok, price=4.03), Product(id=677, name=product 677, condition=new, state=ok, price=4.03), Product(id=87050, name=product 87050, condition=new, state=ok, price=4.03), Product(id=26783, name=product 26783, condition=new, state=ok, price=4.04), Product(id=74194, name=product 74194, condition=new, state=ok, price=4.04), Product(id=95697, name=product 95697, condition=new, state=ok, price=4.04), Product(id=38096, name=product 38096, condition=new, state=ok, price=4.05), Product(id=14421, name=product 14421, condition=new, state=ok, price=4.07), Product(id=20552, name=product 20552, condition=new, state=ok, price=4.07), Product(id=75914, name=product 75914, condition=new, state=ok, price=4.07), Product(id=2110, name=product 2110, condition=new, state=ok, price=4.08), Product(id=10662, name=product 10662, condition=new, state=ok, price=4.09), Product(id=19377, name=product 19377, condition=new, state=ok, price=4.09), Product(id=11216, name=product 11216, condition=new, state=ok, price=4.1), Product(id=47024, name=product 47024, condition=new, state=ok, price=4.1), Product(id=18914, name=product 18914, condition=new, state=ok, price=4.11), Product(id=19466, name=product 19466, condition=new, state=ok, price=4.12), Product(id=4609, name=product 4609, condition=new, state=ok, price=4.12), Product(id=590, name=product 590, condition=new, state=ok, price=4.12), Product(id=6575, name=product 6575, condition=new, state=ok, price=4.12), Product(id=84883, name=product 84883, condition=new, state=ok, price=4.12), Product(id=14356, name=product 14356, condition=new, state=ok, price=4.13), Product(id=17592, name=product 17592, condition=new, state=ok, price=4.13), Product(id=27062, name=product 27062, condition=new, state=ok, price=4.13), Product(id=31207, name=product 31207, condition=new, state=ok, price=4.13), Product(id=13954, name=product 13954, condition=new, state=ok, price=4.16), Product(id=35880, name=product 35880, condition=new, state=ok, price=4.16), Product(id=37426, name=product 37426, condition=new, state=ok, price=4.16), Product(id=38131, name=product 38131, condition=new, state=ok, price=4.16), Product(id=6689, name=product 6689, condition=new, state=ok, price=4.16), Product(id=6178, name=product 6178, condition=new, state=ok, price=4.17), Product(id=34600, name=product 34600, condition=new, state=ok, price=4.18), Product(id=45414, name=product 45414, condition=new, state=ok, price=4.18), Product(id=55707, name=product 55707, condition=new, state=ok, price=4.18), Product(id=31122, name=product 31122, condition=new, state=ok, price=4.19), Product(id=36440, name=product 36440, condition=new, state=ok, price=4.19), Product(id=2467, name=product 2467, condition=new, state=ok, price=4.2), Product(id=45286, name=product 45286, condition=new, state=ok, price=4.2), Product(id=62310, name=product 62310, condition=new, state=ok, price=4.2), Product(id=97714, name=product 97714, condition=new, state=ok, price=4.2), Product(id=4200, name=product 4200, condition=new, state=ok, price=4.21), Product(id=23878, name=product 23878, condition=new, state=ok, price=4.22), Product(id=34082, name=product 34082, condition=new, state=ok, price=4.22), Product(id=42541, name=product 42541, condition=new, state=ok, price=4.22), Product(id=42567, name=product 42567, condition=new, state=ok, price=4.22), Product(id=2042, name=product 2042, condition=new, state=ok, price=4.23), Product(id=68634, name=product 68634, condition=new, state=ok, price=4.23), Product(id=14315, name=product 14315, condition=new, state=ok, price=4.25), Product(id=14510, name=product 14510, condition=new, state=ok, price=4.25), Product(id=18332, name=product 18332, condition=new, state=ok, price=4.25), Product(id=25478, name=product 25478, condition=new, state=ok, price=4.25), Product(id=28383, name=product 28383, condition=new, state=ok, price=4.25), Product(id=45838, name=product 45838, condition=new, state=ok, price=4.25), Product(id=18819, name=product 18819, condition=new, state=ok, price=4.26), Product(id=25234, name=product 25234, condition=new, state=ok, price=4.26), Product(id=3739, name=product 3739, condition=new, state=ok, price=4.26), Product(id=47960, name=product 47960, condition=new, state=ok, price=4.26), Product(id=11354, name=product 11354, condition=new, state=ok, price=4.27), Product(id=14164, name=product 14164, condition=new, state=ok, price=4.28), Product(id=15567, name=product 15567, condition=new, state=ok, price=4.28), Product(id=44729, name=product 44729, condition=new, state=ok, price=4.28), Product(id=87875, name=product 87875, condition=new, state=ok, price=4.28), Product(id=19079, name=product 19079, condition=new, state=ok, price=4.29), Product(id=23238, name=product 23238, condition=new, state=ok, price=4.29), Product(id=43810, name=product 43810, condition=new, state=ok, price=4.29), Product(id=7991, name=product 7991, condition=new, state=ok, price=4.29), Product(id=24076, name=product 24076, condition=new, state=ok, price=4.3), Product(id=35953, name=product 35953, condition=new, state=ok, price=4.3), Product(id=7208, name=product 7208, condition=new, state=ok, price=4.3), Product(id=31928, name=product 31928, condition=new, state=ok, price=4.31), Product(id=7468, name=product 7468, condition=new, state=ok, price=4.31), Product(id=42187, name=product 42187, condition=new, state=ok, price=4.32), Product(id=21741, name=product 21741, condition=new, state=ok, price=4.33), Product(id=359, name=product 359, condition=new, state=ok, price=4.33), Product(id=43849, name=product 43849, condition=new, state=ok, price=4.33), Product(id=2525, name=product 2525, condition=new, state=ok, price=4.34), Product(id=28343, name=product 28343, condition=new, state=ok, price=4.34), Product(id=3885, name=product 3885, condition=new, state=ok, price=4.34), Product(id=44319, name=product 44319, condition=new, state=ok, price=4.34), Product(id=43294, name=product 43294, condition=new, state=ok, price=4.35), Product(id=930, name=product 930, condition=new, state=ok, price=4.35), Product(id=35588, name=product 35588, condition=new, state=ok, price=4.36), Product(id=53807, name=product 53807, condition=new, state=ok, price=4.36), Product(id=53820, name=product 53820, condition=new, state=ok, price=4.36), Product(id=790, name=product 790, condition=new, state=ok, price=4.36), Product(id=8539, name=product 8539, condition=new, state=ok, price=4.36), Product(id=95977, name=product 95977, condition=new, state=ok, price=4.36), Product(id=60752, name=product 60752, condition=new, state=ok, price=4.37), Product(id=8896, name=product 8896, condition=new, state=ok, price=4.38), Product(id=30728, name=product 30728, condition=new, state=ok, price=4.39), Product(id=51453, name=product 51453, condition=new, state=ok, price=4.39), Product(id=68278, name=product 68278, condition=new, state=ok, price=4.39), Product(id=25843, name=product 25843, condition=new, state=ok, price=4.4), Product(id=14848, name=product 14848, condition=new, state=ok, price=4.41), Product(id=41201, name=product 41201, condition=new, state=ok, price=4.41), Product(id=7174, name=product 7174, condition=new, state=ok, price=4.41), Product(id=7917, name=product 7917, condition=new, state=ok, price=4.41), Product(id=36116, name=product 36116, condition=new, state=ok, price=4.42), Product(id=11255, name=product 11255, condition=new, state=ok, price=4.43), Product(id=1351, name=product 1351, condition=new, state=ok, price=4.43), Product(id=4309, name=product 4309, condition=new, state=ok, price=4.45), Product(id=9512, name=product 9512, condition=new, state=ok, price=4.45), Product(id=18741, name=product 18741, condition=new, state=ok, price=4.46), Product(id=60545, name=product 60545, condition=new, state=ok, price=4.47), Product(id=69269, name=product 69269, condition=new, state=ok, price=4.47), Product(id=15449, name=product 15449, condition=new, state=ok, price=4.48), Product(id=11585, name=product 11585, condition=new, state=ok, price=4.49), Product(id=15124, name=product 15124, condition=new, state=ok, price=4.5), Product(id=16348, name=product 16348, condition=new, state=ok, price=4.51), Product(id=27897, name=product 27897, condition=new, state=ok, price=4.52), Product(id=30587, name=product 30587, condition=new, state=ok, price=4.52), Product(id=19181, name=product 19181, condition=new, state=ok, price=4.53), Product(id=63382, name=product 63382, condition=new, state=ok, price=4.53), Product(id=79907, name=product 79907, condition=new, state=ok, price=4.54), Product(id=83662, name=product 83662, condition=new, state=ok, price=4.54), Product(id=89626, name=product 89626, condition=new, state=ok, price=4.54), Product(id=63363, name=product 63363, condition=new, state=ok, price=4.55), Product(id=11317, name=product 11317, condition=new, state=ok, price=4.56), Product(id=20988, name=product 20988, condition=new, state=ok, price=4.56), Product(id=28166, name=product 28166, condition=new, state=ok, price=4.56), Product(id=2992, name=product 2992, condition=new, state=ok, price=4.56), Product(id=10, name=product 10, condition=new, state=ok, price=4.57), Product(id=84841, name=product 84841, condition=new, state=ok, price=4.57), Product(id=12727, name=product 12727, condition=new, state=ok, price=4.58), Product(id=21036, name=product 21036, condition=new, state=ok, price=4.58), Product(id=17146, name=product 17146, condition=new, state=ok, price=4.59), Product(id=20042, name=product 20042, condition=new, state=ok, price=4.59), Product(id=41409, name=product 41409, condition=new, state=ok, price=4.59), Product(id=4260, name=product 4260, condition=new, state=ok, price=4.59), Product(id=69824, name=product 69824, condition=new, state=ok, price=4.59), Product(id=14823, name=product 14823, condition=new, state=ok, price=4.6), Product(id=24053, name=product 24053, condition=new, state=ok, price=4.6), Product(id=45280, name=product 45280, condition=new, state=ok, price=4.6), Product(id=53717, name=product 53717, condition=new, state=ok, price=4.61), Product(id=14999, name=product 14999, condition=new, state=ok, price=4.64), Product(id=31473, name=product 31473, condition=new, state=ok, price=4.64), Product(id=40923, name=product 40923, condition=new, state=ok, price=4.64), Product(id=965, name=product 965, condition=new, state=ok, price=4.64), Product(id=19985, name=product 19985, condition=new, state=ok, price=4.65), Product(id=61580, name=product 61580, condition=new, state=ok, price=4.65), Product(id=11972, name=product 11972, condition=new, state=ok, price=4.66), Product(id=20370, name=product 20370, condition=new, state=ok, price=4.66), Product(id=12399, name=product 12399, condition=new, state=ok, price=4.68), Product(id=29100, name=product 29100, condition=new, state=ok, price=4.68), Product(id=91451, name=product 91451, condition=new, state=ok, price=4.68), Product(id=92806, name=product 92806, condition=new, state=ok, price=4.68), Product(id=20308, name=product 20308, condition=new, state=ok, price=4.69), Product(id=75759, name=product 75759, condition=new, state=ok, price=4.69), Product(id=36287, name=product 36287, condition=new, state=ok, price=4.7), Product(id=46547, name=product 46547, condition=new, state=ok, price=4.71), Product(id=27249, name=product 27249, condition=new, state=ok, price=4.73), Product(id=5798, name=product 5798, condition=new, state=ok, price=4.73), Product(id=7969, name=product 7969, condition=new, state=ok, price=4.73), Product(id=9296, name=product 9296, condition=new, state=ok, price=4.74), Product(id=34001, name=product 34001, condition=new, state=ok, price=4.76), Product(id=60825, name=product 60825, condition=new, state=ok, price=4.76), Product(id=15131, name=product 15131, condition=new, state=ok, price=4.78), Product(id=39824, name=product 39824, condition=new, state=ok, price=4.78), Product(id=79786, name=product 79786, condition=new, state=ok, price=4.78), Product(id=14835, name=product 14835, condition=new, state=ok, price=4.79), Product(id=1693, name=product 1693, condition=new, state=ok, price=4.8), Product(id=2221, name=product 2221, condition=new, state=ok, price=4.8), Product(id=4467, name=product 4467, condition=new, state=ok, price=4.83), Product(id=76923, name=product 76923, condition=new, state=ok, price=4.83), Product(id=26763, name=product 26763, condition=new, state=ok, price=4.84), Product(id=34653, name=product 34653, condition=new, state=ok, price=4.85), Product(id=4506, name=product 4506, condition=new, state=ok, price=4.86), Product(id=50214, name=product 50214, condition=new, state=ok, price=4.87), Product(id=7873, name=product 7873, condition=new, state=ok, price=4.87), Product(id=3331, name=product 3331, condition=new, state=ok, price=4.88), Product(id=70368, name=product 70368, condition=new, state=ok, price=4.88), Product(id=19958, name=product 19958, condition=new, state=ok, price=4.89), Product(id=4058, name=product 4058, condition=new, state=ok, price=4.9), Product(id=3524, name=product 3524, condition=new, state=ok, price=4.91), Product(id=8180, name=product 8180, condition=new, state=ok, price=4.91), Product(id=9060, name=product 9060, condition=new, state=ok, price=4.91), Product(id=14739, name=product 14739, condition=new, state=ok, price=4.92), Product(id=26216, name=product 26216, condition=new, state=ok, price=4.92), Product(id=2873, name=product 2873, condition=new, state=ok, price=4.92), Product(id=47107, name=product 47107, condition=new, state=ok, price=4.92), Product(id=62605, name=product 62605, condition=new, state=ok, price=4.92), Product(id=67958, name=product 67958, condition=new, state=ok, price=4.92), Product(id=22833, name=product 22833, condition=new, state=ok, price=4.93), Product(id=6231, name=product 6231, condition=new, state=ok, price=4.93), Product(id=10727, name=product 10727, condition=new, state=ok, price=4.94), Product(id=49360, name=product 49360, condition=new, state=ok, price=4.94), Product(id=81448, name=product 81448, condition=new, state=ok, price=4.94), Product(id=77463, name=product 77463, condition=new, state=ok, price=4.95), Product(id=827, name=product 827, condition=new, state=ok, price=4.95), Product(id=11329, name=product 11329, condition=new, state=ok, price=4.96), Product(id=26889, name=product 26889, condition=new, state=ok, price=4.96), Product(id=46153, name=product 46153, condition=new, state=ok, price=4.97), Product(id=5149, name=product 5149, condition=new, state=ok, price=4.97), Product(id=77295, name=product 77295, condition=new, state=ok, price=4.97), Product(id=82243, name=product 82243, condition=new, state=ok, price=4.97), Product(id=26981, name=product 26981, condition=new, state=ok, price=4.98), Product(id=96306, name=product 96306, condition=new, state=ok, price=4.98), Product(id=72095, name=product 72095, condition=new, state=ok, price=4.99), Product(id=32067, name=product 32067, condition=new, state=ok, price=5.0)]&gt;" type="java.lang.AssertionError">java.lang.AssertionError: expected: java.util.concurrent.ConcurrentSkipListSet&lt;[Product(id=840, name=product 840, condition=new, state=ok, price=0.01), Product(id=6275, name=product 6275, condition=new, state=ok, price=0.02), Product(id=79875, name=product 79875, condition=new, state=ok, price=0.02), Product(id=8169, name=product 8169, condition=new, state=ok, price=0.02), Product(id=26463, name=product 26463, condition=new, state=ok, price=0.03), Product(id=42920, name=product 42920, condition=new, state=ok, price=0.03), Product(id=79198, name=product 79198, condition=new, state=ok, price=0.03), Product(id=27393, name=product 27393, condition=new, state=ok, price=0.05), Product(id=2329, name=product 2329, condition=new, state=ok, price=0.06), Product(id=36535, name=product 36535, condition=new, state=ok, price=0.06), Product(id=84156, name=product 84156, condition=new, state=ok, price=0.06), Product(id=91851, name=product 91851, condition=new, state=ok, price=0.06), Product(id=12990, name=product 12990, condition=new, state=ok, price=0.07), Product(id=89239, name=product 89239, condition=new, state=ok, price=0.07), Product(id=1957, name=product 1957, condition=new, state=ok, price=0.08), Product(id=8035, name=product 8035, condition=new, state=ok, price=0.08), Product(id=5694, name=product 5694, condition=new, state=ok, price=0.1), Product(id=13678, name=product 13678, condition=new, state=ok, price=0.11), Product(id=48869, name=product 48869, condition=new, state=ok, price=0.11), Product(id=10933, name=product 10933, condition=new, state=ok, price=0.13), Product(id=16532, name=product 16532, condition=new, state=ok, price=0.13), Product(id=1121, name=product 1121, condition=new, state=ok, price=0.14), Product(id=69096, name=product 69096, condition=new, state=ok, price=0.15), Product(id=9427, name=product 9427, condition=new, state=ok, price=0.15), Product(id=10975, name=product 10975, condition=new, state=ok, price=0.16), Product(id=11443, name=product 11443, condition=new, state=ok, price=0.16), Product(id=69236, name=product 69236, condition=new, state=ok, price=0.16), Product(id=2192, name=product 2192, condition=new, state=ok, price=0.17), Product(id=3111, name=product 3111, condition=new, state=ok, price=0.18), Product(id=59367, name=product 59367, condition=new, state=ok, price=0.18), Product(id=85418, name=product 85418, condition=new, state=ok, price=0.18), Product(id=24014, name=product 24014, condition=new, state=ok, price=0.19), Product(id=67480, name=product 67480, condition=new, state=ok, price=0.19), Product(id=9806, name=product 9806, condition=new, state=ok, price=0.19), Product(id=21081, name=product 21081, condition=new, state=ok, price=0.22), Product(id=49360, name=product 49360, condition=new, state=ok, price=0.22), Product(id=53085, name=product 53085, condition=new, state=ok, price=0.22), Product(id=5499, name=product 5499, condition=new, state=ok, price=0.24), Product(id=48409, name=product 48409, condition=new, state=ok, price=0.26), Product(id=1862, name=product 1862, condition=new, state=ok, price=0.28), Product(id=56420, name=product 56420, condition=new, state=ok, price=0.28), Product(id=4911, name=product 4911, condition=new, state=ok, price=0.29), Product(id=9182, name=product 9182, condition=new, state=ok, price=0.29), Product(id=13823, name=product 13823, condition=new, state=ok, price=0.3), Product(id=25479, name=product 25479, condition=new, state=ok, price=0.31), Product(id=94460, name=product 94460, condition=new, state=ok, price=0.31), Product(id=10809, name=product 10809, condition=new, state=ok, price=0.32), Product(id=27213, name=product 27213, condition=new, state=ok, price=0.32), Product(id=84616, name=product 84616, condition=new, state=ok, price=0.32), Product(id=97770, name=product 97770, condition=new, state=ok, price=0.33), Product(id=28618, name=product 28618, condition=new, state=ok, price=0.35), Product(id=47138, name=product 47138, condition=new, state=ok, price=0.35), Product(id=21885, name=product 21885, condition=new, state=ok, price=0.36), Product(id=271, name=product 271, condition=new, state=ok, price=0.37), Product(id=76850, name=product 76850, condition=new, state=ok, price=0.37), Product(id=82419, name=product 82419, condition=new, state=ok, price=0.37), Product(id=7863, name=product 7863, condition=new, state=ok, price=0.38), Product(id=57703, name=product 57703, condition=new, state=ok, price=0.39), Product(id=13841, name=product 13841, condition=new, state=ok, price=0.4), Product(id=2846, name=product 2846, condition=new, state=ok, price=0.4), Product(id=29743, name=product 29743, condition=new, state=ok, price=0.41), Product(id=34969, name=product 34969, condition=new, state=ok, price=0.41), Product(id=39272, name=product 39272, condition=new, state=ok, price=0.41), Product(id=49461, name=product 49461, condition=new, state=ok, price=0.41), Product(id=6032, name=product 6032, condition=new, state=ok, price=0.43), Product(id=88668, name=product 88668, condition=new, state=ok, price=0.43), Product(id=9010, name=product 9010, condition=new, state=ok, price=0.43), Product(id=15280, name=product 15280, condition=new, state=ok, price=0.44), Product(id=8484, name=product 8484, condition=new, state=ok, price=0.44), Product(id=92319, name=product 92319, condition=new, state=ok, price=0.44), Product(id=42407, name=product 42407, condition=new, state=ok, price=0.45), Product(id=45617, name=product 45617, condition=new, state=ok, price=0.47), Product(id=86708, name=product 86708, condition=new, state=ok, price=0.47), Product(id=210, name=product 210, condition=new, state=ok, price=0.48), Product(id=34603, name=product 34603, condition=new, state=ok, price=0.48), Product(id=44382, name=product 44382, condition=new, state=ok, price=0.48), Product(id=42463, name=product 42463, condition=new, state=ok, price=0.49), Product(id=4070, name=product 4070, condition=new, state=ok, price=0.5), Product(id=50869, name=product 50869, condition=new, state=ok, price=0.5), Product(id=24532, name=product 24532, condition=new, state=ok, price=0.51), Product(id=2924, name=product 2924, condition=new, state=ok, price=0.51), Product(id=41487, name=product 41487, condition=new, state=ok, price=0.51), Product(id=43307, name=product 43307, condition=new, state=ok, price=0.51), Product(id=69957, name=product 69957, condition=new, state=ok, price=0.51), Product(id=47293, name=product 47293, condition=new, state=ok, price=0.52), Product(id=17385, name=product 17385, condition=new, state=ok, price=0.53), Product(id=26659, name=product 26659, condition=new, state=ok, price=0.53), Product(id=33141, name=product 33141, condition=new, state=ok, price=0.53), Product(id=76285, name=product 76285, condition=new, state=ok, price=0.53), Product(id=83765, name=product 83765, condition=new, state=ok, price=0.53), Product(id=90446, name=product 90446, condition=new, state=ok, price=0.53), Product(id=76395, name=product 76395, condition=new, state=ok, price=0.54), Product(id=11830, name=product 11830, condition=new, state=ok, price=0.55), Product(id=21271, name=product 21271, condition=new, state=ok, price=0.55), Product(id=2366, name=product 2366, condition=new, state=ok, price=0.56), Product(id=17001, name=product 17001, condition=new, state=ok, price=0.57), Product(id=94191, name=product 94191, condition=new, state=ok, price=0.57), Product(id=34189, name=product 34189, condition=new, state=ok, price=0.58), Product(id=85105, name=product 85105, condition=new, state=ok, price=0.58), Product(id=26898, name=product 26898, condition=new, state=ok, price=0.59), Product(id=42540, name=product 42540, condition=new, state=ok, price=0.59), Product(id=27135, name=product 27135, condition=new, state=ok, price=0.6), Product(id=7800, name=product 7800, condition=new, state=ok, price=0.6), Product(id=89461, name=product 89461, condition=new, state=ok, price=0.6), Product(id=4515, name=product 4515, condition=new, state=ok, price=0.61), Product(id=94966, name=product 94966, condition=new, state=ok, price=0.61), Product(id=42401, name=product 42401, condition=new, state=ok, price=0.62), Product(id=16244, name=product 16244, condition=new, state=ok, price=0.63), Product(id=1535, name=product 1535, condition=new, state=ok, price=0.64), Product(id=75697, name=product 75697, condition=new, state=ok, price=0.64), Product(id=16112, name=product 16112, condition=new, state=ok, price=0.66), Product(id=28589, name=product 28589, condition=new, state=ok, price=0.66), Product(id=36217, name=product 36217, condition=new, state=ok, price=0.67), Product(id=40706, name=product 40706, condition=new, state=ok, price=0.67), Product(id=70736, name=product 70736, condition=new, state=ok, price=0.67), Product(id=73860, name=product 73860, condition=new, state=ok, price=0.67), Product(id=1491, name=product 1491, condition=new, state=ok, price=0.68), Product(id=33597, name=product 33597, condition=new, state=ok, price=0.68), Product(id=17265, name=product 17265, condition=new, state=ok, price=0.69), Product(id=178, name=product 178, condition=new, state=ok, price=0.69), Product(id=20974, name=product 20974, condition=new, state=ok, price=0.69), Product(id=23576, name=product 23576, condition=new, state=ok, price=0.69), Product(id=15189, name=product 15189, condition=new, state=ok, price=0.7), Product(id=4743, name=product 4743, condition=new, state=ok, price=0.7), Product(id=6368, name=product 6368, condition=new, state=ok, price=0.71), Product(id=7420, name=product 7420, condition=new, state=ok, price=0.71), Product(id=7955, name=product 7955, condition=new, state=ok, price=0.71), Product(id=8124, name=product 8124, condition=new, state=ok, price=0.71), Product(id=1690, name=product 1690, condition=new, state=ok, price=0.72), Product(id=46027, name=product 46027, condition=new, state=ok, price=0.72), Product(id=2867, name=product 2867, condition=new, state=ok, price=0.73), Product(id=86871, name=product 86871, condition=new, state=ok, price=0.73), Product(id=31060, name=product 31060, condition=new, state=ok, price=0.76), Product(id=9575, name=product 9575, condition=new, state=ok, price=0.76), Product(id=31640, name=product 31640, condition=new, state=ok, price=0.77), Product(id=33550, name=product 33550, condition=new, state=ok, price=0.77), Product(id=936, name=product 936, condition=new, state=ok, price=0.77), Product(id=14155, name=product 14155, condition=new, state=ok, price=0.78), Product(id=4061, name=product 4061, condition=new, state=ok, price=0.78), Product(id=30821, name=product 30821, condition=new, state=ok, price=0.79), Product(id=4143, name=product 4143, condition=new, state=ok, price=0.79), Product(id=12348, name=product 12348, condition=new, state=ok, price=0.8), Product(id=1798, name=product 1798, condition=new, state=ok, price=0.8), Product(id=37662, name=product 37662, condition=new, state=ok, price=0.8), Product(id=39323, name=product 39323, condition=new, state=ok, price=0.8), Product(id=14675, name=product 14675, condition=new, state=ok, price=0.81), Product(id=16069, name=product 16069, condition=new, state=ok, price=0.81), Product(id=29223, name=product 29223, condition=new, state=ok, price=0.83), Product(id=33347, name=product 33347, condition=new, state=ok, price=0.83), Product(id=38440, name=product 38440, condition=new, state=ok, price=0.83), Product(id=5852, name=product 5852, condition=new, state=ok, price=0.83), Product(id=41215, name=product 41215, condition=new, state=ok, price=0.84), Product(id=4403, name=product 4403, condition=new, state=ok, price=0.84), Product(id=6913, name=product 6913, condition=new, state=ok, price=0.84), Product(id=29372, name=product 29372, condition=new, state=ok, price=0.85), Product(id=61760, name=product 61760, condition=new, state=ok, price=0.85), Product(id=73127, name=product 73127, condition=new, state=ok, price=0.85), Product(id=948, name=product 948, condition=new, state=ok, price=0.85), Product(id=4878, name=product 4878, condition=new, state=ok, price=0.86), Product(id=93979, name=product 93979, condition=new, state=ok, price=0.86), Product(id=4180, name=product 4180, condition=new, state=ok, price=0.87), Product(id=14026, name=product 14026, condition=new, state=ok, price=0.88), Product(id=12882, name=product 12882, condition=new, state=ok, price=0.89), Product(id=16290, name=product 16290, condition=new, state=ok, price=0.89), Product(id=27964, name=product 27964, condition=new, state=ok, price=0.89), Product(id=84488, name=product 84488, condition=new, state=ok, price=0.89), Product(id=9154, name=product 9154, condition=new, state=ok, price=0.89), Product(id=4611, name=product 4611, condition=new, state=ok, price=0.91), Product(id=9869, name=product 9869, condition=new, state=ok, price=0.91), Product(id=10744, name=product 10744, condition=new, state=ok, price=0.92), Product(id=30373, name=product 30373, condition=new, state=ok, price=0.92), Product(id=84398, name=product 84398, condition=new, state=ok, price=0.94), Product(id=87896, name=product 87896, condition=new, state=ok, price=0.95), Product(id=98175, name=product 98175, condition=new, state=ok, price=0.95), Product(id=5916, name=product 5916, condition=new, state=ok, price=0.97), Product(id=1062, name=product 1062, condition=new, state=ok, price=0.98), Product(id=21832, name=product 21832, condition=new, state=ok, price=0.98), Product(id=23439, name=product 23439, condition=new, state=ok, price=0.99), Product(id=33840, name=product 33840, condition=new, state=ok, price=0.99), Product(id=7100, name=product 7100, condition=new, state=ok, price=0.99), Product(id=32447, name=product 32447, condition=new, state=ok, price=1.0), Product(id=3928, name=product 3928, condition=new, state=ok, price=1.0), Product(id=12476, name=product 12476, condition=new, state=ok, price=1.01), Product(id=27460, name=product 27460, condition=new, state=ok, price=1.01), Product(id=5523, name=product 5523, condition=new, state=ok, price=1.01), Product(id=26451, name=product 26451, condition=new, state=ok, price=1.02), Product(id=30077, name=product 30077, condition=new, state=ok, price=1.02), Product(id=37384, name=product 37384, condition=new, state=ok, price=1.02), Product(id=27607, name=product 27607, condition=new, state=ok, price=1.03), Product(id=5175, name=product 5175, condition=new, state=ok, price=1.03), Product(id=6362, name=product 6362, condition=new, state=ok, price=1.03), Product(id=75891, name=product 75891, condition=new, state=ok, price=1.03), Product(id=1344, name=product 1344, condition=new, state=ok, price=1.04), Product(id=6910, name=product 6910, condition=new, state=ok, price=1.04), Product(id=14552, name=product 14552, condition=new, state=ok, price=1.05), Product(id=13280, name=product 13280, condition=new, state=ok, price=1.06), Product(id=28961, name=product 28961, condition=new, state=ok, price=1.06), Product(id=57118, name=product 57118, condition=new, state=ok, price=1.06), Product(id=68724, name=product 68724, condition=new, state=ok, price=1.06), Product(id=86146, name=product 86146, condition=new, state=ok, price=1.06), Product(id=97674, name=product 97674, condition=new, state=ok, price=1.06), Product(id=98893, name=product 98893, condition=new, state=ok, price=1.06), Product(id=13659, name=product 13659, condition=new, state=ok, price=1.07), Product(id=21522, name=product 21522, condition=new, state=ok, price=1.07), Product(id=39657, name=product 39657, condition=new, state=ok, price=1.07), Product(id=49607, name=product 49607, condition=new, state=ok, price=1.07), Product(id=6663, name=product 6663, condition=new, state=ok, price=1.07), Product(id=47056, name=product 47056, condition=new, state=ok, price=1.08), Product(id=3512, name=product 3512, condition=new, state=ok, price=1.09), Product(id=90535, name=product 90535, condition=new, state=ok, price=1.09), Product(id=15477, name=product 15477, condition=new, state=ok, price=1.1), Product(id=31874, name=product 31874, condition=new, state=ok, price=1.1), Product(id=10251, name=product 10251, condition=new, state=ok, price=1.11), Product(id=11415, name=product 11415, condition=new, state=ok, price=1.12), Product(id=11629, name=product 11629, condition=new, state=ok, price=1.12), Product(id=23537, name=product 23537, condition=new, state=ok, price=1.12), Product(id=30994, name=product 30994, condition=new, state=ok, price=1.12), Product(id=5869, name=product 5869, condition=new, state=ok, price=1.12), Product(id=64392, name=product 64392, condition=new, state=ok, price=1.12), Product(id=84181, name=product 84181, condition=new, state=ok, price=1.12), Product(id=20291, name=product 20291, condition=new, state=ok, price=1.13), Product(id=4877, name=product 4877, condition=new, state=ok, price=1.13), Product(id=29246, name=product 29246, condition=new, state=ok, price=1.15), Product(id=38, name=product 38, condition=new, state=ok, price=1.15), Product(id=45002, name=product 45002, condition=new, state=ok, price=1.15), Product(id=36654, name=product 36654, condition=new, state=ok, price=1.17), Product(id=50162, name=product 50162, condition=new, state=ok, price=1.17), Product(id=53854, name=product 53854, condition=new, state=ok, price=1.17), Product(id=53880, name=product 53880, condition=new, state=ok, price=1.17), Product(id=10230, name=product 10230, condition=new, state=ok, price=1.19), Product(id=27403, name=product 27403, condition=new, state=ok, price=1.19), Product(id=50931, name=product 50931, condition=new, state=ok, price=1.19), Product(id=6020, name=product 6020, condition=new, state=ok, price=1.19), Product(id=82149, name=product 82149, condition=new, state=ok, price=1.19), Product(id=94181, name=product 94181, condition=new, state=ok, price=1.19), Product(id=3065, name=product 3065, condition=new, state=ok, price=1.2), Product(id=3150, name=product 3150, condition=new, state=ok, price=1.2), Product(id=3257, name=product 3257, condition=new, state=ok, price=1.21), Product(id=5626, name=product 5626, condition=new, state=ok, price=1.21), Product(id=75874, name=product 75874, condition=new, state=ok, price=1.21), Product(id=98055, name=product 98055, condition=new, state=ok, price=1.22), Product(id=43214, name=product 43214, condition=new, state=ok, price=1.25), Product(id=89045, name=product 89045, condition=new, state=ok, price=1.25), Product(id=21676, name=product 21676, condition=new, state=ok, price=1.26), Product(id=1264, name=product 1264, condition=new, state=ok, price=1.27), Product(id=23304, name=product 23304, condition=new, state=ok, price=1.27), Product(id=23919, name=product 23919, condition=new, state=ok, price=1.27), Product(id=39282, name=product 39282, condition=new, state=ok, price=1.27), Product(id=45362, name=product 45362, condition=new, state=ok, price=1.27), Product(id=91556, name=product 91556, condition=new, state=ok, price=1.27), Product(id=3936, name=product 3936, condition=new, state=ok, price=1.28), Product(id=84887, name=product 84887, condition=new, state=ok, price=1.28), Product(id=66472, name=product 66472, condition=new, state=ok, price=1.29), Product(id=15971, name=product 15971, condition=new, state=ok, price=1.3), Product(id=48056, name=product 48056, condition=new, state=ok, price=1.3), Product(id=15878, name=product 15878, condition=new, state=ok, price=1.31), Product(id=31326, name=product 31326, condition=new, state=ok, price=1.31), Product(id=41754, name=product 41754, condition=new, state=ok, price=1.32), Product(id=75869, name=product 75869, condition=new, state=ok, price=1.32), Product(id=1017, name=product 1017, condition=new, state=ok, price=1.33), Product(id=11682, name=product 11682, condition=new, state=ok, price=1.33), Product(id=24639, name=product 24639, condition=new, state=ok, price=1.33), Product(id=4736, name=product 4736, condition=new, state=ok, price=1.33), Product(id=53720, name=product 53720, condition=new, state=ok, price=1.33), Product(id=85957, name=product 85957, condition=new, state=ok, price=1.34), Product(id=63505, name=product 63505, condition=new, state=ok, price=1.35), Product(id=75129, name=product 75129, condition=new, state=ok, price=1.35), Product(id=11046, name=product 11046, condition=new, state=ok, price=1.36), Product(id=18569, name=product 18569, condition=new, state=ok, price=1.36), Product(id=38298, name=product 38298, condition=new, state=ok, price=1.36), Product(id=29398, name=product 29398, condition=new, state=ok, price=1.37), Product(id=35508, name=product 35508, condition=new, state=ok, price=1.39), Product(id=46591, name=product 46591, condition=new, state=ok, price=1.39), Product(id=11996, name=product 11996, condition=new, state=ok, price=1.4), Product(id=45854, name=product 45854, condition=new, state=ok, price=1.4), Product(id=14659, name=product 14659, condition=new, state=ok, price=1.41), Product(id=164, name=product 164, condition=new, state=ok, price=1.41), Product(id=50293, name=product 50293, condition=new, state=ok, price=1.41), Product(id=65781, name=product 65781, condition=new, state=ok, price=1.42), Product(id=5734, name=product 5734, condition=new, state=ok, price=1.43), Product(id=64237, name=product 64237, condition=new, state=ok, price=1.43), Product(id=74125, name=product 74125, condition=new, state=ok, price=1.43), Product(id=2315, name=product 2315, condition=new, state=ok, price=1.44), Product(id=33089, name=product 33089, condition=new, state=ok, price=1.44), Product(id=6934, name=product 6934, condition=new, state=ok, price=1.44), Product(id=96328, name=product 96328, condition=new, state=ok, price=1.44), Product(id=10934, name=product 10934, condition=new, state=ok, price=1.45), Product(id=1434, name=product 1434, condition=new, state=ok, price=1.45), Product(id=31611, name=product 31611, condition=new, state=ok, price=1.45), Product(id=4835, name=product 4835, condition=new, state=ok, price=1.45), Product(id=53060, name=product 53060, condition=new, state=ok, price=1.45), Product(id=2958, name=product 2958, condition=new, state=ok, price=1.46), Product(id=8111, name=product 8111, condition=new, state=ok, price=1.46), Product(id=3487, name=product 3487, condition=new, state=ok, price=1.47), Product(id=68795, name=product 68795, condition=new, state=ok, price=1.48), Product(id=23103, name=product 23103, condition=new, state=ok, price=1.49), Product(id=36743, name=product 36743, condition=new, state=ok, price=1.49), Product(id=88095, name=product 88095, condition=new, state=ok, price=1.49), Product(id=10577, name=product 10577, condition=new, state=ok, price=1.51), Product(id=12434, name=product 12434, condition=new, state=ok, price=1.51), Product(id=12522, name=product 12522, condition=new, state=ok, price=1.51), Product(id=73022, name=product 73022, condition=new, state=ok, price=1.51), Product(id=22185, name=product 22185, condition=new, state=ok, price=1.52), Product(id=67082, name=product 67082, condition=new, state=ok, price=1.52), Product(id=4273, name=product 4273, condition=new, state=ok, price=1.53), Product(id=69447, name=product 69447, condition=new, state=ok, price=1.53), Product(id=79864, name=product 79864, condition=new, state=ok, price=1.54), Product(id=86717, name=product 86717, condition=new, state=ok, price=1.54), Product(id=1313, name=product 1313, condition=new, state=ok, price=1.55), Product(id=38342, name=product 38342, condition=new, state=ok, price=1.55), Product(id=6014, name=product 6014, condition=new, state=ok, price=1.55), Product(id=20909, name=product 20909, condition=new, state=ok, price=1.57), Product(id=28544, name=product 28544, condition=new, state=ok, price=1.57), Product(id=36752, name=product 36752, condition=new, state=ok, price=1.57), Product(id=46909, name=product 46909, condition=new, state=ok, price=1.57), Product(id=4812, name=product 4812, condition=new, state=ok, price=1.58), Product(id=9167, name=product 9167, condition=new, state=ok, price=1.59), Product(id=263, name=product 263, condition=new, state=ok, price=1.6), Product(id=4139, name=product 4139, condition=new, state=ok, price=1.6), Product(id=26375, name=product 26375, condition=new, state=ok, price=1.61), Product(id=37729, name=product 37729, condition=new, state=ok, price=1.63), Product(id=64335, name=product 64335, condition=new, state=ok, price=1.63), Product(id=14365, name=product 14365, condition=new, state=ok, price=1.65), Product(id=34872, name=product 34872, condition=new, state=ok, price=1.65), Product(id=53752, name=product 53752, condition=new, state=ok, price=1.65), Product(id=11360, name=product 11360, condition=new, state=ok, price=1.66), Product(id=22493, name=product 22493, condition=new, state=ok, price=1.66), Product(id=25938, name=product 25938, condition=new, state=ok, price=1.66), Product(id=1160, name=product 1160, condition=new, state=ok, price=1.67), Product(id=16341, name=product 16341, condition=new, state=ok, price=1.67), Product(id=34445, name=product 34445, condition=new, state=ok, price=1.67), Product(id=46638, name=product 46638, condition=new, state=ok, price=1.67), Product(id=97896, name=product 97896, condition=new, state=ok, price=1.67), Product(id=26115, name=product 26115, condition=new, state=ok, price=1.68), Product(id=45178, name=product 45178, condition=new, state=ok, price=1.68), Product(id=69765, name=product 69765, condition=new, state=ok, price=1.68), Product(id=18591, name=product 18591, condition=new, state=ok, price=1.69), Product(id=31852, name=product 31852, condition=new, state=ok, price=1.69), Product(id=47320, name=product 47320, condition=new, state=ok, price=1.69), Product(id=68582, name=product 68582, condition=new, state=ok, price=1.69), Product(id=84384, name=product 84384, condition=new, state=ok, price=1.69), Product(id=12232, name=product 12232, condition=new, state=ok, price=1.7), Product(id=2537, name=product 2537, condition=new, state=ok, price=1.7), Product(id=6103, name=product 6103, condition=new, state=ok, price=1.71), Product(id=36797, name=product 36797, condition=new, state=ok, price=1.72), Product(id=6726, name=product 6726, condition=new, state=ok, price=1.72), Product(id=17319, name=product 17319, condition=new, state=ok, price=1.73), Product(id=21, name=product 21, condition=new, state=ok, price=1.73), Product(id=44416, name=product 44416, condition=new, state=ok, price=1.73), Product(id=6337, name=product 6337, condition=new, state=ok, price=1.73), Product(id=14408, name=product 14408, condition=new, state=ok, price=1.74), Product(id=21543, name=product 21543, condition=new, state=ok, price=1.74), Product(id=80683, name=product 80683, condition=new, state=ok, price=1.74), Product(id=3247, name=product 3247, condition=new, state=ok, price=1.75), Product(id=37468, name=product 37468, condition=new, state=ok, price=1.75), Product(id=93081, name=product 93081, condition=new, state=ok, price=1.75), Product(id=36189, name=product 36189, condition=new, state=ok, price=1.76), Product(id=49510, name=product 49510, condition=new, state=ok, price=1.76), Product(id=18586, name=product 18586, condition=new, state=ok, price=1.78), Product(id=7451, name=product 7451, condition=new, state=ok, price=1.79), Product(id=35338, name=product 35338, condition=new, state=ok, price=1.81), Product(id=3868, name=product 3868, condition=new, state=ok, price=1.81), Product(id=71879, name=product 71879, condition=new, state=ok, price=1.81), Product(id=3713, name=product 3713, condition=new, state=ok, price=1.82), Product(id=9955, name=product 9955, condition=new, state=ok, price=1.82), Product(id=19483, name=product 19483, condition=new, state=ok, price=1.84), Product(id=38168, name=product 38168, condition=new, state=ok, price=1.84), Product(id=5736, name=product 5736, condition=new, state=ok, price=1.84), Product(id=61954, name=product 61954, condition=new, state=ok, price=1.84), Product(id=12566, name=product 12566, condition=new, state=ok, price=1.86), Product(id=73727, name=product 73727, condition=new, state=ok, price=1.86), Product(id=37927, name=product 37927, condition=new, state=ok, price=1.87), Product(id=93734, name=product 93734, condition=new, state=ok, price=1.87), Product(id=33960, name=product 33960, condition=new, state=ok, price=1.88), Product(id=19656, name=product 19656, condition=new, state=ok, price=1.89), Product(id=20683, name=product 20683, condition=new, state=ok, price=1.89), Product(id=5874, name=product 5874, condition=new, state=ok, price=1.89), Product(id=20984, name=product 20984, condition=new, state=ok, price=1.9), Product(id=30836, name=product 30836, condition=new, state=ok, price=1.9), Product(id=123, name=product 123, condition=new, state=ok, price=1.91), Product(id=13707, name=product 13707, condition=new, state=ok, price=1.91), Product(id=42464, name=product 42464, condition=new, state=ok, price=1.91), Product(id=6036, name=product 6036, condition=new, state=ok, price=1.91), Product(id=20659, name=product 20659, condition=new, state=ok, price=1.92), Product(id=2408, name=product 2408, condition=new, state=ok, price=1.92), Product(id=28065, name=product 28065, condition=new, state=ok, price=1.92), Product(id=10868, name=product 10868, condition=new, state=ok, price=1.94), Product(id=54132, name=product 54132, condition=new, state=ok, price=1.94), Product(id=78041, name=product 78041, condition=new, state=ok, price=1.94), Product(id=4222, name=product 4222, condition=new, state=ok, price=1.95), Product(id=52295, name=product 52295, condition=new, state=ok, price=1.96), Product(id=22396, name=product 22396, condition=new, state=ok, price=1.97), Product(id=49907, name=product 49907, condition=new, state=ok, price=1.97), Product(id=24106, name=product 24106, condition=new, state=ok, price=1.98), Product(id=27833, name=product 27833, condition=new, state=ok, price=1.98), Product(id=4218, name=product 4218, condition=new, state=ok, price=1.98), Product(id=4262, name=product 4262, condition=new, state=ok, price=1.99), Product(id=4402, name=product 4402, condition=new, state=ok, price=1.99), Product(id=86, name=product 86, condition=new, state=ok, price=1.99), Product(id=32984, name=product 32984, condition=new, state=ok, price=2.0), Product(id=44782, name=product 44782, condition=new, state=ok, price=2.0), Product(id=57174, name=product 57174, condition=new, state=ok, price=2.0), Product(id=18210, name=product 18210, condition=new, state=ok, price=2.01), Product(id=37896, name=product 37896, condition=new, state=ok, price=2.01), Product(id=76581, name=product 76581, condition=new, state=ok, price=2.01), Product(id=5793, name=product 5793, condition=new, state=ok, price=2.02), Product(id=4570, name=product 4570, condition=new, state=ok, price=2.03), Product(id=10563, name=product 10563, condition=new, state=ok, price=2.04), Product(id=13721, name=product 13721, condition=new, state=ok, price=2.04), Product(id=20365, name=product 20365, condition=new, state=ok, price=2.04), Product(id=23133, name=product 23133, condition=new, state=ok, price=2.05), Product(id=29447, name=product 29447, condition=new, state=ok, price=2.05), Product(id=8339, name=product 8339, condition=new, state=ok, price=2.05), Product(id=18834, name=product 18834, condition=new, state=ok, price=2.06), Product(id=43126, name=product 43126, condition=new, state=ok, price=2.07), Product(id=44109, name=product 44109, condition=new, state=ok, price=2.07), Product(id=86862, name=product 86862, condition=new, state=ok, price=2.07), Product(id=7446, name=product 7446, condition=new, state=ok, price=2.08), Product(id=37100, name=product 37100, condition=new, state=ok, price=2.09), Product(id=4160, name=product 4160, condition=new, state=ok, price=2.09), Product(id=59985, name=product 59985, condition=new, state=ok, price=2.09), Product(id=6033, name=product 6033, condition=new, state=ok, price=2.09), Product(id=60405, name=product 60405, condition=new, state=ok, price=2.11), Product(id=90808, name=product 90808, condition=new, state=ok, price=2.11), Product(id=61781, name=product 61781, condition=new, state=ok, price=2.16), Product(id=11551, name=product 11551, condition=new, state=ok, price=2.17), Product(id=80034, name=product 80034, condition=new, state=ok, price=2.18), Product(id=29458, name=product 29458, condition=new, state=ok, price=2.19), Product(id=29677, name=product 29677, condition=new, state=ok, price=2.19), Product(id=2025, name=product 2025, condition=new, state=ok, price=2.2), Product(id=53271, name=product 53271, condition=new, state=ok, price=2.2), Product(id=93147, name=product 93147, condition=new, state=ok, price=2.2), Product(id=24933, name=product 24933, condition=new, state=ok, price=2.21), Product(id=72827, name=product 72827, condition=new, state=ok, price=2.23), Product(id=72897, name=product 72897, condition=new, state=ok, price=2.23), Product(id=2326, name=product 2326, condition=new, state=ok, price=2.24), Product(id=187, name=product 187, condition=new, state=ok, price=2.25), Product(id=4104, name=product 4104, condition=new, state=ok, price=2.25), Product(id=55745, name=product 55745, condition=new, state=ok, price=2.25), Product(id=3520, name=product 3520, condition=new, state=ok, price=2.26), Product(id=5214, name=product 5214, condition=new, state=ok, price=2.27), Product(id=96871, name=product 96871, condition=new, state=ok, price=2.27), Product(id=6219, name=product 6219, condition=new, state=ok, price=2.29), Product(id=11813, name=product 11813, condition=new, state=ok, price=2.31), Product(id=16656, name=product 16656, condition=new, state=ok, price=2.31), Product(id=28735, name=product 28735, condition=new, state=ok, price=2.31), Product(id=49690, name=product 49690, condition=new, state=ok, price=2.31), Product(id=58877, name=product 58877, condition=new, state=ok, price=2.31), Product(id=12626, name=product 12626, condition=new, state=ok, price=2.32), Product(id=418, name=product 418, condition=new, state=ok, price=2.32), Product(id=60092, name=product 60092, condition=new, state=ok, price=2.32), Product(id=18107, name=product 18107, condition=new, state=ok, price=2.33), Product(id=31236, name=product 31236, condition=new, state=ok, price=2.33), Product(id=36866, name=product 36866, condition=new, state=ok, price=2.33), Product(id=1746, name=product 1746, condition=new, state=ok, price=2.35), Product(id=35025, name=product 35025, condition=new, state=ok, price=2.35), Product(id=45917, name=product 45917, condition=new, state=ok, price=2.35), Product(id=88952, name=product 88952, condition=new, state=ok, price=2.35), Product(id=9489, name=product 9489, condition=new, state=ok, price=2.35), Product(id=17407, name=product 17407, condition=new, state=ok, price=2.36), Product(id=3214, name=product 3214, condition=new, state=ok, price=2.36), Product(id=49521, name=product 49521, condition=new, state=ok, price=2.36), Product(id=61279, name=product 61279, condition=new, state=ok, price=2.37), Product(id=81031, name=product 81031, condition=new, state=ok, price=2.37), Product(id=12963, name=product 12963, condition=new, state=ok, price=2.38), Product(id=47687, name=product 47687, condition=new, state=ok, price=2.39), Product(id=52240, name=product 52240, condition=new, state=ok, price=2.39), Product(id=7065, name=product 7065, condition=new, state=ok, price=2.39), Product(id=1758, name=product 1758, condition=new, state=ok, price=2.4), Product(id=1797, name=product 1797, condition=new, state=ok, price=2.4), Product(id=3436, name=product 3436, condition=new, state=ok, price=2.4), Product(id=47956, name=product 47956, condition=new, state=ok, price=2.4), Product(id=68699, name=product 68699, condition=new, state=ok, price=2.4), Product(id=31593, name=product 31593, condition=new, state=ok, price=2.41), Product(id=34177, name=product 34177, condition=new, state=ok, price=2.41), Product(id=8323, name=product 8323, condition=new, state=ok, price=2.41), Product(id=213, name=product 213, condition=new, state=ok, price=2.42), Product(id=39933, name=product 39933, condition=new, state=ok, price=2.43), Product(id=331, name=product 331, condition=new, state=ok, price=2.44), Product(id=58864, name=product 58864, condition=new, state=ok, price=2.44), Product(id=14643, name=product 14643, condition=new, state=ok, price=2.45), Product(id=54064, name=product 54064, condition=new, state=ok, price=2.45), Product(id=24418, name=product 24418, condition=new, state=ok, price=2.46), Product(id=736, name=product 736, condition=new, state=ok, price=2.46), Product(id=77826, name=product 77826, condition=new, state=ok, price=2.46), Product(id=79010, name=product 79010, condition=new, state=ok, price=2.46), Product(id=8257, name=product 8257, condition=new, state=ok, price=2.46), Product(id=99369, name=product 99369, condition=new, state=ok, price=2.46), Product(id=34321, name=product 34321, condition=new, state=ok, price=2.47), Product(id=2103, name=product 2103, condition=new, state=ok, price=2.48), Product(id=14689, name=product 14689, condition=new, state=ok, price=2.49), Product(id=22082, name=product 22082, condition=new, state=ok, price=2.49), Product(id=10260, name=product 10260, condition=new, state=ok, price=2.5), Product(id=16315, name=product 16315, condition=new, state=ok, price=2.51), Product(id=28659, name=product 28659, condition=new, state=ok, price=2.51), Product(id=72216, name=product 72216, condition=new, state=ok, price=2.52), Product(id=64776, name=product 64776, condition=new, state=ok, price=2.53), Product(id=8335, name=product 8335, condition=new, state=ok, price=2.53), Product(id=37715, name=product 37715, condition=new, state=ok, price=2.54), Product(id=43402, name=product 43402, condition=new, state=ok, price=2.54), Product(id=2341, name=product 2341, condition=new, state=ok, price=2.55), Product(id=35210, name=product 35210, condition=new, state=ok, price=2.55), Product(id=2519, name=product 2519, condition=new, state=ok, price=2.56), Product(id=21845, name=product 21845, condition=new, state=ok, price=2.57), Product(id=7288, name=product 7288, condition=new, state=ok, price=2.58), Product(id=1970, name=product 1970, condition=new, state=ok, price=2.59), Product(id=39294, name=product 39294, condition=new, state=ok, price=2.6), Product(id=64843, name=product 64843, condition=new, state=ok, price=2.6), Product(id=11401, name=product 11401, condition=new, state=ok, price=2.61), Product(id=23217, name=product 23217, condition=new, state=ok, price=2.61), Product(id=37187, name=product 37187, condition=new, state=ok, price=2.61), Product(id=9639, name=product 9639, condition=new, state=ok, price=2.61), Product(id=10827, name=product 10827, condition=new, state=ok, price=2.62), Product(id=17898, name=product 17898, condition=new, state=ok, price=2.62), Product(id=4957, name=product 4957, condition=new, state=ok, price=2.63), Product(id=29386, name=product 29386, condition=new, state=ok, price=2.64), Product(id=8828, name=product 8828, condition=new, state=ok, price=2.65), Product(id=4310, name=product 4310, condition=new, state=ok, price=2.66), Product(id=9104, name=product 9104, condition=new, state=ok, price=2.66), Product(id=47025, name=product 47025, condition=new, state=ok, price=2.67), Product(id=76934, name=product 76934, condition=new, state=ok, price=2.67), Product(id=9872, name=product 9872, condition=new, state=ok, price=2.67), Product(id=46588, name=product 46588, condition=new, state=ok, price=2.68), Product(id=1145, name=product 1145, condition=new, state=ok, price=2.69), Product(id=68560, name=product 68560, condition=new, state=ok, price=2.69), Product(id=358, name=product 358, condition=new, state=ok, price=2.7), Product(id=12178, name=product 12178, condition=new, state=ok, price=2.71), Product(id=4268, name=product 4268, condition=new, state=ok, price=2.71), Product(id=45577, name=product 45577, condition=new, state=ok, price=2.71), Product(id=3484, name=product 3484, condition=new, state=ok, price=2.73), Product(id=64752, name=product 64752, condition=new, state=ok, price=2.73), Product(id=91382, name=product 91382, condition=new, state=ok, price=2.73), Product(id=1042, name=product 1042, condition=new, state=ok, price=2.74), Product(id=45915, name=product 45915, condition=new, state=ok, price=2.74), Product(id=15488, name=product 15488, condition=new, state=ok, price=2.75), Product(id=29824, name=product 29824, condition=new, state=ok, price=2.75), Product(id=30507, name=product 30507, condition=new, state=ok, price=2.75), Product(id=76717, name=product 76717, condition=new, state=ok, price=2.75), Product(id=13781, name=product 13781, condition=new, state=ok, price=2.76), Product(id=60508, name=product 60508, condition=new, state=ok, price=2.76), Product(id=75911, name=product 75911, condition=new, state=ok, price=2.76), Product(id=8361, name=product 8361, condition=new, state=ok, price=2.76), Product(id=1722, name=product 1722, condition=new, state=ok, price=2.77), Product(id=36074, name=product 36074, condition=new, state=ok, price=2.77), Product(id=4824, name=product 4824, condition=new, state=ok, price=2.77), Product(id=61981, name=product 61981, condition=new, state=ok, price=2.77), Product(id=72514, name=product 72514, condition=new, state=ok, price=2.77), Product(id=7521, name=product 7521, condition=new, state=ok, price=2.77), Product(id=61366, name=product 61366, condition=new, state=ok, price=2.79), Product(id=21952, name=product 21952, condition=new, state=ok, price=2.81), Product(id=89046, name=product 89046, condition=new, state=ok, price=2.82), Product(id=9361, name=product 9361, condition=new, state=ok, price=2.82), Product(id=1171, name=product 1171, condition=new, state=ok, price=2.83), Product(id=43016, name=product 43016, condition=new, state=ok, price=2.83), Product(id=45737, name=product 45737, condition=new, state=ok, price=2.83), Product(id=74082, name=product 74082, condition=new, state=ok, price=2.83), Product(id=26722, name=product 26722, condition=new, state=ok, price=2.84), Product(id=38956, name=product 38956, condition=new, state=ok, price=2.86), Product(id=47211, name=product 47211, condition=new, state=ok, price=2.86), Product(id=87687, name=product 87687, condition=new, state=ok, price=2.86), Product(id=18140, name=product 18140, condition=new, state=ok, price=2.88), Product(id=11844, name=product 11844, condition=new, state=ok, price=2.89), Product(id=88091, name=product 88091, condition=new, state=ok, price=2.89), Product(id=3208, name=product 3208, condition=new, state=ok, price=2.9), Product(id=37313, name=product 37313, condition=new, state=ok, price=2.9), Product(id=44371, name=product 44371, condition=new, state=ok, price=2.9), Product(id=17582, name=product 17582, condition=new, state=ok, price=2.91), Product(id=33541, name=product 33541, condition=new, state=ok, price=2.91), Product(id=440, name=product 440, condition=new, state=ok, price=2.91), Product(id=80310, name=product 80310, condition=new, state=ok, price=2.92), Product(id=9021, name=product 9021, condition=new, state=ok, price=2.92), Product(id=10274, name=product 10274, condition=new, state=ok, price=2.94), Product(id=26704, name=product 26704, condition=new, state=ok, price=2.94), Product(id=42648, name=product 42648, condition=new, state=ok, price=2.94), Product(id=14828, name=product 14828, condition=new, state=ok, price=2.95), Product(id=56435, name=product 56435, condition=new, state=ok, price=2.95), Product(id=27019, name=product 27019, condition=new, state=ok, price=2.96), Product(id=46238, name=product 46238, condition=new, state=ok, price=2.96), Product(id=64663, name=product 64663, condition=new, state=ok, price=2.96), Product(id=12140, name=product 12140, condition=new, state=ok, price=2.97), Product(id=18347, name=product 18347, condition=new, state=ok, price=2.97), Product(id=29653, name=product 29653, condition=new, state=ok, price=2.97), Product(id=982, name=product 982, condition=new, state=ok, price=2.97), Product(id=3232, name=product 3232, condition=new, state=ok, price=2.98), Product(id=54742, name=product 54742, condition=new, state=ok, price=2.98), Product(id=17111, name=product 17111, condition=new, state=ok, price=2.99), Product(id=2313, name=product 2313, condition=new, state=ok, price=2.99), Product(id=9527, name=product 9527, condition=new, state=ok, price=2.99), Product(id=96244, name=product 96244, condition=new, state=ok, price=2.99), Product(id=3003, name=product 3003, condition=new, state=ok, price=3.0), Product(id=1256, name=product 1256, condition=new, state=ok, price=3.01), Product(id=3167, name=product 3167, condition=new, state=ok, price=3.01), Product(id=74986, name=product 74986, condition=new, state=ok, price=3.01), Product(id=36799, name=product 36799, condition=new, state=ok, price=3.02), Product(id=15, name=product 15, condition=new, state=ok, price=3.03), Product(id=44953, name=product 44953, condition=new, state=ok, price=3.03), Product(id=13765, name=product 13765, condition=new, state=ok, price=3.05), Product(id=21677, name=product 21677, condition=new, state=ok, price=3.05), Product(id=25137, name=product 25137, condition=new, state=ok, price=3.05), Product(id=28218, name=product 28218, condition=new, state=ok, price=3.05), Product(id=88810, name=product 88810, condition=new, state=ok, price=3.05), Product(id=1986, name=product 1986, condition=new, state=ok, price=3.07), Product(id=47984, name=product 47984, condition=new, state=ok, price=3.07), Product(id=5199, name=product 5199, condition=new, state=ok, price=3.07), Product(id=66609, name=product 66609, condition=new, state=ok, price=3.07), Product(id=40963, name=product 40963, condition=new, state=ok, price=3.08), Product(id=52512, name=product 52512, condition=new, state=ok, price=3.08), Product(id=1118, name=product 1118, condition=new, state=ok, price=3.09), Product(id=22307, name=product 22307, condition=new, state=ok, price=3.09), Product(id=9626, name=product 9626, condition=new, state=ok, price=3.09), Product(id=10877, name=product 10877, condition=new, state=ok, price=3.1), Product(id=41109, name=product 41109, condition=new, state=ok, price=3.1), Product(id=95110, name=product 95110, condition=new, state=ok, price=3.1), Product(id=22220, name=product 22220, condition=new, state=ok, price=3.11), Product(id=31250, name=product 31250, condition=new, state=ok, price=3.11), Product(id=50761, name=product 50761, condition=new, state=ok, price=3.11), Product(id=13972, name=product 13972, condition=new, state=ok, price=3.12), Product(id=41067, name=product 41067, condition=new, state=ok, price=3.12), Product(id=744, name=product 744, condition=new, state=ok, price=3.12), Product(id=26197, name=product 26197, condition=new, state=ok, price=3.13), Product(id=36936, name=product 36936, condition=new, state=ok, price=3.14), Product(id=6708, name=product 6708, condition=new, state=ok, price=3.14), Product(id=94337, name=product 94337, condition=new, state=ok, price=3.14), Product(id=12142, name=product 12142, condition=new, state=ok, price=3.15), Product(id=14260, name=product 14260, condition=new, state=ok, price=3.15), Product(id=81675, name=product 81675, condition=new, state=ok, price=3.15), Product(id=24159, name=product 24159, condition=new, state=ok, price=3.16), Product(id=24479, name=product 24479, condition=new, state=ok, price=3.16), Product(id=33664, name=product 33664, condition=new, state=ok, price=3.16), Product(id=21559, name=product 21559, condition=new, state=ok, price=3.17), Product(id=54119, name=product 54119, condition=new, state=ok, price=3.17), Product(id=19744, name=product 19744, condition=new, state=ok, price=3.18), Product(id=2265, name=product 2265, condition=new, state=ok, price=3.18), Product(id=3375, name=product 3375, condition=new, state=ok, price=3.18), Product(id=36343, name=product 36343, condition=new, state=ok, price=3.18), Product(id=20796, name=product 20796, condition=new, state=ok, price=3.19), Product(id=31652, name=product 31652, condition=new, state=ok, price=3.19), Product(id=5024, name=product 5024, condition=new, state=ok, price=3.19), Product(id=19974, name=product 19974, condition=new, state=ok, price=3.2), Product(id=22386, name=product 22386, condition=new, state=ok, price=3.2), Product(id=46507, name=product 46507, condition=new, state=ok, price=3.2), Product(id=91305, name=product 91305, condition=new, state=ok, price=3.22), Product(id=10893, name=product 10893, condition=new, state=ok, price=3.23), Product(id=57943, name=product 57943, condition=new, state=ok, price=3.24), Product(id=28815, name=product 28815, condition=new, state=ok, price=3.25), Product(id=17812, name=product 17812, condition=new, state=ok, price=3.27), Product(id=25293, name=product 25293, condition=new, state=ok, price=3.28), Product(id=29932, name=product 29932, condition=new, state=ok, price=3.29), Product(id=256, name=product 256, condition=new, state=ok, price=3.3), Product(id=262, name=product 262, condition=new, state=ok, price=3.3), Product(id=7614, name=product 7614, condition=new, state=ok, price=3.3), Product(id=22, name=product 22, condition=new, state=ok, price=3.31), Product(id=4170, name=product 4170, condition=new, state=ok, price=3.31), Product(id=38691, name=product 38691, condition=new, state=ok, price=3.32), Product(id=8477, name=product 8477, condition=new, state=ok, price=3.32), Product(id=16175, name=product 16175, condition=new, state=ok, price=3.33), Product(id=2998, name=product 2998, condition=new, state=ok, price=3.33), Product(id=19138, name=product 19138, condition=new, state=ok, price=3.34), Product(id=22644, name=product 22644, condition=new, state=ok, price=3.34), Product(id=44486, name=product 44486, condition=new, state=ok, price=3.34), Product(id=10691, name=product 10691, condition=new, state=ok, price=3.35), Product(id=444, name=product 444, condition=new, state=ok, price=3.35), Product(id=5413, name=product 5413, condition=new, state=ok, price=3.35), Product(id=6411, name=product 6411, condition=new, state=ok, price=3.35), Product(id=20859, name=product 20859, condition=new, state=ok, price=3.37), Product(id=71244, name=product 71244, condition=new, state=ok, price=3.37), Product(id=20396, name=product 20396, condition=new, state=ok, price=3.38), Product(id=22296, name=product 22296, condition=new, state=ok, price=3.39), Product(id=43068, name=product 43068, condition=new, state=ok, price=3.4), Product(id=55388, name=product 55388, condition=new, state=ok, price=3.4), Product(id=94849, name=product 94849, condition=new, state=ok, price=3.4), Product(id=14037, name=product 14037, condition=new, state=ok, price=3.41), Product(id=44104, name=product 44104, condition=new, state=ok, price=3.41), Product(id=57257, name=product 57257, condition=new, state=ok, price=3.41), Product(id=28377, name=product 28377, condition=new, state=ok, price=3.42), Product(id=30231, name=product 30231, condition=new, state=ok, price=3.42), Product(id=27843, name=product 27843, condition=new, state=ok, price=3.43), Product(id=30017, name=product 30017, condition=new, state=ok, price=3.44), Product(id=75999, name=product 75999, condition=new, state=ok, price=3.45), Product(id=948, name=product 948, condition=new, state=ok, price=3.46), Product(id=26933, name=product 26933, condition=new, state=ok, price=3.47), Product(id=8483, name=product 8483, condition=new, state=ok, price=3.47), Product(id=3274, name=product 3274, condition=new, state=ok, price=3.48), Product(id=493, name=product 493, condition=new, state=ok, price=3.48), Product(id=58565, name=product 58565, condition=new, state=ok, price=3.5), Product(id=2222, name=product 2222, condition=new, state=ok, price=3.51), Product(id=2268, name=product 2268, condition=new, state=ok, price=3.51), Product(id=4304, name=product 4304, condition=new, state=ok, price=3.51), Product(id=4673, name=product 4673, condition=new, state=ok, price=3.51), Product(id=8467, name=product 8467, condition=new, state=ok, price=3.51), Product(id=17714, name=product 17714, condition=new, state=ok, price=3.52), Product(id=43847, name=product 43847, condition=new, state=ok, price=3.52), Product(id=7771, name=product 7771, condition=new, state=ok, price=3.52), Product(id=1170, name=product 1170, condition=new, state=ok, price=3.53), Product(id=24240, name=product 24240, condition=new, state=ok, price=3.53), Product(id=48874, name=product 48874, condition=new, state=ok, price=3.53), Product(id=8097, name=product 8097, condition=new, state=ok, price=3.53), Product(id=29221, name=product 29221, condition=new, state=ok, price=3.54), Product(id=36402, name=product 36402, condition=new, state=ok, price=3.54), Product(id=65174, name=product 65174, condition=new, state=ok, price=3.54), Product(id=7646, name=product 7646, condition=new, state=ok, price=3.54), Product(id=7743, name=product 7743, condition=new, state=ok, price=3.55), Product(id=7982, name=product 7982, condition=new, state=ok, price=3.55), Product(id=86982, name=product 86982, condition=new, state=ok, price=3.55), Product(id=11654, name=product 11654, condition=new, state=ok, price=3.56), Product(id=11779, name=product 11779, condition=new, state=ok, price=3.56), Product(id=75944, name=product 75944, condition=new, state=ok, price=3.56), Product(id=2589, name=product 2589, condition=new, state=ok, price=3.57), Product(id=35216, name=product 35216, condition=new, state=ok, price=3.57), Product(id=2036, name=product 2036, condition=new, state=ok, price=3.58), Product(id=15005, name=product 15005, condition=new, state=ok, price=3.59), Product(id=21551, name=product 21551, condition=new, state=ok, price=3.59), Product(id=24174, name=product 24174, condition=new, state=ok, price=3.59), Product(id=10046, name=product 10046, condition=new, state=ok, price=3.6), Product(id=12431, name=product 12431, condition=new, state=ok, price=3.6), Product(id=19887, name=product 19887, condition=new, state=ok, price=3.6), Product(id=21072, name=product 21072, condition=new, state=ok, price=3.6), Product(id=6665, name=product 6665, condition=new, state=ok, price=3.61), Product(id=26358, name=product 26358, condition=new, state=ok, price=3.62), Product(id=30000, name=product 30000, condition=new, state=ok, price=3.62), Product(id=30785, name=product 30785, condition=new, state=ok, price=3.62), Product(id=3857, name=product 3857, condition=new, state=ok, price=3.62), Product(id=497, name=product 497, condition=new, state=ok, price=3.62), Product(id=14338, name=product 14338, condition=new, state=ok, price=3.63), Product(id=15431, name=product 15431, condition=new, state=ok, price=3.63), Product(id=7, name=product 7, condition=new, state=ok, price=3.64), Product(id=12833, name=product 12833, condition=new, state=ok, price=3.65), Product(id=9445, name=product 9445, condition=new, state=ok, price=3.65), Product(id=69755, name=product 69755, condition=new, state=ok, price=3.66), Product(id=88692, name=product 88692, condition=new, state=ok, price=3.66), Product(id=9008, name=product 9008, condition=new, state=ok, price=3.68), Product(id=969, name=product 969, condition=new, state=ok, price=3.68), Product(id=10348, name=product 10348, condition=new, state=ok, price=3.69), Product(id=22062, name=product 22062, condition=new, state=ok, price=3.71), Product(id=73298, name=product 73298, condition=new, state=ok, price=3.71), Product(id=10214, name=product 10214, condition=new, state=ok, price=3.72), Product(id=58161, name=product 58161, condition=new, state=ok, price=3.72), Product(id=16962, name=product 16962, condition=new, state=ok, price=3.73), Product(id=83748, name=product 83748, condition=new, state=ok, price=3.73), Product(id=23753, name=product 23753, condition=new, state=ok, price=3.74), Product(id=33953, name=product 33953, condition=new, state=ok, price=3.74), Product(id=2730, name=product 2730, condition=new, state=ok, price=3.75), Product(id=8002, name=product 8002, condition=new, state=ok, price=3.75), Product(id=96111, name=product 96111, condition=new, state=ok, price=3.75), Product(id=55155, name=product 55155, condition=new, state=ok, price=3.76), Product(id=695, name=product 695, condition=new, state=ok, price=3.76), Product(id=98765, name=product 98765, condition=new, state=ok, price=3.76), Product(id=42224, name=product 42224, condition=new, state=ok, price=3.77), Product(id=7086, name=product 7086, condition=new, state=ok, price=3.77), Product(id=12930, name=product 12930, condition=new, state=ok, price=3.78), Product(id=5652, name=product 5652, condition=new, state=ok, price=3.78), Product(id=26399, name=product 26399, condition=new, state=ok, price=3.79), Product(id=70211, name=product 70211, condition=new, state=ok, price=3.79), Product(id=7700, name=product 7700, condition=new, state=ok, price=3.79), Product(id=11857, name=product 11857, condition=new, state=ok, price=3.8), Product(id=19407, name=product 19407, condition=new, state=ok, price=3.8), Product(id=30784, name=product 30784, condition=new, state=ok, price=3.8), Product(id=99059, name=product 99059, condition=new, state=ok, price=3.8), Product(id=28334, name=product 28334, condition=new, state=ok, price=3.81), Product(id=36518, name=product 36518, condition=new, state=ok, price=3.81), Product(id=67880, name=product 67880, condition=new, state=ok, price=3.81), Product(id=47191, name=product 47191, condition=new, state=ok, price=3.82), Product(id=41568, name=product 41568, condition=new, state=ok, price=3.85), Product(id=45220, name=product 45220, condition=new, state=ok, price=3.85), Product(id=13263, name=product 13263, condition=new, state=ok, price=3.86), Product(id=9813, name=product 9813, condition=new, state=ok, price=3.86), Product(id=32746, name=product 32746, condition=new, state=ok, price=3.87), Product(id=250, name=product 250, condition=new, state=ok, price=3.88), Product(id=25424, name=product 25424, condition=new, state=ok, price=3.88), Product(id=28366, name=product 28366, condition=new, state=ok, price=3.88), Product(id=399, name=product 399, condition=new, state=ok, price=3.88), Product(id=4990, name=product 4990, condition=new, state=ok, price=3.88), Product(id=1171, name=product 1171, condition=new, state=ok, price=3.89), Product(id=2406, name=product 2406, condition=new, state=ok, price=3.89), Product(id=39235, name=product 39235, condition=new, state=ok, price=3.89), Product(id=15668, name=product 15668, condition=new, state=ok, price=3.9), Product(id=27394, name=product 27394, condition=new, state=ok, price=3.9), Product(id=72839, name=product 72839, condition=new, state=ok, price=3.9), Product(id=9817, name=product 9817, condition=new, state=ok, price=3.9), Product(id=4560, name=product 4560, condition=new, state=ok, price=3.91), Product(id=23582, name=product 23582, condition=new, state=ok, price=3.93), Product(id=30323, name=product 30323, condition=new, state=ok, price=3.94), Product(id=3998, name=product 3998, condition=new, state=ok, price=3.94), Product(id=44915, name=product 44915, condition=new, state=ok, price=3.94), Product(id=51880, name=product 51880, condition=new, state=ok, price=3.94), Product(id=6981, name=product 6981, condition=new, state=ok, price=3.94), Product(id=81910, name=product 81910, condition=new, state=ok, price=3.94), Product(id=34724, name=product 34724, condition=new, state=ok, price=3.95), Product(id=70199, name=product 70199, condition=new, state=ok, price=3.95), Product(id=12040, name=product 12040, condition=new, state=ok, price=3.96), Product(id=28813, name=product 28813, condition=new, state=ok, price=3.96), Product(id=9676, name=product 9676, condition=new, state=ok, price=3.96), Product(id=3132, name=product 3132, condition=new, state=ok, price=3.97), Product(id=42276, name=product 42276, condition=new, state=ok, price=3.97), Product(id=5151, name=product 5151, condition=new, state=ok, price=3.97), Product(id=44145, name=product 44145, condition=new, state=ok, price=3.98), Product(id=62750, name=product 62750, condition=new, state=ok, price=3.98), Product(id=77872, name=product 77872, condition=new, state=ok, price=3.98), Product(id=273, name=product 273, condition=new, state=ok, price=4.0), Product(id=25570, name=product 25570, condition=new, state=ok, price=4.01), Product(id=35711, name=product 35711, condition=new, state=ok, price=4.02), Product(id=31873, name=product 31873, condition=new, state=ok, price=4.03), Product(id=677, name=product 677, condition=new, state=ok, price=4.03), Product(id=87050, name=product 87050, condition=new, state=ok, price=4.03), Product(id=26783, name=product 26783, condition=new, state=ok, price=4.04), Product(id=74194, name=product 74194, condition=new, state=ok, price=4.04), Product(id=95697, name=product 95697, condition=new, state=ok, price=4.04), Product(id=38096, name=product 38096, condition=new, state=ok, price=4.05), Product(id=14421, name=product 14421, condition=new, state=ok, price=4.07), Product(id=20552, name=product 20552, condition=new, state=ok, price=4.07), Product(id=75914, name=product 75914, condition=new, state=ok, price=4.07), Product(id=2110, name=product 2110, condition=new, state=ok, price=4.08), Product(id=10662, name=product 10662, condition=new, state=ok, price=4.09), Product(id=19377, name=product 19377, condition=new, state=ok, price=4.09), Product(id=11216, name=product 11216, condition=new, state=ok, price=4.1), Product(id=47024, name=product 47024, condition=new, state=ok, price=4.1), Product(id=18914, name=product 18914, condition=new, state=ok, price=4.11), Product(id=19466, name=product 19466, condition=new, state=ok, price=4.12), Product(id=4609, name=product 4609, condition=new, state=ok, price=4.12), Product(id=590, name=product 590, condition=new, state=ok, price=4.12), Product(id=6575, name=product 6575, condition=new, state=ok, price=4.12), Product(id=84883, name=product 84883, condition=new, state=ok, price=4.12), Product(id=14356, name=product 14356, condition=new, state=ok, price=4.13), Product(id=17592, name=product 17592, condition=new, state=ok, price=4.13), Product(id=27062, name=product 27062, condition=new, state=ok, price=4.13), Product(id=31207, name=product 31207, condition=new, state=ok, price=4.13), Product(id=13954, name=product 13954, condition=new, state=ok, price=4.16), Product(id=35880, name=product 35880, condition=new, state=ok, price=4.16), Product(id=37426, name=product 37426, condition=new, state=ok, price=4.16), Product(id=38131, name=product 38131, condition=new, state=ok, price=4.16), Product(id=6689, name=product 6689, condition=new, state=ok, price=4.16), Product(id=6178, name=product 6178, condition=new, state=ok, price=4.17), Product(id=34600, name=product 34600, condition=new, state=ok, price=4.18), Product(id=45414, name=product 45414, condition=new, state=ok, price=4.18), Product(id=55707, name=product 55707, condition=new, state=ok, price=4.18), Product(id=31122, name=product 31122, condition=new, state=ok, price=4.19), Product(id=36440, name=product 36440, condition=new, state=ok, price=4.19), Product(id=2467, name=product 2467, condition=new, state=ok, price=4.2), Product(id=45286, name=product 45286, condition=new, state=ok, price=4.2), Product(id=62310, name=product 62310, condition=new, state=ok, price=4.2), Product(id=97714, name=product 97714, condition=new, state=ok, price=4.2), Product(id=4200, name=product 4200, condition=new, state=ok, price=4.21), Product(id=23878, name=product 23878, condition=new, state=ok, price=4.22), Product(id=34082, name=product 34082, condition=new, state=ok, price=4.22), Product(id=42541, name=product 42541, condition=new, state=ok, price=4.22), Product(id=42567, name=product 42567, condition=new, state=ok, price=4.22), Product(id=2042, name=product 2042, condition=new, state=ok, price=4.23), Product(id=68634, name=product 68634, condition=new, state=ok, price=4.23), Product(id=14315, name=product 14315, condition=new, state=ok, price=4.25), Product(id=14510, name=product 14510, condition=new, state=ok, price=4.25), Product(id=18332, name=product 18332, condition=new, state=ok, price=4.25), Product(id=25478, name=product 25478, condition=new, state=ok, price=4.25), Product(id=28383, name=product 28383, condition=new, state=ok, price=4.25), Product(id=45838, name=product 45838, condition=new, state=ok, price=4.25), Product(id=18819, name=product 18819, condition=new, state=ok, price=4.26), Product(id=25234, name=product 25234, condition=new, state=ok, price=4.26), Product(id=3739, name=product 3739, condition=new, state=ok, price=4.26), Product(id=47960, name=product 47960, condition=new, state=ok, price=4.26), Product(id=11354, name=product 11354, condition=new, state=ok, price=4.27), Product(id=14164, name=product 14164, condition=new, state=ok, price=4.28), Product(id=15567, name=product 15567, condition=new, state=ok, price=4.28), Product(id=44729, name=product 44729, condition=new, state=ok, price=4.28), Product(id=87875, name=product 87875, condition=new, state=ok, price=4.28), Product(id=19079, name=product 19079, condition=new, state=ok, price=4.29), Product(id=23238, name=product 23238, condition=new, state=ok, price=4.29), Product(id=43810, name=product 43810, condition=new, state=ok, price=4.29), Product(id=7991, name=product 7991, condition=new, state=ok, price=4.29), Product(id=24076, name=product 24076, condition=new, state=ok, price=4.3), Product(id=35953, name=product 35953, condition=new, state=ok, price=4.3), Product(id=7208, name=product 7208, condition=new, state=ok, price=4.3), Product(id=31928, name=product 31928, condition=new, state=ok, price=4.31), Product(id=7468, name=product 7468, condition=new, state=ok, price=4.31), Product(id=42187, name=product 42187, condition=new, state=ok, price=4.32), Product(id=21741, name=product 21741, condition=new, state=ok, price=4.33), Product(id=359, name=product 359, condition=new, state=ok, price=4.33), Product(id=43849, name=product 43849, condition=new, state=ok, price=4.33), Product(id=2525, name=product 2525, condition=new, state=ok, price=4.34), Product(id=28343, name=product 28343, condition=new, state=ok, price=4.34), Product(id=3885, name=product 3885, condition=new, state=ok, price=4.34), Product(id=44319, name=product 44319, condition=new, state=ok, price=4.34), Product(id=43294, name=product 43294, condition=new, state=ok, price=4.35), Product(id=930, name=product 930, condition=new, state=ok, price=4.35), Product(id=35588, name=product 35588, condition=new, state=ok, price=4.36), Product(id=53807, name=product 53807, condition=new, state=ok, price=4.36), Product(id=53820, name=product 53820, condition=new, state=ok, price=4.36), Product(id=790, name=product 790, condition=new, state=ok, price=4.36), Product(id=8539, name=product 8539, condition=new, state=ok, price=4.36), Product(id=95977, name=product 95977, condition=new, state=ok, price=4.36), Product(id=60752, name=product 60752, condition=new, state=ok, price=4.37), Product(id=8896, name=product 8896, condition=new, state=ok, price=4.38), Product(id=30728, name=product 30728, condition=new, state=ok, price=4.39), Product(id=51453, name=product 51453, condition=new, state=ok, price=4.39), Product(id=68278, name=product 68278, condition=new, state=ok, price=4.39), Product(id=25843, name=product 25843, condition=new, state=ok, price=4.4), Product(id=14848, name=product 14848, condition=new, state=ok, price=4.41), Product(id=41201, name=product 41201, condition=new, state=ok, price=4.41), Product(id=7174, name=product 7174, condition=new, state=ok, price=4.41), Product(id=7917, name=product 7917, condition=new, state=ok, price=4.41), Product(id=36116, name=product 36116, condition=new, state=ok, price=4.42), Product(id=11255, name=product 11255, condition=new, state=ok, price=4.43), Product(id=1351, name=product 1351, condition=new, state=ok, price=4.43), Product(id=4309, name=product 4309, condition=new, state=ok, price=4.45), Product(id=9512, name=product 9512, condition=new, state=ok, price=4.45), Product(id=18741, name=product 18741, condition=new, state=ok, price=4.46), Product(id=60545, name=product 60545, condition=new, state=ok, price=4.47), Product(id=69269, name=product 69269, condition=new, state=ok, price=4.47), Product(id=15449, name=product 15449, condition=new, state=ok, price=4.48), Product(id=11585, name=product 11585, condition=new, state=ok, price=4.49), Product(id=15124, name=product 15124, condition=new, state=ok, price=4.5), Product(id=16348, name=product 16348, condition=new, state=ok, price=4.51), Product(id=27897, name=product 27897, condition=new, state=ok, price=4.52), Product(id=30587, name=product 30587, condition=new, state=ok, price=4.52), Product(id=19181, name=product 19181, condition=new, state=ok, price=4.53), Product(id=63382, name=product 63382, condition=new, state=ok, price=4.53), Product(id=79907, name=product 79907, condition=new, state=ok, price=4.54), Product(id=83662, name=product 83662, condition=new, state=ok, price=4.54), Product(id=89626, name=product 89626, condition=new, state=ok, price=4.54), Product(id=63363, name=product 63363, condition=new, state=ok, price=4.55), Product(id=11317, name=product 11317, condition=new, state=ok, price=4.56), Product(id=20988, name=product 20988, condition=new, state=ok, price=4.56), Product(id=28166, name=product 28166, condition=new, state=ok, price=4.56), Product(id=2992, name=product 2992, condition=new, state=ok, price=4.56), Product(id=10, name=product 10, condition=new, state=ok, price=4.57), Product(id=84841, name=product 84841, condition=new, state=ok, price=4.57), Product(id=12727, name=product 12727, condition=new, state=ok, price=4.58), Product(id=21036, name=product 21036, condition=new, state=ok, price=4.58), Product(id=17146, name=product 17146, condition=new, state=ok, price=4.59), Product(id=20042, name=product 20042, condition=new, state=ok, price=4.59), Product(id=41409, name=product 41409, condition=new, state=ok, price=4.59), Product(id=4260, name=product 4260, condition=new, state=ok, price=4.59), Product(id=69824, name=product 69824, condition=new, state=ok, price=4.59), Product(id=14823, name=product 14823, condition=new, state=ok, price=4.6), Product(id=24053, name=product 24053, condition=new, state=ok, price=4.6), Product(id=45280, name=product 45280, condition=new, state=ok, price=4.6), Product(id=53717, name=product 53717, condition=new, state=ok, price=4.61), Product(id=14999, name=product 14999, condition=new, state=ok, price=4.64), Product(id=31473, name=product 31473, condition=new, state=ok, price=4.64), Product(id=40923, name=product 40923, condition=new, state=ok, price=4.64), Product(id=965, name=product 965, condition=new, state=ok, price=4.64), Product(id=19985, name=product 19985, condition=new, state=ok, price=4.65), Product(id=61580, name=product 61580, condition=new, state=ok, price=4.65), Product(id=11972, name=product 11972, condition=new, state=ok, price=4.66), Product(id=20370, name=product 20370, condition=new, state=ok, price=4.66), Product(id=12399, name=product 12399, condition=new, state=ok, price=4.68), Product(id=29100, name=product 29100, condition=new, state=ok, price=4.68), Product(id=91451, name=product 91451, condition=new, state=ok, price=4.68), Product(id=92806, name=product 92806, condition=new, state=ok, price=4.68), Product(id=20308, name=product 20308, condition=new, state=ok, price=4.69), Product(id=75759, name=product 75759, condition=new, state=ok, price=4.69), Product(id=36287, name=product 36287, condition=new, state=ok, price=4.7), Product(id=46547, name=product 46547, condition=new, state=ok, price=4.71), Product(id=27249, name=product 27249, condition=new, state=ok, price=4.73), Product(id=5798, name=product 5798, condition=new, state=ok, price=4.73), Product(id=7969, name=product 7969, condition=new, state=ok, price=4.73), Product(id=9296, name=product 9296, condition=new, state=ok, price=4.74), Product(id=34001, name=product 34001, condition=new, state=ok, price=4.76), Product(id=60825, name=product 60825, condition=new, state=ok, price=4.76), Product(id=15131, name=product 15131, condition=new, state=ok, price=4.78), Product(id=39824, name=product 39824, condition=new, state=ok, price=4.78), Product(id=79786, name=product 79786, condition=new, state=ok, price=4.78), Product(id=14835, name=product 14835, condition=new, state=ok, price=4.79), Product(id=1693, name=product 1693, condition=new, state=ok, price=4.8), Product(id=2221, name=product 2221, condition=new, state=ok, price=4.8), Product(id=4467, name=product 4467, condition=new, state=ok, price=4.83), Product(id=76923, name=product 76923, condition=new, state=ok, price=4.83), Product(id=26763, name=product 26763, condition=new, state=ok, price=4.84), Product(id=34653, name=product 34653, condition=new, state=ok, price=4.85), Product(id=4506, name=product 4506, condition=new, state=ok, price=4.86), Product(id=50214, name=product 50214, condition=new, state=ok, price=4.87), Product(id=7873, name=product 7873, condition=new, state=ok, price=4.87), Product(id=3331, name=product 3331, condition=new, state=ok, price=4.88), Product(id=70368, name=product 70368, condition=new, state=ok, price=4.88), Product(id=19958, name=product 19958, condition=new, state=ok, price=4.89), Product(id=4058, name=product 4058, condition=new, state=ok, price=4.9), Product(id=3524, name=product 3524, condition=new, state=ok, price=4.91), Product(id=8180, name=product 8180, condition=new, state=ok, price=4.91), Product(id=9060, name=product 9060, condition=new, state=ok, price=4.91), Product(id=14739, name=product 14739, condition=new, state=ok, price=4.92), Product(id=26216, name=product 26216, condition=new, state=ok, price=4.92), Product(id=2873, name=product 2873, condition=new, state=ok, price=4.92), Product(id=47107, name=product 47107, condition=new, state=ok, price=4.92), Product(id=62605, name=product 62605, condition=new, state=ok, price=4.92), Product(id=67958, name=product 67958, condition=new, state=ok, price=4.92), Product(id=22833, name=product 22833, condition=new, state=ok, price=4.93), Product(id=6231, name=product 6231, condition=new, state=ok, price=4.93), Product(id=10727, name=product 10727, condition=new, state=ok, price=4.94), Product(id=49360, name=product 49360, condition=new, state=ok, price=4.94), Product(id=81448, name=product 81448, condition=new, state=ok, price=4.94), Product(id=77463, name=product 77463, condition=new, state=ok, price=4.95), Product(id=827, name=product 827, condition=new, state=ok, price=4.95), Product(id=11329, name=product 11329, condition=new, state=ok, price=4.96), Product(id=26889, name=product 26889, condition=new, state=ok, price=4.96), Product(id=46153, name=product 46153, condition=new, state=ok, price=4.97), Product(id=5149, name=product 5149, condition=new, state=ok, price=4.97), Product(id=77295, name=product 77295, condition=new, state=ok, price=4.97), Product(id=82243, name=product 82243, condition=new, state=ok, price=4.97), Product(id=26981, name=product 26981, condition=new, state=ok, price=4.98), Product(id=96306, name=product 96306, condition=new, state=ok, price=4.98), Product(id=72095, name=product 72095, condition=new, state=ok, price=4.99), Product(id=32067, name=product 32067, condition=new, state=ok, price=5.0)]&gt; but was: java.util.LinkedList&lt;[Product(id=840, name=product 840, condition=new, state=ok, price=0.01), Product(id=6275, name=product 6275, condition=new, state=ok, price=0.02), Product(id=79875, name=product 79875, condition=new, state=ok, price=0.02), Product(id=8169, name=product 8169, condition=new, state=ok, price=0.02), Product(id=26463, name=product 26463, condition=new, state=ok, price=0.03), Product(id=42920, name=product 42920, condition=new, state=ok, price=0.03), Product(id=79198, name=product 79198, condition=new, state=ok, price=0.03), Product(id=27393, name=product 27393, condition=new, state=ok, price=0.05), Product(id=2329, name=product 2329, condition=new, state=ok, price=0.06), Product(id=36535, name=product 36535, condition=new, state=ok, price=0.06), Product(id=84156, name=product 84156, condition=new, state=ok, price=0.06), Product(id=91851, name=product 91851, condition=new, state=ok, price=0.06), Product(id=12990, name=product 12990, condition=new, state=ok, price=0.07), Product(id=89239, name=product 89239, condition=new, state=ok, price=0.07), Product(id=1957, name=product 1957, condition=new, state=ok, price=0.08), Product(id=8035, name=product 8035, condition=new, state=ok, price=0.08), Product(id=5694, name=product 5694, condition=new, state=ok, price=0.1), Product(id=13678, name=product 13678, condition=new, state=ok, price=0.11), Product(id=48869, name=product 48869, condition=new, state=ok, price=0.11), Product(id=10933, name=product 10933, condition=new, state=ok, price=0.13), Product(id=16532, name=product 16532, condition=new, state=ok, price=0.13), Product(id=1121, name=product 1121, condition=new, state=ok, price=0.14), Product(id=69096, name=product 69096, condition=new, state=ok, price=0.15), Product(id=9427, name=product 9427, condition=new, state=ok, price=0.15), Product(id=10975, name=product 10975, condition=new, state=ok, price=0.16), Product(id=11443, name=product 11443, condition=new, state=ok, price=0.16), Product(id=69236, name=product 69236, condition=new, state=ok, price=0.16), Product(id=2192, name=product 2192, condition=new, state=ok, price=0.17), Product(id=3111, name=product 3111, condition=new, state=ok, price=0.18), Product(id=59367, name=product 59367, condition=new, state=ok, price=0.18), Product(id=85418, name=product 85418, condition=new, state=ok, price=0.18), Product(id=24014, name=product 24014, condition=new, state=ok, price=0.19), Product(id=67480, name=product 67480, condition=new, state=ok, price=0.19), Product(id=9806, name=product 9806, condition=new, state=ok, price=0.19), Product(id=21081, name=product 21081, condition=new, state=ok, price=0.22), Product(id=49360, name=product 49360, condition=new, state=ok, price=0.22), Product(id=53085, name=product 53085, condition=new, state=ok, price=0.22), Product(id=5499, name=product 5499, condition=new, state=ok, price=0.24), Product(id=48409, name=product 48409, condition=new, state=ok, price=0.26), Product(id=1862, name=product 1862, condition=new, state=ok, price=0.28), Product(id=56420, name=product 56420, condition=new, state=ok, price=0.28), Product(id=4911, name=product 4911, condition=new, state=ok, price=0.29), Product(id=9182, name=product 9182, condition=new, state=ok, price=0.29), Product(id=13823, name=product 13823, condition=new, state=ok, price=0.3), Product(id=25479, name=product 25479, condition=new, state=ok, price=0.31), Product(id=94460, name=product 94460, condition=new, state=ok, price=0.31), Product(id=10809, name=product 10809, condition=new, state=ok, price=0.32), Product(id=27213, name=product 27213, condition=new, state=ok, price=0.32), Product(id=84616, name=product 84616, condition=new, state=ok, price=0.32), Product(id=97770, name=product 97770, condition=new, state=ok, price=0.33), Product(id=28618, name=product 28618, condition=new, state=ok, price=0.35), Product(id=47138, name=product 47138, condition=new, state=ok, price=0.35), Product(id=21885, name=product 21885, condition=new, state=ok, price=0.36), Product(id=271, name=product 271, condition=new, state=ok, price=0.37), Product(id=76850, name=product 76850, condition=new, state=ok, price=0.37), Product(id=82419, name=product 82419, condition=new, state=ok, price=0.37), Product(id=7863, name=product 7863, condition=new, state=ok, price=0.38), Product(id=57703, name=product 57703, condition=new, state=ok, price=0.39), Product(id=13841, name=product 13841, condition=new, state=ok, price=0.4), Product(id=2846, name=product 2846, condition=new, state=ok, price=0.4), Product(id=29743, name=product 29743, condition=new, state=ok, price=0.41), Product(id=34969, name=product 34969, condition=new, state=ok, price=0.41), Product(id=39272, name=product 39272, condition=new, state=ok, price=0.41), Product(id=49461, name=product 49461, condition=new, state=ok, price=0.41), Product(id=6032, name=product 6032, condition=new, state=ok, price=0.43), Product(id=88668, name=product 88668, condition=new, state=ok, price=0.43), Product(id=9010, name=product 9010, condition=new, state=ok, price=0.43), Product(id=15280, name=product 15280, condition=new, state=ok, price=0.44), Product(id=8484, name=product 8484, condition=new, state=ok, price=0.44), Product(id=92319, name=product 92319, condition=new, state=ok, price=0.44), Product(id=42407, name=product 42407, condition=new, state=ok, price=0.45), Product(id=45617, name=product 45617, condition=new, state=ok, price=0.47), Product(id=86708, name=product 86708, condition=new, state=ok, price=0.47), Product(id=210, name=product 210, condition=new, state=ok, price=0.48), Product(id=34603, name=product 34603, condition=new, state=ok, price=0.48), Product(id=44382, name=product 44382, condition=new, state=ok, price=0.48), Product(id=42463, name=product 42463, condition=new, state=ok, price=0.49), Product(id=4070, name=product 4070, condition=new, state=ok, price=0.5), Product(id=50869, name=product 50869, condition=new, state=ok, price=0.5), Product(id=24532, name=product 24532, condition=new, state=ok, price=0.51), Product(id=2924, name=product 2924, condition=new, state=ok, price=0.51), Product(id=41487, name=product 41487, condition=new, state=ok, price=0.51), Product(id=43307, name=product 43307, condition=new, state=ok, price=0.51), Product(id=69957, name=product 69957, condition=new, state=ok, price=0.51), Product(id=47293, name=product 47293, condition=new, state=ok, price=0.52), Product(id=17385, name=product 17385, condition=new, state=ok, price=0.53), Product(id=26659, name=product 26659, condition=new, state=ok, price=0.53), Product(id=33141, name=product 33141, condition=new, state=ok, price=0.53), Product(id=76285, name=product 76285, condition=new, state=ok, price=0.53), Product(id=83765, name=product 83765, condition=new, state=ok, price=0.53), Product(id=90446, name=product 90446, condition=new, state=ok, price=0.53), Product(id=76395, name=product 76395, condition=new, state=ok, price=0.54), Product(id=11830, name=product 11830, condition=new, state=ok, price=0.55), Product(id=21271, name=product 21271, condition=new, state=ok, price=0.55), Product(id=2366, name=product 2366, condition=new, state=ok, price=0.56), Product(id=17001, name=product 17001, condition=new, state=ok, price=0.57), Product(id=94191, name=product 94191, condition=new, state=ok, price=0.57), Product(id=34189, name=product 34189, condition=new, state=ok, price=0.58), Product(id=85105, name=product 85105, condition=new, state=ok, price=0.58), Product(id=26898, name=product 26898, condition=new, state=ok, price=0.59), Product(id=42540, name=product 42540, condition=new, state=ok, price=0.59), Product(id=27135, name=product 27135, condition=new, state=ok, price=0.6), Product(id=7800, name=product 7800, condition=new, state=ok, price=0.6), Product(id=89461, name=product 89461, condition=new, state=ok, price=0.6), Product(id=4515, name=product 4515, condition=new, state=ok, price=0.61), Product(id=94966, name=product 94966, condition=new, state=ok, price=0.61), Product(id=42401, name=product 42401, condition=new, state=ok, price=0.62), Product(id=16244, name=product 16244, condition=new, state=ok, price=0.63), Product(id=1535, name=product 1535, condition=new, state=ok, price=0.64), Product(id=75697, name=product 75697, condition=new, state=ok, price=0.64), Product(id=16112, name=product 16112, condition=new, state=ok, price=0.66), Product(id=28589, name=product 28589, condition=new, state=ok, price=0.66), Product(id=36217, name=product 36217, condition=new, state=ok, price=0.67), Product(id=40706, name=product 40706, condition=new, state=ok, price=0.67), Product(id=70736, name=product 70736, condition=new, state=ok, price=0.67), Product(id=73860, name=product 73860, condition=new, state=ok, price=0.67), Product(id=1491, name=product 1491, condition=new, state=ok, price=0.68), Product(id=33597, name=product 33597, condition=new, state=ok, price=0.68), Product(id=17265, name=product 17265, condition=new, state=ok, price=0.69), Product(id=178, name=product 178, condition=new, state=ok, price=0.69), Product(id=20974, name=product 20974, condition=new, state=ok, price=0.69), Product(id=23576, name=product 23576, condition=new, state=ok, price=0.69), Product(id=15189, name=product 15189, condition=new, state=ok, price=0.7), Product(id=4743, name=product 4743, condition=new, state=ok, price=0.7), Product(id=6368, name=product 6368, condition=new, state=ok, price=0.71), Product(id=7420, name=product 7420, condition=new, state=ok, price=0.71), Product(id=7955, name=product 7955, condition=new, state=ok, price=0.71), Product(id=8124, name=product 8124, condition=new, state=ok, price=0.71), Product(id=1690, name=product 1690, condition=new, state=ok, price=0.72), Product(id=46027, name=product 46027, condition=new, state=ok, price=0.72), Product(id=2867, name=product 2867, condition=new, state=ok, price=0.73), Product(id=86871, name=product 86871, condition=new, state=ok, price=0.73), Product(id=31060, name=product 31060, condition=new, state=ok, price=0.76), Product(id=9575, name=product 9575, condition=new, state=ok, price=0.76), Product(id=31640, name=product 31640, condition=new, state=ok, price=0.77), Product(id=33550, name=product 33550, condition=new, state=ok, price=0.77), Product(id=936, name=product 936, condition=new, state=ok, price=0.77), Product(id=14155, name=product 14155, condition=new, state=ok, price=0.78), Product(id=4061, name=product 4061, condition=new, state=ok, price=0.78), Product(id=30821, name=product 30821, condition=new, state=ok, price=0.79), Product(id=4143, name=product 4143, condition=new, state=ok, price=0.79), Product(id=12348, name=product 12348, condition=new, state=ok, price=0.8), Product(id=1798, name=product 1798, condition=new, state=ok, price=0.8), Product(id=37662, name=product 37662, condition=new, state=ok, price=0.8), Product(id=39323, name=product 39323, condition=new, state=ok, price=0.8), Product(id=14675, name=product 14675, condition=new, state=ok, price=0.81), Product(id=16069, name=product 16069, condition=new, state=ok, price=0.81), Product(id=29223, name=product 29223, condition=new, state=ok, price=0.83), Product(id=33347, name=product 33347, condition=new, state=ok, price=0.83), Product(id=38440, name=product 38440, condition=new, state=ok, price=0.83), Product(id=5852, name=product 5852, condition=new, state=ok, price=0.83), Product(id=41215, name=product 41215, condition=new, state=ok, price=0.84), Product(id=4403, name=product 4403, condition=new, state=ok, price=0.84), Product(id=6913, name=product 6913, condition=new, state=ok, price=0.84), Product(id=29372, name=product 29372, condition=new, state=ok, price=0.85), Product(id=61760, name=product 61760, condition=new, state=ok, price=0.85), Product(id=73127, name=product 73127, condition=new, state=ok, price=0.85), Product(id=948, name=product 948, condition=new, state=ok, price=0.85), Product(id=4878, name=product 4878, condition=new, state=ok, price=0.86), Product(id=93979, name=product 93979, condition=new, state=ok, price=0.86), Product(id=4180, name=product 4180, condition=new, state=ok, price=0.87), Product(id=14026, name=product 14026, condition=new, state=ok, price=0.88), Product(id=12882, name=product 12882, condition=new, state=ok, price=0.89), Product(id=16290, name=product 16290, condition=new, state=ok, price=0.89), Product(id=27964, name=product 27964, condition=new, state=ok, price=0.89), Product(id=84488, name=product 84488, condition=new, state=ok, price=0.89), Product(id=9154, name=product 9154, condition=new, state=ok, price=0.89), Product(id=4611, name=product 4611, condition=new, state=ok, price=0.91), Product(id=9869, name=product 9869, condition=new, state=ok, price=0.91), Product(id=10744, name=product 10744, condition=new, state=ok, price=0.92), Product(id=30373, name=product 30373, condition=new, state=ok, price=0.92), Product(id=84398, name=product 84398, condition=new, state=ok, price=0.94), Product(id=87896, name=product 87896, condition=new, state=ok, price=0.95), Product(id=98175, name=product 98175, condition=new, state=ok, price=0.95), Product(id=5916, name=product 5916, condition=new, state=ok, price=0.97), Product(id=1062, name=product 1062, condition=new, state=ok, price=0.98), Product(id=21832, name=product 21832, condition=new, state=ok, price=0.98), Product(id=23439, name=product 23439, condition=new, state=ok, price=0.99), Product(id=33840, name=product 33840, condition=new, state=ok, price=0.99), Product(id=7100, name=product 7100, condition=new, state=ok, price=0.99), Product(id=32447, name=product 32447, condition=new, state=ok, price=1.0), Product(id=3928, name=product 3928, condition=new, state=ok, price=1.0), Product(id=12476, name=product 12476, condition=new, state=ok, price=1.01), Product(id=27460, name=product 27460, condition=new, state=ok, price=1.01), Product(id=5523, name=product 5523, condition=new, state=ok, price=1.01), Product(id=26451, name=product 26451, condition=new, state=ok, price=1.02), Product(id=30077, name=product 30077, condition=new, state=ok, price=1.02), Product(id=37384, name=product 37384, condition=new, state=ok, price=1.02), Product(id=27607, name=product 27607, condition=new, state=ok, price=1.03), Product(id=5175, name=product 5175, condition=new, state=ok, price=1.03), Product(id=6362, name=product 6362, condition=new, state=ok, price=1.03), Product(id=75891, name=product 75891, condition=new, state=ok, price=1.03), Product(id=1344, name=product 1344, condition=new, state=ok, price=1.04), Product(id=6910, name=product 6910, condition=new, state=ok, price=1.04), Product(id=14552, name=product 14552, condition=new, state=ok, price=1.05), Product(id=13280, name=product 13280, condition=new, state=ok, price=1.06), Product(id=28961, name=product 28961, condition=new, state=ok, price=1.06), Product(id=57118, name=product 57118, condition=new, state=ok, price=1.06), Product(id=68724, name=product 68724, condition=new, state=ok, price=1.06), Product(id=86146, name=product 86146, condition=new, state=ok, price=1.06), Product(id=97674, name=product 97674, condition=new, state=ok, price=1.06), Product(id=98893, name=product 98893, condition=new, state=ok, price=1.06), Product(id=13659, name=product 13659, condition=new, state=ok, price=1.07), Product(id=21522, name=product 21522, condition=new, state=ok, price=1.07), Product(id=39657, name=product 39657, condition=new, state=ok, price=1.07), Product(id=49607, name=product 49607, condition=new, state=ok, price=1.07), Product(id=6663, name=product 6663, condition=new, state=ok, price=1.07), Product(id=47056, name=product 47056, condition=new, state=ok, price=1.08), Product(id=3512, name=product 3512, condition=new, state=ok, price=1.09), Product(id=90535, name=product 90535, condition=new, state=ok, price=1.09), Product(id=15477, name=product 15477, condition=new, state=ok, price=1.1), Product(id=31874, name=product 31874, condition=new, state=ok, price=1.1), Product(id=10251, name=product 10251, condition=new, state=ok, price=1.11), Product(id=11415, name=product 11415, condition=new, state=ok, price=1.12), Product(id=11629, name=product 11629, condition=new, state=ok, price=1.12), Product(id=23537, name=product 23537, condition=new, state=ok, price=1.12), Product(id=30994, name=product 30994, condition=new, state=ok, price=1.12), Product(id=5869, name=product 5869, condition=new, state=ok, price=1.12), Product(id=64392, name=product 64392, condition=new, state=ok, price=1.12), Product(id=84181, name=product 84181, condition=new, state=ok, price=1.12), Product(id=20291, name=product 20291, condition=new, state=ok, price=1.13), Product(id=4877, name=product 4877, condition=new, state=ok, price=1.13), Product(id=29246, name=product 29246, condition=new, state=ok, price=1.15), Product(id=38, name=product 38, condition=new, state=ok, price=1.15), Product(id=45002, name=product 45002, condition=new, state=ok, price=1.15), Product(id=36654, name=product 36654, condition=new, state=ok, price=1.17), Product(id=50162, name=product 50162, condition=new, state=ok, price=1.17), Product(id=53854, name=product 53854, condition=new, state=ok, price=1.17), Product(id=53880, name=product 53880, condition=new, state=ok, price=1.17), Product(id=10230, name=product 10230, condition=new, state=ok, price=1.19), Product(id=27403, name=product 27403, condition=new, state=ok, price=1.19), Product(id=50931, name=product 50931, condition=new, state=ok, price=1.19), Product(id=6020, name=product 6020, condition=new, state=ok, price=1.19), Product(id=82149, name=product 82149, condition=new, state=ok, price=1.19), Product(id=94181, name=product 94181, condition=new, state=ok, price=1.19), Product(id=3065, name=product 3065, condition=new, state=ok, price=1.2), Product(id=3150, name=product 3150, condition=new, state=ok, price=1.2), Product(id=3257, name=product 3257, condition=new, state=ok, price=1.21), Product(id=5626, name=product 5626, condition=new, state=ok, price=1.21), Product(id=75874, name=product 75874, condition=new, state=ok, price=1.21), Product(id=98055, name=product 98055, condition=new, state=ok, price=1.22), Product(id=43214, name=product 43214, condition=new, state=ok, price=1.25), Product(id=89045, name=product 89045, condition=new, state=ok, price=1.25), Product(id=21676, name=product 21676, condition=new, state=ok, price=1.26), Product(id=1264, name=product 1264, condition=new, state=ok, price=1.27), Product(id=23304, name=product 23304, condition=new, state=ok, price=1.27), Product(id=23919, name=product 23919, condition=new, state=ok, price=1.27), Product(id=39282, name=product 39282, condition=new, state=ok, price=1.27), Product(id=45362, name=product 45362, condition=new, state=ok, price=1.27), Product(id=91556, name=product 91556, condition=new, state=ok, price=1.27), Product(id=3936, name=product 3936, condition=new, state=ok, price=1.28), Product(id=84887, name=product 84887, condition=new, state=ok, price=1.28), Product(id=66472, name=product 66472, condition=new, state=ok, price=1.29), Product(id=15971, name=product 15971, condition=new, state=ok, price=1.3), Product(id=48056, name=product 48056, condition=new, state=ok, price=1.3), Product(id=15878, name=product 15878, condition=new, state=ok, price=1.31), Product(id=31326, name=product 31326, condition=new, state=ok, price=1.31), Product(id=41754, name=product 41754, condition=new, state=ok, price=1.32), Product(id=75869, name=product 75869, condition=new, state=ok, price=1.32), Product(id=1017, name=product 1017, condition=new, state=ok, price=1.33), Product(id=11682, name=product 11682, condition=new, state=ok, price=1.33), Product(id=24639, name=product 24639, condition=new, state=ok, price=1.33), Product(id=4736, name=product 4736, condition=new, state=ok, price=1.33), Product(id=53720, name=product 53720, condition=new, state=ok, price=1.33), Product(id=85957, name=product 85957, condition=new, state=ok, price=1.34), Product(id=63505, name=product 63505, condition=new, state=ok, price=1.35), Product(id=75129, name=product 75129, condition=new, state=ok, price=1.35), Product(id=11046, name=product 11046, condition=new, state=ok, price=1.36), Product(id=18569, name=product 18569, condition=new, state=ok, price=1.36), Product(id=38298, name=product 38298, condition=new, state=ok, price=1.36), Product(id=29398, name=product 29398, condition=new, state=ok, price=1.37), Product(id=35508, name=product 35508, condition=new, state=ok, price=1.39), Product(id=46591, name=product 46591, condition=new, state=ok, price=1.39), Product(id=11996, name=product 11996, condition=new, state=ok, price=1.4), Product(id=45854, name=product 45854, condition=new, state=ok, price=1.4), Product(id=14659, name=product 14659, condition=new, state=ok, price=1.41), Product(id=164, name=product 164, condition=new, state=ok, price=1.41), Product(id=50293, name=product 50293, condition=new, state=ok, price=1.41), Product(id=65781, name=product 65781, condition=new, state=ok, price=1.42), Product(id=5734, name=product 5734, condition=new, state=ok, price=1.43), Product(id=64237, name=product 64237, condition=new, state=ok, price=1.43), Product(id=74125, name=product 74125, condition=new, state=ok, price=1.43), Product(id=2315, name=product 2315, condition=new, state=ok, price=1.44), Product(id=33089, name=product 33089, condition=new, state=ok, price=1.44), Product(id=6934, name=product 6934, condition=new, state=ok, price=1.44), Product(id=96328, name=product 96328, condition=new, state=ok, price=1.44), Product(id=10934, name=product 10934, condition=new, state=ok, price=1.45), Product(id=1434, name=product 1434, condition=new, state=ok, price=1.45), Product(id=31611, name=product 31611, condition=new, state=ok, price=1.45), Product(id=4835, name=product 4835, condition=new, state=ok, price=1.45), Product(id=53060, name=product 53060, condition=new, state=ok, price=1.45), Product(id=2958, name=product 2958, condition=new, state=ok, price=1.46), Product(id=8111, name=product 8111, condition=new, state=ok, price=1.46), Product(id=3487, name=product 3487, condition=new, state=ok, price=1.47), Product(id=68795, name=product 68795, condition=new, state=ok, price=1.48), Product(id=23103, name=product 23103, condition=new, state=ok, price=1.49), Product(id=36743, name=product 36743, condition=new, state=ok, price=1.49), Product(id=88095, name=product 88095, condition=new, state=ok, price=1.49), Product(id=10577, name=product 10577, condition=new, state=ok, price=1.51), Product(id=12434, name=product 12434, condition=new, state=ok, price=1.51), Product(id=12522, name=product 12522, condition=new, state=ok, price=1.51), Product(id=73022, name=product 73022, condition=new, state=ok, price=1.51), Product(id=22185, name=product 22185, condition=new, state=ok, price=1.52), Product(id=67082, name=product 67082, condition=new, state=ok, price=1.52), Product(id=4273, name=product 4273, condition=new, state=ok, price=1.53), Product(id=69447, name=product 69447, condition=new, state=ok, price=1.53), Product(id=79864, name=product 79864, condition=new, state=ok, price=1.54), Product(id=86717, name=product 86717, condition=new, state=ok, price=1.54), Product(id=1313, name=product 1313, condition=new, state=ok, price=1.55), Product(id=38342, name=product 38342, condition=new, state=ok, price=1.55), Product(id=6014, name=product 6014, condition=new, state=ok, price=1.55), Product(id=20909, name=product 20909, condition=new, state=ok, price=1.57), Product(id=28544, name=product 28544, condition=new, state=ok, price=1.57), Product(id=36752, name=product 36752, condition=new, state=ok, price=1.57), Product(id=46909, name=product 46909, condition=new, state=ok, price=1.57), Product(id=4812, name=product 4812, condition=new, state=ok, price=1.58), Product(id=9167, name=product 9167, condition=new, state=ok, price=1.59), Product(id=263, name=product 263, condition=new, state=ok, price=1.6), Product(id=4139, name=product 4139, condition=new, state=ok, price=1.6), Product(id=26375, name=product 26375, condition=new, state=ok, price=1.61), Product(id=37729, name=product 37729, condition=new, state=ok, price=1.63), Product(id=64335, name=product 64335, condition=new, state=ok, price=1.63), Product(id=14365, name=product 14365, condition=new, state=ok, price=1.65), Product(id=34872, name=product 34872, condition=new, state=ok, price=1.65), Product(id=53752, name=product 53752, condition=new, state=ok, price=1.65), Product(id=11360, name=product 11360, condition=new, state=ok, price=1.66), Product(id=22493, name=product 22493, condition=new, state=ok, price=1.66), Product(id=25938, name=product 25938, condition=new, state=ok, price=1.66), Product(id=1160, name=product 1160, condition=new, state=ok, price=1.67), Product(id=16341, name=product 16341, condition=new, state=ok, price=1.67), Product(id=34445, name=product 34445, condition=new, state=ok, price=1.67), Product(id=46638, name=product 46638, condition=new, state=ok, price=1.67), Product(id=97896, name=product 97896, condition=new, state=ok, price=1.67), Product(id=26115, name=product 26115, condition=new, state=ok, price=1.68), Product(id=45178, name=product 45178, condition=new, state=ok, price=1.68), Product(id=69765, name=product 69765, condition=new, state=ok, price=1.68), Product(id=18591, name=product 18591, condition=new, state=ok, price=1.69), Product(id=31852, name=product 31852, condition=new, state=ok, price=1.69), Product(id=47320, name=product 47320, condition=new, state=ok, price=1.69), Product(id=68582, name=product 68582, condition=new, state=ok, price=1.69), Product(id=84384, name=product 84384, condition=new, state=ok, price=1.69), Product(id=12232, name=product 12232, condition=new, state=ok, price=1.7), Product(id=2537, name=product 2537, condition=new, state=ok, price=1.7), Product(id=6103, name=product 6103, condition=new, state=ok, price=1.71), Product(id=36797, name=product 36797, condition=new, state=ok, price=1.72), Product(id=6726, name=product 6726, condition=new, state=ok, price=1.72), Product(id=17319, name=product 17319, condition=new, state=ok, price=1.73), Product(id=21, name=product 21, condition=new, state=ok, price=1.73), Product(id=44416, name=product 44416, condition=new, state=ok, price=1.73), Product(id=6337, name=product 6337, condition=new, state=ok, price=1.73), Product(id=14408, name=product 14408, condition=new, state=ok, price=1.74), Product(id=21543, name=product 21543, condition=new, state=ok, price=1.74), Product(id=80683, name=product 80683, condition=new, state=ok, price=1.74), Product(id=3247, name=product 3247, condition=new, state=ok, price=1.75), Product(id=37468, name=product 37468, condition=new, state=ok, price=1.75), Product(id=93081, name=product 93081, condition=new, state=ok, price=1.75), Product(id=36189, name=product 36189, condition=new, state=ok, price=1.76), Product(id=49510, name=product 49510, condition=new, state=ok, price=1.76), Product(id=18586, name=product 18586, condition=new, state=ok, price=1.78), Product(id=7451, name=product 7451, condition=new, state=ok, price=1.79), Product(id=35338, name=product 35338, condition=new, state=ok, price=1.81), Product(id=3868, name=product 3868, condition=new, state=ok, price=1.81), Product(id=71879, name=product 71879, condition=new, state=ok, price=1.81), Product(id=3713, name=product 3713, condition=new, state=ok, price=1.82), Product(id=9955, name=product 9955, condition=new, state=ok, price=1.82), Product(id=19483, name=product 19483, condition=new, state=ok, price=1.84), Product(id=38168, name=product 38168, condition=new, state=ok, price=1.84), Product(id=5736, name=product 5736, condition=new, state=ok, price=1.84), Product(id=61954, name=product 61954, condition=new, state=ok, price=1.84), Product(id=12566, name=product 12566, condition=new, state=ok, price=1.86), Product(id=73727, name=product 73727, condition=new, state=ok, price=1.86), Product(id=37927, name=product 37927, condition=new, state=ok, price=1.87), Product(id=93734, name=product 93734, condition=new, state=ok, price=1.87), Product(id=33960, name=product 33960, condition=new, state=ok, price=1.88), Product(id=19656, name=product 19656, condition=new, state=ok, price=1.89), Product(id=20683, name=product 20683, condition=new, state=ok, price=1.89), Product(id=5874, name=product 5874, condition=new, state=ok, price=1.89), Product(id=20984, name=product 20984, condition=new, state=ok, price=1.9), Product(id=30836, name=product 30836, condition=new, state=ok, price=1.9), Product(id=123, name=product 123, condition=new, state=ok, price=1.91), Product(id=13707, name=product 13707, condition=new, state=ok, price=1.91), Product(id=42464, name=product 42464, condition=new, state=ok, price=1.91), Product(id=6036, name=product 6036, condition=new, state=ok, price=1.91), Product(id=20659, name=product 20659, condition=new, state=ok, price=1.92), Product(id=2408, name=product 2408, condition=new, state=ok, price=1.92), Product(id=28065, name=product 28065, condition=new, state=ok, price=1.92), Product(id=10868, name=product 10868, condition=new, state=ok, price=1.94), Product(id=54132, name=product 54132, condition=new, state=ok, price=1.94), Product(id=78041, name=product 78041, condition=new, state=ok, price=1.94), Product(id=4222, name=product 4222, condition=new, state=ok, price=1.95), Product(id=52295, name=product 52295, condition=new, state=ok, price=1.96), Product(id=22396, name=product 22396, condition=new, state=ok, price=1.97), Product(id=49907, name=product 49907, condition=new, state=ok, price=1.97), Product(id=24106, name=product 24106, condition=new, state=ok, price=1.98), Product(id=27833, name=product 27833, condition=new, state=ok, price=1.98), Product(id=4218, name=product 4218, condition=new, state=ok, price=1.98), Product(id=4262, name=product 4262, condition=new, state=ok, price=1.99), Product(id=4402, name=product 4402, condition=new, state=ok, price=1.99), Product(id=86, name=product 86, condition=new, state=ok, price=1.99), Product(id=32984, name=product 32984, condition=new, state=ok, price=2.0), Product(id=44782, name=product 44782, condition=new, state=ok, price=2.0), Product(id=57174, name=product 57174, condition=new, state=ok, price=2.0), Product(id=18210, name=product 18210, condition=new, state=ok, price=2.01), Product(id=37896, name=product 37896, condition=new, state=ok, price=2.01), Product(id=76581, name=product 76581, condition=new, state=ok, price=2.01), Product(id=5793, name=product 5793, condition=new, state=ok, price=2.02), Product(id=4570, name=product 4570, condition=new, state=ok, price=2.03), Product(id=10563, name=product 10563, condition=new, state=ok, price=2.04), Product(id=13721, name=product 13721, condition=new, state=ok, price=2.04), Product(id=20365, name=product 20365, condition=new, state=ok, price=2.04), Product(id=23133, name=product 23133, condition=new, state=ok, price=2.05), Product(id=29447, name=product 29447, condition=new, state=ok, price=2.05), Product(id=8339, name=product 8339, condition=new, state=ok, price=2.05), Product(id=18834, name=product 18834, condition=new, state=ok, price=2.06), Product(id=43126, name=product 43126, condition=new, state=ok, price=2.07), Product(id=44109, name=product 44109, condition=new, state=ok, price=2.07), Product(id=86862, name=product 86862, condition=new, state=ok, price=2.07), Product(id=7446, name=product 7446, condition=new, state=ok, price=2.08), Product(id=37100, name=product 37100, condition=new, state=ok, price=2.09), Product(id=4160, name=product 4160, condition=new, state=ok, price=2.09), Product(id=59985, name=product 59985, condition=new, state=ok, price=2.09), Product(id=6033, name=product 6033, condition=new, state=ok, price=2.09), Product(id=60405, name=product 60405, condition=new, state=ok, price=2.11), Product(id=90808, name=product 90808, condition=new, state=ok, price=2.11), Product(id=61781, name=product 61781, condition=new, state=ok, price=2.16), Product(id=11551, name=product 11551, condition=new, state=ok, price=2.17), Product(id=80034, name=product 80034, condition=new, state=ok, price=2.18), Product(id=29458, name=product 29458, condition=new, state=ok, price=2.19), Product(id=29677, name=product 29677, condition=new, state=ok, price=2.19), Product(id=2025, name=product 2025, condition=new, state=ok, price=2.2), Product(id=53271, name=product 53271, condition=new, state=ok, price=2.2), Product(id=93147, name=product 93147, condition=new, state=ok, price=2.2), Product(id=24933, name=product 24933, condition=new, state=ok, price=2.21), Product(id=72827, name=product 72827, condition=new, state=ok, price=2.23), Product(id=72897, name=product 72897, condition=new, state=ok, price=2.23), Product(id=2326, name=product 2326, condition=new, state=ok, price=2.24), Product(id=187, name=product 187, condition=new, state=ok, price=2.25), Product(id=4104, name=product 4104, condition=new, state=ok, price=2.25), Product(id=55745, name=product 55745, condition=new, state=ok, price=2.25), Product(id=3520, name=product 3520, condition=new, state=ok, price=2.26), Product(id=5214, name=product 5214, condition=new, state=ok, price=2.27), Product(id=96871, name=product 96871, condition=new, state=ok, price=2.27), Product(id=6219, name=product 6219, condition=new, state=ok, price=2.29), Product(id=11813, name=product 11813, condition=new, state=ok, price=2.31), Product(id=16656, name=product 16656, condition=new, state=ok, price=2.31), Product(id=28735, name=product 28735, condition=new, state=ok, price=2.31), Product(id=49690, name=product 49690, condition=new, state=ok, price=2.31), Product(id=58877, name=product 58877, condition=new, state=ok, price=2.31), Product(id=12626, name=product 12626, condition=new, state=ok, price=2.32), Product(id=418, name=product 418, condition=new, state=ok, price=2.32), Product(id=60092, name=product 60092, condition=new, state=ok, price=2.32), Product(id=18107, name=product 18107, condition=new, state=ok, price=2.33), Product(id=31236, name=product 31236, condition=new, state=ok, price=2.33), Product(id=36866, name=product 36866, condition=new, state=ok, price=2.33), Product(id=1746, name=product 1746, condition=new, state=ok, price=2.35), Product(id=35025, name=product 35025, condition=new, state=ok, price=2.35), Product(id=45917, name=product 45917, condition=new, state=ok, price=2.35), Product(id=88952, name=product 88952, condition=new, state=ok, price=2.35), Product(id=9489, name=product 9489, condition=new, state=ok, price=2.35), Product(id=17407, name=product 17407, condition=new, state=ok, price=2.36), Product(id=3214, name=product 3214, condition=new, state=ok, price=2.36), Product(id=49521, name=product 49521, condition=new, state=ok, price=2.36), Product(id=61279, name=product 61279, condition=new, state=ok, price=2.37), Product(id=81031, name=product 81031, condition=new, state=ok, price=2.37), Product(id=12963, name=product 12963, condition=new, state=ok, price=2.38), Product(id=47687, name=product 47687, condition=new, state=ok, price=2.39), Product(id=52240, name=product 52240, condition=new, state=ok, price=2.39), Product(id=7065, name=product 7065, condition=new, state=ok, price=2.39), Product(id=1758, name=product 1758, condition=new, state=ok, price=2.4), Product(id=1797, name=product 1797, condition=new, state=ok, price=2.4), Product(id=3436, name=product 3436, condition=new, state=ok, price=2.4), Product(id=47956, name=product 47956, condition=new, state=ok, price=2.4), Product(id=68699, name=product 68699, condition=new, state=ok, price=2.4), Product(id=31593, name=product 31593, condition=new, state=ok, price=2.41), Product(id=34177, name=product 34177, condition=new, state=ok, price=2.41), Product(id=8323, name=product 8323, condition=new, state=ok, price=2.41), Product(id=213, name=product 213, condition=new, state=ok, price=2.42), Product(id=39933, name=product 39933, condition=new, state=ok, price=2.43), Product(id=331, name=product 331, condition=new, state=ok, price=2.44), Product(id=58864, name=product 58864, condition=new, state=ok, price=2.44), Product(id=14643, name=product 14643, condition=new, state=ok, price=2.45), Product(id=54064, name=product 54064, condition=new, state=ok, price=2.45), Product(id=24418, name=product 24418, condition=new, state=ok, price=2.46), Product(id=736, name=product 736, condition=new, state=ok, price=2.46), Product(id=77826, name=product 77826, condition=new, state=ok, price=2.46), Product(id=79010, name=product 79010, condition=new, state=ok, price=2.46), Product(id=8257, name=product 8257, condition=new, state=ok, price=2.46), Product(id=99369, name=product 99369, condition=new, state=ok, price=2.46), Product(id=34321, name=product 34321, condition=new, state=ok, price=2.47), Product(id=2103, name=product 2103, condition=new, state=ok, price=2.48), Product(id=14689, name=product 14689, condition=new, state=ok, price=2.49), Product(id=22082, name=product 22082, condition=new, state=ok, price=2.49), Product(id=10260, name=product 10260, condition=new, state=ok, price=2.5), Product(id=16315, name=product 16315, condition=new, state=ok, price=2.51), Product(id=28659, name=product 28659, condition=new, state=ok, price=2.51), Product(id=72216, name=product 72216, condition=new, state=ok, price=2.52), Product(id=64776, name=product 64776, condition=new, state=ok, price=2.53), Product(id=8335, name=product 8335, condition=new, state=ok, price=2.53), Product(id=37715, name=product 37715, condition=new, state=ok, price=2.54), Product(id=43402, name=product 43402, condition=new, state=ok, price=2.54), Product(id=2341, name=product 2341, condition=new, state=ok, price=2.55), Product(id=35210, name=product 35210, condition=new, state=ok, price=2.55), Product(id=2519, name=product 2519, condition=new, state=ok, price=2.56), Product(id=21845, name=product 21845, condition=new, state=ok, price=2.57), Product(id=7288, name=product 7288, condition=new, state=ok, price=2.58), Product(id=1970, name=product 1970, condition=new, state=ok, price=2.59), Product(id=39294, name=product 39294, condition=new, state=ok, price=2.6), Product(id=64843, name=product 64843, condition=new, state=ok, price=2.6), Product(id=11401, name=product 11401, condition=new, state=ok, price=2.61), Product(id=23217, name=product 23217, condition=new, state=ok, price=2.61), Product(id=37187, name=product 37187, condition=new, state=ok, price=2.61), Product(id=9639, name=product 9639, condition=new, state=ok, price=2.61), Product(id=10827, name=product 10827, condition=new, state=ok, price=2.62), Product(id=17898, name=product 17898, condition=new, state=ok, price=2.62), Product(id=4957, name=product 4957, condition=new, state=ok, price=2.63), Product(id=29386, name=product 29386, condition=new, state=ok, price=2.64), Product(id=8828, name=product 8828, condition=new, state=ok, price=2.65), Product(id=4310, name=product 4310, condition=new, state=ok, price=2.66), Product(id=9104, name=product 9104, condition=new, state=ok, price=2.66), Product(id=47025, name=product 47025, condition=new, state=ok, price=2.67), Product(id=76934, name=product 76934, condition=new, state=ok, price=2.67), Product(id=9872, name=product 9872, condition=new, state=ok, price=2.67), Product(id=46588, name=product 46588, condition=new, state=ok, price=2.68), Product(id=1145, name=product 1145, condition=new, state=ok, price=2.69), Product(id=68560, name=product 68560, condition=new, state=ok, price=2.69), Product(id=358, name=product 358, condition=new, state=ok, price=2.7), Product(id=12178, name=product 12178, condition=new, state=ok, price=2.71), Product(id=4268, name=product 4268, condition=new, state=ok, price=2.71), Product(id=45577, name=product 45577, condition=new, state=ok, price=2.71), Product(id=3484, name=product 3484, condition=new, state=ok, price=2.73), Product(id=64752, name=product 64752, condition=new, state=ok, price=2.73), Product(id=91382, name=product 91382, condition=new, state=ok, price=2.73), Product(id=1042, name=product 1042, condition=new, state=ok, price=2.74), Product(id=45915, name=product 45915, condition=new, state=ok, price=2.74), Product(id=15488, name=product 15488, condition=new, state=ok, price=2.75), Product(id=29824, name=product 29824, condition=new, state=ok, price=2.75), Product(id=30507, name=product 30507, condition=new, state=ok, price=2.75), Product(id=76717, name=product 76717, condition=new, state=ok, price=2.75), Product(id=13781, name=product 13781, condition=new, state=ok, price=2.76), Product(id=60508, name=product 60508, condition=new, state=ok, price=2.76), Product(id=75911, name=product 75911, condition=new, state=ok, price=2.76), Product(id=8361, name=product 8361, condition=new, state=ok, price=2.76), Product(id=1722, name=product 1722, condition=new, state=ok, price=2.77), Product(id=36074, name=product 36074, condition=new, state=ok, price=2.77), Product(id=4824, name=product 4824, condition=new, state=ok, price=2.77), Product(id=61981, name=product 61981, condition=new, state=ok, price=2.77), Product(id=72514, name=product 72514, condition=new, state=ok, price=2.77), Product(id=7521, name=product 7521, condition=new, state=ok, price=2.77), Product(id=61366, name=product 61366, condition=new, state=ok, price=2.79), Product(id=21952, name=product 21952, condition=new, state=ok, price=2.81), Product(id=89046, name=product 89046, condition=new, state=ok, price=2.82), Product(id=9361, name=product 9361, condition=new, state=ok, price=2.82), Product(id=1171, name=product 1171, condition=new, state=ok, price=2.83), Product(id=43016, name=product 43016, condition=new, state=ok, price=2.83), Product(id=45737, name=product 45737, condition=new, state=ok, price=2.83), Product(id=74082, name=product 74082, condition=new, state=ok, price=2.83), Product(id=26722, name=product 26722, condition=new, state=ok, price=2.84), Product(id=38956, name=product 38956, condition=new, state=ok, price=2.86), Product(id=47211, name=product 47211, condition=new, state=ok, price=2.86), Product(id=87687, name=product 87687, condition=new, state=ok, price=2.86), Product(id=18140, name=product 18140, condition=new, state=ok, price=2.88), Product(id=11844, name=product 11844, condition=new, state=ok, price=2.89), Product(id=88091, name=product 88091, condition=new, state=ok, price=2.89), Product(id=3208, name=product 3208, condition=new, state=ok, price=2.9), Product(id=37313, name=product 37313, condition=new, state=ok, price=2.9), Product(id=44371, name=product 44371, condition=new, state=ok, price=2.9), Product(id=17582, name=product 17582, condition=new, state=ok, price=2.91), Product(id=33541, name=product 33541, condition=new, state=ok, price=2.91), Product(id=440, name=product 440, condition=new, state=ok, price=2.91), Product(id=80310, name=product 80310, condition=new, state=ok, price=2.92), Product(id=9021, name=product 9021, condition=new, state=ok, price=2.92), Product(id=10274, name=product 10274, condition=new, state=ok, price=2.94), Product(id=26704, name=product 26704, condition=new, state=ok, price=2.94), Product(id=42648, name=product 42648, condition=new, state=ok, price=2.94), Product(id=14828, name=product 14828, condition=new, state=ok, price=2.95), Product(id=56435, name=product 56435, condition=new, state=ok, price=2.95), Product(id=27019, name=product 27019, condition=new, state=ok, price=2.96), Product(id=46238, name=product 46238, condition=new, state=ok, price=2.96), Product(id=64663, name=product 64663, condition=new, state=ok, price=2.96), Product(id=12140, name=product 12140, condition=new, state=ok, price=2.97), Product(id=18347, name=product 18347, condition=new, state=ok, price=2.97), Product(id=29653, name=product 29653, condition=new, state=ok, price=2.97), Product(id=982, name=product 982, condition=new, state=ok, price=2.97), Product(id=3232, name=product 3232, condition=new, state=ok, price=2.98), Product(id=54742, name=product 54742, condition=new, state=ok, price=2.98), Product(id=17111, name=product 17111, condition=new, state=ok, price=2.99), Product(id=2313, name=product 2313, condition=new, state=ok, price=2.99), Product(id=9527, name=product 9527, condition=new, state=ok, price=2.99), Product(id=96244, name=product 96244, condition=new, state=ok, price=2.99), Product(id=3003, name=product 3003, condition=new, state=ok, price=3.0), Product(id=1256, name=product 1256, condition=new, state=ok, price=3.01), Product(id=3167, name=product 3167, condition=new, state=ok, price=3.01), Product(id=74986, name=product 74986, condition=new, state=ok, price=3.01), Product(id=36799, name=product 36799, condition=new, state=ok, price=3.02), Product(id=15, name=product 15, condition=new, state=ok, price=3.03), Product(id=44953, name=product 44953, condition=new, state=ok, price=3.03), Product(id=13765, name=product 13765, condition=new, state=ok, price=3.05), Product(id=21677, name=product 21677, condition=new, state=ok, price=3.05), Product(id=25137, name=product 25137, condition=new, state=ok, price=3.05), Product(id=28218, name=product 28218, condition=new, state=ok, price=3.05), Product(id=88810, name=product 88810, condition=new, state=ok, price=3.05), Product(id=1986, name=product 1986, condition=new, state=ok, price=3.07), Product(id=47984, name=product 47984, condition=new, state=ok, price=3.07), Product(id=5199, name=product 5199, condition=new, state=ok, price=3.07), Product(id=66609, name=product 66609, condition=new, state=ok, price=3.07), Product(id=40963, name=product 40963, condition=new, state=ok, price=3.08), Product(id=52512, name=product 52512, condition=new, state=ok, price=3.08), Product(id=1118, name=product 1118, condition=new, state=ok, price=3.09), Product(id=22307, name=product 22307, condition=new, state=ok, price=3.09), Product(id=9626, name=product 9626, condition=new, state=ok, price=3.09), Product(id=10877, name=product 10877, condition=new, state=ok, price=3.1), Product(id=41109, name=product 41109, condition=new, state=ok, price=3.1), Product(id=95110, name=product 95110, condition=new, state=ok, price=3.1), Product(id=22220, name=product 22220, condition=new, state=ok, price=3.11), Product(id=31250, name=product 31250, condition=new, state=ok, price=3.11), Product(id=50761, name=product 50761, condition=new, state=ok, price=3.11), Product(id=13972, name=product 13972, condition=new, state=ok, price=3.12), Product(id=41067, name=product 41067, condition=new, state=ok, price=3.12), Product(id=744, name=product 744, condition=new, state=ok, price=3.12), Product(id=26197, name=product 26197, condition=new, state=ok, price=3.13), Product(id=36936, name=product 36936, condition=new, state=ok, price=3.14), Product(id=6708, name=product 6708, condition=new, state=ok, price=3.14), Product(id=94337, name=product 94337, condition=new, state=ok, price=3.14), Product(id=12142, name=product 12142, condition=new, state=ok, price=3.15), Product(id=14260, name=product 14260, condition=new, state=ok, price=3.15), Product(id=81675, name=product 81675, condition=new, state=ok, price=3.15), Product(id=24159, name=product 24159, condition=new, state=ok, price=3.16), Product(id=24479, name=product 24479, condition=new, state=ok, price=3.16), Product(id=33664, name=product 33664, condition=new, state=ok, price=3.16), Product(id=21559, name=product 21559, condition=new, state=ok, price=3.17), Product(id=54119, name=product 54119, condition=new, state=ok, price=3.17), Product(id=19744, name=product 19744, condition=new, state=ok, price=3.18), Product(id=2265, name=product 2265, condition=new, state=ok, price=3.18), Product(id=3375, name=product 3375, condition=new, state=ok, price=3.18), Product(id=36343, name=product 36343, condition=new, state=ok, price=3.18), Product(id=20796, name=product 20796, condition=new, state=ok, price=3.19), Product(id=31652, name=product 31652, condition=new, state=ok, price=3.19), Product(id=5024, name=product 5024, condition=new, state=ok, price=3.19), Product(id=19974, name=product 19974, condition=new, state=ok, price=3.2), Product(id=22386, name=product 22386, condition=new, state=ok, price=3.2), Product(id=46507, name=product 46507, condition=new, state=ok, price=3.2), Product(id=91305, name=product 91305, condition=new, state=ok, price=3.22), Product(id=10893, name=product 10893, condition=new, state=ok, price=3.23), Product(id=57943, name=product 57943, condition=new, state=ok, price=3.24), Product(id=28815, name=product 28815, condition=new, state=ok, price=3.25), Product(id=17812, name=product 17812, condition=new, state=ok, price=3.27), Product(id=25293, name=product 25293, condition=new, state=ok, price=3.28), Product(id=29932, name=product 29932, condition=new, state=ok, price=3.29), Product(id=256, name=product 256, condition=new, state=ok, price=3.3), Product(id=262, name=product 262, condition=new, state=ok, price=3.3), Product(id=7614, name=product 7614, condition=new, state=ok, price=3.3), Product(id=22, name=product 22, condition=new, state=ok, price=3.31), Product(id=4170, name=product 4170, condition=new, state=ok, price=3.31), Product(id=38691, name=product 38691, condition=new, state=ok, price=3.32), Product(id=8477, name=product 8477, condition=new, state=ok, price=3.32), Product(id=16175, name=product 16175, condition=new, state=ok, price=3.33), Product(id=2998, name=product 2998, condition=new, state=ok, price=3.33), Product(id=19138, name=product 19138, condition=new, state=ok, price=3.34), Product(id=22644, name=product 22644, condition=new, state=ok, price=3.34), Product(id=44486, name=product 44486, condition=new, state=ok, price=3.34), Product(id=10691, name=product 10691, condition=new, state=ok, price=3.35), Product(id=444, name=product 444, condition=new, state=ok, price=3.35), Product(id=5413, name=product 5413, condition=new, state=ok, price=3.35), Product(id=6411, name=product 6411, condition=new, state=ok, price=3.35), Product(id=20859, name=product 20859, condition=new, state=ok, price=3.37), Product(id=71244, name=product 71244, condition=new, state=ok, price=3.37), Product(id=20396, name=product 20396, condition=new, state=ok, price=3.38), Product(id=22296, name=product 22296, condition=new, state=ok, price=3.39), Product(id=43068, name=product 43068, condition=new, state=ok, price=3.4), Product(id=55388, name=product 55388, condition=new, state=ok, price=3.4), Product(id=94849, name=product 94849, condition=new, state=ok, price=3.4), Product(id=14037, name=product 14037, condition=new, state=ok, price=3.41), Product(id=44104, name=product 44104, condition=new, state=ok, price=3.41), Product(id=57257, name=product 57257, condition=new, state=ok, price=3.41), Product(id=28377, name=product 28377, condition=new, state=ok, price=3.42), Product(id=30231, name=product 30231, condition=new, state=ok, price=3.42), Product(id=27843, name=product 27843, condition=new, state=ok, price=3.43), Product(id=30017, name=product 30017, condition=new, state=ok, price=3.44), Product(id=75999, name=product 75999, condition=new, state=ok, price=3.45), Product(id=948, name=product 948, condition=new, state=ok, price=3.46), Product(id=26933, name=product 26933, condition=new, state=ok, price=3.47), Product(id=8483, name=product 8483, condition=new, state=ok, price=3.47), Product(id=3274, name=product 3274, condition=new, state=ok, price=3.48), Product(id=493, name=product 493, condition=new, state=ok, price=3.48), Product(id=58565, name=product 58565, condition=new, state=ok, price=3.5), Product(id=2222, name=product 2222, condition=new, state=ok, price=3.51), Product(id=2268, name=product 2268, condition=new, state=ok, price=3.51), Product(id=4304, name=product 4304, condition=new, state=ok, price=3.51), Product(id=4673, name=product 4673, condition=new, state=ok, price=3.51), Product(id=8467, name=product 8467, condition=new, state=ok, price=3.51), Product(id=17714, name=product 17714, condition=new, state=ok, price=3.52), Product(id=43847, name=product 43847, condition=new, state=ok, price=3.52), Product(id=7771, name=product 7771, condition=new, state=ok, price=3.52), Product(id=1170, name=product 1170, condition=new, state=ok, price=3.53), Product(id=24240, name=product 24240, condition=new, state=ok, price=3.53), Product(id=48874, name=product 48874, condition=new, state=ok, price=3.53), Product(id=8097, name=product 8097, condition=new, state=ok, price=3.53), Product(id=29221, name=product 29221, condition=new, state=ok, price=3.54), Product(id=36402, name=product 36402, condition=new, state=ok, price=3.54), Product(id=65174, name=product 65174, condition=new, state=ok, price=3.54), Product(id=7646, name=product 7646, condition=new, state=ok, price=3.54), Product(id=7743, name=product 7743, condition=new, state=ok, price=3.55), Product(id=7982, name=product 7982, condition=new, state=ok, price=3.55), Product(id=86982, name=product 86982, condition=new, state=ok, price=3.55), Product(id=11654, name=product 11654, condition=new, state=ok, price=3.56), Product(id=11779, name=product 11779, condition=new, state=ok, price=3.56), Product(id=75944, name=product 75944, condition=new, state=ok, price=3.56), Product(id=2589, name=product 2589, condition=new, state=ok, price=3.57), Product(id=35216, name=product 35216, condition=new, state=ok, price=3.57), Product(id=2036, name=product 2036, condition=new, state=ok, price=3.58), Product(id=15005, name=product 15005, condition=new, state=ok, price=3.59), Product(id=21551, name=product 21551, condition=new, state=ok, price=3.59), Product(id=24174, name=product 24174, condition=new, state=ok, price=3.59), Product(id=10046, name=product 10046, condition=new, state=ok, price=3.6), Product(id=12431, name=product 12431, condition=new, state=ok, price=3.6), Product(id=19887, name=product 19887, condition=new, state=ok, price=3.6), Product(id=21072, name=product 21072, condition=new, state=ok, price=3.6), Product(id=6665, name=product 6665, condition=new, state=ok, price=3.61), Product(id=26358, name=product 26358, condition=new, state=ok, price=3.62), Product(id=30000, name=product 30000, condition=new, state=ok, price=3.62), Product(id=30785, name=product 30785, condition=new, state=ok, price=3.62), Product(id=3857, name=product 3857, condition=new, state=ok, price=3.62), Product(id=497, name=product 497, condition=new, state=ok, price=3.62), Product(id=14338, name=product 14338, condition=new, state=ok, price=3.63), Product(id=15431, name=product 15431, condition=new, state=ok, price=3.63), Product(id=7, name=product 7, condition=new, state=ok, price=3.64), Product(id=12833, name=product 12833, condition=new, state=ok, price=3.65), Product(id=9445, name=product 9445, condition=new, state=ok, price=3.65), Product(id=69755, name=product 69755, condition=new, state=ok, price=3.66), Product(id=88692, name=product 88692, condition=new, state=ok, price=3.66), Product(id=9008, name=product 9008, condition=new, state=ok, price=3.68), Product(id=969, name=product 969, condition=new, state=ok, price=3.68), Product(id=10348, name=product 10348, condition=new, state=ok, price=3.69), Product(id=22062, name=product 22062, condition=new, state=ok, price=3.71), Product(id=73298, name=product 73298, condition=new, state=ok, price=3.71), Product(id=10214, name=product 10214, condition=new, state=ok, price=3.72), Product(id=58161, name=product 58161, condition=new, state=ok, price=3.72), Product(id=16962, name=product 16962, condition=new, state=ok, price=3.73), Product(id=83748, name=product 83748, condition=new, state=ok, price=3.73), Product(id=23753, name=product 23753, condition=new, state=ok, price=3.74), Product(id=33953, name=product 33953, condition=new, state=ok, price=3.74), Product(id=2730, name=product 2730, condition=new, state=ok, price=3.75), Product(id=8002, name=product 8002, condition=new, state=ok, price=3.75), Product(id=96111, name=product 96111, condition=new, state=ok, price=3.75), Product(id=55155, name=product 55155, condition=new, state=ok, price=3.76), Product(id=695, name=product 695, condition=new, state=ok, price=3.76), Product(id=98765, name=product 98765, condition=new, state=ok, price=3.76), Product(id=42224, name=product 42224, condition=new, state=ok, price=3.77), Product(id=7086, name=product 7086, condition=new, state=ok, price=3.77), Product(id=12930, name=product 12930, condition=new, state=ok, price=3.78), Product(id=5652, name=product 5652, condition=new, state=ok, price=3.78), Product(id=26399, name=product 26399, condition=new, state=ok, price=3.79), Product(id=70211, name=product 70211, condition=new, state=ok, price=3.79), Product(id=7700, name=product 7700, condition=new, state=ok, price=3.79), Product(id=11857, name=product 11857, condition=new, state=ok, price=3.8), Product(id=19407, name=product 19407, condition=new, state=ok, price=3.8), Product(id=30784, name=product 30784, condition=new, state=ok, price=3.8), Product(id=99059, name=product 99059, condition=new, state=ok, price=3.8), Product(id=28334, name=product 28334, condition=new, state=ok, price=3.81), Product(id=36518, name=product 36518, condition=new, state=ok, price=3.81), Product(id=67880, name=product 67880, condition=new, state=ok, price=3.81), Product(id=47191, name=product 47191, condition=new, state=ok, price=3.82), Product(id=41568, name=product 41568, condition=new, state=ok, price=3.85), Product(id=45220, name=product 45220, condition=new, state=ok, price=3.85), Product(id=13263, name=product 13263, condition=new, state=ok, price=3.86), Product(id=9813, name=product 9813, condition=new, state=ok, price=3.86), Product(id=32746, name=product 32746, condition=new, state=ok, price=3.87), Product(id=250, name=product 250, condition=new, state=ok, price=3.88), Product(id=25424, name=product 25424, condition=new, state=ok, price=3.88), Product(id=28366, name=product 28366, condition=new, state=ok, price=3.88), Product(id=399, name=product 399, condition=new, state=ok, price=3.88), Product(id=4990, name=product 4990, condition=new, state=ok, price=3.88), Product(id=1171, name=product 1171, condition=new, state=ok, price=3.89), Product(id=2406, name=product 2406, condition=new, state=ok, price=3.89), Product(id=39235, name=product 39235, condition=new, state=ok, price=3.89), Product(id=15668, name=product 15668, condition=new, state=ok, price=3.9), Product(id=27394, name=product 27394, condition=new, state=ok, price=3.9), Product(id=72839, name=product 72839, condition=new, state=ok, price=3.9), Product(id=9817, name=product 9817, condition=new, state=ok, price=3.9), Product(id=4560, name=product 4560, condition=new, state=ok, price=3.91), Product(id=23582, name=product 23582, condition=new, state=ok, price=3.93), Product(id=30323, name=product 30323, condition=new, state=ok, price=3.94), Product(id=3998, name=product 3998, condition=new, state=ok, price=3.94), Product(id=44915, name=product 44915, condition=new, state=ok, price=3.94), Product(id=51880, name=product 51880, condition=new, state=ok, price=3.94), Product(id=6981, name=product 6981, condition=new, state=ok, price=3.94), Product(id=81910, name=product 81910, condition=new, state=ok, price=3.94), Product(id=34724, name=product 34724, condition=new, state=ok, price=3.95), Product(id=70199, name=product 70199, condition=new, state=ok, price=3.95), Product(id=12040, name=product 12040, condition=new, state=ok, price=3.96), Product(id=28813, name=product 28813, condition=new, state=ok, price=3.96), Product(id=9676, name=product 9676, condition=new, state=ok, price=3.96), Product(id=3132, name=product 3132, condition=new, state=ok, price=3.97), Product(id=42276, name=product 42276, condition=new, state=ok, price=3.97), Product(id=5151, name=product 5151, condition=new, state=ok, price=3.97), Product(id=44145, name=product 44145, condition=new, state=ok, price=3.98), Product(id=62750, name=product 62750, condition=new, state=ok, price=3.98), Product(id=77872, name=product 77872, condition=new, state=ok, price=3.98), Product(id=273, name=product 273, condition=new, state=ok, price=4.0), Product(id=25570, name=product 25570, condition=new, state=ok, price=4.01), Product(id=35711, name=product 35711, condition=new, state=ok, price=4.02), Product(id=31873, name=product 31873, condition=new, state=ok, price=4.03), Product(id=677, name=product 677, condition=new, state=ok, price=4.03), Product(id=87050, name=product 87050, condition=new, state=ok, price=4.03), Product(id=26783, name=product 26783, condition=new, state=ok, price=4.04), Product(id=74194, name=product 74194, condition=new, state=ok, price=4.04), Product(id=95697, name=product 95697, condition=new, state=ok, price=4.04), Product(id=38096, name=product 38096, condition=new, state=ok, price=4.05), Product(id=14421, name=product 14421, condition=new, state=ok, price=4.07), Product(id=20552, name=product 20552, condition=new, state=ok, price=4.07), Product(id=75914, name=product 75914, condition=new, state=ok, price=4.07), Product(id=2110, name=product 2110, condition=new, state=ok, price=4.08), Product(id=10662, name=product 10662, condition=new, state=ok, price=4.09), Product(id=19377, name=product 19377, condition=new, state=ok, price=4.09), Product(id=11216, name=product 11216, condition=new, state=ok, price=4.1), Product(id=47024, name=product 47024, condition=new, state=ok, price=4.1), Product(id=18914, name=product 18914, condition=new, state=ok, price=4.11), Product(id=19466, name=product 19466, condition=new, state=ok, price=4.12), Product(id=4609, name=product 4609, condition=new, state=ok, price=4.12), Product(id=590, name=product 590, condition=new, state=ok, price=4.12), Product(id=6575, name=product 6575, condition=new, state=ok, price=4.12), Product(id=84883, name=product 84883, condition=new, state=ok, price=4.12), Product(id=14356, name=product 14356, condition=new, state=ok, price=4.13), Product(id=17592, name=product 17592, condition=new, state=ok, price=4.13), Product(id=27062, name=product 27062, condition=new, state=ok, price=4.13), Product(id=31207, name=product 31207, condition=new, state=ok, price=4.13), Product(id=13954, name=product 13954, condition=new, state=ok, price=4.16), Product(id=35880, name=product 35880, condition=new, state=ok, price=4.16), Product(id=37426, name=product 37426, condition=new, state=ok, price=4.16), Product(id=38131, name=product 38131, condition=new, state=ok, price=4.16), Product(id=6689, name=product 6689, condition=new, state=ok, price=4.16), Product(id=6178, name=product 6178, condition=new, state=ok, price=4.17), Product(id=34600, name=product 34600, condition=new, state=ok, price=4.18), Product(id=45414, name=product 45414, condition=new, state=ok, price=4.18), Product(id=55707, name=product 55707, condition=new, state=ok, price=4.18), Product(id=31122, name=product 31122, condition=new, state=ok, price=4.19), Product(id=36440, name=product 36440, condition=new, state=ok, price=4.19), Product(id=2467, name=product 2467, condition=new, state=ok, price=4.2), Product(id=45286, name=product 45286, condition=new, state=ok, price=4.2), Product(id=62310, name=product 62310, condition=new, state=ok, price=4.2), Product(id=97714, name=product 97714, condition=new, state=ok, price=4.2), Product(id=4200, name=product 4200, condition=new, state=ok, price=4.21), Product(id=23878, name=product 23878, condition=new, state=ok, price=4.22), Product(id=34082, name=product 34082, condition=new, state=ok, price=4.22), Product(id=42541, name=product 42541, condition=new, state=ok, price=4.22), Product(id=42567, name=product 42567, condition=new, state=ok, price=4.22), Product(id=2042, name=product 2042, condition=new, state=ok, price=4.23), Product(id=68634, name=product 68634, condition=new, state=ok, price=4.23), Product(id=14315, name=product 14315, condition=new, state=ok, price=4.25), Product(id=14510, name=product 14510, condition=new, state=ok, price=4.25), Product(id=18332, name=product 18332, condition=new, state=ok, price=4.25), Product(id=25478, name=product 25478, condition=new, state=ok, price=4.25), Product(id=28383, name=product 28383, condition=new, state=ok, price=4.25), Product(id=45838, name=product 45838, condition=new, state=ok, price=4.25), Product(id=18819, name=product 18819, condition=new, state=ok, price=4.26), Product(id=25234, name=product 25234, condition=new, state=ok, price=4.26), Product(id=3739, name=product 3739, condition=new, state=ok, price=4.26), Product(id=47960, name=product 47960, condition=new, state=ok, price=4.26), Product(id=11354, name=product 11354, condition=new, state=ok, price=4.27), Product(id=14164, name=product 14164, condition=new, state=ok, price=4.28), Product(id=15567, name=product 15567, condition=new, state=ok, price=4.28), Product(id=44729, name=product 44729, condition=new, state=ok, price=4.28), Product(id=87875, name=product 87875, condition=new, state=ok, price=4.28), Product(id=19079, name=product 19079, condition=new, state=ok, price=4.29), Product(id=23238, name=product 23238, condition=new, state=ok, price=4.29), Product(id=43810, name=product 43810, condition=new, state=ok, price=4.29), Product(id=7991, name=product 7991, condition=new, state=ok, price=4.29), Product(id=24076, name=product 24076, condition=new, state=ok, price=4.3), Product(id=35953, name=product 35953, condition=new, state=ok, price=4.3), Product(id=7208, name=product 7208, condition=new, state=ok, price=4.3), Product(id=31928, name=product 31928, condition=new, state=ok, price=4.31), Product(id=7468, name=product 7468, condition=new, state=ok, price=4.31), Product(id=42187, name=product 42187, condition=new, state=ok, price=4.32), Product(id=21741, name=product 21741, condition=new, state=ok, price=4.33), Product(id=359, name=product 359, condition=new, state=ok, price=4.33), Product(id=43849, name=product 43849, condition=new, state=ok, price=4.33), Product(id=2525, name=product 2525, condition=new, state=ok, price=4.34), Product(id=28343, name=product 28343, condition=new, state=ok, price=4.34), Product(id=3885, name=product 3885, condition=new, state=ok, price=4.34), Product(id=44319, name=product 44319, condition=new, state=ok, price=4.34), Product(id=43294, name=product 43294, condition=new, state=ok, price=4.35), Product(id=930, name=product 930, condition=new, state=ok, price=4.35), Product(id=35588, name=product 35588, condition=new, state=ok, price=4.36), Product(id=53807, name=product 53807, condition=new, state=ok, price=4.36), Product(id=53820, name=product 53820, condition=new, state=ok, price=4.36), Product(id=790, name=product 790, condition=new, state=ok, price=4.36), Product(id=8539, name=product 8539, condition=new, state=ok, price=4.36), Product(id=95977, name=product 95977, condition=new, state=ok, price=4.36), Product(id=60752, name=product 60752, condition=new, state=ok, price=4.37), Product(id=8896, name=product 8896, condition=new, state=ok, price=4.38), Product(id=30728, name=product 30728, condition=new, state=ok, price=4.39), Product(id=51453, name=product 51453, condition=new, state=ok, price=4.39), Product(id=68278, name=product 68278, condition=new, state=ok, price=4.39), Product(id=25843, name=product 25843, condition=new, state=ok, price=4.4), Product(id=14848, name=product 14848, condition=new, state=ok, price=4.41), Product(id=41201, name=product 41201, condition=new, state=ok, price=4.41), Product(id=7174, name=product 7174, condition=new, state=ok, price=4.41), Product(id=7917, name=product 7917, condition=new, state=ok, price=4.41), Product(id=36116, name=product 36116, condition=new, state=ok, price=4.42), Product(id=11255, name=product 11255, condition=new, state=ok, price=4.43), Product(id=1351, name=product 1351, condition=new, state=ok, price=4.43), Product(id=4309, name=product 4309, condition=new, state=ok, price=4.45), Product(id=9512, name=product 9512, condition=new, state=ok, price=4.45), Product(id=18741, name=product 18741, condition=new, state=ok, price=4.46), Product(id=60545, name=product 60545, condition=new, state=ok, price=4.47), Product(id=69269, name=product 69269, condition=new, state=ok, price=4.47), Product(id=15449, name=product 15449, condition=new, state=ok, price=4.48), Product(id=11585, name=product 11585, condition=new, state=ok, price=4.49), Product(id=15124, name=product 15124, condition=new, state=ok, price=4.5), Product(id=16348, name=product 16348, condition=new, state=ok, price=4.51), Product(id=27897, name=product 27897, condition=new, state=ok, price=4.52), Product(id=30587, name=product 30587, condition=new, state=ok, price=4.52), Product(id=19181, name=product 19181, condition=new, state=ok, price=4.53), Product(id=63382, name=product 63382, condition=new, state=ok, price=4.53), Product(id=79907, name=product 79907, condition=new, state=ok, price=4.54), Product(id=83662, name=product 83662, condition=new, state=ok, price=4.54), Product(id=89626, name=product 89626, condition=new, state=ok, price=4.54), Product(id=63363, name=product 63363, condition=new, state=ok, price=4.55), Product(id=11317, name=product 11317, condition=new, state=ok, price=4.56), Product(id=20988, name=product 20988, condition=new, state=ok, price=4.56), Product(id=28166, name=product 28166, condition=new, state=ok, price=4.56), Product(id=2992, name=product 2992, condition=new, state=ok, price=4.56), Product(id=10, name=product 10, condition=new, state=ok, price=4.57), Product(id=84841, name=product 84841, condition=new, state=ok, price=4.57), Product(id=12727, name=product 12727, condition=new, state=ok, price=4.58), Product(id=21036, name=product 21036, condition=new, state=ok, price=4.58), Product(id=17146, name=product 17146, condition=new, state=ok, price=4.59), Product(id=20042, name=product 20042, condition=new, state=ok, price=4.59), Product(id=41409, name=product 41409, condition=new, state=ok, price=4.59), Product(id=4260, name=product 4260, condition=new, state=ok, price=4.59), Product(id=69824, name=product 69824, condition=new, state=ok, price=4.59), Product(id=14823, name=product 14823, condition=new, state=ok, price=4.6), Product(id=24053, name=product 24053, condition=new, state=ok, price=4.6), Product(id=45280, name=product 45280, condition=new, state=ok, price=4.6), Product(id=53717, name=product 53717, condition=new, state=ok, price=4.61), Product(id=14999, name=product 14999, condition=new, state=ok, price=4.64), Product(id=31473, name=product 31473, condition=new, state=ok, price=4.64), Product(id=40923, name=product 40923, condition=new, state=ok, price=4.64), Product(id=965, name=product 965, condition=new, state=ok, price=4.64), Product(id=19985, name=product 19985, condition=new, state=ok, price=4.65), Product(id=61580, name=product 61580, condition=new, state=ok, price=4.65), Product(id=11972, name=product 11972, condition=new, state=ok, price=4.66), Product(id=20370, name=product 20370, condition=new, state=ok, price=4.66), Product(id=12399, name=product 12399, condition=new, state=ok, price=4.68), Product(id=29100, name=product 29100, condition=new, state=ok, price=4.68), Product(id=91451, name=product 91451, condition=new, state=ok, price=4.68), Product(id=92806, name=product 92806, condition=new, state=ok, price=4.68), Product(id=20308, name=product 20308, condition=new, state=ok, price=4.69), Product(id=75759, name=product 75759, condition=new, state=ok, price=4.69), Product(id=36287, name=product 36287, condition=new, state=ok, price=4.7), Product(id=46547, name=product 46547, condition=new, state=ok, price=4.71), Product(id=27249, name=product 27249, condition=new, state=ok, price=4.73), Product(id=5798, name=product 5798, condition=new, state=ok, price=4.73), Product(id=7969, name=product 7969, condition=new, state=ok, price=4.73), Product(id=9296, name=product 9296, condition=new, state=ok, price=4.74), Product(id=34001, name=product 34001, condition=new, state=ok, price=4.76), Product(id=60825, name=product 60825, condition=new, state=ok, price=4.76), Product(id=15131, name=product 15131, condition=new, state=ok, price=4.78), Product(id=39824, name=product 39824, condition=new, state=ok, price=4.78), Product(id=79786, name=product 79786, condition=new, state=ok, price=4.78), Product(id=14835, name=product 14835, condition=new, state=ok, price=4.79), Product(id=1693, name=product 1693, condition=new, state=ok, price=4.8), Product(id=2221, name=product 2221, condition=new, state=ok, price=4.8), Product(id=4467, name=product 4467, condition=new, state=ok, price=4.83), Product(id=76923, name=product 76923, condition=new, state=ok, price=4.83), Product(id=26763, name=product 26763, condition=new, state=ok, price=4.84), Product(id=34653, name=product 34653, condition=new, state=ok, price=4.85), Product(id=4506, name=product 4506, condition=new, state=ok, price=4.86), Product(id=50214, name=product 50214, condition=new, state=ok, price=4.87), Product(id=7873, name=product 7873, condition=new, state=ok, price=4.87), Product(id=3331, name=product 3331, condition=new, state=ok, price=4.88), Product(id=70368, name=product 70368, condition=new, state=ok, price=4.88), Product(id=19958, name=product 19958, condition=new, state=ok, price=4.89), Product(id=4058, name=product 4058, condition=new, state=ok, price=4.9), Product(id=3524, name=product 3524, condition=new, state=ok, price=4.91), Product(id=8180, name=product 8180, condition=new, state=ok, price=4.91), Product(id=9060, name=product 9060, condition=new, state=ok, price=4.91), Product(id=14739, name=product 14739, condition=new, state=ok, price=4.92), Product(id=26216, name=product 26216, condition=new, state=ok, price=4.92), Product(id=2873, name=product 2873, condition=new, state=ok, price=4.92), Product(id=47107, name=product 47107, condition=new, state=ok, price=4.92), Product(id=62605, name=product 62605, condition=new, state=ok, price=4.92), Product(id=67958, name=product 67958, condition=new, state=ok, price=4.92), Product(id=22833, name=product 22833, condition=new, state=ok, price=4.93), Product(id=6231, name=product 6231, condition=new, state=ok, price=4.93), Product(id=10727, name=product 10727, condition=new, state=ok, price=4.94), Product(id=49360, name=product 49360, condition=new, state=ok, price=4.94), Product(id=81448, name=product 81448, condition=new, state=ok, price=4.94), Product(id=77463, name=product 77463, condition=new, state=ok, price=4.95), Product(id=827, name=product 827, condition=new, state=ok, price=4.95), Product(id=11329, name=product 11329, condition=new, state=ok, price=4.96), Product(id=26889, name=product 26889, condition=new, state=ok, price=4.96), Product(id=46153, name=product 46153, condition=new, state=ok, price=4.97), Product(id=5149, name=product 5149, condition=new, state=ok, price=4.97), Product(id=77295, name=product 77295, condition=new, state=ok, price=4.97), Product(id=82243, name=product 82243, condition=new, state=ok, price=4.97), Product(id=26981, name=product 26981, condition=new, state=ok, price=4.98), Product(id=96306, name=product 96306, condition=new, state=ok, price=4.98), Product(id=72095, name=product 72095, condition=new, state=ok, price=4.99), Product(id=32067, name=product 32067, condition=new, state=ok, price=5.0)]&gt;
	at org.junit.Assert.fail(Assert.java:88)
	at org.junit.Assert.failNotEquals(Assert.java:834)
	at org.junit.Assert.assertEquals(Assert.java:118)
	at org.junit.Assert.assertEquals(Assert.java:144)
	at net.ddns.arnautovevgeny.pricelist.AutomationTest.testViaStream(AutomationTest.java:241)
	at java.base/jdk.internal.reflect.NativeMethodAccessorImpl.invoke0(Native Method)
	at java.base/jdk.internal.reflect.NativeMethodAccessorImpl.invoke(NativeMethodAccessorImpl.java:62)
	at java.base/jdk.internal.reflect.DelegatingMethodAccessorImpl.invoke(DelegatingMethodAccessorImpl.java:43)
	at java.base/java.lang.reflect.Method.invoke(Method.java:566)
	at org.junit.runners.model.FrameworkMethod$1.runReflectiveCall(FrameworkMethod.java:50)
	at org.junit.internal.runners.model.ReflectiveCallable.run(ReflectiveCallable.java:12)
	at org.junit.runners.model.FrameworkMethod.invokeExplosively(FrameworkMethod.java:47)
	at org.junit.internal.runners.statements.InvokeMethod.evaluate(InvokeMethod.java:17)
	at org.junit.internal.runners.statements.RunBefores.evaluate(RunBefores.java:26)
	at org.junit.internal.runners.statements.RunAfters.evaluate(RunAfters.java:27)
	at org.junit.runners.ParentRunner.runLeaf(ParentRunner.java:325)
	at org.junit.runners.BlockJUnit4ClassRunner.runChild(BlockJUnit4ClassRunner.java:78)
	at org.junit.runners.BlockJUnit4ClassRunner.runChild(BlockJUnit4ClassRunner.java:57)
	at org.junit.runners.ParentRunner$3.run(ParentRunner.java:290)
	at org.junit.runners.ParentRunner$1.schedule(ParentRunner.java:71)
	at org.junit.runners.ParentRunner.runChildren(ParentRunner.java:288)
	at org.junit.runners.ParentRunner.access$000(ParentRunner.java:58)
	at org.junit.runners.ParentRunner$2.evaluate(ParentRunner.java:268)
	at org.junit.runners.ParentRunner.run(ParentRunner.java:363)
	at org.apache.maven.surefire.junit4.JUnit4Provider.execute(JUnit4Provider.java:252)
	at org.apache.maven.surefire.junit4.JUnit4Provider.executeTestSet(JUnit4Provider.java:141)
	at org.apache.maven.surefire.junit4.JUnit4Provider.invoke(JUnit4Provider.java:112)
	at java.base/jdk.internal.reflect.NativeMethodAccessorImpl.invoke0(Native Method)
	at java.base/jdk.internal.reflect.NativeMethodAccessorImpl.invoke(NativeMethodAccessorImpl.java:62)
	at java.base/jdk.internal.reflect.DelegatingMethodAccessorImpl.invoke(DelegatingMethodAccessorImpl.java:43)
	at java.base/java.lang.reflect.Method.invoke(Method.java:566)
	at org.apache.maven.surefire.util.ReflectionUtils.invokeMethodWithArray(ReflectionUtils.java:189)
	at org.apache.maven.surefire.booter.ProviderFactory$ProviderProxy.invoke(ProviderFactory.java:165)
	at org.apache.maven.surefire.booter.ProviderFactory.invokeProvider(ProviderFactory.java:85)
	at org.apache.maven.surefire.booter.ForkedBooter.runSuitesInProcess(ForkedBooter.java:115)
	at org.apache.maven.surefire.booter.ForkedBooter.main(ForkedBooter.java:75)
</failure>
  </testcase>
  <testcase classname="net.ddns.arnautovevgeny.pricelist.AutomationTest" name="testViaProducerConsumerLoadBalancer" time="2.084">
    <failure message="expected: java.util.concurrent.ConcurrentSkipListSet&lt;[Product(id=51505, name=product 51505, condition=new, state=ok, price=0.01), Product(id=23605, name=product 23605, condition=new, state=ok, price=0.02), Product(id=99685, name=product 99685, condition=new, state=ok, price=0.02), Product(id=21625, name=product 21625, condition=new, state=ok, price=0.03), Product(id=6808, name=product 6808, condition=new, state=ok, price=0.03), Product(id=78883, name=product 78883, condition=new, state=ok, price=0.03), Product(id=3439, name=product 3439, condition=new, state=ok, price=0.04), Product(id=2546, name=product 2546, condition=new, state=ok, price=0.05), Product(id=32667, name=product 32667, condition=new, state=ok, price=0.05), Product(id=8585, name=product 8585, condition=new, state=ok, price=0.05), Product(id=11358, name=product 11358, condition=new, state=ok, price=0.06), Product(id=32858, name=product 32858, condition=new, state=ok, price=0.06), Product(id=50807, name=product 50807, condition=new, state=ok, price=0.06), Product(id=62690, name=product 62690, condition=new, state=ok, price=0.06), Product(id=1343, name=product 1343, condition=new, state=ok, price=0.07), Product(id=20138, name=product 20138, condition=new, state=ok, price=0.07), Product(id=20611, name=product 20611, condition=new, state=ok, price=0.07), Product(id=10121, name=product 10121, condition=new, state=ok, price=0.09), Product(id=75159, name=product 75159, condition=new, state=ok, price=0.1), Product(id=385, name=product 385, condition=new, state=ok, price=0.11), Product(id=62900, name=product 62900, condition=new, state=ok, price=0.11), Product(id=87452, name=product 87452, condition=new, state=ok, price=0.11), Product(id=633, name=product 633, condition=new, state=ok, price=0.12), Product(id=64177, name=product 64177, condition=new, state=ok, price=0.12), Product(id=7657, name=product 7657, condition=new, state=ok, price=0.12), Product(id=10316, name=product 10316, condition=new, state=ok, price=0.13), Product(id=4711, name=product 4711, condition=new, state=ok, price=0.14), Product(id=9257, name=product 9257, condition=new, state=ok, price=0.14), Product(id=15558, name=product 15558, condition=new, state=ok, price=0.15), Product(id=24740, name=product 24740, condition=new, state=ok, price=0.15), Product(id=42114, name=product 42114, condition=new, state=ok, price=0.15), Product(id=60531, name=product 60531, condition=new, state=ok, price=0.15), Product(id=19214, name=product 19214, condition=new, state=ok, price=0.16), Product(id=14201, name=product 14201, condition=new, state=ok, price=0.17), Product(id=2025, name=product 2025, condition=new, state=ok, price=0.17), Product(id=17914, name=product 17914, condition=new, state=ok, price=0.18), Product(id=22356, name=product 22356, condition=new, state=ok, price=0.18), Product(id=40370, name=product 40370, condition=new, state=ok, price=0.18), Product(id=85972, name=product 85972, condition=new, state=ok, price=0.19), Product(id=97342, name=product 97342, condition=new, state=ok, price=0.2), Product(id=15445, name=product 15445, condition=new, state=ok, price=0.21), Product(id=17984, name=product 17984, condition=new, state=ok, price=0.21), Product(id=23080, name=product 23080, condition=new, state=ok, price=0.21), Product(id=2668, name=product 2668, condition=new, state=ok, price=0.21), Product(id=3471, name=product 3471, condition=new, state=ok, price=0.21), Product(id=67740, name=product 67740, condition=new, state=ok, price=0.21), Product(id=76225, name=product 76225, condition=new, state=ok, price=0.21), Product(id=83935, name=product 83935, condition=new, state=ok, price=0.21), Product(id=8756, name=product 8756, condition=new, state=ok, price=0.21), Product(id=2172, name=product 2172, condition=new, state=ok, price=0.22), Product(id=33948, name=product 33948, condition=new, state=ok, price=0.22), Product(id=37639, name=product 37639, condition=new, state=ok, price=0.23), Product(id=5171, name=product 5171, condition=new, state=ok, price=0.23), Product(id=2879, name=product 2879, condition=new, state=ok, price=0.24), Product(id=45718, name=product 45718, condition=new, state=ok, price=0.24), Product(id=68067, name=product 68067, condition=new, state=ok, price=0.24), Product(id=13541, name=product 13541, condition=new, state=ok, price=0.25), Product(id=31517, name=product 31517, condition=new, state=ok, price=0.25), Product(id=55613, name=product 55613, condition=new, state=ok, price=0.25), Product(id=13837, name=product 13837, condition=new, state=ok, price=0.26), Product(id=4178, name=product 4178, condition=new, state=ok, price=0.27), Product(id=45952, name=product 45952, condition=new, state=ok, price=0.27), Product(id=50622, name=product 50622, condition=new, state=ok, price=0.27), Product(id=65269, name=product 65269, condition=new, state=ok, price=0.27), Product(id=11923, name=product 11923, condition=new, state=ok, price=0.28), Product(id=20144, name=product 20144, condition=new, state=ok, price=0.28), Product(id=42615, name=product 42615, condition=new, state=ok, price=0.28), Product(id=14372, name=product 14372, condition=new, state=ok, price=0.29), Product(id=15747, name=product 15747, condition=new, state=ok, price=0.29), Product(id=20370, name=product 20370, condition=new, state=ok, price=0.29), Product(id=25601, name=product 25601, condition=new, state=ok, price=0.3), Product(id=3644, name=product 3644, condition=new, state=ok, price=0.3), Product(id=5635, name=product 5635, condition=new, state=ok, price=0.31), Product(id=15611, name=product 15611, condition=new, state=ok, price=0.34), Product(id=23709, name=product 23709, condition=new, state=ok, price=0.35), Product(id=54677, name=product 54677, condition=new, state=ok, price=0.36), Product(id=8436, name=product 8436, condition=new, state=ok, price=0.36), Product(id=9559, name=product 9559, condition=new, state=ok, price=0.37), Product(id=21998, name=product 21998, condition=new, state=ok, price=0.38), Product(id=45581, name=product 45581, condition=new, state=ok, price=0.38), Product(id=52416, name=product 52416, condition=new, state=ok, price=0.38), Product(id=1700, name=product 1700, condition=new, state=ok, price=0.39), Product(id=4668, name=product 4668, condition=new, state=ok, price=0.39), Product(id=58608, name=product 58608, condition=new, state=ok, price=0.39), Product(id=13678, name=product 13678, condition=new, state=ok, price=0.4), Product(id=23494, name=product 23494, condition=new, state=ok, price=0.41), Product(id=27785, name=product 27785, condition=new, state=ok, price=0.41), Product(id=93439, name=product 93439, condition=new, state=ok, price=0.41), Product(id=26601, name=product 26601, condition=new, state=ok, price=0.42), Product(id=38240, name=product 38240, condition=new, state=ok, price=0.42), Product(id=21742, name=product 21742, condition=new, state=ok, price=0.43), Product(id=78895, name=product 78895, condition=new, state=ok, price=0.43), Product(id=6900, name=product 6900, condition=new, state=ok, price=0.45), Product(id=9556, name=product 9556, condition=new, state=ok, price=0.45), Product(id=12660, name=product 12660, condition=new, state=ok, price=0.47), Product(id=22356, name=product 22356, condition=new, state=ok, price=0.47), Product(id=41358, name=product 41358, condition=new, state=ok, price=0.49), Product(id=523, name=product 523, condition=new, state=ok, price=0.5), Product(id=74091, name=product 74091, condition=new, state=ok, price=0.5), Product(id=10209, name=product 10209, condition=new, state=ok, price=0.51), Product(id=18390, name=product 18390, condition=new, state=ok, price=0.51), Product(id=22084, name=product 22084, condition=new, state=ok, price=0.52), Product(id=44000, name=product 44000, condition=new, state=ok, price=0.52), Product(id=66321, name=product 66321, condition=new, state=ok, price=0.52), Product(id=13164, name=product 13164, condition=new, state=ok, price=0.53), Product(id=35021, name=product 35021, condition=new, state=ok, price=0.53), Product(id=1028, name=product 1028, condition=new, state=ok, price=0.54), Product(id=1057, name=product 1057, condition=new, state=ok, price=0.54), Product(id=29111, name=product 29111, condition=new, state=ok, price=0.54), Product(id=93134, name=product 93134, condition=new, state=ok, price=0.54), Product(id=99323, name=product 99323, condition=new, state=ok, price=0.54), Product(id=15769, name=product 15769, condition=new, state=ok, price=0.55), Product(id=16138, name=product 16138, condition=new, state=ok, price=0.56), Product(id=1824, name=product 1824, condition=new, state=ok, price=0.56), Product(id=25302, name=product 25302, condition=new, state=ok, price=0.56), Product(id=892, name=product 892, condition=new, state=ok, price=0.56), Product(id=11755, name=product 11755, condition=new, state=ok, price=0.57), Product(id=24825, name=product 24825, condition=new, state=ok, price=0.57), Product(id=1744, name=product 1744, condition=new, state=ok, price=0.58), Product(id=39097, name=product 39097, condition=new, state=ok, price=0.58), Product(id=51089, name=product 51089, condition=new, state=ok, price=0.58), Product(id=58009, name=product 58009, condition=new, state=ok, price=0.58), Product(id=20440, name=product 20440, condition=new, state=ok, price=0.59), Product(id=4211, name=product 4211, condition=new, state=ok, price=0.59), Product(id=52916, name=product 52916, condition=new, state=ok, price=0.59), Product(id=63114, name=product 63114, condition=new, state=ok, price=0.59), Product(id=27684, name=product 27684, condition=new, state=ok, price=0.6), Product(id=22474, name=product 22474, condition=new, state=ok, price=0.61), Product(id=4505, name=product 4505, condition=new, state=ok, price=0.61), Product(id=19719, name=product 19719, condition=new, state=ok, price=0.62), Product(id=20907, name=product 20907, condition=new, state=ok, price=0.62), Product(id=22761, name=product 22761, condition=new, state=ok, price=0.62), Product(id=41409, name=product 41409, condition=new, state=ok, price=0.62), Product(id=864, name=product 864, condition=new, state=ok, price=0.62), Product(id=13801, name=product 13801, condition=new, state=ok, price=0.63), Product(id=2510, name=product 2510, condition=new, state=ok, price=0.64), Product(id=19245, name=product 19245, condition=new, state=ok, price=0.65), Product(id=7484, name=product 7484, condition=new, state=ok, price=0.65), Product(id=91753, name=product 91753, condition=new, state=ok, price=0.65), Product(id=24674, name=product 24674, condition=new, state=ok, price=0.66), Product(id=4519, name=product 4519, condition=new, state=ok, price=0.66), Product(id=18420, name=product 18420, condition=new, state=ok, price=0.68), Product(id=6388, name=product 6388, condition=new, state=ok, price=0.68), Product(id=37485, name=product 37485, condition=new, state=ok, price=0.69), Product(id=770, name=product 770, condition=new, state=ok, price=0.69), Product(id=22513, name=product 22513, condition=new, state=ok, price=0.7), Product(id=28, name=product 28, condition=new, state=ok, price=0.71), Product(id=30140, name=product 30140, condition=new, state=ok, price=0.71), Product(id=34310, name=product 34310, condition=new, state=ok, price=0.71), Product(id=57597, name=product 57597, condition=new, state=ok, price=0.71), Product(id=71244, name=product 71244, condition=new, state=ok, price=0.71), Product(id=51949, name=product 51949, condition=new, state=ok, price=0.73), Product(id=819, name=product 819, condition=new, state=ok, price=0.73), Product(id=7816, name=product 7816, condition=new, state=ok, price=0.74), Product(id=3883, name=product 3883, condition=new, state=ok, price=0.75), Product(id=13915, name=product 13915, condition=new, state=ok, price=0.76), Product(id=26043, name=product 26043, condition=new, state=ok, price=0.76), Product(id=590, name=product 590, condition=new, state=ok, price=0.76), Product(id=61283, name=product 61283, condition=new, state=ok, price=0.76), Product(id=21430, name=product 21430, condition=new, state=ok, price=0.77), Product(id=528, name=product 528, condition=new, state=ok, price=0.77), Product(id=19034, name=product 19034, condition=new, state=ok, price=0.78), Product(id=2919, name=product 2919, condition=new, state=ok, price=0.78), Product(id=33428, name=product 33428, condition=new, state=ok, price=0.78), Product(id=44148, name=product 44148, condition=new, state=ok, price=0.78), Product(id=35046, name=product 35046, condition=new, state=ok, price=0.79), Product(id=6394, name=product 6394, condition=new, state=ok, price=0.79), Product(id=100224, name=product 100224, condition=new, state=ok, price=0.8), Product(id=24584, name=product 24584, condition=new, state=ok, price=0.8), Product(id=3705, name=product 3705, condition=new, state=ok, price=0.8), Product(id=42886, name=product 42886, condition=new, state=ok, price=0.81), Product(id=8589, name=product 8589, condition=new, state=ok, price=0.82), Product(id=38425, name=product 38425, condition=new, state=ok, price=0.84), Product(id=79193, name=product 79193, condition=new, state=ok, price=0.84), Product(id=36019, name=product 36019, condition=new, state=ok, price=0.85), Product(id=2948, name=product 2948, condition=new, state=ok, price=0.86), Product(id=18224, name=product 18224, condition=new, state=ok, price=0.87), Product(id=71826, name=product 71826, condition=new, state=ok, price=0.87), Product(id=167, name=product 167, condition=new, state=ok, price=0.89), Product(id=5474, name=product 5474, condition=new, state=ok, price=0.89), Product(id=65539, name=product 65539, condition=new, state=ok, price=0.89), Product(id=25325, name=product 25325, condition=new, state=ok, price=0.9), Product(id=33875, name=product 33875, condition=new, state=ok, price=0.9), Product(id=9963, name=product 9963, condition=new, state=ok, price=0.9), Product(id=75835, name=product 75835, condition=new, state=ok, price=0.92), Product(id=20214, name=product 20214, condition=new, state=ok, price=0.93), Product(id=11779, name=product 11779, condition=new, state=ok, price=0.94), Product(id=40663, name=product 40663, condition=new, state=ok, price=0.94), Product(id=993, name=product 993, condition=new, state=ok, price=0.94), Product(id=5549, name=product 5549, condition=new, state=ok, price=0.95), Product(id=27, name=product 27, condition=new, state=ok, price=0.96), Product(id=31730, name=product 31730, condition=new, state=ok, price=0.96), Product(id=6005, name=product 6005, condition=new, state=ok, price=0.97), Product(id=70279, name=product 70279, condition=new, state=ok, price=0.98), Product(id=2103, name=product 2103, condition=new, state=ok, price=0.99), Product(id=48574, name=product 48574, condition=new, state=ok, price=0.99), Product(id=11229, name=product 11229, condition=new, state=ok, price=1.01), Product(id=19569, name=product 19569, condition=new, state=ok, price=1.01), Product(id=34288, name=product 34288, condition=new, state=ok, price=1.01), Product(id=3599, name=product 3599, condition=new, state=ok, price=1.01), Product(id=40709, name=product 40709, condition=new, state=ok, price=1.01), Product(id=14982, name=product 14982, condition=new, state=ok, price=1.02), Product(id=82969, name=product 82969, condition=new, state=ok, price=1.02), Product(id=10547, name=product 10547, condition=new, state=ok, price=1.03), Product(id=20542, name=product 20542, condition=new, state=ok, price=1.05), Product(id=37103, name=product 37103, condition=new, state=ok, price=1.06), Product(id=76815, name=product 76815, condition=new, state=ok, price=1.06), Product(id=13611, name=product 13611, condition=new, state=ok, price=1.07), Product(id=49034, name=product 49034, condition=new, state=ok, price=1.07), Product(id=116, name=product 116, condition=new, state=ok, price=1.08), Product(id=44158, name=product 44158, condition=new, state=ok, price=1.08), Product(id=4524, name=product 4524, condition=new, state=ok, price=1.08), Product(id=90412, name=product 90412, condition=new, state=ok, price=1.08), Product(id=5711, name=product 5711, condition=new, state=ok, price=1.09), Product(id=65701, name=product 65701, condition=new, state=ok, price=1.09), Product(id=75064, name=product 75064, condition=new, state=ok, price=1.09), Product(id=42526, name=product 42526, condition=new, state=ok, price=1.1), Product(id=1933, name=product 1933, condition=new, state=ok, price=1.11), Product(id=270, name=product 270, condition=new, state=ok, price=1.11), Product(id=76220, name=product 76220, condition=new, state=ok, price=1.12), Product(id=27, name=product 27, condition=new, state=ok, price=1.13), Product(id=18071, name=product 18071, condition=new, state=ok, price=1.14), Product(id=34108, name=product 34108, condition=new, state=ok, price=1.14), Product(id=99110, name=product 99110, condition=new, state=ok, price=1.15), Product(id=10411, name=product 10411, condition=new, state=ok, price=1.16), Product(id=15356, name=product 15356, condition=new, state=ok, price=1.16), Product(id=24769, name=product 24769, condition=new, state=ok, price=1.16), Product(id=26540, name=product 26540, condition=new, state=ok, price=1.17), Product(id=3410, name=product 3410, condition=new, state=ok, price=1.17), Product(id=3909, name=product 3909, condition=new, state=ok, price=1.18), Product(id=589, name=product 589, condition=new, state=ok, price=1.19), Product(id=14031, name=product 14031, condition=new, state=ok, price=1.2), Product(id=19514, name=product 19514, condition=new, state=ok, price=1.2), Product(id=61644, name=product 61644, condition=new, state=ok, price=1.2), Product(id=4795, name=product 4795, condition=new, state=ok, price=1.23), Product(id=11292, name=product 11292, condition=new, state=ok, price=1.24), Product(id=44351, name=product 44351, condition=new, state=ok, price=1.25), Product(id=20906, name=product 20906, condition=new, state=ok, price=1.26), Product(id=22988, name=product 22988, condition=new, state=ok, price=1.26), Product(id=29227, name=product 29227, condition=new, state=ok, price=1.26), Product(id=39647, name=product 39647, condition=new, state=ok, price=1.26), Product(id=46152, name=product 46152, condition=new, state=ok, price=1.26), Product(id=4621, name=product 4621, condition=new, state=ok, price=1.26), Product(id=48016, name=product 48016, condition=new, state=ok, price=1.26), Product(id=7636, name=product 7636, condition=new, state=ok, price=1.26), Product(id=8187, name=product 8187, condition=new, state=ok, price=1.27), Product(id=8354, name=product 8354, condition=new, state=ok, price=1.27), Product(id=211, name=product 211, condition=new, state=ok, price=1.29), Product(id=53977, name=product 53977, condition=new, state=ok, price=1.29), Product(id=60226, name=product 60226, condition=new, state=ok, price=1.29), Product(id=11263, name=product 11263, condition=new, state=ok, price=1.3), Product(id=35282, name=product 35282, condition=new, state=ok, price=1.3), Product(id=51706, name=product 51706, condition=new, state=ok, price=1.3), Product(id=4636, name=product 4636, condition=new, state=ok, price=1.31), Product(id=12254, name=product 12254, condition=new, state=ok, price=1.32), Product(id=2835, name=product 2835, condition=new, state=ok, price=1.32), Product(id=41727, name=product 41727, condition=new, state=ok, price=1.32), Product(id=65157, name=product 65157, condition=new, state=ok, price=1.32), Product(id=73356, name=product 73356, condition=new, state=ok, price=1.32), Product(id=75005, name=product 75005, condition=new, state=ok, price=1.32), Product(id=13009, name=product 13009, condition=new, state=ok, price=1.34), Product(id=88437, name=product 88437, condition=new, state=ok, price=1.34), Product(id=95808, name=product 95808, condition=new, state=ok, price=1.34), Product(id=31589, name=product 31589, condition=new, state=ok, price=1.36), Product(id=4218, name=product 4218, condition=new, state=ok, price=1.37), Product(id=16383, name=product 16383, condition=new, state=ok, price=1.38), Product(id=14919, name=product 14919, condition=new, state=ok, price=1.39), Product(id=15191, name=product 15191, condition=new, state=ok, price=1.39), Product(id=11403, name=product 11403, condition=new, state=ok, price=1.4), Product(id=2080, name=product 2080, condition=new, state=ok, price=1.4), Product(id=31428, name=product 31428, condition=new, state=ok, price=1.4), Product(id=31594, name=product 31594, condition=new, state=ok, price=1.4), Product(id=92481, name=product 92481, condition=new, state=ok, price=1.4), Product(id=18926, name=product 18926, condition=new, state=ok, price=1.41), Product(id=62186, name=product 62186, condition=new, state=ok, price=1.41), Product(id=26629, name=product 26629, condition=new, state=ok, price=1.42), Product(id=48044, name=product 48044, condition=new, state=ok, price=1.42), Product(id=9113, name=product 9113, condition=new, state=ok, price=1.42), Product(id=31796, name=product 31796, condition=new, state=ok, price=1.43), Product(id=98311, name=product 98311, condition=new, state=ok, price=1.45), Product(id=11288, name=product 11288, condition=new, state=ok, price=1.46), Product(id=9356, name=product 9356, condition=new, state=ok, price=1.46), Product(id=62933, name=product 62933, condition=new, state=ok, price=1.47), Product(id=93238, name=product 93238, condition=new, state=ok, price=1.47), Product(id=18122, name=product 18122, condition=new, state=ok, price=1.48), Product(id=38823, name=product 38823, condition=new, state=ok, price=1.49), Product(id=21554, name=product 21554, condition=new, state=ok, price=1.5), Product(id=3229, name=product 3229, condition=new, state=ok, price=1.5), Product(id=853, name=product 853, condition=new, state=ok, price=1.5), Product(id=44199, name=product 44199, condition=new, state=ok, price=1.51), Product(id=46983, name=product 46983, condition=new, state=ok, price=1.51), Product(id=35213, name=product 35213, condition=new, state=ok, price=1.52), Product(id=52085, name=product 52085, condition=new, state=ok, price=1.54), Product(id=6740, name=product 6740, condition=new, state=ok, price=1.54), Product(id=22837, name=product 22837, condition=new, state=ok, price=1.55), Product(id=52153, name=product 52153, condition=new, state=ok, price=1.56), Product(id=40337, name=product 40337, condition=new, state=ok, price=1.59), Product(id=6586, name=product 6586, condition=new, state=ok, price=1.59), Product(id=17958, name=product 17958, condition=new, state=ok, price=1.6), Product(id=20460, name=product 20460, condition=new, state=ok, price=1.6), Product(id=3254, name=product 3254, condition=new, state=ok, price=1.6), Product(id=45350, name=product 45350, condition=new, state=ok, price=1.6), Product(id=27752, name=product 27752, condition=new, state=ok, price=1.62), Product(id=1110, name=product 1110, condition=new, state=ok, price=1.63), Product(id=21714, name=product 21714, condition=new, state=ok, price=1.63), Product(id=2854, name=product 2854, condition=new, state=ok, price=1.63), Product(id=30211, name=product 30211, condition=new, state=ok, price=1.63), Product(id=57116, name=product 57116, condition=new, state=ok, price=1.63), Product(id=99693, name=product 99693, condition=new, state=ok, price=1.63), Product(id=24997, name=product 24997, condition=new, state=ok, price=1.64), Product(id=26993, name=product 26993, condition=new, state=ok, price=1.64), Product(id=532, name=product 532, condition=new, state=ok, price=1.64), Product(id=567, name=product 567, condition=new, state=ok, price=1.64), Product(id=7216, name=product 7216, condition=new, state=ok, price=1.65), Product(id=56862, name=product 56862, condition=new, state=ok, price=1.66), Product(id=31442, name=product 31442, condition=new, state=ok, price=1.67), Product(id=13399, name=product 13399, condition=new, state=ok, price=1.69), Product(id=46747, name=product 46747, condition=new, state=ok, price=1.69), Product(id=70610, name=product 70610, condition=new, state=ok, price=1.69), Product(id=42509, name=product 42509, condition=new, state=ok, price=1.7), Product(id=72179, name=product 72179, condition=new, state=ok, price=1.7), Product(id=15313, name=product 15313, condition=new, state=ok, price=1.71), Product(id=38713, name=product 38713, condition=new, state=ok, price=1.71), Product(id=59915, name=product 59915, condition=new, state=ok, price=1.71), Product(id=73596, name=product 73596, condition=new, state=ok, price=1.72), Product(id=894, name=product 894, condition=new, state=ok, price=1.72), Product(id=10077, name=product 10077, condition=new, state=ok, price=1.73), Product(id=20326, name=product 20326, condition=new, state=ok, price=1.73), Product(id=22324, name=product 22324, condition=new, state=ok, price=1.73), Product(id=40636, name=product 40636, condition=new, state=ok, price=1.73), Product(id=5693, name=product 5693, condition=new, state=ok, price=1.74), Product(id=20837, name=product 20837, condition=new, state=ok, price=1.75), Product(id=37795, name=product 37795, condition=new, state=ok, price=1.75), Product(id=41835, name=product 41835, condition=new, state=ok, price=1.76), Product(id=18719, name=product 18719, condition=new, state=ok, price=1.77), Product(id=60, name=product 60, condition=new, state=ok, price=1.77), Product(id=7346, name=product 7346, condition=new, state=ok, price=1.77), Product(id=39608, name=product 39608, condition=new, state=ok, price=1.78), Product(id=8212, name=product 8212, condition=new, state=ok, price=1.78), Product(id=82705, name=product 82705, condition=new, state=ok, price=1.78), Product(id=9639, name=product 9639, condition=new, state=ok, price=1.78), Product(id=14251, name=product 14251, condition=new, state=ok, price=1.8), Product(id=2485, name=product 2485, condition=new, state=ok, price=1.8), Product(id=46370, name=product 46370, condition=new, state=ok, price=1.8), Product(id=61191, name=product 61191, condition=new, state=ok, price=1.8), Product(id=98202, name=product 98202, condition=new, state=ok, price=1.8), Product(id=86382, name=product 86382, condition=new, state=ok, price=1.82), Product(id=9354, name=product 9354, condition=new, state=ok, price=1.82), Product(id=22856, name=product 22856, condition=new, state=ok, price=1.83), Product(id=25205, name=product 25205, condition=new, state=ok, price=1.83), Product(id=27914, name=product 27914, condition=new, state=ok, price=1.83), Product(id=60746, name=product 60746, condition=new, state=ok, price=1.83), Product(id=64307, name=product 64307, condition=new, state=ok, price=1.83), Product(id=1911, name=product 1911, condition=new, state=ok, price=1.84), Product(id=22781, name=product 22781, condition=new, state=ok, price=1.84), Product(id=37572, name=product 37572, condition=new, state=ok, price=1.84), Product(id=38234, name=product 38234, condition=new, state=ok, price=1.84), Product(id=4423, name=product 4423, condition=new, state=ok, price=1.84), Product(id=99357, name=product 99357, condition=new, state=ok, price=1.84), Product(id=13787, name=product 13787, condition=new, state=ok, price=1.85), Product(id=1457, name=product 1457, condition=new, state=ok, price=1.85), Product(id=3577, name=product 3577, condition=new, state=ok, price=1.85), Product(id=4851, name=product 4851, condition=new, state=ok, price=1.86), Product(id=62888, name=product 62888, condition=new, state=ok, price=1.86), Product(id=29883, name=product 29883, condition=new, state=ok, price=1.87), Product(id=67623, name=product 67623, condition=new, state=ok, price=1.87), Product(id=7917, name=product 7917, condition=new, state=ok, price=1.87), Product(id=345, name=product 345, condition=new, state=ok, price=1.88), Product(id=46295, name=product 46295, condition=new, state=ok, price=1.88), Product(id=46381, name=product 46381, condition=new, state=ok, price=1.89), Product(id=601, name=product 601, condition=new, state=ok, price=1.89), Product(id=80323, name=product 80323, condition=new, state=ok, price=1.89), Product(id=31742, name=product 31742, condition=new, state=ok, price=1.9), Product(id=80781, name=product 80781, condition=new, state=ok, price=1.9), Product(id=11922, name=product 11922, condition=new, state=ok, price=1.91), Product(id=63841, name=product 63841, condition=new, state=ok, price=1.91), Product(id=1617, name=product 1617, condition=new, state=ok, price=1.92), Product(id=3702, name=product 3702, condition=new, state=ok, price=1.92), Product(id=89229, name=product 89229, condition=new, state=ok, price=1.92), Product(id=14082, name=product 14082, condition=new, state=ok, price=1.93), Product(id=59350, name=product 59350, condition=new, state=ok, price=1.93), Product(id=48201, name=product 48201, condition=new, state=ok, price=1.94), Product(id=28317, name=product 28317, condition=new, state=ok, price=1.95), Product(id=43870, name=product 43870, condition=new, state=ok, price=1.95), Product(id=48731, name=product 48731, condition=new, state=ok, price=1.95), Product(id=1212, name=product 1212, condition=new, state=ok, price=1.96), Product(id=1754, name=product 1754, condition=new, state=ok, price=1.96), Product(id=21139, name=product 21139, condition=new, state=ok, price=1.96), Product(id=98058, name=product 98058, condition=new, state=ok, price=1.96), Product(id=19345, name=product 19345, condition=new, state=ok, price=1.97), Product(id=94354, name=product 94354, condition=new, state=ok, price=1.97), Product(id=1383, name=product 1383, condition=new, state=ok, price=1.98), Product(id=2130, name=product 2130, condition=new, state=ok, price=1.99), Product(id=43597, name=product 43597, condition=new, state=ok, price=1.99), Product(id=47528, name=product 47528, condition=new, state=ok, price=1.99), Product(id=296, name=product 296, condition=new, state=ok, price=2.0), Product(id=33108, name=product 33108, condition=new, state=ok, price=2.0), Product(id=37228, name=product 37228, condition=new, state=ok, price=2.0), Product(id=79117, name=product 79117, condition=new, state=ok, price=2.0), Product(id=83677, name=product 83677, condition=new, state=ok, price=2.01), Product(id=83971, name=product 83971, condition=new, state=ok, price=2.01), Product(id=32594, name=product 32594, condition=new, state=ok, price=2.04), Product(id=33467, name=product 33467, condition=new, state=ok, price=2.04), Product(id=49932, name=product 49932, condition=new, state=ok, price=2.04), Product(id=22704, name=product 22704, condition=new, state=ok, price=2.05), Product(id=28125, name=product 28125, condition=new, state=ok, price=2.07), Product(id=88211, name=product 88211, condition=new, state=ok, price=2.07), Product(id=27778, name=product 27778, condition=new, state=ok, price=2.08), Product(id=19590, name=product 19590, condition=new, state=ok, price=2.09), Product(id=6566, name=product 6566, condition=new, state=ok, price=2.1), Product(id=37612, name=product 37612, condition=new, state=ok, price=2.11), Product(id=58129, name=product 58129, condition=new, state=ok, price=2.11), Product(id=86959, name=product 86959, condition=new, state=ok, price=2.11), Product(id=4751, name=product 4751, condition=new, state=ok, price=2.12), Product(id=8365, name=product 8365, condition=new, state=ok, price=2.12), Product(id=19642, name=product 19642, condition=new, state=ok, price=2.13), Product(id=40998, name=product 40998, condition=new, state=ok, price=2.13), Product(id=47322, name=product 47322, condition=new, state=ok, price=2.13), Product(id=55917, name=product 55917, condition=new, state=ok, price=2.13), Product(id=58420, name=product 58420, condition=new, state=ok, price=2.13), Product(id=7931, name=product 7931, condition=new, state=ok, price=2.14), Product(id=22397, name=product 22397, condition=new, state=ok, price=2.15), Product(id=36613, name=product 36613, condition=new, state=ok, price=2.15), Product(id=11920, name=product 11920, condition=new, state=ok, price=2.16), Product(id=52139, name=product 52139, condition=new, state=ok, price=2.16), Product(id=30028, name=product 30028, condition=new, state=ok, price=2.17), Product(id=91191, name=product 91191, condition=new, state=ok, price=2.17), Product(id=13286, name=product 13286, condition=new, state=ok, price=2.18), Product(id=36432, name=product 36432, condition=new, state=ok, price=2.19), Product(id=27971, name=product 27971, condition=new, state=ok, price=2.2), Product(id=66372, name=product 66372, condition=new, state=ok, price=2.2), Product(id=32003, name=product 32003, condition=new, state=ok, price=2.21), Product(id=81928, name=product 81928, condition=new, state=ok, price=2.21), Product(id=8937, name=product 8937, condition=new, state=ok, price=2.21), Product(id=23996, name=product 23996, condition=new, state=ok, price=2.22), Product(id=12069, name=product 12069, condition=new, state=ok, price=2.23), Product(id=36918, name=product 36918, condition=new, state=ok, price=2.23), Product(id=94265, name=product 94265, condition=new, state=ok, price=2.23), Product(id=782, name=product 782, condition=new, state=ok, price=2.24), Product(id=16300, name=product 16300, condition=new, state=ok, price=2.26), Product(id=24060, name=product 24060, condition=new, state=ok, price=2.26), Product(id=60097, name=product 60097, condition=new, state=ok, price=2.26), Product(id=79389, name=product 79389, condition=new, state=ok, price=2.26), Product(id=51536, name=product 51536, condition=new, state=ok, price=2.27), Product(id=74999, name=product 74999, condition=new, state=ok, price=2.27), Product(id=13732, name=product 13732, condition=new, state=ok, price=2.28), Product(id=8511, name=product 8511, condition=new, state=ok, price=2.28), Product(id=89213, name=product 89213, condition=new, state=ok, price=2.28), Product(id=9621, name=product 9621, condition=new, state=ok, price=2.28), Product(id=7410, name=product 7410, condition=new, state=ok, price=2.29), Product(id=95151, name=product 95151, condition=new, state=ok, price=2.29), Product(id=96536, name=product 96536, condition=new, state=ok, price=2.29), Product(id=232, name=product 232, condition=new, state=ok, price=2.3), Product(id=35086, name=product 35086, condition=new, state=ok, price=2.3), Product(id=47689, name=product 47689, condition=new, state=ok, price=2.3), Product(id=93568, name=product 93568, condition=new, state=ok, price=2.3), Product(id=4661, name=product 4661, condition=new, state=ok, price=2.31), Product(id=84361, name=product 84361, condition=new, state=ok, price=2.31), Product(id=7350, name=product 7350, condition=new, state=ok, price=2.32), Product(id=77943, name=product 77943, condition=new, state=ok, price=2.32), Product(id=83806, name=product 83806, condition=new, state=ok, price=2.32), Product(id=97622, name=product 97622, condition=new, state=ok, price=2.32), Product(id=11781, name=product 11781, condition=new, state=ok, price=2.33), Product(id=3086, name=product 3086, condition=new, state=ok, price=2.33), Product(id=32622, name=product 32622, condition=new, state=ok, price=2.33), Product(id=3477, name=product 3477, condition=new, state=ok, price=2.33), Product(id=3958, name=product 3958, condition=new, state=ok, price=2.33), Product(id=68943, name=product 68943, condition=new, state=ok, price=2.33), Product(id=7164, name=product 7164, condition=new, state=ok, price=2.33), Product(id=11030, name=product 11030, condition=new, state=ok, price=2.34), Product(id=13991, name=product 13991, condition=new, state=ok, price=2.34), Product(id=52364, name=product 52364, condition=new, state=ok, price=2.34), Product(id=13689, name=product 13689, condition=new, state=ok, price=2.35), Product(id=10177, name=product 10177, condition=new, state=ok, price=2.36), Product(id=3675, name=product 3675, condition=new, state=ok, price=2.36), Product(id=66452, name=product 66452, condition=new, state=ok, price=2.36), Product(id=73689, name=product 73689, condition=new, state=ok, price=2.36), Product(id=8578, name=product 8578, condition=new, state=ok, price=2.36), Product(id=26521, name=product 26521, condition=new, state=ok, price=2.38), Product(id=33854, name=product 33854, condition=new, state=ok, price=2.38), Product(id=10344, name=product 10344, condition=new, state=ok, price=2.39), Product(id=36072, name=product 36072, condition=new, state=ok, price=2.39), Product(id=41368, name=product 41368, condition=new, state=ok, price=2.39), Product(id=5551, name=product 5551, condition=new, state=ok, price=2.39), Product(id=6853, name=product 6853, condition=new, state=ok, price=2.4), Product(id=8626, name=product 8626, condition=new, state=ok, price=2.41), Product(id=98554, name=product 98554, condition=new, state=ok, price=2.41), Product(id=3725, name=product 3725, condition=new, state=ok, price=2.42), Product(id=47638, name=product 47638, condition=new, state=ok, price=2.42), Product(id=89410, name=product 89410, condition=new, state=ok, price=2.42), Product(id=68610, name=product 68610, condition=new, state=ok, price=2.43), Product(id=84822, name=product 84822, condition=new, state=ok, price=2.43), Product(id=4672, name=product 4672, condition=new, state=ok, price=2.44), Product(id=61796, name=product 61796, condition=new, state=ok, price=2.44), Product(id=21600, name=product 21600, condition=new, state=ok, price=2.45), Product(id=26270, name=product 26270, condition=new, state=ok, price=2.45), Product(id=38736, name=product 38736, condition=new, state=ok, price=2.45), Product(id=5054, name=product 5054, condition=new, state=ok, price=2.45), Product(id=2902, name=product 2902, condition=new, state=ok, price=2.46), Product(id=35844, name=product 35844, condition=new, state=ok, price=2.47), Product(id=68250, name=product 68250, condition=new, state=ok, price=2.47), Product(id=16131, name=product 16131, condition=new, state=ok, price=2.48), Product(id=14730, name=product 14730, condition=new, state=ok, price=2.49), Product(id=25631, name=product 25631, condition=new, state=ok, price=2.49), Product(id=39309, name=product 39309, condition=new, state=ok, price=2.49), Product(id=3058, name=product 3058, condition=new, state=ok, price=2.5), Product(id=3253, name=product 3253, condition=new, state=ok, price=2.5), Product(id=6694, name=product 6694, condition=new, state=ok, price=2.5), Product(id=97058, name=product 97058, condition=new, state=ok, price=2.5), Product(id=31587, name=product 31587, condition=new, state=ok, price=2.51), Product(id=95813, name=product 95813, condition=new, state=ok, price=2.52), Product(id=1663, name=product 1663, condition=new, state=ok, price=2.53), Product(id=2599, name=product 2599, condition=new, state=ok, price=2.53), Product(id=34132, name=product 34132, condition=new, state=ok, price=2.56), Product(id=39787, name=product 39787, condition=new, state=ok, price=2.56), Product(id=15965, name=product 15965, condition=new, state=ok, price=2.57), Product(id=29262, name=product 29262, condition=new, state=ok, price=2.57), Product(id=1538, name=product 1538, condition=new, state=ok, price=2.58), Product(id=75154, name=product 75154, condition=new, state=ok, price=2.58), Product(id=2401, name=product 2401, condition=new, state=ok, price=2.59), Product(id=28790, name=product 28790, condition=new, state=ok, price=2.59), Product(id=5242, name=product 5242, condition=new, state=ok, price=2.59), Product(id=6747, name=product 6747, condition=new, state=ok, price=2.6), Product(id=77811, name=product 77811, condition=new, state=ok, price=2.6), Product(id=97, name=product 97, condition=new, state=ok, price=2.6), Product(id=31220, name=product 31220, condition=new, state=ok, price=2.61), Product(id=40726, name=product 40726, condition=new, state=ok, price=2.62), Product(id=31137, name=product 31137, condition=new, state=ok, price=2.64), Product(id=1326, name=product 1326, condition=new, state=ok, price=2.66), Product(id=49352, name=product 49352, condition=new, state=ok, price=2.66), Product(id=73204, name=product 73204, condition=new, state=ok, price=2.66), Product(id=8659, name=product 8659, condition=new, state=ok, price=2.66), Product(id=1844, name=product 1844, condition=new, state=ok, price=2.67), Product(id=64184, name=product 64184, condition=new, state=ok, price=2.67), Product(id=70763, name=product 70763, condition=new, state=ok, price=2.67), Product(id=7457, name=product 7457, condition=new, state=ok, price=2.67), Product(id=8747, name=product 8747, condition=new, state=ok, price=2.67), Product(id=73274, name=product 73274, condition=new, state=ok, price=2.68), Product(id=10057, name=product 10057, condition=new, state=ok, price=2.69), Product(id=10944, name=product 10944, condition=new, state=ok, price=2.69), Product(id=27970, name=product 27970, condition=new, state=ok, price=2.69), Product(id=3298, name=product 3298, condition=new, state=ok, price=2.69), Product(id=51666, name=product 51666, condition=new, state=ok, price=2.69), Product(id=58656, name=product 58656, condition=new, state=ok, price=2.69), Product(id=50225, name=product 50225, condition=new, state=ok, price=2.71), Product(id=79, name=product 79, condition=new, state=ok, price=2.72), Product(id=1868, name=product 1868, condition=new, state=ok, price=2.73), Product(id=32929, name=product 32929, condition=new, state=ok, price=2.73), Product(id=48208, name=product 48208, condition=new, state=ok, price=2.73), Product(id=9697, name=product 9697, condition=new, state=ok, price=2.73), Product(id=33333, name=product 33333, condition=new, state=ok, price=2.74), Product(id=7219, name=product 7219, condition=new, state=ok, price=2.74), Product(id=75621, name=product 75621, condition=new, state=ok, price=2.74), Product(id=10445, name=product 10445, condition=new, state=ok, price=2.75), Product(id=1998, name=product 1998, condition=new, state=ok, price=2.75), Product(id=14531, name=product 14531, condition=new, state=ok, price=2.76), Product(id=91978, name=product 91978, condition=new, state=ok, price=2.76), Product(id=6276, name=product 6276, condition=new, state=ok, price=2.77), Product(id=5268, name=product 5268, condition=new, state=ok, price=2.78), Product(id=7670, name=product 7670, condition=new, state=ok, price=2.79), Product(id=26645, name=product 26645, condition=new, state=ok, price=2.8), Product(id=48461, name=product 48461, condition=new, state=ok, price=2.8), Product(id=97084, name=product 97084, condition=new, state=ok, price=2.81), Product(id=12685, name=product 12685, condition=new, state=ok, price=2.82), Product(id=18726, name=product 18726, condition=new, state=ok, price=2.82), Product(id=30014, name=product 30014, condition=new, state=ok, price=2.82), Product(id=3611, name=product 3611, condition=new, state=ok, price=2.82), Product(id=68705, name=product 68705, condition=new, state=ok, price=2.82), Product(id=75441, name=product 75441, condition=new, state=ok, price=2.82), Product(id=9962, name=product 9962, condition=new, state=ok, price=2.82), Product(id=59563, name=product 59563, condition=new, state=ok, price=2.83), Product(id=30279, name=product 30279, condition=new, state=ok, price=2.84), Product(id=32856, name=product 32856, condition=new, state=ok, price=2.84), Product(id=44063, name=product 44063, condition=new, state=ok, price=2.84), Product(id=8093, name=product 8093, condition=new, state=ok, price=2.85), Product(id=21767, name=product 21767, condition=new, state=ok, price=2.86), Product(id=82141, name=product 82141, condition=new, state=ok, price=2.86), Product(id=97206, name=product 97206, condition=new, state=ok, price=2.86), Product(id=5579, name=product 5579, condition=new, state=ok, price=2.87), Product(id=6146, name=product 6146, condition=new, state=ok, price=2.87), Product(id=8691, name=product 8691, condition=new, state=ok, price=2.87), Product(id=12208, name=product 12208, condition=new, state=ok, price=2.88), Product(id=15994, name=product 15994, condition=new, state=ok, price=2.88), Product(id=24174, name=product 24174, condition=new, state=ok, price=2.88), Product(id=48477, name=product 48477, condition=new, state=ok, price=2.88), Product(id=56082, name=product 56082, condition=new, state=ok, price=2.88), Product(id=6087, name=product 6087, condition=new, state=ok, price=2.88), Product(id=89976, name=product 89976, condition=new, state=ok, price=2.88), Product(id=27414, name=product 27414, condition=new, state=ok, price=2.89), Product(id=13553, name=product 13553, condition=new, state=ok, price=2.9), Product(id=84912, name=product 84912, condition=new, state=ok, price=2.9), Product(id=15935, name=product 15935, condition=new, state=ok, price=2.91), Product(id=36372, name=product 36372, condition=new, state=ok, price=2.91), Product(id=49558, name=product 49558, condition=new, state=ok, price=2.91), Product(id=77026, name=product 77026, condition=new, state=ok, price=2.91), Product(id=16066, name=product 16066, condition=new, state=ok, price=2.92), Product(id=364, name=product 364, condition=new, state=ok, price=2.92), Product(id=94929, name=product 94929, condition=new, state=ok, price=2.92), Product(id=44437, name=product 44437, condition=new, state=ok, price=2.94), Product(id=5495, name=product 5495, condition=new, state=ok, price=2.95), Product(id=9911, name=product 9911, condition=new, state=ok, price=2.95), Product(id=34733, name=product 34733, condition=new, state=ok, price=2.96), Product(id=56650, name=product 56650, condition=new, state=ok, price=2.96), Product(id=30315, name=product 30315, condition=new, state=ok, price=2.97), Product(id=29240, name=product 29240, condition=new, state=ok, price=2.98), Product(id=41692, name=product 41692, condition=new, state=ok, price=2.98), Product(id=45698, name=product 45698, condition=new, state=ok, price=2.98), Product(id=80740, name=product 80740, condition=new, state=ok, price=2.99), Product(id=20323, name=product 20323, condition=new, state=ok, price=3.01), Product(id=40008, name=product 40008, condition=new, state=ok, price=3.01), Product(id=10237, name=product 10237, condition=new, state=ok, price=3.02), Product(id=5904, name=product 5904, condition=new, state=ok, price=3.02), Product(id=81799, name=product 81799, condition=new, state=ok, price=3.02), Product(id=10261, name=product 10261, condition=new, state=ok, price=3.03), Product(id=1481, name=product 1481, condition=new, state=ok, price=3.03), Product(id=2729, name=product 2729, condition=new, state=ok, price=3.03), Product(id=2356, name=product 2356, condition=new, state=ok, price=3.05), Product(id=345, name=product 345, condition=new, state=ok, price=3.05), Product(id=5942, name=product 5942, condition=new, state=ok, price=3.05), Product(id=24721, name=product 24721, condition=new, state=ok, price=3.06), Product(id=7146, name=product 7146, condition=new, state=ok, price=3.06), Product(id=14328, name=product 14328, condition=new, state=ok, price=3.07), Product(id=4121, name=product 4121, condition=new, state=ok, price=3.07), Product(id=13526, name=product 13526, condition=new, state=ok, price=3.08), Product(id=50832, name=product 50832, condition=new, state=ok, price=3.09), Product(id=16812, name=product 16812, condition=new, state=ok, price=3.1), Product(id=19204, name=product 19204, condition=new, state=ok, price=3.1), Product(id=55575, name=product 55575, condition=new, state=ok, price=3.1), Product(id=70511, name=product 70511, condition=new, state=ok, price=3.1), Product(id=77129, name=product 77129, condition=new, state=ok, price=3.11), Product(id=93325, name=product 93325, condition=new, state=ok, price=3.11), Product(id=34195, name=product 34195, condition=new, state=ok, price=3.12), Product(id=4445, name=product 4445, condition=new, state=ok, price=3.13), Product(id=47294, name=product 47294, condition=new, state=ok, price=3.13), Product(id=81861, name=product 81861, condition=new, state=ok, price=3.13), Product(id=68107, name=product 68107, condition=new, state=ok, price=3.14), Product(id=63287, name=product 63287, condition=new, state=ok, price=3.15), Product(id=36783, name=product 36783, condition=new, state=ok, price=3.16), Product(id=80778, name=product 80778, condition=new, state=ok, price=3.16), Product(id=94570, name=product 94570, condition=new, state=ok, price=3.17), Product(id=99427, name=product 99427, condition=new, state=ok, price=3.17), Product(id=1405, name=product 1405, condition=new, state=ok, price=3.18), Product(id=22336, name=product 22336, condition=new, state=ok, price=3.19), Product(id=8632, name=product 8632, condition=new, state=ok, price=3.19), Product(id=8798, name=product 8798, condition=new, state=ok, price=3.19), Product(id=3317, name=product 3317, condition=new, state=ok, price=3.2), Product(id=14302, name=product 14302, condition=new, state=ok, price=3.21), Product(id=29477, name=product 29477, condition=new, state=ok, price=3.21), Product(id=35128, name=product 35128, condition=new, state=ok, price=3.21), Product(id=7683, name=product 7683, condition=new, state=ok, price=3.21), Product(id=9940, name=product 9940, condition=new, state=ok, price=3.21), Product(id=1145, name=product 1145, condition=new, state=ok, price=3.22), Product(id=11577, name=product 11577, condition=new, state=ok, price=3.22), Product(id=66963, name=product 66963, condition=new, state=ok, price=3.23), Product(id=70577, name=product 70577, condition=new, state=ok, price=3.23), Product(id=4929, name=product 4929, condition=new, state=ok, price=3.24), Product(id=50427, name=product 50427, condition=new, state=ok, price=3.24), Product(id=81254, name=product 81254, condition=new, state=ok, price=3.24), Product(id=2467, name=product 2467, condition=new, state=ok, price=3.25), Product(id=47176, name=product 47176, condition=new, state=ok, price=3.25), Product(id=51451, name=product 51451, condition=new, state=ok, price=3.25), Product(id=13913, name=product 13913, condition=new, state=ok, price=3.26), Product(id=98901, name=product 98901, condition=new, state=ok, price=3.28), Product(id=13221, name=product 13221, condition=new, state=ok, price=3.29), Product(id=17287, name=product 17287, condition=new, state=ok, price=3.29), Product(id=78790, name=product 78790, condition=new, state=ok, price=3.29), Product(id=16942, name=product 16942, condition=new, state=ok, price=3.3), Product(id=2905, name=product 2905, condition=new, state=ok, price=3.3), Product(id=36462, name=product 36462, condition=new, state=ok, price=3.3), Product(id=8466, name=product 8466, condition=new, state=ok, price=3.32), Product(id=5443, name=product 5443, condition=new, state=ok, price=3.33), Product(id=40398, name=product 40398, condition=new, state=ok, price=3.34), Product(id=9200, name=product 9200, condition=new, state=ok, price=3.35), Product(id=31379, name=product 31379, condition=new, state=ok, price=3.36), Product(id=31721, name=product 31721, condition=new, state=ok, price=3.36), Product(id=40393, name=product 40393, condition=new, state=ok, price=3.36), Product(id=25050, name=product 25050, condition=new, state=ok, price=3.37), Product(id=14151, name=product 14151, condition=new, state=ok, price=3.38), Product(id=91826, name=product 91826, condition=new, state=ok, price=3.38), Product(id=2295, name=product 2295, condition=new, state=ok, price=3.39), Product(id=64419, name=product 64419, condition=new, state=ok, price=3.39), Product(id=13579, name=product 13579, condition=new, state=ok, price=3.4), Product(id=27570, name=product 27570, condition=new, state=ok, price=3.4), Product(id=2839, name=product 2839, condition=new, state=ok, price=3.4), Product(id=281, name=product 281, condition=new, state=ok, price=3.41), Product(id=13571, name=product 13571, condition=new, state=ok, price=3.42), Product(id=1453, name=product 1453, condition=new, state=ok, price=3.42), Product(id=22344, name=product 22344, condition=new, state=ok, price=3.42), Product(id=33099, name=product 33099, condition=new, state=ok, price=3.42), Product(id=35764, name=product 35764, condition=new, state=ok, price=3.44), Product(id=51630, name=product 51630, condition=new, state=ok, price=3.44), Product(id=54197, name=product 54197, condition=new, state=ok, price=3.44), Product(id=19909, name=product 19909, condition=new, state=ok, price=3.45), Product(id=23124, name=product 23124, condition=new, state=ok, price=3.45), Product(id=34649, name=product 34649, condition=new, state=ok, price=3.45), Product(id=68316, name=product 68316, condition=new, state=ok, price=3.45), Product(id=28909, name=product 28909, condition=new, state=ok, price=3.47), Product(id=13920, name=product 13920, condition=new, state=ok, price=3.49), Product(id=7477, name=product 7477, condition=new, state=ok, price=3.49), Product(id=41630, name=product 41630, condition=new, state=ok, price=3.5), Product(id=12998, name=product 12998, condition=new, state=ok, price=3.51), Product(id=3666, name=product 3666, condition=new, state=ok, price=3.51), Product(id=50089, name=product 50089, condition=new, state=ok, price=3.51), Product(id=17675, name=product 17675, condition=new, state=ok, price=3.52), Product(id=31366, name=product 31366, condition=new, state=ok, price=3.52), Product(id=4387, name=product 4387, condition=new, state=ok, price=3.52), Product(id=82223, name=product 82223, condition=new, state=ok, price=3.52), Product(id=57660, name=product 57660, condition=new, state=ok, price=3.53), Product(id=23539, name=product 23539, condition=new, state=ok, price=3.54), Product(id=5626, name=product 5626, condition=new, state=ok, price=3.54), Product(id=5804, name=product 5804, condition=new, state=ok, price=3.54), Product(id=8613, name=product 8613, condition=new, state=ok, price=3.54), Product(id=17007, name=product 17007, condition=new, state=ok, price=3.55), Product(id=2832, name=product 2832, condition=new, state=ok, price=3.55), Product(id=2995, name=product 2995, condition=new, state=ok, price=3.55), Product(id=52586, name=product 52586, condition=new, state=ok, price=3.55), Product(id=6134, name=product 6134, condition=new, state=ok, price=3.55), Product(id=13137, name=product 13137, condition=new, state=ok, price=3.56), Product(id=2307, name=product 2307, condition=new, state=ok, price=3.56), Product(id=70998, name=product 70998, condition=new, state=ok, price=3.56), Product(id=82580, name=product 82580, condition=new, state=ok, price=3.56), Product(id=11464, name=product 11464, condition=new, state=ok, price=3.57), Product(id=35102, name=product 35102, condition=new, state=ok, price=3.57), Product(id=54437, name=product 54437, condition=new, state=ok, price=3.58), Product(id=12736, name=product 12736, condition=new, state=ok, price=3.59), Product(id=20267, name=product 20267, condition=new, state=ok, price=3.6), Product(id=57400, name=product 57400, condition=new, state=ok, price=3.6), Product(id=8718, name=product 8718, condition=new, state=ok, price=3.61), Product(id=2904, name=product 2904, condition=new, state=ok, price=3.62), Product(id=4675, name=product 4675, condition=new, state=ok, price=3.62), Product(id=1858, name=product 1858, condition=new, state=ok, price=3.63), Product(id=81101, name=product 81101, condition=new, state=ok, price=3.64), Product(id=28369, name=product 28369, condition=new, state=ok, price=3.65), Product(id=75132, name=product 75132, condition=new, state=ok, price=3.65), Product(id=17461, name=product 17461, condition=new, state=ok, price=3.66), Product(id=20214, name=product 20214, condition=new, state=ok, price=3.66), Product(id=57588, name=product 57588, condition=new, state=ok, price=3.66), Product(id=1350, name=product 1350, condition=new, state=ok, price=3.67), Product(id=17535, name=product 17535, condition=new, state=ok, price=3.69), Product(id=21367, name=product 21367, condition=new, state=ok, price=3.69), Product(id=5493, name=product 5493, condition=new, state=ok, price=3.69), Product(id=98815, name=product 98815, condition=new, state=ok, price=3.69), Product(id=17726, name=product 17726, condition=new, state=ok, price=3.7), Product(id=2037, name=product 2037, condition=new, state=ok, price=3.7), Product(id=2524, name=product 2524, condition=new, state=ok, price=3.7), Product(id=2682, name=product 2682, condition=new, state=ok, price=3.7), Product(id=44821, name=product 44821, condition=new, state=ok, price=3.7), Product(id=8980, name=product 8980, condition=new, state=ok, price=3.7), Product(id=28872, name=product 28872, condition=new, state=ok, price=3.71), Product(id=39601, name=product 39601, condition=new, state=ok, price=3.71), Product(id=46597, name=product 46597, condition=new, state=ok, price=3.71), Product(id=20277, name=product 20277, condition=new, state=ok, price=3.72), Product(id=21835, name=product 21835, condition=new, state=ok, price=3.72), Product(id=74545, name=product 74545, condition=new, state=ok, price=3.72), Product(id=22677, name=product 22677, condition=new, state=ok, price=3.73), Product(id=2496, name=product 2496, condition=new, state=ok, price=3.73), Product(id=28430, name=product 28430, condition=new, state=ok, price=3.73), Product(id=55103, name=product 55103, condition=new, state=ok, price=3.73), Product(id=65553, name=product 65553, condition=new, state=ok, price=3.73), Product(id=5999, name=product 5999, condition=new, state=ok, price=3.74), Product(id=22517, name=product 22517, condition=new, state=ok, price=3.75), Product(id=46849, name=product 46849, condition=new, state=ok, price=3.75), Product(id=20301, name=product 20301, condition=new, state=ok, price=3.76), Product(id=2286, name=product 2286, condition=new, state=ok, price=3.76), Product(id=9592, name=product 9592, condition=new, state=ok, price=3.76), Product(id=9553, name=product 9553, condition=new, state=ok, price=3.77), Product(id=73, name=product 73, condition=new, state=ok, price=3.79), Product(id=97418, name=product 97418, condition=new, state=ok, price=3.79), Product(id=12589, name=product 12589, condition=new, state=ok, price=3.8), Product(id=42601, name=product 42601, condition=new, state=ok, price=3.8), Product(id=13610, name=product 13610, condition=new, state=ok, price=3.81), Product(id=95248, name=product 95248, condition=new, state=ok, price=3.81), Product(id=38862, name=product 38862, condition=new, state=ok, price=3.82), Product(id=2422, name=product 2422, condition=new, state=ok, price=3.83), Product(id=31765, name=product 31765, condition=new, state=ok, price=3.84), Product(id=35478, name=product 35478, condition=new, state=ok, price=3.84), Product(id=47042, name=product 47042, condition=new, state=ok, price=3.84), Product(id=1314, name=product 1314, condition=new, state=ok, price=3.85), Product(id=1645, name=product 1645, condition=new, state=ok, price=3.85), Product(id=11542, name=product 11542, condition=new, state=ok, price=3.86), Product(id=25701, name=product 25701, condition=new, state=ok, price=3.86), Product(id=76706, name=product 76706, condition=new, state=ok, price=3.86), Product(id=10260, name=product 10260, condition=new, state=ok, price=3.87), Product(id=1541, name=product 1541, condition=new, state=ok, price=3.87), Product(id=62883, name=product 62883, condition=new, state=ok, price=3.88), Product(id=78739, name=product 78739, condition=new, state=ok, price=3.88), Product(id=8299, name=product 8299, condition=new, state=ok, price=3.88), Product(id=2591, name=product 2591, condition=new, state=ok, price=3.89), Product(id=62839, name=product 62839, condition=new, state=ok, price=3.89), Product(id=33697, name=product 33697, condition=new, state=ok, price=3.9), Product(id=49252, name=product 49252, condition=new, state=ok, price=3.9), Product(id=65, name=product 65, condition=new, state=ok, price=3.91), Product(id=11650, name=product 11650, condition=new, state=ok, price=3.92), Product(id=35938, name=product 35938, condition=new, state=ok, price=3.92), Product(id=44514, name=product 44514, condition=new, state=ok, price=3.92), Product(id=11942, name=product 11942, condition=new, state=ok, price=3.93), Product(id=16921, name=product 16921, condition=new, state=ok, price=3.93), Product(id=33134, name=product 33134, condition=new, state=ok, price=3.93), Product(id=3975, name=product 3975, condition=new, state=ok, price=3.93), Product(id=20027, name=product 20027, condition=new, state=ok, price=3.94), Product(id=67334, name=product 67334, condition=new, state=ok, price=3.94), Product(id=72331, name=product 72331, condition=new, state=ok, price=3.94), Product(id=19383, name=product 19383, condition=new, state=ok, price=3.95), Product(id=21666, name=product 21666, condition=new, state=ok, price=3.95), Product(id=71865, name=product 71865, condition=new, state=ok, price=3.95), Product(id=79542, name=product 79542, condition=new, state=ok, price=3.95), Product(id=2367, name=product 2367, condition=new, state=ok, price=3.97), Product(id=6201, name=product 6201, condition=new, state=ok, price=3.97), Product(id=15675, name=product 15675, condition=new, state=ok, price=3.98), Product(id=24529, name=product 24529, condition=new, state=ok, price=3.98), Product(id=3559, name=product 3559, condition=new, state=ok, price=3.98), Product(id=77303, name=product 77303, condition=new, state=ok, price=3.98), Product(id=84475, name=product 84475, condition=new, state=ok, price=3.98), Product(id=9319, name=product 9319, condition=new, state=ok, price=4.0), Product(id=72037, name=product 72037, condition=new, state=ok, price=4.01), Product(id=76516, name=product 76516, condition=new, state=ok, price=4.02), Product(id=84553, name=product 84553, condition=new, state=ok, price=4.02), Product(id=88615, name=product 88615, condition=new, state=ok, price=4.02), Product(id=93204, name=product 93204, condition=new, state=ok, price=4.02), Product(id=3019, name=product 3019, condition=new, state=ok, price=4.03), Product(id=7713, name=product 7713, condition=new, state=ok, price=4.03), Product(id=23887, name=product 23887, condition=new, state=ok, price=4.04), Product(id=27463, name=product 27463, condition=new, state=ok, price=4.04), Product(id=25838, name=product 25838, condition=new, state=ok, price=4.05), Product(id=33017, name=product 33017, condition=new, state=ok, price=4.05), Product(id=58794, name=product 58794, condition=new, state=ok, price=4.05), Product(id=75209, name=product 75209, condition=new, state=ok, price=4.06), Product(id=15255, name=product 15255, condition=new, state=ok, price=4.08), Product(id=46672, name=product 46672, condition=new, state=ok, price=4.08), Product(id=52135, name=product 52135, condition=new, state=ok, price=4.08), Product(id=8009, name=product 8009, condition=new, state=ok, price=4.08), Product(id=81498, name=product 81498, condition=new, state=ok, price=4.08), Product(id=24173, name=product 24173, condition=new, state=ok, price=4.09), Product(id=33305, name=product 33305, condition=new, state=ok, price=4.09), Product(id=65819, name=product 65819, condition=new, state=ok, price=4.09), Product(id=17776, name=product 17776, condition=new, state=ok, price=4.1), Product(id=45459, name=product 45459, condition=new, state=ok, price=4.1), Product(id=25090, name=product 25090, condition=new, state=ok, price=4.11), Product(id=95651, name=product 95651, condition=new, state=ok, price=4.11), Product(id=13359, name=product 13359, condition=new, state=ok, price=4.12), Product(id=21549, name=product 21549, condition=new, state=ok, price=4.12), Product(id=10570, name=product 10570, condition=new, state=ok, price=4.14), Product(id=37961, name=product 37961, condition=new, state=ok, price=4.14), Product(id=24690, name=product 24690, condition=new, state=ok, price=4.15), Product(id=10868, name=product 10868, condition=new, state=ok, price=4.16), Product(id=1219, name=product 1219, condition=new, state=ok, price=4.16), Product(id=7704, name=product 7704, condition=new, state=ok, price=4.16), Product(id=54350, name=product 54350, condition=new, state=ok, price=4.17), Product(id=9443, name=product 9443, condition=new, state=ok, price=4.17), Product(id=19658, name=product 19658, condition=new, state=ok, price=4.18), Product(id=31585, name=product 31585, condition=new, state=ok, price=4.19), Product(id=27372, name=product 27372, condition=new, state=ok, price=4.2), Product(id=11826, name=product 11826, condition=new, state=ok, price=4.23), Product(id=21367, name=product 21367, condition=new, state=ok, price=4.23), Product(id=23819, name=product 23819, condition=new, state=ok, price=4.23), Product(id=71190, name=product 71190, condition=new, state=ok, price=4.23), Product(id=38945, name=product 38945, condition=new, state=ok, price=4.24), Product(id=19399, name=product 19399, condition=new, state=ok, price=4.25), Product(id=57183, name=product 57183, condition=new, state=ok, price=4.26), Product(id=93649, name=product 93649, condition=new, state=ok, price=4.26), Product(id=20605, name=product 20605, condition=new, state=ok, price=4.27), Product(id=52349, name=product 52349, condition=new, state=ok, price=4.27), Product(id=8309, name=product 8309, condition=new, state=ok, price=4.27), Product(id=83254, name=product 83254, condition=new, state=ok, price=4.27), Product(id=17138, name=product 17138, condition=new, state=ok, price=4.28), Product(id=22870, name=product 22870, condition=new, state=ok, price=4.28), Product(id=4122, name=product 4122, condition=new, state=ok, price=4.28), Product(id=29606, name=product 29606, condition=new, state=ok, price=4.3), Product(id=33123, name=product 33123, condition=new, state=ok, price=4.3), Product(id=46395, name=product 46395, condition=new, state=ok, price=4.3), Product(id=19024, name=product 19024, condition=new, state=ok, price=4.31), Product(id=2946, name=product 2946, condition=new, state=ok, price=4.31), Product(id=37977, name=product 37977, condition=new, state=ok, price=4.32), Product(id=4284, name=product 4284, condition=new, state=ok, price=4.32), Product(id=38849, name=product 38849, condition=new, state=ok, price=4.34), Product(id=47188, name=product 47188, condition=new, state=ok, price=4.34), Product(id=71638, name=product 71638, condition=new, state=ok, price=4.34), Product(id=10803, name=product 10803, condition=new, state=ok, price=4.35), Product(id=1251, name=product 1251, condition=new, state=ok, price=4.35), Product(id=28716, name=product 28716, condition=new, state=ok, price=4.35), Product(id=53300, name=product 53300, condition=new, state=ok, price=4.35), Product(id=59718, name=product 59718, condition=new, state=ok, price=4.35), Product(id=886, name=product 886, condition=new, state=ok, price=4.35), Product(id=7005, name=product 7005, condition=new, state=ok, price=4.37), Product(id=99842, name=product 99842, condition=new, state=ok, price=4.38), Product(id=20827, name=product 20827, condition=new, state=ok, price=4.39), Product(id=21843, name=product 21843, condition=new, state=ok, price=4.39), Product(id=2350, name=product 2350, condition=new, state=ok, price=4.39), Product(id=2947, name=product 2947, condition=new, state=ok, price=4.39), Product(id=3126, name=product 3126, condition=new, state=ok, price=4.39), Product(id=13620, name=product 13620, condition=new, state=ok, price=4.4), Product(id=3290, name=product 3290, condition=new, state=ok, price=4.4), Product(id=17939, name=product 17939, condition=new, state=ok, price=4.41), Product(id=3465, name=product 3465, condition=new, state=ok, price=4.41), Product(id=48794, name=product 48794, condition=new, state=ok, price=4.41), Product(id=19222, name=product 19222, condition=new, state=ok, price=4.42), Product(id=24057, name=product 24057, condition=new, state=ok, price=4.42), Product(id=57615, name=product 57615, condition=new, state=ok, price=4.42), Product(id=88964, name=product 88964, condition=new, state=ok, price=4.42), Product(id=23766, name=product 23766, condition=new, state=ok, price=4.44), Product(id=22398, name=product 22398, condition=new, state=ok, price=4.45), Product(id=6078, name=product 6078, condition=new, state=ok, price=4.45), Product(id=91073, name=product 91073, condition=new, state=ok, price=4.45), Product(id=94647, name=product 94647, condition=new, state=ok, price=4.45), Product(id=27911, name=product 27911, condition=new, state=ok, price=4.46), Product(id=19864, name=product 19864, condition=new, state=ok, price=4.47), Product(id=5672, name=product 5672, condition=new, state=ok, price=4.47), Product(id=14830, name=product 14830, condition=new, state=ok, price=4.48), Product(id=29096, name=product 29096, condition=new, state=ok, price=4.48), Product(id=4645, name=product 4645, condition=new, state=ok, price=4.48), Product(id=75346, name=product 75346, condition=new, state=ok, price=4.48), Product(id=48417, name=product 48417, condition=new, state=ok, price=4.51), Product(id=270, name=product 270, condition=new, state=ok, price=4.52), Product(id=17897, name=product 17897, condition=new, state=ok, price=4.53), Product(id=53809, name=product 53809, condition=new, state=ok, price=4.53), Product(id=75638, name=product 75638, condition=new, state=ok, price=4.53), Product(id=37935, name=product 37935, condition=new, state=ok, price=4.54), Product(id=2950, name=product 2950, condition=new, state=ok, price=4.55), Product(id=5339, name=product 5339, condition=new, state=ok, price=4.55), Product(id=1256, name=product 1256, condition=new, state=ok, price=4.56), Product(id=13686, name=product 13686, condition=new, state=ok, price=4.56), Product(id=3478, name=product 3478, condition=new, state=ok, price=4.56), Product(id=48384, name=product 48384, condition=new, state=ok, price=4.57), Product(id=1370, name=product 1370, condition=new, state=ok, price=4.58), Product(id=2447, name=product 2447, condition=new, state=ok, price=4.58), Product(id=3984, name=product 3984, condition=new, state=ok, price=4.59), Product(id=96921, name=product 96921, condition=new, state=ok, price=4.59), Product(id=45941, name=product 45941, condition=new, state=ok, price=4.6), Product(id=19803, name=product 19803, condition=new, state=ok, price=4.61), Product(id=33226, name=product 33226, condition=new, state=ok, price=4.61), Product(id=94164, name=product 94164, condition=new, state=ok, price=4.61), Product(id=93437, name=product 93437, condition=new, state=ok, price=4.63), Product(id=23158, name=product 23158, condition=new, state=ok, price=4.65), Product(id=31597, name=product 31597, condition=new, state=ok, price=4.65), Product(id=32378, name=product 32378, condition=new, state=ok, price=4.66), Product(id=6989, name=product 6989, condition=new, state=ok, price=4.66), Product(id=48711, name=product 48711, condition=new, state=ok, price=4.67), Product(id=6689, name=product 6689, condition=new, state=ok, price=4.67), Product(id=72602, name=product 72602, condition=new, state=ok, price=4.68), Product(id=7876, name=product 7876, condition=new, state=ok, price=4.68), Product(id=99324, name=product 99324, condition=new, state=ok, price=4.68), Product(id=54595, name=product 54595, condition=new, state=ok, price=4.69), Product(id=4898, name=product 4898, condition=new, state=ok, price=4.71), Product(id=33342, name=product 33342, condition=new, state=ok, price=4.73), Product(id=40396, name=product 40396, condition=new, state=ok, price=4.73), Product(id=94146, name=product 94146, condition=new, state=ok, price=4.73), Product(id=15886, name=product 15886, condition=new, state=ok, price=4.74), Product(id=40572, name=product 40572, condition=new, state=ok, price=4.74), Product(id=8530, name=product 8530, condition=new, state=ok, price=4.74), Product(id=1961, name=product 1961, condition=new, state=ok, price=4.75), Product(id=2176, name=product 2176, condition=new, state=ok, price=4.76), Product(id=28564, name=product 28564, condition=new, state=ok, price=4.76), Product(id=48448, name=product 48448, condition=new, state=ok, price=4.76), Product(id=86475, name=product 86475, condition=new, state=ok, price=4.76), Product(id=36622, name=product 36622, condition=new, state=ok, price=4.77), Product(id=2179, name=product 2179, condition=new, state=ok, price=4.78), Product(id=21967, name=product 21967, condition=new, state=ok, price=4.78), Product(id=2353, name=product 2353, condition=new, state=ok, price=4.78), Product(id=23349, name=product 23349, condition=new, state=ok, price=4.79), Product(id=50094, name=product 50094, condition=new, state=ok, price=4.79), Product(id=13381, name=product 13381, condition=new, state=ok, price=4.8), Product(id=23853, name=product 23853, condition=new, state=ok, price=4.81), Product(id=44604, name=product 44604, condition=new, state=ok, price=4.81), Product(id=74635, name=product 74635, condition=new, state=ok, price=4.81), Product(id=1799, name=product 1799, condition=new, state=ok, price=4.82), Product(id=23094, name=product 23094, condition=new, state=ok, price=4.83), Product(id=27123, name=product 27123, condition=new, state=ok, price=4.83), Product(id=28366, name=product 28366, condition=new, state=ok, price=4.83), Product(id=43258, name=product 43258, condition=new, state=ok, price=4.83), Product(id=2491, name=product 2491, condition=new, state=ok, price=4.84), Product(id=76522, name=product 76522, condition=new, state=ok, price=4.85), Product(id=80012, name=product 80012, condition=new, state=ok, price=4.85), Product(id=1275, name=product 1275, condition=new, state=ok, price=4.86), Product(id=6052, name=product 6052, condition=new, state=ok, price=4.86), Product(id=74420, name=product 74420, condition=new, state=ok, price=4.86), Product(id=964, name=product 964, condition=new, state=ok, price=4.86), Product(id=50097, name=product 50097, condition=new, state=ok, price=4.87), Product(id=92832, name=product 92832, condition=new, state=ok, price=4.87), Product(id=15755, name=product 15755, condition=new, state=ok, price=4.88), Product(id=21592, name=product 21592, condition=new, state=ok, price=4.88), Product(id=36644, name=product 36644, condition=new, state=ok, price=4.88), Product(id=59, name=product 59, condition=new, state=ok, price=4.88), Product(id=60138, name=product 60138, condition=new, state=ok, price=4.88), Product(id=67230, name=product 67230, condition=new, state=ok, price=4.88), Product(id=9870, name=product 9870, condition=new, state=ok, price=4.89), Product(id=18174, name=product 18174, condition=new, state=ok, price=4.91), Product(id=65772, name=product 65772, condition=new, state=ok, price=4.91), Product(id=87257, name=product 87257, condition=new, state=ok, price=4.91), Product(id=4784, name=product 4784, condition=new, state=ok, price=4.93), Product(id=5398, name=product 5398, condition=new, state=ok, price=4.93), Product(id=70441, name=product 70441, condition=new, state=ok, price=4.93), Product(id=11854, name=product 11854, condition=new, state=ok, price=4.94), Product(id=15434, name=product 15434, condition=new, state=ok, price=4.94), Product(id=27766, name=product 27766, condition=new, state=ok, price=4.94), Product(id=29221, name=product 29221, condition=new, state=ok, price=4.94), Product(id=6491, name=product 6491, condition=new, state=ok, price=4.97), Product(id=11466, name=product 11466, condition=new, state=ok, price=4.98), Product(id=12196, name=product 12196, condition=new, state=ok, price=4.98), Product(id=12297, name=product 12297, condition=new, state=ok, price=4.98), Product(id=1820, name=product 1820, condition=new, state=ok, price=5.0)]&gt; but was: java.util.LinkedList&lt;[Product(id=51505, name=product 51505, condition=new, state=ok, price=0.01), Product(id=23605, name=product 23605, condition=new, state=ok, price=0.02), Product(id=99685, name=product 99685, condition=new, state=ok, price=0.02), Product(id=21625, name=product 21625, condition=new, state=ok, price=0.03), Product(id=6808, name=product 6808, condition=new, state=ok, price=0.03), Product(id=78883, name=product 78883, condition=new, state=ok, price=0.03), Product(id=3439, name=product 3439, condition=new, state=ok, price=0.04), Product(id=2546, name=product 2546, condition=new, state=ok, price=0.05), Product(id=32667, name=product 32667, condition=new, state=ok, price=0.05), Product(id=8585, name=product 8585, condition=new, state=ok, price=0.05), Product(id=11358, name=product 11358, condition=new, state=ok, price=0.06), Product(id=32858, name=product 32858, condition=new, state=ok, price=0.06), Product(id=50807, name=product 50807, condition=new, state=ok, price=0.06), Product(id=62690, name=product 62690, condition=new, state=ok, price=0.06), Product(id=1343, name=product 1343, condition=new, state=ok, price=0.07), Product(id=20138, name=product 20138, condition=new, state=ok, price=0.07), Product(id=20611, name=product 20611, condition=new, state=ok, price=0.07), Product(id=10121, name=product 10121, condition=new, state=ok, price=0.09), Product(id=75159, name=product 75159, condition=new, state=ok, price=0.1), Product(id=385, name=product 385, condition=new, state=ok, price=0.11), Product(id=62900, name=product 62900, condition=new, state=ok, price=0.11), Product(id=87452, name=product 87452, condition=new, state=ok, price=0.11), Product(id=633, name=product 633, condition=new, state=ok, price=0.12), Product(id=64177, name=product 64177, condition=new, state=ok, price=0.12), Product(id=7657, name=product 7657, condition=new, state=ok, price=0.12), Product(id=10316, name=product 10316, condition=new, state=ok, price=0.13), Product(id=4711, name=product 4711, condition=new, state=ok, price=0.14), Product(id=9257, name=product 9257, condition=new, state=ok, price=0.14), Product(id=15558, name=product 15558, condition=new, state=ok, price=0.15), Product(id=24740, name=product 24740, condition=new, state=ok, price=0.15), Product(id=42114, name=product 42114, condition=new, state=ok, price=0.15), Product(id=60531, name=product 60531, condition=new, state=ok, price=0.15), Product(id=19214, name=product 19214, condition=new, state=ok, price=0.16), Product(id=14201, name=product 14201, condition=new, state=ok, price=0.17), Product(id=2025, name=product 2025, condition=new, state=ok, price=0.17), Product(id=17914, name=product 17914, condition=new, state=ok, price=0.18), Product(id=22356, name=product 22356, condition=new, state=ok, price=0.18), Product(id=40370, name=product 40370, condition=new, state=ok, price=0.18), Product(id=85972, name=product 85972, condition=new, state=ok, price=0.19), Product(id=97342, name=product 97342, condition=new, state=ok, price=0.2), Product(id=15445, name=product 15445, condition=new, state=ok, price=0.21), Product(id=17984, name=product 17984, condition=new, state=ok, price=0.21), Product(id=23080, name=product 23080, condition=new, state=ok, price=0.21), Product(id=2668, name=product 2668, condition=new, state=ok, price=0.21), Product(id=3471, name=product 3471, condition=new, state=ok, price=0.21), Product(id=67740, name=product 67740, condition=new, state=ok, price=0.21), Product(id=76225, name=product 76225, condition=new, state=ok, price=0.21), Product(id=83935, name=product 83935, condition=new, state=ok, price=0.21), Product(id=8756, name=product 8756, condition=new, state=ok, price=0.21), Product(id=2172, name=product 2172, condition=new, state=ok, price=0.22), Product(id=33948, name=product 33948, condition=new, state=ok, price=0.22), Product(id=37639, name=product 37639, condition=new, state=ok, price=0.23), Product(id=5171, name=product 5171, condition=new, state=ok, price=0.23), Product(id=2879, name=product 2879, condition=new, state=ok, price=0.24), Product(id=45718, name=product 45718, condition=new, state=ok, price=0.24), Product(id=68067, name=product 68067, condition=new, state=ok, price=0.24), Product(id=13541, name=product 13541, condition=new, state=ok, price=0.25), Product(id=31517, name=product 31517, condition=new, state=ok, price=0.25), Product(id=55613, name=product 55613, condition=new, state=ok, price=0.25), Product(id=13837, name=product 13837, condition=new, state=ok, price=0.26), Product(id=4178, name=product 4178, condition=new, state=ok, price=0.27), Product(id=45952, name=product 45952, condition=new, state=ok, price=0.27), Product(id=50622, name=product 50622, condition=new, state=ok, price=0.27), Product(id=65269, name=product 65269, condition=new, state=ok, price=0.27), Product(id=11923, name=product 11923, condition=new, state=ok, price=0.28), Product(id=20144, name=product 20144, condition=new, state=ok, price=0.28), Product(id=42615, name=product 42615, condition=new, state=ok, price=0.28), Product(id=14372, name=product 14372, condition=new, state=ok, price=0.29), Product(id=15747, name=product 15747, condition=new, state=ok, price=0.29), Product(id=20370, name=product 20370, condition=new, state=ok, price=0.29), Product(id=25601, name=product 25601, condition=new, state=ok, price=0.3), Product(id=3644, name=product 3644, condition=new, state=ok, price=0.3), Product(id=5635, name=product 5635, condition=new, state=ok, price=0.31), Product(id=15611, name=product 15611, condition=new, state=ok, price=0.34), Product(id=23709, name=product 23709, condition=new, state=ok, price=0.35), Product(id=54677, name=product 54677, condition=new, state=ok, price=0.36), Product(id=8436, name=product 8436, condition=new, state=ok, price=0.36), Product(id=9559, name=product 9559, condition=new, state=ok, price=0.37), Product(id=21998, name=product 21998, condition=new, state=ok, price=0.38), Product(id=45581, name=product 45581, condition=new, state=ok, price=0.38), Product(id=52416, name=product 52416, condition=new, state=ok, price=0.38), Product(id=1700, name=product 1700, condition=new, state=ok, price=0.39), Product(id=4668, name=product 4668, condition=new, state=ok, price=0.39), Product(id=58608, name=product 58608, condition=new, state=ok, price=0.39), Product(id=13678, name=product 13678, condition=new, state=ok, price=0.4), Product(id=23494, name=product 23494, condition=new, state=ok, price=0.41), Product(id=27785, name=product 27785, condition=new, state=ok, price=0.41), Product(id=93439, name=product 93439, condition=new, state=ok, price=0.41), Product(id=26601, name=product 26601, condition=new, state=ok, price=0.42), Product(id=38240, name=product 38240, condition=new, state=ok, price=0.42), Product(id=21742, name=product 21742, condition=new, state=ok, price=0.43), Product(id=78895, name=product 78895, condition=new, state=ok, price=0.43), Product(id=6900, name=product 6900, condition=new, state=ok, price=0.45), Product(id=9556, name=product 9556, condition=new, state=ok, price=0.45), Product(id=12660, name=product 12660, condition=new, state=ok, price=0.47), Product(id=22356, name=product 22356, condition=new, state=ok, price=0.47), Product(id=41358, name=product 41358, condition=new, state=ok, price=0.49), Product(id=523, name=product 523, condition=new, state=ok, price=0.5), Product(id=74091, name=product 74091, condition=new, state=ok, price=0.5), Product(id=10209, name=product 10209, condition=new, state=ok, price=0.51), Product(id=18390, name=product 18390, condition=new, state=ok, price=0.51), Product(id=22084, name=product 22084, condition=new, state=ok, price=0.52), Product(id=44000, name=product 44000, condition=new, state=ok, price=0.52), Product(id=66321, name=product 66321, condition=new, state=ok, price=0.52), Product(id=13164, name=product 13164, condition=new, state=ok, price=0.53), Product(id=35021, name=product 35021, condition=new, state=ok, price=0.53), Product(id=1028, name=product 1028, condition=new, state=ok, price=0.54), Product(id=1057, name=product 1057, condition=new, state=ok, price=0.54), Product(id=29111, name=product 29111, condition=new, state=ok, price=0.54), Product(id=93134, name=product 93134, condition=new, state=ok, price=0.54), Product(id=99323, name=product 99323, condition=new, state=ok, price=0.54), Product(id=15769, name=product 15769, condition=new, state=ok, price=0.55), Product(id=16138, name=product 16138, condition=new, state=ok, price=0.56), Product(id=1824, name=product 1824, condition=new, state=ok, price=0.56), Product(id=25302, name=product 25302, condition=new, state=ok, price=0.56), Product(id=892, name=product 892, condition=new, state=ok, price=0.56), Product(id=11755, name=product 11755, condition=new, state=ok, price=0.57), Product(id=24825, name=product 24825, condition=new, state=ok, price=0.57), Product(id=1744, name=product 1744, condition=new, state=ok, price=0.58), Product(id=39097, name=product 39097, condition=new, state=ok, price=0.58), Product(id=51089, name=product 51089, condition=new, state=ok, price=0.58), Product(id=58009, name=product 58009, condition=new, state=ok, price=0.58), Product(id=20440, name=product 20440, condition=new, state=ok, price=0.59), Product(id=4211, name=product 4211, condition=new, state=ok, price=0.59), Product(id=52916, name=product 52916, condition=new, state=ok, price=0.59), Product(id=63114, name=product 63114, condition=new, state=ok, price=0.59), Product(id=27684, name=product 27684, condition=new, state=ok, price=0.6), Product(id=22474, name=product 22474, condition=new, state=ok, price=0.61), Product(id=4505, name=product 4505, condition=new, state=ok, price=0.61), Product(id=19719, name=product 19719, condition=new, state=ok, price=0.62), Product(id=20907, name=product 20907, condition=new, state=ok, price=0.62), Product(id=22761, name=product 22761, condition=new, state=ok, price=0.62), Product(id=41409, name=product 41409, condition=new, state=ok, price=0.62), Product(id=864, name=product 864, condition=new, state=ok, price=0.62), Product(id=13801, name=product 13801, condition=new, state=ok, price=0.63), Product(id=2510, name=product 2510, condition=new, state=ok, price=0.64), Product(id=19245, name=product 19245, condition=new, state=ok, price=0.65), Product(id=7484, name=product 7484, condition=new, state=ok, price=0.65), Product(id=91753, name=product 91753, condition=new, state=ok, price=0.65), Product(id=24674, name=product 24674, condition=new, state=ok, price=0.66), Product(id=4519, name=product 4519, condition=new, state=ok, price=0.66), Product(id=18420, name=product 18420, condition=new, state=ok, price=0.68), Product(id=6388, name=product 6388, condition=new, state=ok, price=0.68), Product(id=37485, name=product 37485, condition=new, state=ok, price=0.69), Product(id=770, name=product 770, condition=new, state=ok, price=0.69), Product(id=22513, name=product 22513, condition=new, state=ok, price=0.7), Product(id=28, name=product 28, condition=new, state=ok, price=0.71), Product(id=30140, name=product 30140, condition=new, state=ok, price=0.71), Product(id=34310, name=product 34310, condition=new, state=ok, price=0.71), Product(id=57597, name=product 57597, condition=new, state=ok, price=0.71), Product(id=71244, name=product 71244, condition=new, state=ok, price=0.71), Product(id=51949, name=product 51949, condition=new, state=ok, price=0.73), Product(id=819, name=product 819, condition=new, state=ok, price=0.73), Product(id=7816, name=product 7816, condition=new, state=ok, price=0.74), Product(id=3883, name=product 3883, condition=new, state=ok, price=0.75), Product(id=13915, name=product 13915, condition=new, state=ok, price=0.76), Product(id=26043, name=product 26043, condition=new, state=ok, price=0.76), Product(id=590, name=product 590, condition=new, state=ok, price=0.76), Product(id=61283, name=product 61283, condition=new, state=ok, price=0.76), Product(id=21430, name=product 21430, condition=new, state=ok, price=0.77), Product(id=528, name=product 528, condition=new, state=ok, price=0.77), Product(id=19034, name=product 19034, condition=new, state=ok, price=0.78), Product(id=2919, name=product 2919, condition=new, state=ok, price=0.78), Product(id=33428, name=product 33428, condition=new, state=ok, price=0.78), Product(id=44148, name=product 44148, condition=new, state=ok, price=0.78), Product(id=35046, name=product 35046, condition=new, state=ok, price=0.79), Product(id=6394, name=product 6394, condition=new, state=ok, price=0.79), Product(id=100224, name=product 100224, condition=new, state=ok, price=0.8), Product(id=24584, name=product 24584, condition=new, state=ok, price=0.8), Product(id=3705, name=product 3705, condition=new, state=ok, price=0.8), Product(id=42886, name=product 42886, condition=new, state=ok, price=0.81), Product(id=8589, name=product 8589, condition=new, state=ok, price=0.82), Product(id=38425, name=product 38425, condition=new, state=ok, price=0.84), Product(id=79193, name=product 79193, condition=new, state=ok, price=0.84), Product(id=36019, name=product 36019, condition=new, state=ok, price=0.85), Product(id=2948, name=product 2948, condition=new, state=ok, price=0.86), Product(id=18224, name=product 18224, condition=new, state=ok, price=0.87), Product(id=71826, name=product 71826, condition=new, state=ok, price=0.87), Product(id=167, name=product 167, condition=new, state=ok, price=0.89), Product(id=5474, name=product 5474, condition=new, state=ok, price=0.89), Product(id=65539, name=product 65539, condition=new, state=ok, price=0.89), Product(id=25325, name=product 25325, condition=new, state=ok, price=0.9), Product(id=33875, name=product 33875, condition=new, state=ok, price=0.9), Product(id=9963, name=product 9963, condition=new, state=ok, price=0.9), Product(id=75835, name=product 75835, condition=new, state=ok, price=0.92), Product(id=20214, name=product 20214, condition=new, state=ok, price=0.93), Product(id=11779, name=product 11779, condition=new, state=ok, price=0.94), Product(id=40663, name=product 40663, condition=new, state=ok, price=0.94), Product(id=993, name=product 993, condition=new, state=ok, price=0.94), Product(id=5549, name=product 5549, condition=new, state=ok, price=0.95), Product(id=27, name=product 27, condition=new, state=ok, price=0.96), Product(id=31730, name=product 31730, condition=new, state=ok, price=0.96), Product(id=6005, name=product 6005, condition=new, state=ok, price=0.97), Product(id=70279, name=product 70279, condition=new, state=ok, price=0.98), Product(id=2103, name=product 2103, condition=new, state=ok, price=0.99), Product(id=48574, name=product 48574, condition=new, state=ok, price=0.99), Product(id=11229, name=product 11229, condition=new, state=ok, price=1.01), Product(id=19569, name=product 19569, condition=new, state=ok, price=1.01), Product(id=34288, name=product 34288, condition=new, state=ok, price=1.01), Product(id=3599, name=product 3599, condition=new, state=ok, price=1.01), Product(id=40709, name=product 40709, condition=new, state=ok, price=1.01), Product(id=14982, name=product 14982, condition=new, state=ok, price=1.02), Product(id=82969, name=product 82969, condition=new, state=ok, price=1.02), Product(id=10547, name=product 10547, condition=new, state=ok, price=1.03), Product(id=20542, name=product 20542, condition=new, state=ok, price=1.05), Product(id=37103, name=product 37103, condition=new, state=ok, price=1.06), Product(id=76815, name=product 76815, condition=new, state=ok, price=1.06), Product(id=13611, name=product 13611, condition=new, state=ok, price=1.07), Product(id=49034, name=product 49034, condition=new, state=ok, price=1.07), Product(id=116, name=product 116, condition=new, state=ok, price=1.08), Product(id=44158, name=product 44158, condition=new, state=ok, price=1.08), Product(id=4524, name=product 4524, condition=new, state=ok, price=1.08), Product(id=90412, name=product 90412, condition=new, state=ok, price=1.08), Product(id=5711, name=product 5711, condition=new, state=ok, price=1.09), Product(id=65701, name=product 65701, condition=new, state=ok, price=1.09), Product(id=75064, name=product 75064, condition=new, state=ok, price=1.09), Product(id=42526, name=product 42526, condition=new, state=ok, price=1.1), Product(id=1933, name=product 1933, condition=new, state=ok, price=1.11), Product(id=270, name=product 270, condition=new, state=ok, price=1.11), Product(id=76220, name=product 76220, condition=new, state=ok, price=1.12), Product(id=27, name=product 27, condition=new, state=ok, price=1.13), Product(id=18071, name=product 18071, condition=new, state=ok, price=1.14), Product(id=34108, name=product 34108, condition=new, state=ok, price=1.14), Product(id=99110, name=product 99110, condition=new, state=ok, price=1.15), Product(id=10411, name=product 10411, condition=new, state=ok, price=1.16), Product(id=15356, name=product 15356, condition=new, state=ok, price=1.16), Product(id=24769, name=product 24769, condition=new, state=ok, price=1.16), Product(id=26540, name=product 26540, condition=new, state=ok, price=1.17), Product(id=3410, name=product 3410, condition=new, state=ok, price=1.17), Product(id=3909, name=product 3909, condition=new, state=ok, price=1.18), Product(id=589, name=product 589, condition=new, state=ok, price=1.19), Product(id=14031, name=product 14031, condition=new, state=ok, price=1.2), Product(id=19514, name=product 19514, condition=new, state=ok, price=1.2), Product(id=61644, name=product 61644, condition=new, state=ok, price=1.2), Product(id=4795, name=product 4795, condition=new, state=ok, price=1.23), Product(id=11292, name=product 11292, condition=new, state=ok, price=1.24), Product(id=44351, name=product 44351, condition=new, state=ok, price=1.25), Product(id=20906, name=product 20906, condition=new, state=ok, price=1.26), Product(id=22988, name=product 22988, condition=new, state=ok, price=1.26), Product(id=29227, name=product 29227, condition=new, state=ok, price=1.26), Product(id=39647, name=product 39647, condition=new, state=ok, price=1.26), Product(id=46152, name=product 46152, condition=new, state=ok, price=1.26), Product(id=4621, name=product 4621, condition=new, state=ok, price=1.26), Product(id=48016, name=product 48016, condition=new, state=ok, price=1.26), Product(id=7636, name=product 7636, condition=new, state=ok, price=1.26), Product(id=8187, name=product 8187, condition=new, state=ok, price=1.27), Product(id=8354, name=product 8354, condition=new, state=ok, price=1.27), Product(id=211, name=product 211, condition=new, state=ok, price=1.29), Product(id=53977, name=product 53977, condition=new, state=ok, price=1.29), Product(id=60226, name=product 60226, condition=new, state=ok, price=1.29), Product(id=11263, name=product 11263, condition=new, state=ok, price=1.3), Product(id=35282, name=product 35282, condition=new, state=ok, price=1.3), Product(id=51706, name=product 51706, condition=new, state=ok, price=1.3), Product(id=4636, name=product 4636, condition=new, state=ok, price=1.31), Product(id=12254, name=product 12254, condition=new, state=ok, price=1.32), Product(id=2835, name=product 2835, condition=new, state=ok, price=1.32), Product(id=41727, name=product 41727, condition=new, state=ok, price=1.32), Product(id=65157, name=product 65157, condition=new, state=ok, price=1.32), Product(id=73356, name=product 73356, condition=new, state=ok, price=1.32), Product(id=75005, name=product 75005, condition=new, state=ok, price=1.32), Product(id=13009, name=product 13009, condition=new, state=ok, price=1.34), Product(id=88437, name=product 88437, condition=new, state=ok, price=1.34), Product(id=95808, name=product 95808, condition=new, state=ok, price=1.34), Product(id=31589, name=product 31589, condition=new, state=ok, price=1.36), Product(id=4218, name=product 4218, condition=new, state=ok, price=1.37), Product(id=16383, name=product 16383, condition=new, state=ok, price=1.38), Product(id=14919, name=product 14919, condition=new, state=ok, price=1.39), Product(id=15191, name=product 15191, condition=new, state=ok, price=1.39), Product(id=11403, name=product 11403, condition=new, state=ok, price=1.4), Product(id=2080, name=product 2080, condition=new, state=ok, price=1.4), Product(id=31428, name=product 31428, condition=new, state=ok, price=1.4), Product(id=31594, name=product 31594, condition=new, state=ok, price=1.4), Product(id=92481, name=product 92481, condition=new, state=ok, price=1.4), Product(id=18926, name=product 18926, condition=new, state=ok, price=1.41), Product(id=62186, name=product 62186, condition=new, state=ok, price=1.41), Product(id=26629, name=product 26629, condition=new, state=ok, price=1.42), Product(id=48044, name=product 48044, condition=new, state=ok, price=1.42), Product(id=9113, name=product 9113, condition=new, state=ok, price=1.42), Product(id=31796, name=product 31796, condition=new, state=ok, price=1.43), Product(id=98311, name=product 98311, condition=new, state=ok, price=1.45), Product(id=11288, name=product 11288, condition=new, state=ok, price=1.46), Product(id=9356, name=product 9356, condition=new, state=ok, price=1.46), Product(id=62933, name=product 62933, condition=new, state=ok, price=1.47), Product(id=93238, name=product 93238, condition=new, state=ok, price=1.47), Product(id=18122, name=product 18122, condition=new, state=ok, price=1.48), Product(id=38823, name=product 38823, condition=new, state=ok, price=1.49), Product(id=21554, name=product 21554, condition=new, state=ok, price=1.5), Product(id=3229, name=product 3229, condition=new, state=ok, price=1.5), Product(id=853, name=product 853, condition=new, state=ok, price=1.5), Product(id=44199, name=product 44199, condition=new, state=ok, price=1.51), Product(id=46983, name=product 46983, condition=new, state=ok, price=1.51), Product(id=35213, name=product 35213, condition=new, state=ok, price=1.52), Product(id=52085, name=product 52085, condition=new, state=ok, price=1.54), Product(id=6740, name=product 6740, condition=new, state=ok, price=1.54), Product(id=22837, name=product 22837, condition=new, state=ok, price=1.55), Product(id=52153, name=product 52153, condition=new, state=ok, price=1.56), Product(id=40337, name=product 40337, condition=new, state=ok, price=1.59), Product(id=6586, name=product 6586, condition=new, state=ok, price=1.59), Product(id=17958, name=product 17958, condition=new, state=ok, price=1.6), Product(id=20460, name=product 20460, condition=new, state=ok, price=1.6), Product(id=3254, name=product 3254, condition=new, state=ok, price=1.6), Product(id=45350, name=product 45350, condition=new, state=ok, price=1.6), Product(id=27752, name=product 27752, condition=new, state=ok, price=1.62), Product(id=1110, name=product 1110, condition=new, state=ok, price=1.63), Product(id=21714, name=product 21714, condition=new, state=ok, price=1.63), Product(id=2854, name=product 2854, condition=new, state=ok, price=1.63), Product(id=30211, name=product 30211, condition=new, state=ok, price=1.63), Product(id=57116, name=product 57116, condition=new, state=ok, price=1.63), Product(id=99693, name=product 99693, condition=new, state=ok, price=1.63), Product(id=24997, name=product 24997, condition=new, state=ok, price=1.64), Product(id=26993, name=product 26993, condition=new, state=ok, price=1.64), Product(id=532, name=product 532, condition=new, state=ok, price=1.64), Product(id=567, name=product 567, condition=new, state=ok, price=1.64), Product(id=7216, name=product 7216, condition=new, state=ok, price=1.65), Product(id=56862, name=product 56862, condition=new, state=ok, price=1.66), Product(id=31442, name=product 31442, condition=new, state=ok, price=1.67), Product(id=13399, name=product 13399, condition=new, state=ok, price=1.69), Product(id=46747, name=product 46747, condition=new, state=ok, price=1.69), Product(id=70610, name=product 70610, condition=new, state=ok, price=1.69), Product(id=42509, name=product 42509, condition=new, state=ok, price=1.7), Product(id=72179, name=product 72179, condition=new, state=ok, price=1.7), Product(id=15313, name=product 15313, condition=new, state=ok, price=1.71), Product(id=38713, name=product 38713, condition=new, state=ok, price=1.71), Product(id=59915, name=product 59915, condition=new, state=ok, price=1.71), Product(id=73596, name=product 73596, condition=new, state=ok, price=1.72), Product(id=894, name=product 894, condition=new, state=ok, price=1.72), Product(id=10077, name=product 10077, condition=new, state=ok, price=1.73), Product(id=20326, name=product 20326, condition=new, state=ok, price=1.73), Product(id=22324, name=product 22324, condition=new, state=ok, price=1.73), Product(id=40636, name=product 40636, condition=new, state=ok, price=1.73), Product(id=5693, name=product 5693, condition=new, state=ok, price=1.74), Product(id=20837, name=product 20837, condition=new, state=ok, price=1.75), Product(id=37795, name=product 37795, condition=new, state=ok, price=1.75), Product(id=41835, name=product 41835, condition=new, state=ok, price=1.76), Product(id=18719, name=product 18719, condition=new, state=ok, price=1.77), Product(id=60, name=product 60, condition=new, state=ok, price=1.77), Product(id=7346, name=product 7346, condition=new, state=ok, price=1.77), Product(id=39608, name=product 39608, condition=new, state=ok, price=1.78), Product(id=8212, name=product 8212, condition=new, state=ok, price=1.78), Product(id=82705, name=product 82705, condition=new, state=ok, price=1.78), Product(id=9639, name=product 9639, condition=new, state=ok, price=1.78), Product(id=14251, name=product 14251, condition=new, state=ok, price=1.8), Product(id=2485, name=product 2485, condition=new, state=ok, price=1.8), Product(id=46370, name=product 46370, condition=new, state=ok, price=1.8), Product(id=61191, name=product 61191, condition=new, state=ok, price=1.8), Product(id=98202, name=product 98202, condition=new, state=ok, price=1.8), Product(id=86382, name=product 86382, condition=new, state=ok, price=1.82), Product(id=9354, name=product 9354, condition=new, state=ok, price=1.82), Product(id=22856, name=product 22856, condition=new, state=ok, price=1.83), Product(id=25205, name=product 25205, condition=new, state=ok, price=1.83), Product(id=27914, name=product 27914, condition=new, state=ok, price=1.83), Product(id=60746, name=product 60746, condition=new, state=ok, price=1.83), Product(id=64307, name=product 64307, condition=new, state=ok, price=1.83), Product(id=1911, name=product 1911, condition=new, state=ok, price=1.84), Product(id=22781, name=product 22781, condition=new, state=ok, price=1.84), Product(id=37572, name=product 37572, condition=new, state=ok, price=1.84), Product(id=38234, name=product 38234, condition=new, state=ok, price=1.84), Product(id=4423, name=product 4423, condition=new, state=ok, price=1.84), Product(id=99357, name=product 99357, condition=new, state=ok, price=1.84), Product(id=13787, name=product 13787, condition=new, state=ok, price=1.85), Product(id=1457, name=product 1457, condition=new, state=ok, price=1.85), Product(id=3577, name=product 3577, condition=new, state=ok, price=1.85), Product(id=4851, name=product 4851, condition=new, state=ok, price=1.86), Product(id=62888, name=product 62888, condition=new, state=ok, price=1.86), Product(id=29883, name=product 29883, condition=new, state=ok, price=1.87), Product(id=67623, name=product 67623, condition=new, state=ok, price=1.87), Product(id=7917, name=product 7917, condition=new, state=ok, price=1.87), Product(id=345, name=product 345, condition=new, state=ok, price=1.88), Product(id=46295, name=product 46295, condition=new, state=ok, price=1.88), Product(id=46381, name=product 46381, condition=new, state=ok, price=1.89), Product(id=601, name=product 601, condition=new, state=ok, price=1.89), Product(id=80323, name=product 80323, condition=new, state=ok, price=1.89), Product(id=31742, name=product 31742, condition=new, state=ok, price=1.9), Product(id=80781, name=product 80781, condition=new, state=ok, price=1.9), Product(id=11922, name=product 11922, condition=new, state=ok, price=1.91), Product(id=63841, name=product 63841, condition=new, state=ok, price=1.91), Product(id=1617, name=product 1617, condition=new, state=ok, price=1.92), Product(id=3702, name=product 3702, condition=new, state=ok, price=1.92), Product(id=89229, name=product 89229, condition=new, state=ok, price=1.92), Product(id=14082, name=product 14082, condition=new, state=ok, price=1.93), Product(id=59350, name=product 59350, condition=new, state=ok, price=1.93), Product(id=48201, name=product 48201, condition=new, state=ok, price=1.94), Product(id=28317, name=product 28317, condition=new, state=ok, price=1.95), Product(id=43870, name=product 43870, condition=new, state=ok, price=1.95), Product(id=48731, name=product 48731, condition=new, state=ok, price=1.95), Product(id=1212, name=product 1212, condition=new, state=ok, price=1.96), Product(id=1754, name=product 1754, condition=new, state=ok, price=1.96), Product(id=21139, name=product 21139, condition=new, state=ok, price=1.96), Product(id=98058, name=product 98058, condition=new, state=ok, price=1.96), Product(id=19345, name=product 19345, condition=new, state=ok, price=1.97), Product(id=94354, name=product 94354, condition=new, state=ok, price=1.97), Product(id=1383, name=product 1383, condition=new, state=ok, price=1.98), Product(id=2130, name=product 2130, condition=new, state=ok, price=1.99), Product(id=43597, name=product 43597, condition=new, state=ok, price=1.99), Product(id=47528, name=product 47528, condition=new, state=ok, price=1.99), Product(id=296, name=product 296, condition=new, state=ok, price=2.0), Product(id=33108, name=product 33108, condition=new, state=ok, price=2.0), Product(id=37228, name=product 37228, condition=new, state=ok, price=2.0), Product(id=79117, name=product 79117, condition=new, state=ok, price=2.0), Product(id=83677, name=product 83677, condition=new, state=ok, price=2.01), Product(id=83971, name=product 83971, condition=new, state=ok, price=2.01), Product(id=32594, name=product 32594, condition=new, state=ok, price=2.04), Product(id=33467, name=product 33467, condition=new, state=ok, price=2.04), Product(id=49932, name=product 49932, condition=new, state=ok, price=2.04), Product(id=22704, name=product 22704, condition=new, state=ok, price=2.05), Product(id=28125, name=product 28125, condition=new, state=ok, price=2.07), Product(id=88211, name=product 88211, condition=new, state=ok, price=2.07), Product(id=27778, name=product 27778, condition=new, state=ok, price=2.08), Product(id=19590, name=product 19590, condition=new, state=ok, price=2.09), Product(id=6566, name=product 6566, condition=new, state=ok, price=2.1), Product(id=37612, name=product 37612, condition=new, state=ok, price=2.11), Product(id=58129, name=product 58129, condition=new, state=ok, price=2.11), Product(id=86959, name=product 86959, condition=new, state=ok, price=2.11), Product(id=4751, name=product 4751, condition=new, state=ok, price=2.12), Product(id=8365, name=product 8365, condition=new, state=ok, price=2.12), Product(id=19642, name=product 19642, condition=new, state=ok, price=2.13), Product(id=40998, name=product 40998, condition=new, state=ok, price=2.13), Product(id=47322, name=product 47322, condition=new, state=ok, price=2.13), Product(id=55917, name=product 55917, condition=new, state=ok, price=2.13), Product(id=58420, name=product 58420, condition=new, state=ok, price=2.13), Product(id=7931, name=product 7931, condition=new, state=ok, price=2.14), Product(id=22397, name=product 22397, condition=new, state=ok, price=2.15), Product(id=36613, name=product 36613, condition=new, state=ok, price=2.15), Product(id=11920, name=product 11920, condition=new, state=ok, price=2.16), Product(id=52139, name=product 52139, condition=new, state=ok, price=2.16), Product(id=30028, name=product 30028, condition=new, state=ok, price=2.17), Product(id=91191, name=product 91191, condition=new, state=ok, price=2.17), Product(id=13286, name=product 13286, condition=new, state=ok, price=2.18), Product(id=36432, name=product 36432, condition=new, state=ok, price=2.19), Product(id=27971, name=product 27971, condition=new, state=ok, price=2.2), Product(id=66372, name=product 66372, condition=new, state=ok, price=2.2), Product(id=32003, name=product 32003, condition=new, state=ok, price=2.21), Product(id=81928, name=product 81928, condition=new, state=ok, price=2.21), Product(id=8937, name=product 8937, condition=new, state=ok, price=2.21), Product(id=23996, name=product 23996, condition=new, state=ok, price=2.22), Product(id=12069, name=product 12069, condition=new, state=ok, price=2.23), Product(id=36918, name=product 36918, condition=new, state=ok, price=2.23), Product(id=94265, name=product 94265, condition=new, state=ok, price=2.23), Product(id=782, name=product 782, condition=new, state=ok, price=2.24), Product(id=16300, name=product 16300, condition=new, state=ok, price=2.26), Product(id=24060, name=product 24060, condition=new, state=ok, price=2.26), Product(id=60097, name=product 60097, condition=new, state=ok, price=2.26), Product(id=79389, name=product 79389, condition=new, state=ok, price=2.26), Product(id=51536, name=product 51536, condition=new, state=ok, price=2.27), Product(id=74999, name=product 74999, condition=new, state=ok, price=2.27), Product(id=13732, name=product 13732, condition=new, state=ok, price=2.28), Product(id=8511, name=product 8511, condition=new, state=ok, price=2.28), Product(id=89213, name=product 89213, condition=new, state=ok, price=2.28), Product(id=9621, name=product 9621, condition=new, state=ok, price=2.28), Product(id=7410, name=product 7410, condition=new, state=ok, price=2.29), Product(id=95151, name=product 95151, condition=new, state=ok, price=2.29), Product(id=96536, name=product 96536, condition=new, state=ok, price=2.29), Product(id=232, name=product 232, condition=new, state=ok, price=2.3), Product(id=35086, name=product 35086, condition=new, state=ok, price=2.3), Product(id=47689, name=product 47689, condition=new, state=ok, price=2.3), Product(id=93568, name=product 93568, condition=new, state=ok, price=2.3), Product(id=4661, name=product 4661, condition=new, state=ok, price=2.31), Product(id=84361, name=product 84361, condition=new, state=ok, price=2.31), Product(id=7350, name=product 7350, condition=new, state=ok, price=2.32), Product(id=77943, name=product 77943, condition=new, state=ok, price=2.32), Product(id=83806, name=product 83806, condition=new, state=ok, price=2.32), Product(id=97622, name=product 97622, condition=new, state=ok, price=2.32), Product(id=11781, name=product 11781, condition=new, state=ok, price=2.33), Product(id=3086, name=product 3086, condition=new, state=ok, price=2.33), Product(id=32622, name=product 32622, condition=new, state=ok, price=2.33), Product(id=3477, name=product 3477, condition=new, state=ok, price=2.33), Product(id=3958, name=product 3958, condition=new, state=ok, price=2.33), Product(id=68943, name=product 68943, condition=new, state=ok, price=2.33), Product(id=7164, name=product 7164, condition=new, state=ok, price=2.33), Product(id=11030, name=product 11030, condition=new, state=ok, price=2.34), Product(id=13991, name=product 13991, condition=new, state=ok, price=2.34), Product(id=52364, name=product 52364, condition=new, state=ok, price=2.34), Product(id=13689, name=product 13689, condition=new, state=ok, price=2.35), Product(id=10177, name=product 10177, condition=new, state=ok, price=2.36), Product(id=3675, name=product 3675, condition=new, state=ok, price=2.36), Product(id=66452, name=product 66452, condition=new, state=ok, price=2.36), Product(id=73689, name=product 73689, condition=new, state=ok, price=2.36), Product(id=8578, name=product 8578, condition=new, state=ok, price=2.36), Product(id=26521, name=product 26521, condition=new, state=ok, price=2.38), Product(id=33854, name=product 33854, condition=new, state=ok, price=2.38), Product(id=10344, name=product 10344, condition=new, state=ok, price=2.39), Product(id=36072, name=product 36072, condition=new, state=ok, price=2.39), Product(id=41368, name=product 41368, condition=new, state=ok, price=2.39), Product(id=5551, name=product 5551, condition=new, state=ok, price=2.39), Product(id=6853, name=product 6853, condition=new, state=ok, price=2.4), Product(id=8626, name=product 8626, condition=new, state=ok, price=2.41), Product(id=98554, name=product 98554, condition=new, state=ok, price=2.41), Product(id=3725, name=product 3725, condition=new, state=ok, price=2.42), Product(id=47638, name=product 47638, condition=new, state=ok, price=2.42), Product(id=89410, name=product 89410, condition=new, state=ok, price=2.42), Product(id=68610, name=product 68610, condition=new, state=ok, price=2.43), Product(id=84822, name=product 84822, condition=new, state=ok, price=2.43), Product(id=4672, name=product 4672, condition=new, state=ok, price=2.44), Product(id=61796, name=product 61796, condition=new, state=ok, price=2.44), Product(id=21600, name=product 21600, condition=new, state=ok, price=2.45), Product(id=26270, name=product 26270, condition=new, state=ok, price=2.45), Product(id=38736, name=product 38736, condition=new, state=ok, price=2.45), Product(id=5054, name=product 5054, condition=new, state=ok, price=2.45), Product(id=2902, name=product 2902, condition=new, state=ok, price=2.46), Product(id=35844, name=product 35844, condition=new, state=ok, price=2.47), Product(id=68250, name=product 68250, condition=new, state=ok, price=2.47), Product(id=16131, name=product 16131, condition=new, state=ok, price=2.48), Product(id=14730, name=product 14730, condition=new, state=ok, price=2.49), Product(id=25631, name=product 25631, condition=new, state=ok, price=2.49), Product(id=39309, name=product 39309, condition=new, state=ok, price=2.49), Product(id=3058, name=product 3058, condition=new, state=ok, price=2.5), Product(id=3253, name=product 3253, condition=new, state=ok, price=2.5), Product(id=6694, name=product 6694, condition=new, state=ok, price=2.5), Product(id=97058, name=product 97058, condition=new, state=ok, price=2.5), Product(id=31587, name=product 31587, condition=new, state=ok, price=2.51), Product(id=95813, name=product 95813, condition=new, state=ok, price=2.52), Product(id=1663, name=product 1663, condition=new, state=ok, price=2.53), Product(id=2599, name=product 2599, condition=new, state=ok, price=2.53), Product(id=34132, name=product 34132, condition=new, state=ok, price=2.56), Product(id=39787, name=product 39787, condition=new, state=ok, price=2.56), Product(id=15965, name=product 15965, condition=new, state=ok, price=2.57), Product(id=29262, name=product 29262, condition=new, state=ok, price=2.57), Product(id=1538, name=product 1538, condition=new, state=ok, price=2.58), Product(id=75154, name=product 75154, condition=new, state=ok, price=2.58), Product(id=2401, name=product 2401, condition=new, state=ok, price=2.59), Product(id=28790, name=product 28790, condition=new, state=ok, price=2.59), Product(id=5242, name=product 5242, condition=new, state=ok, price=2.59), Product(id=6747, name=product 6747, condition=new, state=ok, price=2.6), Product(id=77811, name=product 77811, condition=new, state=ok, price=2.6), Product(id=97, name=product 97, condition=new, state=ok, price=2.6), Product(id=31220, name=product 31220, condition=new, state=ok, price=2.61), Product(id=40726, name=product 40726, condition=new, state=ok, price=2.62), Product(id=31137, name=product 31137, condition=new, state=ok, price=2.64), Product(id=1326, name=product 1326, condition=new, state=ok, price=2.66), Product(id=49352, name=product 49352, condition=new, state=ok, price=2.66), Product(id=73204, name=product 73204, condition=new, state=ok, price=2.66), Product(id=8659, name=product 8659, condition=new, state=ok, price=2.66), Product(id=1844, name=product 1844, condition=new, state=ok, price=2.67), Product(id=64184, name=product 64184, condition=new, state=ok, price=2.67), Product(id=70763, name=product 70763, condition=new, state=ok, price=2.67), Product(id=7457, name=product 7457, condition=new, state=ok, price=2.67), Product(id=8747, name=product 8747, condition=new, state=ok, price=2.67), Product(id=73274, name=product 73274, condition=new, state=ok, price=2.68), Product(id=10057, name=product 10057, condition=new, state=ok, price=2.69), Product(id=10944, name=product 10944, condition=new, state=ok, price=2.69), Product(id=27970, name=product 27970, condition=new, state=ok, price=2.69), Product(id=3298, name=product 3298, condition=new, state=ok, price=2.69), Product(id=51666, name=product 51666, condition=new, state=ok, price=2.69), Product(id=58656, name=product 58656, condition=new, state=ok, price=2.69), Product(id=50225, name=product 50225, condition=new, state=ok, price=2.71), Product(id=79, name=product 79, condition=new, state=ok, price=2.72), Product(id=1868, name=product 1868, condition=new, state=ok, price=2.73), Product(id=32929, name=product 32929, condition=new, state=ok, price=2.73), Product(id=48208, name=product 48208, condition=new, state=ok, price=2.73), Product(id=9697, name=product 9697, condition=new, state=ok, price=2.73), Product(id=33333, name=product 33333, condition=new, state=ok, price=2.74), Product(id=7219, name=product 7219, condition=new, state=ok, price=2.74), Product(id=75621, name=product 75621, condition=new, state=ok, price=2.74), Product(id=10445, name=product 10445, condition=new, state=ok, price=2.75), Product(id=1998, name=product 1998, condition=new, state=ok, price=2.75), Product(id=14531, name=product 14531, condition=new, state=ok, price=2.76), Product(id=91978, name=product 91978, condition=new, state=ok, price=2.76), Product(id=6276, name=product 6276, condition=new, state=ok, price=2.77), Product(id=5268, name=product 5268, condition=new, state=ok, price=2.78), Product(id=7670, name=product 7670, condition=new, state=ok, price=2.79), Product(id=26645, name=product 26645, condition=new, state=ok, price=2.8), Product(id=48461, name=product 48461, condition=new, state=ok, price=2.8), Product(id=97084, name=product 97084, condition=new, state=ok, price=2.81), Product(id=12685, name=product 12685, condition=new, state=ok, price=2.82), Product(id=18726, name=product 18726, condition=new, state=ok, price=2.82), Product(id=30014, name=product 30014, condition=new, state=ok, price=2.82), Product(id=3611, name=product 3611, condition=new, state=ok, price=2.82), Product(id=68705, name=product 68705, condition=new, state=ok, price=2.82), Product(id=75441, name=product 75441, condition=new, state=ok, price=2.82), Product(id=9962, name=product 9962, condition=new, state=ok, price=2.82), Product(id=59563, name=product 59563, condition=new, state=ok, price=2.83), Product(id=30279, name=product 30279, condition=new, state=ok, price=2.84), Product(id=32856, name=product 32856, condition=new, state=ok, price=2.84), Product(id=44063, name=product 44063, condition=new, state=ok, price=2.84), Product(id=8093, name=product 8093, condition=new, state=ok, price=2.85), Product(id=21767, name=product 21767, condition=new, state=ok, price=2.86), Product(id=82141, name=product 82141, condition=new, state=ok, price=2.86), Product(id=97206, name=product 97206, condition=new, state=ok, price=2.86), Product(id=5579, name=product 5579, condition=new, state=ok, price=2.87), Product(id=6146, name=product 6146, condition=new, state=ok, price=2.87), Product(id=8691, name=product 8691, condition=new, state=ok, price=2.87), Product(id=12208, name=product 12208, condition=new, state=ok, price=2.88), Product(id=15994, name=product 15994, condition=new, state=ok, price=2.88), Product(id=24174, name=product 24174, condition=new, state=ok, price=2.88), Product(id=48477, name=product 48477, condition=new, state=ok, price=2.88), Product(id=56082, name=product 56082, condition=new, state=ok, price=2.88), Product(id=6087, name=product 6087, condition=new, state=ok, price=2.88), Product(id=89976, name=product 89976, condition=new, state=ok, price=2.88), Product(id=27414, name=product 27414, condition=new, state=ok, price=2.89), Product(id=13553, name=product 13553, condition=new, state=ok, price=2.9), Product(id=84912, name=product 84912, condition=new, state=ok, price=2.9), Product(id=15935, name=product 15935, condition=new, state=ok, price=2.91), Product(id=36372, name=product 36372, condition=new, state=ok, price=2.91), Product(id=49558, name=product 49558, condition=new, state=ok, price=2.91), Product(id=77026, name=product 77026, condition=new, state=ok, price=2.91), Product(id=16066, name=product 16066, condition=new, state=ok, price=2.92), Product(id=364, name=product 364, condition=new, state=ok, price=2.92), Product(id=94929, name=product 94929, condition=new, state=ok, price=2.92), Product(id=44437, name=product 44437, condition=new, state=ok, price=2.94), Product(id=5495, name=product 5495, condition=new, state=ok, price=2.95), Product(id=9911, name=product 9911, condition=new, state=ok, price=2.95), Product(id=34733, name=product 34733, condition=new, state=ok, price=2.96), Product(id=56650, name=product 56650, condition=new, state=ok, price=2.96), Product(id=30315, name=product 30315, condition=new, state=ok, price=2.97), Product(id=29240, name=product 29240, condition=new, state=ok, price=2.98), Product(id=41692, name=product 41692, condition=new, state=ok, price=2.98), Product(id=45698, name=product 45698, condition=new, state=ok, price=2.98), Product(id=80740, name=product 80740, condition=new, state=ok, price=2.99), Product(id=20323, name=product 20323, condition=new, state=ok, price=3.01), Product(id=40008, name=product 40008, condition=new, state=ok, price=3.01), Product(id=10237, name=product 10237, condition=new, state=ok, price=3.02), Product(id=5904, name=product 5904, condition=new, state=ok, price=3.02), Product(id=81799, name=product 81799, condition=new, state=ok, price=3.02), Product(id=10261, name=product 10261, condition=new, state=ok, price=3.03), Product(id=1481, name=product 1481, condition=new, state=ok, price=3.03), Product(id=2729, name=product 2729, condition=new, state=ok, price=3.03), Product(id=2356, name=product 2356, condition=new, state=ok, price=3.05), Product(id=345, name=product 345, condition=new, state=ok, price=3.05), Product(id=5942, name=product 5942, condition=new, state=ok, price=3.05), Product(id=24721, name=product 24721, condition=new, state=ok, price=3.06), Product(id=7146, name=product 7146, condition=new, state=ok, price=3.06), Product(id=14328, name=product 14328, condition=new, state=ok, price=3.07), Product(id=4121, name=product 4121, condition=new, state=ok, price=3.07), Product(id=13526, name=product 13526, condition=new, state=ok, price=3.08), Product(id=50832, name=product 50832, condition=new, state=ok, price=3.09), Product(id=16812, name=product 16812, condition=new, state=ok, price=3.1), Product(id=19204, name=product 19204, condition=new, state=ok, price=3.1), Product(id=55575, name=product 55575, condition=new, state=ok, price=3.1), Product(id=70511, name=product 70511, condition=new, state=ok, price=3.1), Product(id=77129, name=product 77129, condition=new, state=ok, price=3.11), Product(id=93325, name=product 93325, condition=new, state=ok, price=3.11), Product(id=34195, name=product 34195, condition=new, state=ok, price=3.12), Product(id=4445, name=product 4445, condition=new, state=ok, price=3.13), Product(id=47294, name=product 47294, condition=new, state=ok, price=3.13), Product(id=81861, name=product 81861, condition=new, state=ok, price=3.13), Product(id=68107, name=product 68107, condition=new, state=ok, price=3.14), Product(id=63287, name=product 63287, condition=new, state=ok, price=3.15), Product(id=36783, name=product 36783, condition=new, state=ok, price=3.16), Product(id=80778, name=product 80778, condition=new, state=ok, price=3.16), Product(id=94570, name=product 94570, condition=new, state=ok, price=3.17), Product(id=99427, name=product 99427, condition=new, state=ok, price=3.17), Product(id=1405, name=product 1405, condition=new, state=ok, price=3.18), Product(id=22336, name=product 22336, condition=new, state=ok, price=3.19), Product(id=8632, name=product 8632, condition=new, state=ok, price=3.19), Product(id=8798, name=product 8798, condition=new, state=ok, price=3.19), Product(id=3317, name=product 3317, condition=new, state=ok, price=3.2), Product(id=14302, name=product 14302, condition=new, state=ok, price=3.21), Product(id=29477, name=product 29477, condition=new, state=ok, price=3.21), Product(id=35128, name=product 35128, condition=new, state=ok, price=3.21), Product(id=7683, name=product 7683, condition=new, state=ok, price=3.21), Product(id=9940, name=product 9940, condition=new, state=ok, price=3.21), Product(id=1145, name=product 1145, condition=new, state=ok, price=3.22), Product(id=11577, name=product 11577, condition=new, state=ok, price=3.22), Product(id=66963, name=product 66963, condition=new, state=ok, price=3.23), Product(id=70577, name=product 70577, condition=new, state=ok, price=3.23), Product(id=4929, name=product 4929, condition=new, state=ok, price=3.24), Product(id=50427, name=product 50427, condition=new, state=ok, price=3.24), Product(id=81254, name=product 81254, condition=new, state=ok, price=3.24), Product(id=2467, name=product 2467, condition=new, state=ok, price=3.25), Product(id=47176, name=product 47176, condition=new, state=ok, price=3.25), Product(id=51451, name=product 51451, condition=new, state=ok, price=3.25), Product(id=13913, name=product 13913, condition=new, state=ok, price=3.26), Product(id=98901, name=product 98901, condition=new, state=ok, price=3.28), Product(id=13221, name=product 13221, condition=new, state=ok, price=3.29), Product(id=17287, name=product 17287, condition=new, state=ok, price=3.29), Product(id=78790, name=product 78790, condition=new, state=ok, price=3.29), Product(id=16942, name=product 16942, condition=new, state=ok, price=3.3), Product(id=2905, name=product 2905, condition=new, state=ok, price=3.3), Product(id=36462, name=product 36462, condition=new, state=ok, price=3.3), Product(id=8466, name=product 8466, condition=new, state=ok, price=3.32), Product(id=5443, name=product 5443, condition=new, state=ok, price=3.33), Product(id=40398, name=product 40398, condition=new, state=ok, price=3.34), Product(id=9200, name=product 9200, condition=new, state=ok, price=3.35), Product(id=31379, name=product 31379, condition=new, state=ok, price=3.36), Product(id=31721, name=product 31721, condition=new, state=ok, price=3.36), Product(id=40393, name=product 40393, condition=new, state=ok, price=3.36), Product(id=25050, name=product 25050, condition=new, state=ok, price=3.37), Product(id=14151, name=product 14151, condition=new, state=ok, price=3.38), Product(id=91826, name=product 91826, condition=new, state=ok, price=3.38), Product(id=2295, name=product 2295, condition=new, state=ok, price=3.39), Product(id=64419, name=product 64419, condition=new, state=ok, price=3.39), Product(id=13579, name=product 13579, condition=new, state=ok, price=3.4), Product(id=27570, name=product 27570, condition=new, state=ok, price=3.4), Product(id=2839, name=product 2839, condition=new, state=ok, price=3.4), Product(id=281, name=product 281, condition=new, state=ok, price=3.41), Product(id=13571, name=product 13571, condition=new, state=ok, price=3.42), Product(id=1453, name=product 1453, condition=new, state=ok, price=3.42), Product(id=22344, name=product 22344, condition=new, state=ok, price=3.42), Product(id=33099, name=product 33099, condition=new, state=ok, price=3.42), Product(id=35764, name=product 35764, condition=new, state=ok, price=3.44), Product(id=51630, name=product 51630, condition=new, state=ok, price=3.44), Product(id=54197, name=product 54197, condition=new, state=ok, price=3.44), Product(id=19909, name=product 19909, condition=new, state=ok, price=3.45), Product(id=23124, name=product 23124, condition=new, state=ok, price=3.45), Product(id=34649, name=product 34649, condition=new, state=ok, price=3.45), Product(id=68316, name=product 68316, condition=new, state=ok, price=3.45), Product(id=28909, name=product 28909, condition=new, state=ok, price=3.47), Product(id=13920, name=product 13920, condition=new, state=ok, price=3.49), Product(id=7477, name=product 7477, condition=new, state=ok, price=3.49), Product(id=41630, name=product 41630, condition=new, state=ok, price=3.5), Product(id=12998, name=product 12998, condition=new, state=ok, price=3.51), Product(id=3666, name=product 3666, condition=new, state=ok, price=3.51), Product(id=50089, name=product 50089, condition=new, state=ok, price=3.51), Product(id=17675, name=product 17675, condition=new, state=ok, price=3.52), Product(id=31366, name=product 31366, condition=new, state=ok, price=3.52), Product(id=4387, name=product 4387, condition=new, state=ok, price=3.52), Product(id=82223, name=product 82223, condition=new, state=ok, price=3.52), Product(id=57660, name=product 57660, condition=new, state=ok, price=3.53), Product(id=23539, name=product 23539, condition=new, state=ok, price=3.54), Product(id=5626, name=product 5626, condition=new, state=ok, price=3.54), Product(id=5804, name=product 5804, condition=new, state=ok, price=3.54), Product(id=8613, name=product 8613, condition=new, state=ok, price=3.54), Product(id=17007, name=product 17007, condition=new, state=ok, price=3.55), Product(id=2832, name=product 2832, condition=new, state=ok, price=3.55), Product(id=2995, name=product 2995, condition=new, state=ok, price=3.55), Product(id=52586, name=product 52586, condition=new, state=ok, price=3.55), Product(id=6134, name=product 6134, condition=new, state=ok, price=3.55), Product(id=13137, name=product 13137, condition=new, state=ok, price=3.56), Product(id=2307, name=product 2307, condition=new, state=ok, price=3.56), Product(id=70998, name=product 70998, condition=new, state=ok, price=3.56), Product(id=82580, name=product 82580, condition=new, state=ok, price=3.56), Product(id=11464, name=product 11464, condition=new, state=ok, price=3.57), Product(id=35102, name=product 35102, condition=new, state=ok, price=3.57), Product(id=54437, name=product 54437, condition=new, state=ok, price=3.58), Product(id=12736, name=product 12736, condition=new, state=ok, price=3.59), Product(id=20267, name=product 20267, condition=new, state=ok, price=3.6), Product(id=57400, name=product 57400, condition=new, state=ok, price=3.6), Product(id=8718, name=product 8718, condition=new, state=ok, price=3.61), Product(id=2904, name=product 2904, condition=new, state=ok, price=3.62), Product(id=4675, name=product 4675, condition=new, state=ok, price=3.62), Product(id=1858, name=product 1858, condition=new, state=ok, price=3.63), Product(id=81101, name=product 81101, condition=new, state=ok, price=3.64), Product(id=28369, name=product 28369, condition=new, state=ok, price=3.65), Product(id=75132, name=product 75132, condition=new, state=ok, price=3.65), Product(id=17461, name=product 17461, condition=new, state=ok, price=3.66), Product(id=20214, name=product 20214, condition=new, state=ok, price=3.66), Product(id=57588, name=product 57588, condition=new, state=ok, price=3.66), Product(id=1350, name=product 1350, condition=new, state=ok, price=3.67), Product(id=17535, name=product 17535, condition=new, state=ok, price=3.69), Product(id=21367, name=product 21367, condition=new, state=ok, price=3.69), Product(id=5493, name=product 5493, condition=new, state=ok, price=3.69), Product(id=98815, name=product 98815, condition=new, state=ok, price=3.69), Product(id=17726, name=product 17726, condition=new, state=ok, price=3.7), Product(id=2037, name=product 2037, condition=new, state=ok, price=3.7), Product(id=2524, name=product 2524, condition=new, state=ok, price=3.7), Product(id=2682, name=product 2682, condition=new, state=ok, price=3.7), Product(id=44821, name=product 44821, condition=new, state=ok, price=3.7), Product(id=8980, name=product 8980, condition=new, state=ok, price=3.7), Product(id=28872, name=product 28872, condition=new, state=ok, price=3.71), Product(id=39601, name=product 39601, condition=new, state=ok, price=3.71), Product(id=46597, name=product 46597, condition=new, state=ok, price=3.71), Product(id=20277, name=product 20277, condition=new, state=ok, price=3.72), Product(id=21835, name=product 21835, condition=new, state=ok, price=3.72), Product(id=74545, name=product 74545, condition=new, state=ok, price=3.72), Product(id=22677, name=product 22677, condition=new, state=ok, price=3.73), Product(id=2496, name=product 2496, condition=new, state=ok, price=3.73), Product(id=28430, name=product 28430, condition=new, state=ok, price=3.73), Product(id=55103, name=product 55103, condition=new, state=ok, price=3.73), Product(id=65553, name=product 65553, condition=new, state=ok, price=3.73), Product(id=5999, name=product 5999, condition=new, state=ok, price=3.74), Product(id=22517, name=product 22517, condition=new, state=ok, price=3.75), Product(id=46849, name=product 46849, condition=new, state=ok, price=3.75), Product(id=20301, name=product 20301, condition=new, state=ok, price=3.76), Product(id=2286, name=product 2286, condition=new, state=ok, price=3.76), Product(id=9592, name=product 9592, condition=new, state=ok, price=3.76), Product(id=9553, name=product 9553, condition=new, state=ok, price=3.77), Product(id=73, name=product 73, condition=new, state=ok, price=3.79), Product(id=97418, name=product 97418, condition=new, state=ok, price=3.79), Product(id=12589, name=product 12589, condition=new, state=ok, price=3.8), Product(id=42601, name=product 42601, condition=new, state=ok, price=3.8), Product(id=13610, name=product 13610, condition=new, state=ok, price=3.81), Product(id=95248, name=product 95248, condition=new, state=ok, price=3.81), Product(id=38862, name=product 38862, condition=new, state=ok, price=3.82), Product(id=2422, name=product 2422, condition=new, state=ok, price=3.83), Product(id=31765, name=product 31765, condition=new, state=ok, price=3.84), Product(id=35478, name=product 35478, condition=new, state=ok, price=3.84), Product(id=47042, name=product 47042, condition=new, state=ok, price=3.84), Product(id=1314, name=product 1314, condition=new, state=ok, price=3.85), Product(id=1645, name=product 1645, condition=new, state=ok, price=3.85), Product(id=11542, name=product 11542, condition=new, state=ok, price=3.86), Product(id=25701, name=product 25701, condition=new, state=ok, price=3.86), Product(id=76706, name=product 76706, condition=new, state=ok, price=3.86), Product(id=10260, name=product 10260, condition=new, state=ok, price=3.87), Product(id=1541, name=product 1541, condition=new, state=ok, price=3.87), Product(id=62883, name=product 62883, condition=new, state=ok, price=3.88), Product(id=78739, name=product 78739, condition=new, state=ok, price=3.88), Product(id=8299, name=product 8299, condition=new, state=ok, price=3.88), Product(id=2591, name=product 2591, condition=new, state=ok, price=3.89), Product(id=62839, name=product 62839, condition=new, state=ok, price=3.89), Product(id=33697, name=product 33697, condition=new, state=ok, price=3.9), Product(id=49252, name=product 49252, condition=new, state=ok, price=3.9), Product(id=65, name=product 65, condition=new, state=ok, price=3.91), Product(id=11650, name=product 11650, condition=new, state=ok, price=3.92), Product(id=35938, name=product 35938, condition=new, state=ok, price=3.92), Product(id=44514, name=product 44514, condition=new, state=ok, price=3.92), Product(id=11942, name=product 11942, condition=new, state=ok, price=3.93), Product(id=16921, name=product 16921, condition=new, state=ok, price=3.93), Product(id=33134, name=product 33134, condition=new, state=ok, price=3.93), Product(id=3975, name=product 3975, condition=new, state=ok, price=3.93), Product(id=20027, name=product 20027, condition=new, state=ok, price=3.94), Product(id=67334, name=product 67334, condition=new, state=ok, price=3.94), Product(id=72331, name=product 72331, condition=new, state=ok, price=3.94), Product(id=19383, name=product 19383, condition=new, state=ok, price=3.95), Product(id=21666, name=product 21666, condition=new, state=ok, price=3.95), Product(id=71865, name=product 71865, condition=new, state=ok, price=3.95), Product(id=79542, name=product 79542, condition=new, state=ok, price=3.95), Product(id=2367, name=product 2367, condition=new, state=ok, price=3.97), Product(id=6201, name=product 6201, condition=new, state=ok, price=3.97), Product(id=15675, name=product 15675, condition=new, state=ok, price=3.98), Product(id=24529, name=product 24529, condition=new, state=ok, price=3.98), Product(id=3559, name=product 3559, condition=new, state=ok, price=3.98), Product(id=77303, name=product 77303, condition=new, state=ok, price=3.98), Product(id=84475, name=product 84475, condition=new, state=ok, price=3.98), Product(id=9319, name=product 9319, condition=new, state=ok, price=4.0), Product(id=72037, name=product 72037, condition=new, state=ok, price=4.01), Product(id=76516, name=product 76516, condition=new, state=ok, price=4.02), Product(id=84553, name=product 84553, condition=new, state=ok, price=4.02), Product(id=88615, name=product 88615, condition=new, state=ok, price=4.02), Product(id=93204, name=product 93204, condition=new, state=ok, price=4.02), Product(id=3019, name=product 3019, condition=new, state=ok, price=4.03), Product(id=7713, name=product 7713, condition=new, state=ok, price=4.03), Product(id=23887, name=product 23887, condition=new, state=ok, price=4.04), Product(id=27463, name=product 27463, condition=new, state=ok, price=4.04), Product(id=25838, name=product 25838, condition=new, state=ok, price=4.05), Product(id=33017, name=product 33017, condition=new, state=ok, price=4.05), Product(id=58794, name=product 58794, condition=new, state=ok, price=4.05), Product(id=75209, name=product 75209, condition=new, state=ok, price=4.06), Product(id=15255, name=product 15255, condition=new, state=ok, price=4.08), Product(id=46672, name=product 46672, condition=new, state=ok, price=4.08), Product(id=52135, name=product 52135, condition=new, state=ok, price=4.08), Product(id=8009, name=product 8009, condition=new, state=ok, price=4.08), Product(id=81498, name=product 81498, condition=new, state=ok, price=4.08), Product(id=24173, name=product 24173, condition=new, state=ok, price=4.09), Product(id=33305, name=product 33305, condition=new, state=ok, price=4.09), Product(id=65819, name=product 65819, condition=new, state=ok, price=4.09), Product(id=17776, name=product 17776, condition=new, state=ok, price=4.1), Product(id=45459, name=product 45459, condition=new, state=ok, price=4.1), Product(id=25090, name=product 25090, condition=new, state=ok, price=4.11), Product(id=95651, name=product 95651, condition=new, state=ok, price=4.11), Product(id=13359, name=product 13359, condition=new, state=ok, price=4.12), Product(id=21549, name=product 21549, condition=new, state=ok, price=4.12), Product(id=10570, name=product 10570, condition=new, state=ok, price=4.14), Product(id=37961, name=product 37961, condition=new, state=ok, price=4.14), Product(id=24690, name=product 24690, condition=new, state=ok, price=4.15), Product(id=10868, name=product 10868, condition=new, state=ok, price=4.16), Product(id=1219, name=product 1219, condition=new, state=ok, price=4.16), Product(id=7704, name=product 7704, condition=new, state=ok, price=4.16), Product(id=54350, name=product 54350, condition=new, state=ok, price=4.17), Product(id=9443, name=product 9443, condition=new, state=ok, price=4.17), Product(id=19658, name=product 19658, condition=new, state=ok, price=4.18), Product(id=31585, name=product 31585, condition=new, state=ok, price=4.19), Product(id=27372, name=product 27372, condition=new, state=ok, price=4.2), Product(id=11826, name=product 11826, condition=new, state=ok, price=4.23), Product(id=21367, name=product 21367, condition=new, state=ok, price=4.23), Product(id=23819, name=product 23819, condition=new, state=ok, price=4.23), Product(id=71190, name=product 71190, condition=new, state=ok, price=4.23), Product(id=38945, name=product 38945, condition=new, state=ok, price=4.24), Product(id=19399, name=product 19399, condition=new, state=ok, price=4.25), Product(id=57183, name=product 57183, condition=new, state=ok, price=4.26), Product(id=93649, name=product 93649, condition=new, state=ok, price=4.26), Product(id=20605, name=product 20605, condition=new, state=ok, price=4.27), Product(id=52349, name=product 52349, condition=new, state=ok, price=4.27), Product(id=8309, name=product 8309, condition=new, state=ok, price=4.27), Product(id=83254, name=product 83254, condition=new, state=ok, price=4.27), Product(id=17138, name=product 17138, condition=new, state=ok, price=4.28), Product(id=22870, name=product 22870, condition=new, state=ok, price=4.28), Product(id=4122, name=product 4122, condition=new, state=ok, price=4.28), Product(id=29606, name=product 29606, condition=new, state=ok, price=4.3), Product(id=33123, name=product 33123, condition=new, state=ok, price=4.3), Product(id=46395, name=product 46395, condition=new, state=ok, price=4.3), Product(id=19024, name=product 19024, condition=new, state=ok, price=4.31), Product(id=2946, name=product 2946, condition=new, state=ok, price=4.31), Product(id=37977, name=product 37977, condition=new, state=ok, price=4.32), Product(id=4284, name=product 4284, condition=new, state=ok, price=4.32), Product(id=38849, name=product 38849, condition=new, state=ok, price=4.34), Product(id=47188, name=product 47188, condition=new, state=ok, price=4.34), Product(id=71638, name=product 71638, condition=new, state=ok, price=4.34), Product(id=10803, name=product 10803, condition=new, state=ok, price=4.35), Product(id=1251, name=product 1251, condition=new, state=ok, price=4.35), Product(id=28716, name=product 28716, condition=new, state=ok, price=4.35), Product(id=53300, name=product 53300, condition=new, state=ok, price=4.35), Product(id=59718, name=product 59718, condition=new, state=ok, price=4.35), Product(id=886, name=product 886, condition=new, state=ok, price=4.35), Product(id=7005, name=product 7005, condition=new, state=ok, price=4.37), Product(id=99842, name=product 99842, condition=new, state=ok, price=4.38), Product(id=20827, name=product 20827, condition=new, state=ok, price=4.39), Product(id=21843, name=product 21843, condition=new, state=ok, price=4.39), Product(id=2350, name=product 2350, condition=new, state=ok, price=4.39), Product(id=2947, name=product 2947, condition=new, state=ok, price=4.39), Product(id=3126, name=product 3126, condition=new, state=ok, price=4.39), Product(id=13620, name=product 13620, condition=new, state=ok, price=4.4), Product(id=3290, name=product 3290, condition=new, state=ok, price=4.4), Product(id=17939, name=product 17939, condition=new, state=ok, price=4.41), Product(id=3465, name=product 3465, condition=new, state=ok, price=4.41), Product(id=48794, name=product 48794, condition=new, state=ok, price=4.41), Product(id=19222, name=product 19222, condition=new, state=ok, price=4.42), Product(id=24057, name=product 24057, condition=new, state=ok, price=4.42), Product(id=57615, name=product 57615, condition=new, state=ok, price=4.42), Product(id=88964, name=product 88964, condition=new, state=ok, price=4.42), Product(id=23766, name=product 23766, condition=new, state=ok, price=4.44), Product(id=22398, name=product 22398, condition=new, state=ok, price=4.45), Product(id=6078, name=product 6078, condition=new, state=ok, price=4.45), Product(id=91073, name=product 91073, condition=new, state=ok, price=4.45), Product(id=94647, name=product 94647, condition=new, state=ok, price=4.45), Product(id=27911, name=product 27911, condition=new, state=ok, price=4.46), Product(id=19864, name=product 19864, condition=new, state=ok, price=4.47), Product(id=5672, name=product 5672, condition=new, state=ok, price=4.47), Product(id=14830, name=product 14830, condition=new, state=ok, price=4.48), Product(id=29096, name=product 29096, condition=new, state=ok, price=4.48), Product(id=4645, name=product 4645, condition=new, state=ok, price=4.48), Product(id=75346, name=product 75346, condition=new, state=ok, price=4.48), Product(id=48417, name=product 48417, condition=new, state=ok, price=4.51), Product(id=270, name=product 270, condition=new, state=ok, price=4.52), Product(id=17897, name=product 17897, condition=new, state=ok, price=4.53), Product(id=53809, name=product 53809, condition=new, state=ok, price=4.53), Product(id=75638, name=product 75638, condition=new, state=ok, price=4.53), Product(id=37935, name=product 37935, condition=new, state=ok, price=4.54), Product(id=2950, name=product 2950, condition=new, state=ok, price=4.55), Product(id=5339, name=product 5339, condition=new, state=ok, price=4.55), Product(id=1256, name=product 1256, condition=new, state=ok, price=4.56), Product(id=13686, name=product 13686, condition=new, state=ok, price=4.56), Product(id=3478, name=product 3478, condition=new, state=ok, price=4.56), Product(id=48384, name=product 48384, condition=new, state=ok, price=4.57), Product(id=1370, name=product 1370, condition=new, state=ok, price=4.58), Product(id=2447, name=product 2447, condition=new, state=ok, price=4.58), Product(id=3984, name=product 3984, condition=new, state=ok, price=4.59), Product(id=96921, name=product 96921, condition=new, state=ok, price=4.59), Product(id=45941, name=product 45941, condition=new, state=ok, price=4.6), Product(id=19803, name=product 19803, condition=new, state=ok, price=4.61), Product(id=33226, name=product 33226, condition=new, state=ok, price=4.61), Product(id=94164, name=product 94164, condition=new, state=ok, price=4.61), Product(id=93437, name=product 93437, condition=new, state=ok, price=4.63), Product(id=23158, name=product 23158, condition=new, state=ok, price=4.65), Product(id=31597, name=product 31597, condition=new, state=ok, price=4.65), Product(id=32378, name=product 32378, condition=new, state=ok, price=4.66), Product(id=6989, name=product 6989, condition=new, state=ok, price=4.66), Product(id=48711, name=product 48711, condition=new, state=ok, price=4.67), Product(id=6689, name=product 6689, condition=new, state=ok, price=4.67), Product(id=72602, name=product 72602, condition=new, state=ok, price=4.68), Product(id=7876, name=product 7876, condition=new, state=ok, price=4.68), Product(id=99324, name=product 99324, condition=new, state=ok, price=4.68), Product(id=54595, name=product 54595, condition=new, state=ok, price=4.69), Product(id=4898, name=product 4898, condition=new, state=ok, price=4.71), Product(id=33342, name=product 33342, condition=new, state=ok, price=4.73), Product(id=40396, name=product 40396, condition=new, state=ok, price=4.73), Product(id=94146, name=product 94146, condition=new, state=ok, price=4.73), Product(id=15886, name=product 15886, condition=new, state=ok, price=4.74), Product(id=40572, name=product 40572, condition=new, state=ok, price=4.74), Product(id=8530, name=product 8530, condition=new, state=ok, price=4.74), Product(id=1961, name=product 1961, condition=new, state=ok, price=4.75), Product(id=2176, name=product 2176, condition=new, state=ok, price=4.76), Product(id=28564, name=product 28564, condition=new, state=ok, price=4.76), Product(id=48448, name=product 48448, condition=new, state=ok, price=4.76), Product(id=86475, name=product 86475, condition=new, state=ok, price=4.76), Product(id=36622, name=product 36622, condition=new, state=ok, price=4.77), Product(id=2179, name=product 2179, condition=new, state=ok, price=4.78), Product(id=21967, name=product 21967, condition=new, state=ok, price=4.78), Product(id=2353, name=product 2353, condition=new, state=ok, price=4.78), Product(id=23349, name=product 23349, condition=new, state=ok, price=4.79), Product(id=50094, name=product 50094, condition=new, state=ok, price=4.79), Product(id=13381, name=product 13381, condition=new, state=ok, price=4.8), Product(id=23853, name=product 23853, condition=new, state=ok, price=4.81), Product(id=44604, name=product 44604, condition=new, state=ok, price=4.81), Product(id=74635, name=product 74635, condition=new, state=ok, price=4.81), Product(id=1799, name=product 1799, condition=new, state=ok, price=4.82), Product(id=23094, name=product 23094, condition=new, state=ok, price=4.83), Product(id=27123, name=product 27123, condition=new, state=ok, price=4.83), Product(id=28366, name=product 28366, condition=new, state=ok, price=4.83), Product(id=43258, name=product 43258, condition=new, state=ok, price=4.83), Product(id=2491, name=product 2491, condition=new, state=ok, price=4.84), Product(id=76522, name=product 76522, condition=new, state=ok, price=4.85), Product(id=80012, name=product 80012, condition=new, state=ok, price=4.85), Product(id=1275, name=product 1275, condition=new, state=ok, price=4.86), Product(id=6052, name=product 6052, condition=new, state=ok, price=4.86), Product(id=74420, name=product 74420, condition=new, state=ok, price=4.86), Product(id=964, name=product 964, condition=new, state=ok, price=4.86), Product(id=50097, name=product 50097, condition=new, state=ok, price=4.87), Product(id=92832, name=product 92832, condition=new, state=ok, price=4.87), Product(id=15755, name=product 15755, condition=new, state=ok, price=4.88), Product(id=21592, name=product 21592, condition=new, state=ok, price=4.88), Product(id=36644, name=product 36644, condition=new, state=ok, price=4.88), Product(id=59, name=product 59, condition=new, state=ok, price=4.88), Product(id=60138, name=product 60138, condition=new, state=ok, price=4.88), Product(id=67230, name=product 67230, condition=new, state=ok, price=4.88), Product(id=9870, name=product 9870, condition=new, state=ok, price=4.89), Product(id=18174, name=product 18174, condition=new, state=ok, price=4.91), Product(id=65772, name=product 65772, condition=new, state=ok, price=4.91), Product(id=87257, name=product 87257, condition=new, state=ok, price=4.91), Product(id=4784, name=product 4784, condition=new, state=ok, price=4.93), Product(id=5398, name=product 5398, condition=new, state=ok, price=4.93), Product(id=70441, name=product 70441, condition=new, state=ok, price=4.93), Product(id=11854, name=product 11854, condition=new, state=ok, price=4.94), Product(id=15434, name=product 15434, condition=new, state=ok, price=4.94), Product(id=27766, name=product 27766, condition=new, state=ok, price=4.94), Product(id=29221, name=product 29221, condition=new, state=ok, price=4.94), Product(id=6491, name=product 6491, condition=new, state=ok, price=4.97), Product(id=11466, name=product 11466, condition=new, state=ok, price=4.98), Product(id=12196, name=product 12196, condition=new, state=ok, price=4.98), Product(id=12297, name=product 12297, condition=new, state=ok, price=4.98), Product(id=1820, name=product 1820, condition=new, state=ok, price=5.0)]&gt;" type="java.lang.AssertionError">java.lang.AssertionError: expected: java.util.concurrent.ConcurrentSkipListSet&lt;[Product(id=51505, name=product 51505, condition=new, state=ok, price=0.01), Product(id=23605, name=product 23605, condition=new, state=ok, price=0.02), Product(id=99685, name=product 99685, condition=new, state=ok, price=0.02), Product(id=21625, name=product 21625, condition=new, state=ok, price=0.03), Product(id=6808, name=product 6808, condition=new, state=ok, price=0.03), Product(id=78883, name=product 78883, condition=new, state=ok, price=0.03), Product(id=3439, name=product 3439, condition=new, state=ok, price=0.04), Product(id=2546, name=product 2546, condition=new, state=ok, price=0.05), Product(id=32667, name=product 32667, condition=new, state=ok, price=0.05), Product(id=8585, name=product 8585, condition=new, state=ok, price=0.05), Product(id=11358, name=product 11358, condition=new, state=ok, price=0.06), Product(id=32858, name=product 32858, condition=new, state=ok, price=0.06), Product(id=50807, name=product 50807, condition=new, state=ok, price=0.06), Product(id=62690, name=product 62690, condition=new, state=ok, price=0.06), Product(id=1343, name=product 1343, condition=new, state=ok, price=0.07), Product(id=20138, name=product 20138, condition=new, state=ok, price=0.07), Product(id=20611, name=product 20611, condition=new, state=ok, price=0.07), Product(id=10121, name=product 10121, condition=new, state=ok, price=0.09), Product(id=75159, name=product 75159, condition=new, state=ok, price=0.1), Product(id=385, name=product 385, condition=new, state=ok, price=0.11), Product(id=62900, name=product 62900, condition=new, state=ok, price=0.11), Product(id=87452, name=product 87452, condition=new, state=ok, price=0.11), Product(id=633, name=product 633, condition=new, state=ok, price=0.12), Product(id=64177, name=product 64177, condition=new, state=ok, price=0.12), Product(id=7657, name=product 7657, condition=new, state=ok, price=0.12), Product(id=10316, name=product 10316, condition=new, state=ok, price=0.13), Product(id=4711, name=product 4711, condition=new, state=ok, price=0.14), Product(id=9257, name=product 9257, condition=new, state=ok, price=0.14), Product(id=15558, name=product 15558, condition=new, state=ok, price=0.15), Product(id=24740, name=product 24740, condition=new, state=ok, price=0.15), Product(id=42114, name=product 42114, condition=new, state=ok, price=0.15), Product(id=60531, name=product 60531, condition=new, state=ok, price=0.15), Product(id=19214, name=product 19214, condition=new, state=ok, price=0.16), Product(id=14201, name=product 14201, condition=new, state=ok, price=0.17), Product(id=2025, name=product 2025, condition=new, state=ok, price=0.17), Product(id=17914, name=product 17914, condition=new, state=ok, price=0.18), Product(id=22356, name=product 22356, condition=new, state=ok, price=0.18), Product(id=40370, name=product 40370, condition=new, state=ok, price=0.18), Product(id=85972, name=product 85972, condition=new, state=ok, price=0.19), Product(id=97342, name=product 97342, condition=new, state=ok, price=0.2), Product(id=15445, name=product 15445, condition=new, state=ok, price=0.21), Product(id=17984, name=product 17984, condition=new, state=ok, price=0.21), Product(id=23080, name=product 23080, condition=new, state=ok, price=0.21), Product(id=2668, name=product 2668, condition=new, state=ok, price=0.21), Product(id=3471, name=product 3471, condition=new, state=ok, price=0.21), Product(id=67740, name=product 67740, condition=new, state=ok, price=0.21), Product(id=76225, name=product 76225, condition=new, state=ok, price=0.21), Product(id=83935, name=product 83935, condition=new, state=ok, price=0.21), Product(id=8756, name=product 8756, condition=new, state=ok, price=0.21), Product(id=2172, name=product 2172, condition=new, state=ok, price=0.22), Product(id=33948, name=product 33948, condition=new, state=ok, price=0.22), Product(id=37639, name=product 37639, condition=new, state=ok, price=0.23), Product(id=5171, name=product 5171, condition=new, state=ok, price=0.23), Product(id=2879, name=product 2879, condition=new, state=ok, price=0.24), Product(id=45718, name=product 45718, condition=new, state=ok, price=0.24), Product(id=68067, name=product 68067, condition=new, state=ok, price=0.24), Product(id=13541, name=product 13541, condition=new, state=ok, price=0.25), Product(id=31517, name=product 31517, condition=new, state=ok, price=0.25), Product(id=55613, name=product 55613, condition=new, state=ok, price=0.25), Product(id=13837, name=product 13837, condition=new, state=ok, price=0.26), Product(id=4178, name=product 4178, condition=new, state=ok, price=0.27), Product(id=45952, name=product 45952, condition=new, state=ok, price=0.27), Product(id=50622, name=product 50622, condition=new, state=ok, price=0.27), Product(id=65269, name=product 65269, condition=new, state=ok, price=0.27), Product(id=11923, name=product 11923, condition=new, state=ok, price=0.28), Product(id=20144, name=product 20144, condition=new, state=ok, price=0.28), Product(id=42615, name=product 42615, condition=new, state=ok, price=0.28), Product(id=14372, name=product 14372, condition=new, state=ok, price=0.29), Product(id=15747, name=product 15747, condition=new, state=ok, price=0.29), Product(id=20370, name=product 20370, condition=new, state=ok, price=0.29), Product(id=25601, name=product 25601, condition=new, state=ok, price=0.3), Product(id=3644, name=product 3644, condition=new, state=ok, price=0.3), Product(id=5635, name=product 5635, condition=new, state=ok, price=0.31), Product(id=15611, name=product 15611, condition=new, state=ok, price=0.34), Product(id=23709, name=product 23709, condition=new, state=ok, price=0.35), Product(id=54677, name=product 54677, condition=new, state=ok, price=0.36), Product(id=8436, name=product 8436, condition=new, state=ok, price=0.36), Product(id=9559, name=product 9559, condition=new, state=ok, price=0.37), Product(id=21998, name=product 21998, condition=new, state=ok, price=0.38), Product(id=45581, name=product 45581, condition=new, state=ok, price=0.38), Product(id=52416, name=product 52416, condition=new, state=ok, price=0.38), Product(id=1700, name=product 1700, condition=new, state=ok, price=0.39), Product(id=4668, name=product 4668, condition=new, state=ok, price=0.39), Product(id=58608, name=product 58608, condition=new, state=ok, price=0.39), Product(id=13678, name=product 13678, condition=new, state=ok, price=0.4), Product(id=23494, name=product 23494, condition=new, state=ok, price=0.41), Product(id=27785, name=product 27785, condition=new, state=ok, price=0.41), Product(id=93439, name=product 93439, condition=new, state=ok, price=0.41), Product(id=26601, name=product 26601, condition=new, state=ok, price=0.42), Product(id=38240, name=product 38240, condition=new, state=ok, price=0.42), Product(id=21742, name=product 21742, condition=new, state=ok, price=0.43), Product(id=78895, name=product 78895, condition=new, state=ok, price=0.43), Product(id=6900, name=product 6900, condition=new, state=ok, price=0.45), Product(id=9556, name=product 9556, condition=new, state=ok, price=0.45), Product(id=12660, name=product 12660, condition=new, state=ok, price=0.47), Product(id=22356, name=product 22356, condition=new, state=ok, price=0.47), Product(id=41358, name=product 41358, condition=new, state=ok, price=0.49), Product(id=523, name=product 523, condition=new, state=ok, price=0.5), Product(id=74091, name=product 74091, condition=new, state=ok, price=0.5), Product(id=10209, name=product 10209, condition=new, state=ok, price=0.51), Product(id=18390, name=product 18390, condition=new, state=ok, price=0.51), Product(id=22084, name=product 22084, condition=new, state=ok, price=0.52), Product(id=44000, name=product 44000, condition=new, state=ok, price=0.52), Product(id=66321, name=product 66321, condition=new, state=ok, price=0.52), Product(id=13164, name=product 13164, condition=new, state=ok, price=0.53), Product(id=35021, name=product 35021, condition=new, state=ok, price=0.53), Product(id=1028, name=product 1028, condition=new, state=ok, price=0.54), Product(id=1057, name=product 1057, condition=new, state=ok, price=0.54), Product(id=29111, name=product 29111, condition=new, state=ok, price=0.54), Product(id=93134, name=product 93134, condition=new, state=ok, price=0.54), Product(id=99323, name=product 99323, condition=new, state=ok, price=0.54), Product(id=15769, name=product 15769, condition=new, state=ok, price=0.55), Product(id=16138, name=product 16138, condition=new, state=ok, price=0.56), Product(id=1824, name=product 1824, condition=new, state=ok, price=0.56), Product(id=25302, name=product 25302, condition=new, state=ok, price=0.56), Product(id=892, name=product 892, condition=new, state=ok, price=0.56), Product(id=11755, name=product 11755, condition=new, state=ok, price=0.57), Product(id=24825, name=product 24825, condition=new, state=ok, price=0.57), Product(id=1744, name=product 1744, condition=new, state=ok, price=0.58), Product(id=39097, name=product 39097, condition=new, state=ok, price=0.58), Product(id=51089, name=product 51089, condition=new, state=ok, price=0.58), Product(id=58009, name=product 58009, condition=new, state=ok, price=0.58), Product(id=20440, name=product 20440, condition=new, state=ok, price=0.59), Product(id=4211, name=product 4211, condition=new, state=ok, price=0.59), Product(id=52916, name=product 52916, condition=new, state=ok, price=0.59), Product(id=63114, name=product 63114, condition=new, state=ok, price=0.59), Product(id=27684, name=product 27684, condition=new, state=ok, price=0.6), Product(id=22474, name=product 22474, condition=new, state=ok, price=0.61), Product(id=4505, name=product 4505, condition=new, state=ok, price=0.61), Product(id=19719, name=product 19719, condition=new, state=ok, price=0.62), Product(id=20907, name=product 20907, condition=new, state=ok, price=0.62), Product(id=22761, name=product 22761, condition=new, state=ok, price=0.62), Product(id=41409, name=product 41409, condition=new, state=ok, price=0.62), Product(id=864, name=product 864, condition=new, state=ok, price=0.62), Product(id=13801, name=product 13801, condition=new, state=ok, price=0.63), Product(id=2510, name=product 2510, condition=new, state=ok, price=0.64), Product(id=19245, name=product 19245, condition=new, state=ok, price=0.65), Product(id=7484, name=product 7484, condition=new, state=ok, price=0.65), Product(id=91753, name=product 91753, condition=new, state=ok, price=0.65), Product(id=24674, name=product 24674, condition=new, state=ok, price=0.66), Product(id=4519, name=product 4519, condition=new, state=ok, price=0.66), Product(id=18420, name=product 18420, condition=new, state=ok, price=0.68), Product(id=6388, name=product 6388, condition=new, state=ok, price=0.68), Product(id=37485, name=product 37485, condition=new, state=ok, price=0.69), Product(id=770, name=product 770, condition=new, state=ok, price=0.69), Product(id=22513, name=product 22513, condition=new, state=ok, price=0.7), Product(id=28, name=product 28, condition=new, state=ok, price=0.71), Product(id=30140, name=product 30140, condition=new, state=ok, price=0.71), Product(id=34310, name=product 34310, condition=new, state=ok, price=0.71), Product(id=57597, name=product 57597, condition=new, state=ok, price=0.71), Product(id=71244, name=product 71244, condition=new, state=ok, price=0.71), Product(id=51949, name=product 51949, condition=new, state=ok, price=0.73), Product(id=819, name=product 819, condition=new, state=ok, price=0.73), Product(id=7816, name=product 7816, condition=new, state=ok, price=0.74), Product(id=3883, name=product 3883, condition=new, state=ok, price=0.75), Product(id=13915, name=product 13915, condition=new, state=ok, price=0.76), Product(id=26043, name=product 26043, condition=new, state=ok, price=0.76), Product(id=590, name=product 590, condition=new, state=ok, price=0.76), Product(id=61283, name=product 61283, condition=new, state=ok, price=0.76), Product(id=21430, name=product 21430, condition=new, state=ok, price=0.77), Product(id=528, name=product 528, condition=new, state=ok, price=0.77), Product(id=19034, name=product 19034, condition=new, state=ok, price=0.78), Product(id=2919, name=product 2919, condition=new, state=ok, price=0.78), Product(id=33428, name=product 33428, condition=new, state=ok, price=0.78), Product(id=44148, name=product 44148, condition=new, state=ok, price=0.78), Product(id=35046, name=product 35046, condition=new, state=ok, price=0.79), Product(id=6394, name=product 6394, condition=new, state=ok, price=0.79), Product(id=100224, name=product 100224, condition=new, state=ok, price=0.8), Product(id=24584, name=product 24584, condition=new, state=ok, price=0.8), Product(id=3705, name=product 3705, condition=new, state=ok, price=0.8), Product(id=42886, name=product 42886, condition=new, state=ok, price=0.81), Product(id=8589, name=product 8589, condition=new, state=ok, price=0.82), Product(id=38425, name=product 38425, condition=new, state=ok, price=0.84), Product(id=79193, name=product 79193, condition=new, state=ok, price=0.84), Product(id=36019, name=product 36019, condition=new, state=ok, price=0.85), Product(id=2948, name=product 2948, condition=new, state=ok, price=0.86), Product(id=18224, name=product 18224, condition=new, state=ok, price=0.87), Product(id=71826, name=product 71826, condition=new, state=ok, price=0.87), Product(id=167, name=product 167, condition=new, state=ok, price=0.89), Product(id=5474, name=product 5474, condition=new, state=ok, price=0.89), Product(id=65539, name=product 65539, condition=new, state=ok, price=0.89), Product(id=25325, name=product 25325, condition=new, state=ok, price=0.9), Product(id=33875, name=product 33875, condition=new, state=ok, price=0.9), Product(id=9963, name=product 9963, condition=new, state=ok, price=0.9), Product(id=75835, name=product 75835, condition=new, state=ok, price=0.92), Product(id=20214, name=product 20214, condition=new, state=ok, price=0.93), Product(id=11779, name=product 11779, condition=new, state=ok, price=0.94), Product(id=40663, name=product 40663, condition=new, state=ok, price=0.94), Product(id=993, name=product 993, condition=new, state=ok, price=0.94), Product(id=5549, name=product 5549, condition=new, state=ok, price=0.95), Product(id=27, name=product 27, condition=new, state=ok, price=0.96), Product(id=31730, name=product 31730, condition=new, state=ok, price=0.96), Product(id=6005, name=product 6005, condition=new, state=ok, price=0.97), Product(id=70279, name=product 70279, condition=new, state=ok, price=0.98), Product(id=2103, name=product 2103, condition=new, state=ok, price=0.99), Product(id=48574, name=product 48574, condition=new, state=ok, price=0.99), Product(id=11229, name=product 11229, condition=new, state=ok, price=1.01), Product(id=19569, name=product 19569, condition=new, state=ok, price=1.01), Product(id=34288, name=product 34288, condition=new, state=ok, price=1.01), Product(id=3599, name=product 3599, condition=new, state=ok, price=1.01), Product(id=40709, name=product 40709, condition=new, state=ok, price=1.01), Product(id=14982, name=product 14982, condition=new, state=ok, price=1.02), Product(id=82969, name=product 82969, condition=new, state=ok, price=1.02), Product(id=10547, name=product 10547, condition=new, state=ok, price=1.03), Product(id=20542, name=product 20542, condition=new, state=ok, price=1.05), Product(id=37103, name=product 37103, condition=new, state=ok, price=1.06), Product(id=76815, name=product 76815, condition=new, state=ok, price=1.06), Product(id=13611, name=product 13611, condition=new, state=ok, price=1.07), Product(id=49034, name=product 49034, condition=new, state=ok, price=1.07), Product(id=116, name=product 116, condition=new, state=ok, price=1.08), Product(id=44158, name=product 44158, condition=new, state=ok, price=1.08), Product(id=4524, name=product 4524, condition=new, state=ok, price=1.08), Product(id=90412, name=product 90412, condition=new, state=ok, price=1.08), Product(id=5711, name=product 5711, condition=new, state=ok, price=1.09), Product(id=65701, name=product 65701, condition=new, state=ok, price=1.09), Product(id=75064, name=product 75064, condition=new, state=ok, price=1.09), Product(id=42526, name=product 42526, condition=new, state=ok, price=1.1), Product(id=1933, name=product 1933, condition=new, state=ok, price=1.11), Product(id=270, name=product 270, condition=new, state=ok, price=1.11), Product(id=76220, name=product 76220, condition=new, state=ok, price=1.12), Product(id=27, name=product 27, condition=new, state=ok, price=1.13), Product(id=18071, name=product 18071, condition=new, state=ok, price=1.14), Product(id=34108, name=product 34108, condition=new, state=ok, price=1.14), Product(id=99110, name=product 99110, condition=new, state=ok, price=1.15), Product(id=10411, name=product 10411, condition=new, state=ok, price=1.16), Product(id=15356, name=product 15356, condition=new, state=ok, price=1.16), Product(id=24769, name=product 24769, condition=new, state=ok, price=1.16), Product(id=26540, name=product 26540, condition=new, state=ok, price=1.17), Product(id=3410, name=product 3410, condition=new, state=ok, price=1.17), Product(id=3909, name=product 3909, condition=new, state=ok, price=1.18), Product(id=589, name=product 589, condition=new, state=ok, price=1.19), Product(id=14031, name=product 14031, condition=new, state=ok, price=1.2), Product(id=19514, name=product 19514, condition=new, state=ok, price=1.2), Product(id=61644, name=product 61644, condition=new, state=ok, price=1.2), Product(id=4795, name=product 4795, condition=new, state=ok, price=1.23), Product(id=11292, name=product 11292, condition=new, state=ok, price=1.24), Product(id=44351, name=product 44351, condition=new, state=ok, price=1.25), Product(id=20906, name=product 20906, condition=new, state=ok, price=1.26), Product(id=22988, name=product 22988, condition=new, state=ok, price=1.26), Product(id=29227, name=product 29227, condition=new, state=ok, price=1.26), Product(id=39647, name=product 39647, condition=new, state=ok, price=1.26), Product(id=46152, name=product 46152, condition=new, state=ok, price=1.26), Product(id=4621, name=product 4621, condition=new, state=ok, price=1.26), Product(id=48016, name=product 48016, condition=new, state=ok, price=1.26), Product(id=7636, name=product 7636, condition=new, state=ok, price=1.26), Product(id=8187, name=product 8187, condition=new, state=ok, price=1.27), Product(id=8354, name=product 8354, condition=new, state=ok, price=1.27), Product(id=211, name=product 211, condition=new, state=ok, price=1.29), Product(id=53977, name=product 53977, condition=new, state=ok, price=1.29), Product(id=60226, name=product 60226, condition=new, state=ok, price=1.29), Product(id=11263, name=product 11263, condition=new, state=ok, price=1.3), Product(id=35282, name=product 35282, condition=new, state=ok, price=1.3), Product(id=51706, name=product 51706, condition=new, state=ok, price=1.3), Product(id=4636, name=product 4636, condition=new, state=ok, price=1.31), Product(id=12254, name=product 12254, condition=new, state=ok, price=1.32), Product(id=2835, name=product 2835, condition=new, state=ok, price=1.32), Product(id=41727, name=product 41727, condition=new, state=ok, price=1.32), Product(id=65157, name=product 65157, condition=new, state=ok, price=1.32), Product(id=73356, name=product 73356, condition=new, state=ok, price=1.32), Product(id=75005, name=product 75005, condition=new, state=ok, price=1.32), Product(id=13009, name=product 13009, condition=new, state=ok, price=1.34), Product(id=88437, name=product 88437, condition=new, state=ok, price=1.34), Product(id=95808, name=product 95808, condition=new, state=ok, price=1.34), Product(id=31589, name=product 31589, condition=new, state=ok, price=1.36), Product(id=4218, name=product 4218, condition=new, state=ok, price=1.37), Product(id=16383, name=product 16383, condition=new, state=ok, price=1.38), Product(id=14919, name=product 14919, condition=new, state=ok, price=1.39), Product(id=15191, name=product 15191, condition=new, state=ok, price=1.39), Product(id=11403, name=product 11403, condition=new, state=ok, price=1.4), Product(id=2080, name=product 2080, condition=new, state=ok, price=1.4), Product(id=31428, name=product 31428, condition=new, state=ok, price=1.4), Product(id=31594, name=product 31594, condition=new, state=ok, price=1.4), Product(id=92481, name=product 92481, condition=new, state=ok, price=1.4), Product(id=18926, name=product 18926, condition=new, state=ok, price=1.41), Product(id=62186, name=product 62186, condition=new, state=ok, price=1.41), Product(id=26629, name=product 26629, condition=new, state=ok, price=1.42), Product(id=48044, name=product 48044, condition=new, state=ok, price=1.42), Product(id=9113, name=product 9113, condition=new, state=ok, price=1.42), Product(id=31796, name=product 31796, condition=new, state=ok, price=1.43), Product(id=98311, name=product 98311, condition=new, state=ok, price=1.45), Product(id=11288, name=product 11288, condition=new, state=ok, price=1.46), Product(id=9356, name=product 9356, condition=new, state=ok, price=1.46), Product(id=62933, name=product 62933, condition=new, state=ok, price=1.47), Product(id=93238, name=product 93238, condition=new, state=ok, price=1.47), Product(id=18122, name=product 18122, condition=new, state=ok, price=1.48), Product(id=38823, name=product 38823, condition=new, state=ok, price=1.49), Product(id=21554, name=product 21554, condition=new, state=ok, price=1.5), Product(id=3229, name=product 3229, condition=new, state=ok, price=1.5), Product(id=853, name=product 853, condition=new, state=ok, price=1.5), Product(id=44199, name=product 44199, condition=new, state=ok, price=1.51), Product(id=46983, name=product 46983, condition=new, state=ok, price=1.51), Product(id=35213, name=product 35213, condition=new, state=ok, price=1.52), Product(id=52085, name=product 52085, condition=new, state=ok, price=1.54), Product(id=6740, name=product 6740, condition=new, state=ok, price=1.54), Product(id=22837, name=product 22837, condition=new, state=ok, price=1.55), Product(id=52153, name=product 52153, condition=new, state=ok, price=1.56), Product(id=40337, name=product 40337, condition=new, state=ok, price=1.59), Product(id=6586, name=product 6586, condition=new, state=ok, price=1.59), Product(id=17958, name=product 17958, condition=new, state=ok, price=1.6), Product(id=20460, name=product 20460, condition=new, state=ok, price=1.6), Product(id=3254, name=product 3254, condition=new, state=ok, price=1.6), Product(id=45350, name=product 45350, condition=new, state=ok, price=1.6), Product(id=27752, name=product 27752, condition=new, state=ok, price=1.62), Product(id=1110, name=product 1110, condition=new, state=ok, price=1.63), Product(id=21714, name=product 21714, condition=new, state=ok, price=1.63), Product(id=2854, name=product 2854, condition=new, state=ok, price=1.63), Product(id=30211, name=product 30211, condition=new, state=ok, price=1.63), Product(id=57116, name=product 57116, condition=new, state=ok, price=1.63), Product(id=99693, name=product 99693, condition=new, state=ok, price=1.63), Product(id=24997, name=product 24997, condition=new, state=ok, price=1.64), Product(id=26993, name=product 26993, condition=new, state=ok, price=1.64), Product(id=532, name=product 532, condition=new, state=ok, price=1.64), Product(id=567, name=product 567, condition=new, state=ok, price=1.64), Product(id=7216, name=product 7216, condition=new, state=ok, price=1.65), Product(id=56862, name=product 56862, condition=new, state=ok, price=1.66), Product(id=31442, name=product 31442, condition=new, state=ok, price=1.67), Product(id=13399, name=product 13399, condition=new, state=ok, price=1.69), Product(id=46747, name=product 46747, condition=new, state=ok, price=1.69), Product(id=70610, name=product 70610, condition=new, state=ok, price=1.69), Product(id=42509, name=product 42509, condition=new, state=ok, price=1.7), Product(id=72179, name=product 72179, condition=new, state=ok, price=1.7), Product(id=15313, name=product 15313, condition=new, state=ok, price=1.71), Product(id=38713, name=product 38713, condition=new, state=ok, price=1.71), Product(id=59915, name=product 59915, condition=new, state=ok, price=1.71), Product(id=73596, name=product 73596, condition=new, state=ok, price=1.72), Product(id=894, name=product 894, condition=new, state=ok, price=1.72), Product(id=10077, name=product 10077, condition=new, state=ok, price=1.73), Product(id=20326, name=product 20326, condition=new, state=ok, price=1.73), Product(id=22324, name=product 22324, condition=new, state=ok, price=1.73), Product(id=40636, name=product 40636, condition=new, state=ok, price=1.73), Product(id=5693, name=product 5693, condition=new, state=ok, price=1.74), Product(id=20837, name=product 20837, condition=new, state=ok, price=1.75), Product(id=37795, name=product 37795, condition=new, state=ok, price=1.75), Product(id=41835, name=product 41835, condition=new, state=ok, price=1.76), Product(id=18719, name=product 18719, condition=new, state=ok, price=1.77), Product(id=60, name=product 60, condition=new, state=ok, price=1.77), Product(id=7346, name=product 7346, condition=new, state=ok, price=1.77), Product(id=39608, name=product 39608, condition=new, state=ok, price=1.78), Product(id=8212, name=product 8212, condition=new, state=ok, price=1.78), Product(id=82705, name=product 82705, condition=new, state=ok, price=1.78), Product(id=9639, name=product 9639, condition=new, state=ok, price=1.78), Product(id=14251, name=product 14251, condition=new, state=ok, price=1.8), Product(id=2485, name=product 2485, condition=new, state=ok, price=1.8), Product(id=46370, name=product 46370, condition=new, state=ok, price=1.8), Product(id=61191, name=product 61191, condition=new, state=ok, price=1.8), Product(id=98202, name=product 98202, condition=new, state=ok, price=1.8), Product(id=86382, name=product 86382, condition=new, state=ok, price=1.82), Product(id=9354, name=product 9354, condition=new, state=ok, price=1.82), Product(id=22856, name=product 22856, condition=new, state=ok, price=1.83), Product(id=25205, name=product 25205, condition=new, state=ok, price=1.83), Product(id=27914, name=product 27914, condition=new, state=ok, price=1.83), Product(id=60746, name=product 60746, condition=new, state=ok, price=1.83), Product(id=64307, name=product 64307, condition=new, state=ok, price=1.83), Product(id=1911, name=product 1911, condition=new, state=ok, price=1.84), Product(id=22781, name=product 22781, condition=new, state=ok, price=1.84), Product(id=37572, name=product 37572, condition=new, state=ok, price=1.84), Product(id=38234, name=product 38234, condition=new, state=ok, price=1.84), Product(id=4423, name=product 4423, condition=new, state=ok, price=1.84), Product(id=99357, name=product 99357, condition=new, state=ok, price=1.84), Product(id=13787, name=product 13787, condition=new, state=ok, price=1.85), Product(id=1457, name=product 1457, condition=new, state=ok, price=1.85), Product(id=3577, name=product 3577, condition=new, state=ok, price=1.85), Product(id=4851, name=product 4851, condition=new, state=ok, price=1.86), Product(id=62888, name=product 62888, condition=new, state=ok, price=1.86), Product(id=29883, name=product 29883, condition=new, state=ok, price=1.87), Product(id=67623, name=product 67623, condition=new, state=ok, price=1.87), Product(id=7917, name=product 7917, condition=new, state=ok, price=1.87), Product(id=345, name=product 345, condition=new, state=ok, price=1.88), Product(id=46295, name=product 46295, condition=new, state=ok, price=1.88), Product(id=46381, name=product 46381, condition=new, state=ok, price=1.89), Product(id=601, name=product 601, condition=new, state=ok, price=1.89), Product(id=80323, name=product 80323, condition=new, state=ok, price=1.89), Product(id=31742, name=product 31742, condition=new, state=ok, price=1.9), Product(id=80781, name=product 80781, condition=new, state=ok, price=1.9), Product(id=11922, name=product 11922, condition=new, state=ok, price=1.91), Product(id=63841, name=product 63841, condition=new, state=ok, price=1.91), Product(id=1617, name=product 1617, condition=new, state=ok, price=1.92), Product(id=3702, name=product 3702, condition=new, state=ok, price=1.92), Product(id=89229, name=product 89229, condition=new, state=ok, price=1.92), Product(id=14082, name=product 14082, condition=new, state=ok, price=1.93), Product(id=59350, name=product 59350, condition=new, state=ok, price=1.93), Product(id=48201, name=product 48201, condition=new, state=ok, price=1.94), Product(id=28317, name=product 28317, condition=new, state=ok, price=1.95), Product(id=43870, name=product 43870, condition=new, state=ok, price=1.95), Product(id=48731, name=product 48731, condition=new, state=ok, price=1.95), Product(id=1212, name=product 1212, condition=new, state=ok, price=1.96), Product(id=1754, name=product 1754, condition=new, state=ok, price=1.96), Product(id=21139, name=product 21139, condition=new, state=ok, price=1.96), Product(id=98058, name=product 98058, condition=new, state=ok, price=1.96), Product(id=19345, name=product 19345, condition=new, state=ok, price=1.97), Product(id=94354, name=product 94354, condition=new, state=ok, price=1.97), Product(id=1383, name=product 1383, condition=new, state=ok, price=1.98), Product(id=2130, name=product 2130, condition=new, state=ok, price=1.99), Product(id=43597, name=product 43597, condition=new, state=ok, price=1.99), Product(id=47528, name=product 47528, condition=new, state=ok, price=1.99), Product(id=296, name=product 296, condition=new, state=ok, price=2.0), Product(id=33108, name=product 33108, condition=new, state=ok, price=2.0), Product(id=37228, name=product 37228, condition=new, state=ok, price=2.0), Product(id=79117, name=product 79117, condition=new, state=ok, price=2.0), Product(id=83677, name=product 83677, condition=new, state=ok, price=2.01), Product(id=83971, name=product 83971, condition=new, state=ok, price=2.01), Product(id=32594, name=product 32594, condition=new, state=ok, price=2.04), Product(id=33467, name=product 33467, condition=new, state=ok, price=2.04), Product(id=49932, name=product 49932, condition=new, state=ok, price=2.04), Product(id=22704, name=product 22704, condition=new, state=ok, price=2.05), Product(id=28125, name=product 28125, condition=new, state=ok, price=2.07), Product(id=88211, name=product 88211, condition=new, state=ok, price=2.07), Product(id=27778, name=product 27778, condition=new, state=ok, price=2.08), Product(id=19590, name=product 19590, condition=new, state=ok, price=2.09), Product(id=6566, name=product 6566, condition=new, state=ok, price=2.1), Product(id=37612, name=product 37612, condition=new, state=ok, price=2.11), Product(id=58129, name=product 58129, condition=new, state=ok, price=2.11), Product(id=86959, name=product 86959, condition=new, state=ok, price=2.11), Product(id=4751, name=product 4751, condition=new, state=ok, price=2.12), Product(id=8365, name=product 8365, condition=new, state=ok, price=2.12), Product(id=19642, name=product 19642, condition=new, state=ok, price=2.13), Product(id=40998, name=product 40998, condition=new, state=ok, price=2.13), Product(id=47322, name=product 47322, condition=new, state=ok, price=2.13), Product(id=55917, name=product 55917, condition=new, state=ok, price=2.13), Product(id=58420, name=product 58420, condition=new, state=ok, price=2.13), Product(id=7931, name=product 7931, condition=new, state=ok, price=2.14), Product(id=22397, name=product 22397, condition=new, state=ok, price=2.15), Product(id=36613, name=product 36613, condition=new, state=ok, price=2.15), Product(id=11920, name=product 11920, condition=new, state=ok, price=2.16), Product(id=52139, name=product 52139, condition=new, state=ok, price=2.16), Product(id=30028, name=product 30028, condition=new, state=ok, price=2.17), Product(id=91191, name=product 91191, condition=new, state=ok, price=2.17), Product(id=13286, name=product 13286, condition=new, state=ok, price=2.18), Product(id=36432, name=product 36432, condition=new, state=ok, price=2.19), Product(id=27971, name=product 27971, condition=new, state=ok, price=2.2), Product(id=66372, name=product 66372, condition=new, state=ok, price=2.2), Product(id=32003, name=product 32003, condition=new, state=ok, price=2.21), Product(id=81928, name=product 81928, condition=new, state=ok, price=2.21), Product(id=8937, name=product 8937, condition=new, state=ok, price=2.21), Product(id=23996, name=product 23996, condition=new, state=ok, price=2.22), Product(id=12069, name=product 12069, condition=new, state=ok, price=2.23), Product(id=36918, name=product 36918, condition=new, state=ok, price=2.23), Product(id=94265, name=product 94265, condition=new, state=ok, price=2.23), Product(id=782, name=product 782, condition=new, state=ok, price=2.24), Product(id=16300, name=product 16300, condition=new, state=ok, price=2.26), Product(id=24060, name=product 24060, condition=new, state=ok, price=2.26), Product(id=60097, name=product 60097, condition=new, state=ok, price=2.26), Product(id=79389, name=product 79389, condition=new, state=ok, price=2.26), Product(id=51536, name=product 51536, condition=new, state=ok, price=2.27), Product(id=74999, name=product 74999, condition=new, state=ok, price=2.27), Product(id=13732, name=product 13732, condition=new, state=ok, price=2.28), Product(id=8511, name=product 8511, condition=new, state=ok, price=2.28), Product(id=89213, name=product 89213, condition=new, state=ok, price=2.28), Product(id=9621, name=product 9621, condition=new, state=ok, price=2.28), Product(id=7410, name=product 7410, condition=new, state=ok, price=2.29), Product(id=95151, name=product 95151, condition=new, state=ok, price=2.29), Product(id=96536, name=product 96536, condition=new, state=ok, price=2.29), Product(id=232, name=product 232, condition=new, state=ok, price=2.3), Product(id=35086, name=product 35086, condition=new, state=ok, price=2.3), Product(id=47689, name=product 47689, condition=new, state=ok, price=2.3), Product(id=93568, name=product 93568, condition=new, state=ok, price=2.3), Product(id=4661, name=product 4661, condition=new, state=ok, price=2.31), Product(id=84361, name=product 84361, condition=new, state=ok, price=2.31), Product(id=7350, name=product 7350, condition=new, state=ok, price=2.32), Product(id=77943, name=product 77943, condition=new, state=ok, price=2.32), Product(id=83806, name=product 83806, condition=new, state=ok, price=2.32), Product(id=97622, name=product 97622, condition=new, state=ok, price=2.32), Product(id=11781, name=product 11781, condition=new, state=ok, price=2.33), Product(id=3086, name=product 3086, condition=new, state=ok, price=2.33), Product(id=32622, name=product 32622, condition=new, state=ok, price=2.33), Product(id=3477, name=product 3477, condition=new, state=ok, price=2.33), Product(id=3958, name=product 3958, condition=new, state=ok, price=2.33), Product(id=68943, name=product 68943, condition=new, state=ok, price=2.33), Product(id=7164, name=product 7164, condition=new, state=ok, price=2.33), Product(id=11030, name=product 11030, condition=new, state=ok, price=2.34), Product(id=13991, name=product 13991, condition=new, state=ok, price=2.34), Product(id=52364, name=product 52364, condition=new, state=ok, price=2.34), Product(id=13689, name=product 13689, condition=new, state=ok, price=2.35), Product(id=10177, name=product 10177, condition=new, state=ok, price=2.36), Product(id=3675, name=product 3675, condition=new, state=ok, price=2.36), Product(id=66452, name=product 66452, condition=new, state=ok, price=2.36), Product(id=73689, name=product 73689, condition=new, state=ok, price=2.36), Product(id=8578, name=product 8578, condition=new, state=ok, price=2.36), Product(id=26521, name=product 26521, condition=new, state=ok, price=2.38), Product(id=33854, name=product 33854, condition=new, state=ok, price=2.38), Product(id=10344, name=product 10344, condition=new, state=ok, price=2.39), Product(id=36072, name=product 36072, condition=new, state=ok, price=2.39), Product(id=41368, name=product 41368, condition=new, state=ok, price=2.39), Product(id=5551, name=product 5551, condition=new, state=ok, price=2.39), Product(id=6853, name=product 6853, condition=new, state=ok, price=2.4), Product(id=8626, name=product 8626, condition=new, state=ok, price=2.41), Product(id=98554, name=product 98554, condition=new, state=ok, price=2.41), Product(id=3725, name=product 3725, condition=new, state=ok, price=2.42), Product(id=47638, name=product 47638, condition=new, state=ok, price=2.42), Product(id=89410, name=product 89410, condition=new, state=ok, price=2.42), Product(id=68610, name=product 68610, condition=new, state=ok, price=2.43), Product(id=84822, name=product 84822, condition=new, state=ok, price=2.43), Product(id=4672, name=product 4672, condition=new, state=ok, price=2.44), Product(id=61796, name=product 61796, condition=new, state=ok, price=2.44), Product(id=21600, name=product 21600, condition=new, state=ok, price=2.45), Product(id=26270, name=product 26270, condition=new, state=ok, price=2.45), Product(id=38736, name=product 38736, condition=new, state=ok, price=2.45), Product(id=5054, name=product 5054, condition=new, state=ok, price=2.45), Product(id=2902, name=product 2902, condition=new, state=ok, price=2.46), Product(id=35844, name=product 35844, condition=new, state=ok, price=2.47), Product(id=68250, name=product 68250, condition=new, state=ok, price=2.47), Product(id=16131, name=product 16131, condition=new, state=ok, price=2.48), Product(id=14730, name=product 14730, condition=new, state=ok, price=2.49), Product(id=25631, name=product 25631, condition=new, state=ok, price=2.49), Product(id=39309, name=product 39309, condition=new, state=ok, price=2.49), Product(id=3058, name=product 3058, condition=new, state=ok, price=2.5), Product(id=3253, name=product 3253, condition=new, state=ok, price=2.5), Product(id=6694, name=product 6694, condition=new, state=ok, price=2.5), Product(id=97058, name=product 97058, condition=new, state=ok, price=2.5), Product(id=31587, name=product 31587, condition=new, state=ok, price=2.51), Product(id=95813, name=product 95813, condition=new, state=ok, price=2.52), Product(id=1663, name=product 1663, condition=new, state=ok, price=2.53), Product(id=2599, name=product 2599, condition=new, state=ok, price=2.53), Product(id=34132, name=product 34132, condition=new, state=ok, price=2.56), Product(id=39787, name=product 39787, condition=new, state=ok, price=2.56), Product(id=15965, name=product 15965, condition=new, state=ok, price=2.57), Product(id=29262, name=product 29262, condition=new, state=ok, price=2.57), Product(id=1538, name=product 1538, condition=new, state=ok, price=2.58), Product(id=75154, name=product 75154, condition=new, state=ok, price=2.58), Product(id=2401, name=product 2401, condition=new, state=ok, price=2.59), Product(id=28790, name=product 28790, condition=new, state=ok, price=2.59), Product(id=5242, name=product 5242, condition=new, state=ok, price=2.59), Product(id=6747, name=product 6747, condition=new, state=ok, price=2.6), Product(id=77811, name=product 77811, condition=new, state=ok, price=2.6), Product(id=97, name=product 97, condition=new, state=ok, price=2.6), Product(id=31220, name=product 31220, condition=new, state=ok, price=2.61), Product(id=40726, name=product 40726, condition=new, state=ok, price=2.62), Product(id=31137, name=product 31137, condition=new, state=ok, price=2.64), Product(id=1326, name=product 1326, condition=new, state=ok, price=2.66), Product(id=49352, name=product 49352, condition=new, state=ok, price=2.66), Product(id=73204, name=product 73204, condition=new, state=ok, price=2.66), Product(id=8659, name=product 8659, condition=new, state=ok, price=2.66), Product(id=1844, name=product 1844, condition=new, state=ok, price=2.67), Product(id=64184, name=product 64184, condition=new, state=ok, price=2.67), Product(id=70763, name=product 70763, condition=new, state=ok, price=2.67), Product(id=7457, name=product 7457, condition=new, state=ok, price=2.67), Product(id=8747, name=product 8747, condition=new, state=ok, price=2.67), Product(id=73274, name=product 73274, condition=new, state=ok, price=2.68), Product(id=10057, name=product 10057, condition=new, state=ok, price=2.69), Product(id=10944, name=product 10944, condition=new, state=ok, price=2.69), Product(id=27970, name=product 27970, condition=new, state=ok, price=2.69), Product(id=3298, name=product 3298, condition=new, state=ok, price=2.69), Product(id=51666, name=product 51666, condition=new, state=ok, price=2.69), Product(id=58656, name=product 58656, condition=new, state=ok, price=2.69), Product(id=50225, name=product 50225, condition=new, state=ok, price=2.71), Product(id=79, name=product 79, condition=new, state=ok, price=2.72), Product(id=1868, name=product 1868, condition=new, state=ok, price=2.73), Product(id=32929, name=product 32929, condition=new, state=ok, price=2.73), Product(id=48208, name=product 48208, condition=new, state=ok, price=2.73), Product(id=9697, name=product 9697, condition=new, state=ok, price=2.73), Product(id=33333, name=product 33333, condition=new, state=ok, price=2.74), Product(id=7219, name=product 7219, condition=new, state=ok, price=2.74), Product(id=75621, name=product 75621, condition=new, state=ok, price=2.74), Product(id=10445, name=product 10445, condition=new, state=ok, price=2.75), Product(id=1998, name=product 1998, condition=new, state=ok, price=2.75), Product(id=14531, name=product 14531, condition=new, state=ok, price=2.76), Product(id=91978, name=product 91978, condition=new, state=ok, price=2.76), Product(id=6276, name=product 6276, condition=new, state=ok, price=2.77), Product(id=5268, name=product 5268, condition=new, state=ok, price=2.78), Product(id=7670, name=product 7670, condition=new, state=ok, price=2.79), Product(id=26645, name=product 26645, condition=new, state=ok, price=2.8), Product(id=48461, name=product 48461, condition=new, state=ok, price=2.8), Product(id=97084, name=product 97084, condition=new, state=ok, price=2.81), Product(id=12685, name=product 12685, condition=new, state=ok, price=2.82), Product(id=18726, name=product 18726, condition=new, state=ok, price=2.82), Product(id=30014, name=product 30014, condition=new, state=ok, price=2.82), Product(id=3611, name=product 3611, condition=new, state=ok, price=2.82), Product(id=68705, name=product 68705, condition=new, state=ok, price=2.82), Product(id=75441, name=product 75441, condition=new, state=ok, price=2.82), Product(id=9962, name=product 9962, condition=new, state=ok, price=2.82), Product(id=59563, name=product 59563, condition=new, state=ok, price=2.83), Product(id=30279, name=product 30279, condition=new, state=ok, price=2.84), Product(id=32856, name=product 32856, condition=new, state=ok, price=2.84), Product(id=44063, name=product 44063, condition=new, state=ok, price=2.84), Product(id=8093, name=product 8093, condition=new, state=ok, price=2.85), Product(id=21767, name=product 21767, condition=new, state=ok, price=2.86), Product(id=82141, name=product 82141, condition=new, state=ok, price=2.86), Product(id=97206, name=product 97206, condition=new, state=ok, price=2.86), Product(id=5579, name=product 5579, condition=new, state=ok, price=2.87), Product(id=6146, name=product 6146, condition=new, state=ok, price=2.87), Product(id=8691, name=product 8691, condition=new, state=ok, price=2.87), Product(id=12208, name=product 12208, condition=new, state=ok, price=2.88), Product(id=15994, name=product 15994, condition=new, state=ok, price=2.88), Product(id=24174, name=product 24174, condition=new, state=ok, price=2.88), Product(id=48477, name=product 48477, condition=new, state=ok, price=2.88), Product(id=56082, name=product 56082, condition=new, state=ok, price=2.88), Product(id=6087, name=product 6087, condition=new, state=ok, price=2.88), Product(id=89976, name=product 89976, condition=new, state=ok, price=2.88), Product(id=27414, name=product 27414, condition=new, state=ok, price=2.89), Product(id=13553, name=product 13553, condition=new, state=ok, price=2.9), Product(id=84912, name=product 84912, condition=new, state=ok, price=2.9), Product(id=15935, name=product 15935, condition=new, state=ok, price=2.91), Product(id=36372, name=product 36372, condition=new, state=ok, price=2.91), Product(id=49558, name=product 49558, condition=new, state=ok, price=2.91), Product(id=77026, name=product 77026, condition=new, state=ok, price=2.91), Product(id=16066, name=product 16066, condition=new, state=ok, price=2.92), Product(id=364, name=product 364, condition=new, state=ok, price=2.92), Product(id=94929, name=product 94929, condition=new, state=ok, price=2.92), Product(id=44437, name=product 44437, condition=new, state=ok, price=2.94), Product(id=5495, name=product 5495, condition=new, state=ok, price=2.95), Product(id=9911, name=product 9911, condition=new, state=ok, price=2.95), Product(id=34733, name=product 34733, condition=new, state=ok, price=2.96), Product(id=56650, name=product 56650, condition=new, state=ok, price=2.96), Product(id=30315, name=product 30315, condition=new, state=ok, price=2.97), Product(id=29240, name=product 29240, condition=new, state=ok, price=2.98), Product(id=41692, name=product 41692, condition=new, state=ok, price=2.98), Product(id=45698, name=product 45698, condition=new, state=ok, price=2.98), Product(id=80740, name=product 80740, condition=new, state=ok, price=2.99), Product(id=20323, name=product 20323, condition=new, state=ok, price=3.01), Product(id=40008, name=product 40008, condition=new, state=ok, price=3.01), Product(id=10237, name=product 10237, condition=new, state=ok, price=3.02), Product(id=5904, name=product 5904, condition=new, state=ok, price=3.02), Product(id=81799, name=product 81799, condition=new, state=ok, price=3.02), Product(id=10261, name=product 10261, condition=new, state=ok, price=3.03), Product(id=1481, name=product 1481, condition=new, state=ok, price=3.03), Product(id=2729, name=product 2729, condition=new, state=ok, price=3.03), Product(id=2356, name=product 2356, condition=new, state=ok, price=3.05), Product(id=345, name=product 345, condition=new, state=ok, price=3.05), Product(id=5942, name=product 5942, condition=new, state=ok, price=3.05), Product(id=24721, name=product 24721, condition=new, state=ok, price=3.06), Product(id=7146, name=product 7146, condition=new, state=ok, price=3.06), Product(id=14328, name=product 14328, condition=new, state=ok, price=3.07), Product(id=4121, name=product 4121, condition=new, state=ok, price=3.07), Product(id=13526, name=product 13526, condition=new, state=ok, price=3.08), Product(id=50832, name=product 50832, condition=new, state=ok, price=3.09), Product(id=16812, name=product 16812, condition=new, state=ok, price=3.1), Product(id=19204, name=product 19204, condition=new, state=ok, price=3.1), Product(id=55575, name=product 55575, condition=new, state=ok, price=3.1), Product(id=70511, name=product 70511, condition=new, state=ok, price=3.1), Product(id=77129, name=product 77129, condition=new, state=ok, price=3.11), Product(id=93325, name=product 93325, condition=new, state=ok, price=3.11), Product(id=34195, name=product 34195, condition=new, state=ok, price=3.12), Product(id=4445, name=product 4445, condition=new, state=ok, price=3.13), Product(id=47294, name=product 47294, condition=new, state=ok, price=3.13), Product(id=81861, name=product 81861, condition=new, state=ok, price=3.13), Product(id=68107, name=product 68107, condition=new, state=ok, price=3.14), Product(id=63287, name=product 63287, condition=new, state=ok, price=3.15), Product(id=36783, name=product 36783, condition=new, state=ok, price=3.16), Product(id=80778, name=product 80778, condition=new, state=ok, price=3.16), Product(id=94570, name=product 94570, condition=new, state=ok, price=3.17), Product(id=99427, name=product 99427, condition=new, state=ok, price=3.17), Product(id=1405, name=product 1405, condition=new, state=ok, price=3.18), Product(id=22336, name=product 22336, condition=new, state=ok, price=3.19), Product(id=8632, name=product 8632, condition=new, state=ok, price=3.19), Product(id=8798, name=product 8798, condition=new, state=ok, price=3.19), Product(id=3317, name=product 3317, condition=new, state=ok, price=3.2), Product(id=14302, name=product 14302, condition=new, state=ok, price=3.21), Product(id=29477, name=product 29477, condition=new, state=ok, price=3.21), Product(id=35128, name=product 35128, condition=new, state=ok, price=3.21), Product(id=7683, name=product 7683, condition=new, state=ok, price=3.21), Product(id=9940, name=product 9940, condition=new, state=ok, price=3.21), Product(id=1145, name=product 1145, condition=new, state=ok, price=3.22), Product(id=11577, name=product 11577, condition=new, state=ok, price=3.22), Product(id=66963, name=product 66963, condition=new, state=ok, price=3.23), Product(id=70577, name=product 70577, condition=new, state=ok, price=3.23), Product(id=4929, name=product 4929, condition=new, state=ok, price=3.24), Product(id=50427, name=product 50427, condition=new, state=ok, price=3.24), Product(id=81254, name=product 81254, condition=new, state=ok, price=3.24), Product(id=2467, name=product 2467, condition=new, state=ok, price=3.25), Product(id=47176, name=product 47176, condition=new, state=ok, price=3.25), Product(id=51451, name=product 51451, condition=new, state=ok, price=3.25), Product(id=13913, name=product 13913, condition=new, state=ok, price=3.26), Product(id=98901, name=product 98901, condition=new, state=ok, price=3.28), Product(id=13221, name=product 13221, condition=new, state=ok, price=3.29), Product(id=17287, name=product 17287, condition=new, state=ok, price=3.29), Product(id=78790, name=product 78790, condition=new, state=ok, price=3.29), Product(id=16942, name=product 16942, condition=new, state=ok, price=3.3), Product(id=2905, name=product 2905, condition=new, state=ok, price=3.3), Product(id=36462, name=product 36462, condition=new, state=ok, price=3.3), Product(id=8466, name=product 8466, condition=new, state=ok, price=3.32), Product(id=5443, name=product 5443, condition=new, state=ok, price=3.33), Product(id=40398, name=product 40398, condition=new, state=ok, price=3.34), Product(id=9200, name=product 9200, condition=new, state=ok, price=3.35), Product(id=31379, name=product 31379, condition=new, state=ok, price=3.36), Product(id=31721, name=product 31721, condition=new, state=ok, price=3.36), Product(id=40393, name=product 40393, condition=new, state=ok, price=3.36), Product(id=25050, name=product 25050, condition=new, state=ok, price=3.37), Product(id=14151, name=product 14151, condition=new, state=ok, price=3.38), Product(id=91826, name=product 91826, condition=new, state=ok, price=3.38), Product(id=2295, name=product 2295, condition=new, state=ok, price=3.39), Product(id=64419, name=product 64419, condition=new, state=ok, price=3.39), Product(id=13579, name=product 13579, condition=new, state=ok, price=3.4), Product(id=27570, name=product 27570, condition=new, state=ok, price=3.4), Product(id=2839, name=product 2839, condition=new, state=ok, price=3.4), Product(id=281, name=product 281, condition=new, state=ok, price=3.41), Product(id=13571, name=product 13571, condition=new, state=ok, price=3.42), Product(id=1453, name=product 1453, condition=new, state=ok, price=3.42), Product(id=22344, name=product 22344, condition=new, state=ok, price=3.42), Product(id=33099, name=product 33099, condition=new, state=ok, price=3.42), Product(id=35764, name=product 35764, condition=new, state=ok, price=3.44), Product(id=51630, name=product 51630, condition=new, state=ok, price=3.44), Product(id=54197, name=product 54197, condition=new, state=ok, price=3.44), Product(id=19909, name=product 19909, condition=new, state=ok, price=3.45), Product(id=23124, name=product 23124, condition=new, state=ok, price=3.45), Product(id=34649, name=product 34649, condition=new, state=ok, price=3.45), Product(id=68316, name=product 68316, condition=new, state=ok, price=3.45), Product(id=28909, name=product 28909, condition=new, state=ok, price=3.47), Product(id=13920, name=product 13920, condition=new, state=ok, price=3.49), Product(id=7477, name=product 7477, condition=new, state=ok, price=3.49), Product(id=41630, name=product 41630, condition=new, state=ok, price=3.5), Product(id=12998, name=product 12998, condition=new, state=ok, price=3.51), Product(id=3666, name=product 3666, condition=new, state=ok, price=3.51), Product(id=50089, name=product 50089, condition=new, state=ok, price=3.51), Product(id=17675, name=product 17675, condition=new, state=ok, price=3.52), Product(id=31366, name=product 31366, condition=new, state=ok, price=3.52), Product(id=4387, name=product 4387, condition=new, state=ok, price=3.52), Product(id=82223, name=product 82223, condition=new, state=ok, price=3.52), Product(id=57660, name=product 57660, condition=new, state=ok, price=3.53), Product(id=23539, name=product 23539, condition=new, state=ok, price=3.54), Product(id=5626, name=product 5626, condition=new, state=ok, price=3.54), Product(id=5804, name=product 5804, condition=new, state=ok, price=3.54), Product(id=8613, name=product 8613, condition=new, state=ok, price=3.54), Product(id=17007, name=product 17007, condition=new, state=ok, price=3.55), Product(id=2832, name=product 2832, condition=new, state=ok, price=3.55), Product(id=2995, name=product 2995, condition=new, state=ok, price=3.55), Product(id=52586, name=product 52586, condition=new, state=ok, price=3.55), Product(id=6134, name=product 6134, condition=new, state=ok, price=3.55), Product(id=13137, name=product 13137, condition=new, state=ok, price=3.56), Product(id=2307, name=product 2307, condition=new, state=ok, price=3.56), Product(id=70998, name=product 70998, condition=new, state=ok, price=3.56), Product(id=82580, name=product 82580, condition=new, state=ok, price=3.56), Product(id=11464, name=product 11464, condition=new, state=ok, price=3.57), Product(id=35102, name=product 35102, condition=new, state=ok, price=3.57), Product(id=54437, name=product 54437, condition=new, state=ok, price=3.58), Product(id=12736, name=product 12736, condition=new, state=ok, price=3.59), Product(id=20267, name=product 20267, condition=new, state=ok, price=3.6), Product(id=57400, name=product 57400, condition=new, state=ok, price=3.6), Product(id=8718, name=product 8718, condition=new, state=ok, price=3.61), Product(id=2904, name=product 2904, condition=new, state=ok, price=3.62), Product(id=4675, name=product 4675, condition=new, state=ok, price=3.62), Product(id=1858, name=product 1858, condition=new, state=ok, price=3.63), Product(id=81101, name=product 81101, condition=new, state=ok, price=3.64), Product(id=28369, name=product 28369, condition=new, state=ok, price=3.65), Product(id=75132, name=product 75132, condition=new, state=ok, price=3.65), Product(id=17461, name=product 17461, condition=new, state=ok, price=3.66), Product(id=20214, name=product 20214, condition=new, state=ok, price=3.66), Product(id=57588, name=product 57588, condition=new, state=ok, price=3.66), Product(id=1350, name=product 1350, condition=new, state=ok, price=3.67), Product(id=17535, name=product 17535, condition=new, state=ok, price=3.69), Product(id=21367, name=product 21367, condition=new, state=ok, price=3.69), Product(id=5493, name=product 5493, condition=new, state=ok, price=3.69), Product(id=98815, name=product 98815, condition=new, state=ok, price=3.69), Product(id=17726, name=product 17726, condition=new, state=ok, price=3.7), Product(id=2037, name=product 2037, condition=new, state=ok, price=3.7), Product(id=2524, name=product 2524, condition=new, state=ok, price=3.7), Product(id=2682, name=product 2682, condition=new, state=ok, price=3.7), Product(id=44821, name=product 44821, condition=new, state=ok, price=3.7), Product(id=8980, name=product 8980, condition=new, state=ok, price=3.7), Product(id=28872, name=product 28872, condition=new, state=ok, price=3.71), Product(id=39601, name=product 39601, condition=new, state=ok, price=3.71), Product(id=46597, name=product 46597, condition=new, state=ok, price=3.71), Product(id=20277, name=product 20277, condition=new, state=ok, price=3.72), Product(id=21835, name=product 21835, condition=new, state=ok, price=3.72), Product(id=74545, name=product 74545, condition=new, state=ok, price=3.72), Product(id=22677, name=product 22677, condition=new, state=ok, price=3.73), Product(id=2496, name=product 2496, condition=new, state=ok, price=3.73), Product(id=28430, name=product 28430, condition=new, state=ok, price=3.73), Product(id=55103, name=product 55103, condition=new, state=ok, price=3.73), Product(id=65553, name=product 65553, condition=new, state=ok, price=3.73), Product(id=5999, name=product 5999, condition=new, state=ok, price=3.74), Product(id=22517, name=product 22517, condition=new, state=ok, price=3.75), Product(id=46849, name=product 46849, condition=new, state=ok, price=3.75), Product(id=20301, name=product 20301, condition=new, state=ok, price=3.76), Product(id=2286, name=product 2286, condition=new, state=ok, price=3.76), Product(id=9592, name=product 9592, condition=new, state=ok, price=3.76), Product(id=9553, name=product 9553, condition=new, state=ok, price=3.77), Product(id=73, name=product 73, condition=new, state=ok, price=3.79), Product(id=97418, name=product 97418, condition=new, state=ok, price=3.79), Product(id=12589, name=product 12589, condition=new, state=ok, price=3.8), Product(id=42601, name=product 42601, condition=new, state=ok, price=3.8), Product(id=13610, name=product 13610, condition=new, state=ok, price=3.81), Product(id=95248, name=product 95248, condition=new, state=ok, price=3.81), Product(id=38862, name=product 38862, condition=new, state=ok, price=3.82), Product(id=2422, name=product 2422, condition=new, state=ok, price=3.83), Product(id=31765, name=product 31765, condition=new, state=ok, price=3.84), Product(id=35478, name=product 35478, condition=new, state=ok, price=3.84), Product(id=47042, name=product 47042, condition=new, state=ok, price=3.84), Product(id=1314, name=product 1314, condition=new, state=ok, price=3.85), Product(id=1645, name=product 1645, condition=new, state=ok, price=3.85), Product(id=11542, name=product 11542, condition=new, state=ok, price=3.86), Product(id=25701, name=product 25701, condition=new, state=ok, price=3.86), Product(id=76706, name=product 76706, condition=new, state=ok, price=3.86), Product(id=10260, name=product 10260, condition=new, state=ok, price=3.87), Product(id=1541, name=product 1541, condition=new, state=ok, price=3.87), Product(id=62883, name=product 62883, condition=new, state=ok, price=3.88), Product(id=78739, name=product 78739, condition=new, state=ok, price=3.88), Product(id=8299, name=product 8299, condition=new, state=ok, price=3.88), Product(id=2591, name=product 2591, condition=new, state=ok, price=3.89), Product(id=62839, name=product 62839, condition=new, state=ok, price=3.89), Product(id=33697, name=product 33697, condition=new, state=ok, price=3.9), Product(id=49252, name=product 49252, condition=new, state=ok, price=3.9), Product(id=65, name=product 65, condition=new, state=ok, price=3.91), Product(id=11650, name=product 11650, condition=new, state=ok, price=3.92), Product(id=35938, name=product 35938, condition=new, state=ok, price=3.92), Product(id=44514, name=product 44514, condition=new, state=ok, price=3.92), Product(id=11942, name=product 11942, condition=new, state=ok, price=3.93), Product(id=16921, name=product 16921, condition=new, state=ok, price=3.93), Product(id=33134, name=product 33134, condition=new, state=ok, price=3.93), Product(id=3975, name=product 3975, condition=new, state=ok, price=3.93), Product(id=20027, name=product 20027, condition=new, state=ok, price=3.94), Product(id=67334, name=product 67334, condition=new, state=ok, price=3.94), Product(id=72331, name=product 72331, condition=new, state=ok, price=3.94), Product(id=19383, name=product 19383, condition=new, state=ok, price=3.95), Product(id=21666, name=product 21666, condition=new, state=ok, price=3.95), Product(id=71865, name=product 71865, condition=new, state=ok, price=3.95), Product(id=79542, name=product 79542, condition=new, state=ok, price=3.95), Product(id=2367, name=product 2367, condition=new, state=ok, price=3.97), Product(id=6201, name=product 6201, condition=new, state=ok, price=3.97), Product(id=15675, name=product 15675, condition=new, state=ok, price=3.98), Product(id=24529, name=product 24529, condition=new, state=ok, price=3.98), Product(id=3559, name=product 3559, condition=new, state=ok, price=3.98), Product(id=77303, name=product 77303, condition=new, state=ok, price=3.98), Product(id=84475, name=product 84475, condition=new, state=ok, price=3.98), Product(id=9319, name=product 9319, condition=new, state=ok, price=4.0), Product(id=72037, name=product 72037, condition=new, state=ok, price=4.01), Product(id=76516, name=product 76516, condition=new, state=ok, price=4.02), Product(id=84553, name=product 84553, condition=new, state=ok, price=4.02), Product(id=88615, name=product 88615, condition=new, state=ok, price=4.02), Product(id=93204, name=product 93204, condition=new, state=ok, price=4.02), Product(id=3019, name=product 3019, condition=new, state=ok, price=4.03), Product(id=7713, name=product 7713, condition=new, state=ok, price=4.03), Product(id=23887, name=product 23887, condition=new, state=ok, price=4.04), Product(id=27463, name=product 27463, condition=new, state=ok, price=4.04), Product(id=25838, name=product 25838, condition=new, state=ok, price=4.05), Product(id=33017, name=product 33017, condition=new, state=ok, price=4.05), Product(id=58794, name=product 58794, condition=new, state=ok, price=4.05), Product(id=75209, name=product 75209, condition=new, state=ok, price=4.06), Product(id=15255, name=product 15255, condition=new, state=ok, price=4.08), Product(id=46672, name=product 46672, condition=new, state=ok, price=4.08), Product(id=52135, name=product 52135, condition=new, state=ok, price=4.08), Product(id=8009, name=product 8009, condition=new, state=ok, price=4.08), Product(id=81498, name=product 81498, condition=new, state=ok, price=4.08), Product(id=24173, name=product 24173, condition=new, state=ok, price=4.09), Product(id=33305, name=product 33305, condition=new, state=ok, price=4.09), Product(id=65819, name=product 65819, condition=new, state=ok, price=4.09), Product(id=17776, name=product 17776, condition=new, state=ok, price=4.1), Product(id=45459, name=product 45459, condition=new, state=ok, price=4.1), Product(id=25090, name=product 25090, condition=new, state=ok, price=4.11), Product(id=95651, name=product 95651, condition=new, state=ok, price=4.11), Product(id=13359, name=product 13359, condition=new, state=ok, price=4.12), Product(id=21549, name=product 21549, condition=new, state=ok, price=4.12), Product(id=10570, name=product 10570, condition=new, state=ok, price=4.14), Product(id=37961, name=product 37961, condition=new, state=ok, price=4.14), Product(id=24690, name=product 24690, condition=new, state=ok, price=4.15), Product(id=10868, name=product 10868, condition=new, state=ok, price=4.16), Product(id=1219, name=product 1219, condition=new, state=ok, price=4.16), Product(id=7704, name=product 7704, condition=new, state=ok, price=4.16), Product(id=54350, name=product 54350, condition=new, state=ok, price=4.17), Product(id=9443, name=product 9443, condition=new, state=ok, price=4.17), Product(id=19658, name=product 19658, condition=new, state=ok, price=4.18), Product(id=31585, name=product 31585, condition=new, state=ok, price=4.19), Product(id=27372, name=product 27372, condition=new, state=ok, price=4.2), Product(id=11826, name=product 11826, condition=new, state=ok, price=4.23), Product(id=21367, name=product 21367, condition=new, state=ok, price=4.23), Product(id=23819, name=product 23819, condition=new, state=ok, price=4.23), Product(id=71190, name=product 71190, condition=new, state=ok, price=4.23), Product(id=38945, name=product 38945, condition=new, state=ok, price=4.24), Product(id=19399, name=product 19399, condition=new, state=ok, price=4.25), Product(id=57183, name=product 57183, condition=new, state=ok, price=4.26), Product(id=93649, name=product 93649, condition=new, state=ok, price=4.26), Product(id=20605, name=product 20605, condition=new, state=ok, price=4.27), Product(id=52349, name=product 52349, condition=new, state=ok, price=4.27), Product(id=8309, name=product 8309, condition=new, state=ok, price=4.27), Product(id=83254, name=product 83254, condition=new, state=ok, price=4.27), Product(id=17138, name=product 17138, condition=new, state=ok, price=4.28), Product(id=22870, name=product 22870, condition=new, state=ok, price=4.28), Product(id=4122, name=product 4122, condition=new, state=ok, price=4.28), Product(id=29606, name=product 29606, condition=new, state=ok, price=4.3), Product(id=33123, name=product 33123, condition=new, state=ok, price=4.3), Product(id=46395, name=product 46395, condition=new, state=ok, price=4.3), Product(id=19024, name=product 19024, condition=new, state=ok, price=4.31), Product(id=2946, name=product 2946, condition=new, state=ok, price=4.31), Product(id=37977, name=product 37977, condition=new, state=ok, price=4.32), Product(id=4284, name=product 4284, condition=new, state=ok, price=4.32), Product(id=38849, name=product 38849, condition=new, state=ok, price=4.34), Product(id=47188, name=product 47188, condition=new, state=ok, price=4.34), Product(id=71638, name=product 71638, condition=new, state=ok, price=4.34), Product(id=10803, name=product 10803, condition=new, state=ok, price=4.35), Product(id=1251, name=product 1251, condition=new, state=ok, price=4.35), Product(id=28716, name=product 28716, condition=new, state=ok, price=4.35), Product(id=53300, name=product 53300, condition=new, state=ok, price=4.35), Product(id=59718, name=product 59718, condition=new, state=ok, price=4.35), Product(id=886, name=product 886, condition=new, state=ok, price=4.35), Product(id=7005, name=product 7005, condition=new, state=ok, price=4.37), Product(id=99842, name=product 99842, condition=new, state=ok, price=4.38), Product(id=20827, name=product 20827, condition=new, state=ok, price=4.39), Product(id=21843, name=product 21843, condition=new, state=ok, price=4.39), Product(id=2350, name=product 2350, condition=new, state=ok, price=4.39), Product(id=2947, name=product 2947, condition=new, state=ok, price=4.39), Product(id=3126, name=product 3126, condition=new, state=ok, price=4.39), Product(id=13620, name=product 13620, condition=new, state=ok, price=4.4), Product(id=3290, name=product 3290, condition=new, state=ok, price=4.4), Product(id=17939, name=product 17939, condition=new, state=ok, price=4.41), Product(id=3465, name=product 3465, condition=new, state=ok, price=4.41), Product(id=48794, name=product 48794, condition=new, state=ok, price=4.41), Product(id=19222, name=product 19222, condition=new, state=ok, price=4.42), Product(id=24057, name=product 24057, condition=new, state=ok, price=4.42), Product(id=57615, name=product 57615, condition=new, state=ok, price=4.42), Product(id=88964, name=product 88964, condition=new, state=ok, price=4.42), Product(id=23766, name=product 23766, condition=new, state=ok, price=4.44), Product(id=22398, name=product 22398, condition=new, state=ok, price=4.45), Product(id=6078, name=product 6078, condition=new, state=ok, price=4.45), Product(id=91073, name=product 91073, condition=new, state=ok, price=4.45), Product(id=94647, name=product 94647, condition=new, state=ok, price=4.45), Product(id=27911, name=product 27911, condition=new, state=ok, price=4.46), Product(id=19864, name=product 19864, condition=new, state=ok, price=4.47), Product(id=5672, name=product 5672, condition=new, state=ok, price=4.47), Product(id=14830, name=product 14830, condition=new, state=ok, price=4.48), Product(id=29096, name=product 29096, condition=new, state=ok, price=4.48), Product(id=4645, name=product 4645, condition=new, state=ok, price=4.48), Product(id=75346, name=product 75346, condition=new, state=ok, price=4.48), Product(id=48417, name=product 48417, condition=new, state=ok, price=4.51), Product(id=270, name=product 270, condition=new, state=ok, price=4.52), Product(id=17897, name=product 17897, condition=new, state=ok, price=4.53), Product(id=53809, name=product 53809, condition=new, state=ok, price=4.53), Product(id=75638, name=product 75638, condition=new, state=ok, price=4.53), Product(id=37935, name=product 37935, condition=new, state=ok, price=4.54), Product(id=2950, name=product 2950, condition=new, state=ok, price=4.55), Product(id=5339, name=product 5339, condition=new, state=ok, price=4.55), Product(id=1256, name=product 1256, condition=new, state=ok, price=4.56), Product(id=13686, name=product 13686, condition=new, state=ok, price=4.56), Product(id=3478, name=product 3478, condition=new, state=ok, price=4.56), Product(id=48384, name=product 48384, condition=new, state=ok, price=4.57), Product(id=1370, name=product 1370, condition=new, state=ok, price=4.58), Product(id=2447, name=product 2447, condition=new, state=ok, price=4.58), Product(id=3984, name=product 3984, condition=new, state=ok, price=4.59), Product(id=96921, name=product 96921, condition=new, state=ok, price=4.59), Product(id=45941, name=product 45941, condition=new, state=ok, price=4.6), Product(id=19803, name=product 19803, condition=new, state=ok, price=4.61), Product(id=33226, name=product 33226, condition=new, state=ok, price=4.61), Product(id=94164, name=product 94164, condition=new, state=ok, price=4.61), Product(id=93437, name=product 93437, condition=new, state=ok, price=4.63), Product(id=23158, name=product 23158, condition=new, state=ok, price=4.65), Product(id=31597, name=product 31597, condition=new, state=ok, price=4.65), Product(id=32378, name=product 32378, condition=new, state=ok, price=4.66), Product(id=6989, name=product 6989, condition=new, state=ok, price=4.66), Product(id=48711, name=product 48711, condition=new, state=ok, price=4.67), Product(id=6689, name=product 6689, condition=new, state=ok, price=4.67), Product(id=72602, name=product 72602, condition=new, state=ok, price=4.68), Product(id=7876, name=product 7876, condition=new, state=ok, price=4.68), Product(id=99324, name=product 99324, condition=new, state=ok, price=4.68), Product(id=54595, name=product 54595, condition=new, state=ok, price=4.69), Product(id=4898, name=product 4898, condition=new, state=ok, price=4.71), Product(id=33342, name=product 33342, condition=new, state=ok, price=4.73), Product(id=40396, name=product 40396, condition=new, state=ok, price=4.73), Product(id=94146, name=product 94146, condition=new, state=ok, price=4.73), Product(id=15886, name=product 15886, condition=new, state=ok, price=4.74), Product(id=40572, name=product 40572, condition=new, state=ok, price=4.74), Product(id=8530, name=product 8530, condition=new, state=ok, price=4.74), Product(id=1961, name=product 1961, condition=new, state=ok, price=4.75), Product(id=2176, name=product 2176, condition=new, state=ok, price=4.76), Product(id=28564, name=product 28564, condition=new, state=ok, price=4.76), Product(id=48448, name=product 48448, condition=new, state=ok, price=4.76), Product(id=86475, name=product 86475, condition=new, state=ok, price=4.76), Product(id=36622, name=product 36622, condition=new, state=ok, price=4.77), Product(id=2179, name=product 2179, condition=new, state=ok, price=4.78), Product(id=21967, name=product 21967, condition=new, state=ok, price=4.78), Product(id=2353, name=product 2353, condition=new, state=ok, price=4.78), Product(id=23349, name=product 23349, condition=new, state=ok, price=4.79), Product(id=50094, name=product 50094, condition=new, state=ok, price=4.79), Product(id=13381, name=product 13381, condition=new, state=ok, price=4.8), Product(id=23853, name=product 23853, condition=new, state=ok, price=4.81), Product(id=44604, name=product 44604, condition=new, state=ok, price=4.81), Product(id=74635, name=product 74635, condition=new, state=ok, price=4.81), Product(id=1799, name=product 1799, condition=new, state=ok, price=4.82), Product(id=23094, name=product 23094, condition=new, state=ok, price=4.83), Product(id=27123, name=product 27123, condition=new, state=ok, price=4.83), Product(id=28366, name=product 28366, condition=new, state=ok, price=4.83), Product(id=43258, name=product 43258, condition=new, state=ok, price=4.83), Product(id=2491, name=product 2491, condition=new, state=ok, price=4.84), Product(id=76522, name=product 76522, condition=new, state=ok, price=4.85), Product(id=80012, name=product 80012, condition=new, state=ok, price=4.85), Product(id=1275, name=product 1275, condition=new, state=ok, price=4.86), Product(id=6052, name=product 6052, condition=new, state=ok, price=4.86), Product(id=74420, name=product 74420, condition=new, state=ok, price=4.86), Product(id=964, name=product 964, condition=new, state=ok, price=4.86), Product(id=50097, name=product 50097, condition=new, state=ok, price=4.87), Product(id=92832, name=product 92832, condition=new, state=ok, price=4.87), Product(id=15755, name=product 15755, condition=new, state=ok, price=4.88), Product(id=21592, name=product 21592, condition=new, state=ok, price=4.88), Product(id=36644, name=product 36644, condition=new, state=ok, price=4.88), Product(id=59, name=product 59, condition=new, state=ok, price=4.88), Product(id=60138, name=product 60138, condition=new, state=ok, price=4.88), Product(id=67230, name=product 67230, condition=new, state=ok, price=4.88), Product(id=9870, name=product 9870, condition=new, state=ok, price=4.89), Product(id=18174, name=product 18174, condition=new, state=ok, price=4.91), Product(id=65772, name=product 65772, condition=new, state=ok, price=4.91), Product(id=87257, name=product 87257, condition=new, state=ok, price=4.91), Product(id=4784, name=product 4784, condition=new, state=ok, price=4.93), Product(id=5398, name=product 5398, condition=new, state=ok, price=4.93), Product(id=70441, name=product 70441, condition=new, state=ok, price=4.93), Product(id=11854, name=product 11854, condition=new, state=ok, price=4.94), Product(id=15434, name=product 15434, condition=new, state=ok, price=4.94), Product(id=27766, name=product 27766, condition=new, state=ok, price=4.94), Product(id=29221, name=product 29221, condition=new, state=ok, price=4.94), Product(id=6491, name=product 6491, condition=new, state=ok, price=4.97), Product(id=11466, name=product 11466, condition=new, state=ok, price=4.98), Product(id=12196, name=product 12196, condition=new, state=ok, price=4.98), Product(id=12297, name=product 12297, condition=new, state=ok, price=4.98), Product(id=1820, name=product 1820, condition=new, state=ok, price=5.0)]&gt; but was: java.util.LinkedList&lt;[Product(id=51505, name=product 51505, condition=new, state=ok, price=0.01), Product(id=23605, name=product 23605, condition=new, state=ok, price=0.02), Product(id=99685, name=product 99685, condition=new, state=ok, price=0.02), Product(id=21625, name=product 21625, condition=new, state=ok, price=0.03), Product(id=6808, name=product 6808, condition=new, state=ok, price=0.03), Product(id=78883, name=product 78883, condition=new, state=ok, price=0.03), Product(id=3439, name=product 3439, condition=new, state=ok, price=0.04), Product(id=2546, name=product 2546, condition=new, state=ok, price=0.05), Product(id=32667, name=product 32667, condition=new, state=ok, price=0.05), Product(id=8585, name=product 8585, condition=new, state=ok, price=0.05), Product(id=11358, name=product 11358, condition=new, state=ok, price=0.06), Product(id=32858, name=product 32858, condition=new, state=ok, price=0.06), Product(id=50807, name=product 50807, condition=new, state=ok, price=0.06), Product(id=62690, name=product 62690, condition=new, state=ok, price=0.06), Product(id=1343, name=product 1343, condition=new, state=ok, price=0.07), Product(id=20138, name=product 20138, condition=new, state=ok, price=0.07), Product(id=20611, name=product 20611, condition=new, state=ok, price=0.07), Product(id=10121, name=product 10121, condition=new, state=ok, price=0.09), Product(id=75159, name=product 75159, condition=new, state=ok, price=0.1), Product(id=385, name=product 385, condition=new, state=ok, price=0.11), Product(id=62900, name=product 62900, condition=new, state=ok, price=0.11), Product(id=87452, name=product 87452, condition=new, state=ok, price=0.11), Product(id=633, name=product 633, condition=new, state=ok, price=0.12), Product(id=64177, name=product 64177, condition=new, state=ok, price=0.12), Product(id=7657, name=product 7657, condition=new, state=ok, price=0.12), Product(id=10316, name=product 10316, condition=new, state=ok, price=0.13), Product(id=4711, name=product 4711, condition=new, state=ok, price=0.14), Product(id=9257, name=product 9257, condition=new, state=ok, price=0.14), Product(id=15558, name=product 15558, condition=new, state=ok, price=0.15), Product(id=24740, name=product 24740, condition=new, state=ok, price=0.15), Product(id=42114, name=product 42114, condition=new, state=ok, price=0.15), Product(id=60531, name=product 60531, condition=new, state=ok, price=0.15), Product(id=19214, name=product 19214, condition=new, state=ok, price=0.16), Product(id=14201, name=product 14201, condition=new, state=ok, price=0.17), Product(id=2025, name=product 2025, condition=new, state=ok, price=0.17), Product(id=17914, name=product 17914, condition=new, state=ok, price=0.18), Product(id=22356, name=product 22356, condition=new, state=ok, price=0.18), Product(id=40370, name=product 40370, condition=new, state=ok, price=0.18), Product(id=85972, name=product 85972, condition=new, state=ok, price=0.19), Product(id=97342, name=product 97342, condition=new, state=ok, price=0.2), Product(id=15445, name=product 15445, condition=new, state=ok, price=0.21), Product(id=17984, name=product 17984, condition=new, state=ok, price=0.21), Product(id=23080, name=product 23080, condition=new, state=ok, price=0.21), Product(id=2668, name=product 2668, condition=new, state=ok, price=0.21), Product(id=3471, name=product 3471, condition=new, state=ok, price=0.21), Product(id=67740, name=product 67740, condition=new, state=ok, price=0.21), Product(id=76225, name=product 76225, condition=new, state=ok, price=0.21), Product(id=83935, name=product 83935, condition=new, state=ok, price=0.21), Product(id=8756, name=product 8756, condition=new, state=ok, price=0.21), Product(id=2172, name=product 2172, condition=new, state=ok, price=0.22), Product(id=33948, name=product 33948, condition=new, state=ok, price=0.22), Product(id=37639, name=product 37639, condition=new, state=ok, price=0.23), Product(id=5171, name=product 5171, condition=new, state=ok, price=0.23), Product(id=2879, name=product 2879, condition=new, state=ok, price=0.24), Product(id=45718, name=product 45718, condition=new, state=ok, price=0.24), Product(id=68067, name=product 68067, condition=new, state=ok, price=0.24), Product(id=13541, name=product 13541, condition=new, state=ok, price=0.25), Product(id=31517, name=product 31517, condition=new, state=ok, price=0.25), Product(id=55613, name=product 55613, condition=new, state=ok, price=0.25), Product(id=13837, name=product 13837, condition=new, state=ok, price=0.26), Product(id=4178, name=product 4178, condition=new, state=ok, price=0.27), Product(id=45952, name=product 45952, condition=new, state=ok, price=0.27), Product(id=50622, name=product 50622, condition=new, state=ok, price=0.27), Product(id=65269, name=product 65269, condition=new, state=ok, price=0.27), Product(id=11923, name=product 11923, condition=new, state=ok, price=0.28), Product(id=20144, name=product 20144, condition=new, state=ok, price=0.28), Product(id=42615, name=product 42615, condition=new, state=ok, price=0.28), Product(id=14372, name=product 14372, condition=new, state=ok, price=0.29), Product(id=15747, name=product 15747, condition=new, state=ok, price=0.29), Product(id=20370, name=product 20370, condition=new, state=ok, price=0.29), Product(id=25601, name=product 25601, condition=new, state=ok, price=0.3), Product(id=3644, name=product 3644, condition=new, state=ok, price=0.3), Product(id=5635, name=product 5635, condition=new, state=ok, price=0.31), Product(id=15611, name=product 15611, condition=new, state=ok, price=0.34), Product(id=23709, name=product 23709, condition=new, state=ok, price=0.35), Product(id=54677, name=product 54677, condition=new, state=ok, price=0.36), Product(id=8436, name=product 8436, condition=new, state=ok, price=0.36), Product(id=9559, name=product 9559, condition=new, state=ok, price=0.37), Product(id=21998, name=product 21998, condition=new, state=ok, price=0.38), Product(id=45581, name=product 45581, condition=new, state=ok, price=0.38), Product(id=52416, name=product 52416, condition=new, state=ok, price=0.38), Product(id=1700, name=product 1700, condition=new, state=ok, price=0.39), Product(id=4668, name=product 4668, condition=new, state=ok, price=0.39), Product(id=58608, name=product 58608, condition=new, state=ok, price=0.39), Product(id=13678, name=product 13678, condition=new, state=ok, price=0.4), Product(id=23494, name=product 23494, condition=new, state=ok, price=0.41), Product(id=27785, name=product 27785, condition=new, state=ok, price=0.41), Product(id=93439, name=product 93439, condition=new, state=ok, price=0.41), Product(id=26601, name=product 26601, condition=new, state=ok, price=0.42), Product(id=38240, name=product 38240, condition=new, state=ok, price=0.42), Product(id=21742, name=product 21742, condition=new, state=ok, price=0.43), Product(id=78895, name=product 78895, condition=new, state=ok, price=0.43), Product(id=6900, name=product 6900, condition=new, state=ok, price=0.45), Product(id=9556, name=product 9556, condition=new, state=ok, price=0.45), Product(id=12660, name=product 12660, condition=new, state=ok, price=0.47), Product(id=22356, name=product 22356, condition=new, state=ok, price=0.47), Product(id=41358, name=product 41358, condition=new, state=ok, price=0.49), Product(id=523, name=product 523, condition=new, state=ok, price=0.5), Product(id=74091, name=product 74091, condition=new, state=ok, price=0.5), Product(id=10209, name=product 10209, condition=new, state=ok, price=0.51), Product(id=18390, name=product 18390, condition=new, state=ok, price=0.51), Product(id=22084, name=product 22084, condition=new, state=ok, price=0.52), Product(id=44000, name=product 44000, condition=new, state=ok, price=0.52), Product(id=66321, name=product 66321, condition=new, state=ok, price=0.52), Product(id=13164, name=product 13164, condition=new, state=ok, price=0.53), Product(id=35021, name=product 35021, condition=new, state=ok, price=0.53), Product(id=1028, name=product 1028, condition=new, state=ok, price=0.54), Product(id=1057, name=product 1057, condition=new, state=ok, price=0.54), Product(id=29111, name=product 29111, condition=new, state=ok, price=0.54), Product(id=93134, name=product 93134, condition=new, state=ok, price=0.54), Product(id=99323, name=product 99323, condition=new, state=ok, price=0.54), Product(id=15769, name=product 15769, condition=new, state=ok, price=0.55), Product(id=16138, name=product 16138, condition=new, state=ok, price=0.56), Product(id=1824, name=product 1824, condition=new, state=ok, price=0.56), Product(id=25302, name=product 25302, condition=new, state=ok, price=0.56), Product(id=892, name=product 892, condition=new, state=ok, price=0.56), Product(id=11755, name=product 11755, condition=new, state=ok, price=0.57), Product(id=24825, name=product 24825, condition=new, state=ok, price=0.57), Product(id=1744, name=product 1744, condition=new, state=ok, price=0.58), Product(id=39097, name=product 39097, condition=new, state=ok, price=0.58), Product(id=51089, name=product 51089, condition=new, state=ok, price=0.58), Product(id=58009, name=product 58009, condition=new, state=ok, price=0.58), Product(id=20440, name=product 20440, condition=new, state=ok, price=0.59), Product(id=4211, name=product 4211, condition=new, state=ok, price=0.59), Product(id=52916, name=product 52916, condition=new, state=ok, price=0.59), Product(id=63114, name=product 63114, condition=new, state=ok, price=0.59), Product(id=27684, name=product 27684, condition=new, state=ok, price=0.6), Product(id=22474, name=product 22474, condition=new, state=ok, price=0.61), Product(id=4505, name=product 4505, condition=new, state=ok, price=0.61), Product(id=19719, name=product 19719, condition=new, state=ok, price=0.62), Product(id=20907, name=product 20907, condition=new, state=ok, price=0.62), Product(id=22761, name=product 22761, condition=new, state=ok, price=0.62), Product(id=41409, name=product 41409, condition=new, state=ok, price=0.62), Product(id=864, name=product 864, condition=new, state=ok, price=0.62), Product(id=13801, name=product 13801, condition=new, state=ok, price=0.63), Product(id=2510, name=product 2510, condition=new, state=ok, price=0.64), Product(id=19245, name=product 19245, condition=new, state=ok, price=0.65), Product(id=7484, name=product 7484, condition=new, state=ok, price=0.65), Product(id=91753, name=product 91753, condition=new, state=ok, price=0.65), Product(id=24674, name=product 24674, condition=new, state=ok, price=0.66), Product(id=4519, name=product 4519, condition=new, state=ok, price=0.66), Product(id=18420, name=product 18420, condition=new, state=ok, price=0.68), Product(id=6388, name=product 6388, condition=new, state=ok, price=0.68), Product(id=37485, name=product 37485, condition=new, state=ok, price=0.69), Product(id=770, name=product 770, condition=new, state=ok, price=0.69), Product(id=22513, name=product 22513, condition=new, state=ok, price=0.7), Product(id=28, name=product 28, condition=new, state=ok, price=0.71), Product(id=30140, name=product 30140, condition=new, state=ok, price=0.71), Product(id=34310, name=product 34310, condition=new, state=ok, price=0.71), Product(id=57597, name=product 57597, condition=new, state=ok, price=0.71), Product(id=71244, name=product 71244, condition=new, state=ok, price=0.71), Product(id=51949, name=product 51949, condition=new, state=ok, price=0.73), Product(id=819, name=product 819, condition=new, state=ok, price=0.73), Product(id=7816, name=product 7816, condition=new, state=ok, price=0.74), Product(id=3883, name=product 3883, condition=new, state=ok, price=0.75), Product(id=13915, name=product 13915, condition=new, state=ok, price=0.76), Product(id=26043, name=product 26043, condition=new, state=ok, price=0.76), Product(id=590, name=product 590, condition=new, state=ok, price=0.76), Product(id=61283, name=product 61283, condition=new, state=ok, price=0.76), Product(id=21430, name=product 21430, condition=new, state=ok, price=0.77), Product(id=528, name=product 528, condition=new, state=ok, price=0.77), Product(id=19034, name=product 19034, condition=new, state=ok, price=0.78), Product(id=2919, name=product 2919, condition=new, state=ok, price=0.78), Product(id=33428, name=product 33428, condition=new, state=ok, price=0.78), Product(id=44148, name=product 44148, condition=new, state=ok, price=0.78), Product(id=35046, name=product 35046, condition=new, state=ok, price=0.79), Product(id=6394, name=product 6394, condition=new, state=ok, price=0.79), Product(id=100224, name=product 100224, condition=new, state=ok, price=0.8), Product(id=24584, name=product 24584, condition=new, state=ok, price=0.8), Product(id=3705, name=product 3705, condition=new, state=ok, price=0.8), Product(id=42886, name=product 42886, condition=new, state=ok, price=0.81), Product(id=8589, name=product 8589, condition=new, state=ok, price=0.82), Product(id=38425, name=product 38425, condition=new, state=ok, price=0.84), Product(id=79193, name=product 79193, condition=new, state=ok, price=0.84), Product(id=36019, name=product 36019, condition=new, state=ok, price=0.85), Product(id=2948, name=product 2948, condition=new, state=ok, price=0.86), Product(id=18224, name=product 18224, condition=new, state=ok, price=0.87), Product(id=71826, name=product 71826, condition=new, state=ok, price=0.87), Product(id=167, name=product 167, condition=new, state=ok, price=0.89), Product(id=5474, name=product 5474, condition=new, state=ok, price=0.89), Product(id=65539, name=product 65539, condition=new, state=ok, price=0.89), Product(id=25325, name=product 25325, condition=new, state=ok, price=0.9), Product(id=33875, name=product 33875, condition=new, state=ok, price=0.9), Product(id=9963, name=product 9963, condition=new, state=ok, price=0.9), Product(id=75835, name=product 75835, condition=new, state=ok, price=0.92), Product(id=20214, name=product 20214, condition=new, state=ok, price=0.93), Product(id=11779, name=product 11779, condition=new, state=ok, price=0.94), Product(id=40663, name=product 40663, condition=new, state=ok, price=0.94), Product(id=993, name=product 993, condition=new, state=ok, price=0.94), Product(id=5549, name=product 5549, condition=new, state=ok, price=0.95), Product(id=27, name=product 27, condition=new, state=ok, price=0.96), Product(id=31730, name=product 31730, condition=new, state=ok, price=0.96), Product(id=6005, name=product 6005, condition=new, state=ok, price=0.97), Product(id=70279, name=product 70279, condition=new, state=ok, price=0.98), Product(id=2103, name=product 2103, condition=new, state=ok, price=0.99), Product(id=48574, name=product 48574, condition=new, state=ok, price=0.99), Product(id=11229, name=product 11229, condition=new, state=ok, price=1.01), Product(id=19569, name=product 19569, condition=new, state=ok, price=1.01), Product(id=34288, name=product 34288, condition=new, state=ok, price=1.01), Product(id=3599, name=product 3599, condition=new, state=ok, price=1.01), Product(id=40709, name=product 40709, condition=new, state=ok, price=1.01), Product(id=14982, name=product 14982, condition=new, state=ok, price=1.02), Product(id=82969, name=product 82969, condition=new, state=ok, price=1.02), Product(id=10547, name=product 10547, condition=new, state=ok, price=1.03), Product(id=20542, name=product 20542, condition=new, state=ok, price=1.05), Product(id=37103, name=product 37103, condition=new, state=ok, price=1.06), Product(id=76815, name=product 76815, condition=new, state=ok, price=1.06), Product(id=13611, name=product 13611, condition=new, state=ok, price=1.07), Product(id=49034, name=product 49034, condition=new, state=ok, price=1.07), Product(id=116, name=product 116, condition=new, state=ok, price=1.08), Product(id=44158, name=product 44158, condition=new, state=ok, price=1.08), Product(id=4524, name=product 4524, condition=new, state=ok, price=1.08), Product(id=90412, name=product 90412, condition=new, state=ok, price=1.08), Product(id=5711, name=product 5711, condition=new, state=ok, price=1.09), Product(id=65701, name=product 65701, condition=new, state=ok, price=1.09), Product(id=75064, name=product 75064, condition=new, state=ok, price=1.09), Product(id=42526, name=product 42526, condition=new, state=ok, price=1.1), Product(id=1933, name=product 1933, condition=new, state=ok, price=1.11), Product(id=270, name=product 270, condition=new, state=ok, price=1.11), Product(id=76220, name=product 76220, condition=new, state=ok, price=1.12), Product(id=27, name=product 27, condition=new, state=ok, price=1.13), Product(id=18071, name=product 18071, condition=new, state=ok, price=1.14), Product(id=34108, name=product 34108, condition=new, state=ok, price=1.14), Product(id=99110, name=product 99110, condition=new, state=ok, price=1.15), Product(id=10411, name=product 10411, condition=new, state=ok, price=1.16), Product(id=15356, name=product 15356, condition=new, state=ok, price=1.16), Product(id=24769, name=product 24769, condition=new, state=ok, price=1.16), Product(id=26540, name=product 26540, condition=new, state=ok, price=1.17), Product(id=3410, name=product 3410, condition=new, state=ok, price=1.17), Product(id=3909, name=product 3909, condition=new, state=ok, price=1.18), Product(id=589, name=product 589, condition=new, state=ok, price=1.19), Product(id=14031, name=product 14031, condition=new, state=ok, price=1.2), Product(id=19514, name=product 19514, condition=new, state=ok, price=1.2), Product(id=61644, name=product 61644, condition=new, state=ok, price=1.2), Product(id=4795, name=product 4795, condition=new, state=ok, price=1.23), Product(id=11292, name=product 11292, condition=new, state=ok, price=1.24), Product(id=44351, name=product 44351, condition=new, state=ok, price=1.25), Product(id=20906, name=product 20906, condition=new, state=ok, price=1.26), Product(id=22988, name=product 22988, condition=new, state=ok, price=1.26), Product(id=29227, name=product 29227, condition=new, state=ok, price=1.26), Product(id=39647, name=product 39647, condition=new, state=ok, price=1.26), Product(id=46152, name=product 46152, condition=new, state=ok, price=1.26), Product(id=4621, name=product 4621, condition=new, state=ok, price=1.26), Product(id=48016, name=product 48016, condition=new, state=ok, price=1.26), Product(id=7636, name=product 7636, condition=new, state=ok, price=1.26), Product(id=8187, name=product 8187, condition=new, state=ok, price=1.27), Product(id=8354, name=product 8354, condition=new, state=ok, price=1.27), Product(id=211, name=product 211, condition=new, state=ok, price=1.29), Product(id=53977, name=product 53977, condition=new, state=ok, price=1.29), Product(id=60226, name=product 60226, condition=new, state=ok, price=1.29), Product(id=11263, name=product 11263, condition=new, state=ok, price=1.3), Product(id=35282, name=product 35282, condition=new, state=ok, price=1.3), Product(id=51706, name=product 51706, condition=new, state=ok, price=1.3), Product(id=4636, name=product 4636, condition=new, state=ok, price=1.31), Product(id=12254, name=product 12254, condition=new, state=ok, price=1.32), Product(id=2835, name=product 2835, condition=new, state=ok, price=1.32), Product(id=41727, name=product 41727, condition=new, state=ok, price=1.32), Product(id=65157, name=product 65157, condition=new, state=ok, price=1.32), Product(id=73356, name=product 73356, condition=new, state=ok, price=1.32), Product(id=75005, name=product 75005, condition=new, state=ok, price=1.32), Product(id=13009, name=product 13009, condition=new, state=ok, price=1.34), Product(id=88437, name=product 88437, condition=new, state=ok, price=1.34), Product(id=95808, name=product 95808, condition=new, state=ok, price=1.34), Product(id=31589, name=product 31589, condition=new, state=ok, price=1.36), Product(id=4218, name=product 4218, condition=new, state=ok, price=1.37), Product(id=16383, name=product 16383, condition=new, state=ok, price=1.38), Product(id=14919, name=product 14919, condition=new, state=ok, price=1.39), Product(id=15191, name=product 15191, condition=new, state=ok, price=1.39), Product(id=11403, name=product 11403, condition=new, state=ok, price=1.4), Product(id=2080, name=product 2080, condition=new, state=ok, price=1.4), Product(id=31428, name=product 31428, condition=new, state=ok, price=1.4), Product(id=31594, name=product 31594, condition=new, state=ok, price=1.4), Product(id=92481, name=product 92481, condition=new, state=ok, price=1.4), Product(id=18926, name=product 18926, condition=new, state=ok, price=1.41), Product(id=62186, name=product 62186, condition=new, state=ok, price=1.41), Product(id=26629, name=product 26629, condition=new, state=ok, price=1.42), Product(id=48044, name=product 48044, condition=new, state=ok, price=1.42), Product(id=9113, name=product 9113, condition=new, state=ok, price=1.42), Product(id=31796, name=product 31796, condition=new, state=ok, price=1.43), Product(id=98311, name=product 98311, condition=new, state=ok, price=1.45), Product(id=11288, name=product 11288, condition=new, state=ok, price=1.46), Product(id=9356, name=product 9356, condition=new, state=ok, price=1.46), Product(id=62933, name=product 62933, condition=new, state=ok, price=1.47), Product(id=93238, name=product 93238, condition=new, state=ok, price=1.47), Product(id=18122, name=product 18122, condition=new, state=ok, price=1.48), Product(id=38823, name=product 38823, condition=new, state=ok, price=1.49), Product(id=21554, name=product 21554, condition=new, state=ok, price=1.5), Product(id=3229, name=product 3229, condition=new, state=ok, price=1.5), Product(id=853, name=product 853, condition=new, state=ok, price=1.5), Product(id=44199, name=product 44199, condition=new, state=ok, price=1.51), Product(id=46983, name=product 46983, condition=new, state=ok, price=1.51), Product(id=35213, name=product 35213, condition=new, state=ok, price=1.52), Product(id=52085, name=product 52085, condition=new, state=ok, price=1.54), Product(id=6740, name=product 6740, condition=new, state=ok, price=1.54), Product(id=22837, name=product 22837, condition=new, state=ok, price=1.55), Product(id=52153, name=product 52153, condition=new, state=ok, price=1.56), Product(id=40337, name=product 40337, condition=new, state=ok, price=1.59), Product(id=6586, name=product 6586, condition=new, state=ok, price=1.59), Product(id=17958, name=product 17958, condition=new, state=ok, price=1.6), Product(id=20460, name=product 20460, condition=new, state=ok, price=1.6), Product(id=3254, name=product 3254, condition=new, state=ok, price=1.6), Product(id=45350, name=product 45350, condition=new, state=ok, price=1.6), Product(id=27752, name=product 27752, condition=new, state=ok, price=1.62), Product(id=1110, name=product 1110, condition=new, state=ok, price=1.63), Product(id=21714, name=product 21714, condition=new, state=ok, price=1.63), Product(id=2854, name=product 2854, condition=new, state=ok, price=1.63), Product(id=30211, name=product 30211, condition=new, state=ok, price=1.63), Product(id=57116, name=product 57116, condition=new, state=ok, price=1.63), Product(id=99693, name=product 99693, condition=new, state=ok, price=1.63), Product(id=24997, name=product 24997, condition=new, state=ok, price=1.64), Product(id=26993, name=product 26993, condition=new, state=ok, price=1.64), Product(id=532, name=product 532, condition=new, state=ok, price=1.64), Product(id=567, name=product 567, condition=new, state=ok, price=1.64), Product(id=7216, name=product 7216, condition=new, state=ok, price=1.65), Product(id=56862, name=product 56862, condition=new, state=ok, price=1.66), Product(id=31442, name=product 31442, condition=new, state=ok, price=1.67), Product(id=13399, name=product 13399, condition=new, state=ok, price=1.69), Product(id=46747, name=product 46747, condition=new, state=ok, price=1.69), Product(id=70610, name=product 70610, condition=new, state=ok, price=1.69), Product(id=42509, name=product 42509, condition=new, state=ok, price=1.7), Product(id=72179, name=product 72179, condition=new, state=ok, price=1.7), Product(id=15313, name=product 15313, condition=new, state=ok, price=1.71), Product(id=38713, name=product 38713, condition=new, state=ok, price=1.71), Product(id=59915, name=product 59915, condition=new, state=ok, price=1.71), Product(id=73596, name=product 73596, condition=new, state=ok, price=1.72), Product(id=894, name=product 894, condition=new, state=ok, price=1.72), Product(id=10077, name=product 10077, condition=new, state=ok, price=1.73), Product(id=20326, name=product 20326, condition=new, state=ok, price=1.73), Product(id=22324, name=product 22324, condition=new, state=ok, price=1.73), Product(id=40636, name=product 40636, condition=new, state=ok, price=1.73), Product(id=5693, name=product 5693, condition=new, state=ok, price=1.74), Product(id=20837, name=product 20837, condition=new, state=ok, price=1.75), Product(id=37795, name=product 37795, condition=new, state=ok, price=1.75), Product(id=41835, name=product 41835, condition=new, state=ok, price=1.76), Product(id=18719, name=product 18719, condition=new, state=ok, price=1.77), Product(id=60, name=product 60, condition=new, state=ok, price=1.77), Product(id=7346, name=product 7346, condition=new, state=ok, price=1.77), Product(id=39608, name=product 39608, condition=new, state=ok, price=1.78), Product(id=8212, name=product 8212, condition=new, state=ok, price=1.78), Product(id=82705, name=product 82705, condition=new, state=ok, price=1.78), Product(id=9639, name=product 9639, condition=new, state=ok, price=1.78), Product(id=14251, name=product 14251, condition=new, state=ok, price=1.8), Product(id=2485, name=product 2485, condition=new, state=ok, price=1.8), Product(id=46370, name=product 46370, condition=new, state=ok, price=1.8), Product(id=61191, name=product 61191, condition=new, state=ok, price=1.8), Product(id=98202, name=product 98202, condition=new, state=ok, price=1.8), Product(id=86382, name=product 86382, condition=new, state=ok, price=1.82), Product(id=9354, name=product 9354, condition=new, state=ok, price=1.82), Product(id=22856, name=product 22856, condition=new, state=ok, price=1.83), Product(id=25205, name=product 25205, condition=new, state=ok, price=1.83), Product(id=27914, name=product 27914, condition=new, state=ok, price=1.83), Product(id=60746, name=product 60746, condition=new, state=ok, price=1.83), Product(id=64307, name=product 64307, condition=new, state=ok, price=1.83), Product(id=1911, name=product 1911, condition=new, state=ok, price=1.84), Product(id=22781, name=product 22781, condition=new, state=ok, price=1.84), Product(id=37572, name=product 37572, condition=new, state=ok, price=1.84), Product(id=38234, name=product 38234, condition=new, state=ok, price=1.84), Product(id=4423, name=product 4423, condition=new, state=ok, price=1.84), Product(id=99357, name=product 99357, condition=new, state=ok, price=1.84), Product(id=13787, name=product 13787, condition=new, state=ok, price=1.85), Product(id=1457, name=product 1457, condition=new, state=ok, price=1.85), Product(id=3577, name=product 3577, condition=new, state=ok, price=1.85), Product(id=4851, name=product 4851, condition=new, state=ok, price=1.86), Product(id=62888, name=product 62888, condition=new, state=ok, price=1.86), Product(id=29883, name=product 29883, condition=new, state=ok, price=1.87), Product(id=67623, name=product 67623, condition=new, state=ok, price=1.87), Product(id=7917, name=product 7917, condition=new, state=ok, price=1.87), Product(id=345, name=product 345, condition=new, state=ok, price=1.88), Product(id=46295, name=product 46295, condition=new, state=ok, price=1.88), Product(id=46381, name=product 46381, condition=new, state=ok, price=1.89), Product(id=601, name=product 601, condition=new, state=ok, price=1.89), Product(id=80323, name=product 80323, condition=new, state=ok, price=1.89), Product(id=31742, name=product 31742, condition=new, state=ok, price=1.9), Product(id=80781, name=product 80781, condition=new, state=ok, price=1.9), Product(id=11922, name=product 11922, condition=new, state=ok, price=1.91), Product(id=63841, name=product 63841, condition=new, state=ok, price=1.91), Product(id=1617, name=product 1617, condition=new, state=ok, price=1.92), Product(id=3702, name=product 3702, condition=new, state=ok, price=1.92), Product(id=89229, name=product 89229, condition=new, state=ok, price=1.92), Product(id=14082, name=product 14082, condition=new, state=ok, price=1.93), Product(id=59350, name=product 59350, condition=new, state=ok, price=1.93), Product(id=48201, name=product 48201, condition=new, state=ok, price=1.94), Product(id=28317, name=product 28317, condition=new, state=ok, price=1.95), Product(id=43870, name=product 43870, condition=new, state=ok, price=1.95), Product(id=48731, name=product 48731, condition=new, state=ok, price=1.95), Product(id=1212, name=product 1212, condition=new, state=ok, price=1.96), Product(id=1754, name=product 1754, condition=new, state=ok, price=1.96), Product(id=21139, name=product 21139, condition=new, state=ok, price=1.96), Product(id=98058, name=product 98058, condition=new, state=ok, price=1.96), Product(id=19345, name=product 19345, condition=new, state=ok, price=1.97), Product(id=94354, name=product 94354, condition=new, state=ok, price=1.97), Product(id=1383, name=product 1383, condition=new, state=ok, price=1.98), Product(id=2130, name=product 2130, condition=new, state=ok, price=1.99), Product(id=43597, name=product 43597, condition=new, state=ok, price=1.99), Product(id=47528, name=product 47528, condition=new, state=ok, price=1.99), Product(id=296, name=product 296, condition=new, state=ok, price=2.0), Product(id=33108, name=product 33108, condition=new, state=ok, price=2.0), Product(id=37228, name=product 37228, condition=new, state=ok, price=2.0), Product(id=79117, name=product 79117, condition=new, state=ok, price=2.0), Product(id=83677, name=product 83677, condition=new, state=ok, price=2.01), Product(id=83971, name=product 83971, condition=new, state=ok, price=2.01), Product(id=32594, name=product 32594, condition=new, state=ok, price=2.04), Product(id=33467, name=product 33467, condition=new, state=ok, price=2.04), Product(id=49932, name=product 49932, condition=new, state=ok, price=2.04), Product(id=22704, name=product 22704, condition=new, state=ok, price=2.05), Product(id=28125, name=product 28125, condition=new, state=ok, price=2.07), Product(id=88211, name=product 88211, condition=new, state=ok, price=2.07), Product(id=27778, name=product 27778, condition=new, state=ok, price=2.08), Product(id=19590, name=product 19590, condition=new, state=ok, price=2.09), Product(id=6566, name=product 6566, condition=new, state=ok, price=2.1), Product(id=37612, name=product 37612, condition=new, state=ok, price=2.11), Product(id=58129, name=product 58129, condition=new, state=ok, price=2.11), Product(id=86959, name=product 86959, condition=new, state=ok, price=2.11), Product(id=4751, name=product 4751, condition=new, state=ok, price=2.12), Product(id=8365, name=product 8365, condition=new, state=ok, price=2.12), Product(id=19642, name=product 19642, condition=new, state=ok, price=2.13), Product(id=40998, name=product 40998, condition=new, state=ok, price=2.13), Product(id=47322, name=product 47322, condition=new, state=ok, price=2.13), Product(id=55917, name=product 55917, condition=new, state=ok, price=2.13), Product(id=58420, name=product 58420, condition=new, state=ok, price=2.13), Product(id=7931, name=product 7931, condition=new, state=ok, price=2.14), Product(id=22397, name=product 22397, condition=new, state=ok, price=2.15), Product(id=36613, name=product 36613, condition=new, state=ok, price=2.15), Product(id=11920, name=product 11920, condition=new, state=ok, price=2.16), Product(id=52139, name=product 52139, condition=new, state=ok, price=2.16), Product(id=30028, name=product 30028, condition=new, state=ok, price=2.17), Product(id=91191, name=product 91191, condition=new, state=ok, price=2.17), Product(id=13286, name=product 13286, condition=new, state=ok, price=2.18), Product(id=36432, name=product 36432, condition=new, state=ok, price=2.19), Product(id=27971, name=product 27971, condition=new, state=ok, price=2.2), Product(id=66372, name=product 66372, condition=new, state=ok, price=2.2), Product(id=32003, name=product 32003, condition=new, state=ok, price=2.21), Product(id=81928, name=product 81928, condition=new, state=ok, price=2.21), Product(id=8937, name=product 8937, condition=new, state=ok, price=2.21), Product(id=23996, name=product 23996, condition=new, state=ok, price=2.22), Product(id=12069, name=product 12069, condition=new, state=ok, price=2.23), Product(id=36918, name=product 36918, condition=new, state=ok, price=2.23), Product(id=94265, name=product 94265, condition=new, state=ok, price=2.23), Product(id=782, name=product 782, condition=new, state=ok, price=2.24), Product(id=16300, name=product 16300, condition=new, state=ok, price=2.26), Product(id=24060, name=product 24060, condition=new, state=ok, price=2.26), Product(id=60097, name=product 60097, condition=new, state=ok, price=2.26), Product(id=79389, name=product 79389, condition=new, state=ok, price=2.26), Product(id=51536, name=product 51536, condition=new, state=ok, price=2.27), Product(id=74999, name=product 74999, condition=new, state=ok, price=2.27), Product(id=13732, name=product 13732, condition=new, state=ok, price=2.28), Product(id=8511, name=product 8511, condition=new, state=ok, price=2.28), Product(id=89213, name=product 89213, condition=new, state=ok, price=2.28), Product(id=9621, name=product 9621, condition=new, state=ok, price=2.28), Product(id=7410, name=product 7410, condition=new, state=ok, price=2.29), Product(id=95151, name=product 95151, condition=new, state=ok, price=2.29), Product(id=96536, name=product 96536, condition=new, state=ok, price=2.29), Product(id=232, name=product 232, condition=new, state=ok, price=2.3), Product(id=35086, name=product 35086, condition=new, state=ok, price=2.3), Product(id=47689, name=product 47689, condition=new, state=ok, price=2.3), Product(id=93568, name=product 93568, condition=new, state=ok, price=2.3), Product(id=4661, name=product 4661, condition=new, state=ok, price=2.31), Product(id=84361, name=product 84361, condition=new, state=ok, price=2.31), Product(id=7350, name=product 7350, condition=new, state=ok, price=2.32), Product(id=77943, name=product 77943, condition=new, state=ok, price=2.32), Product(id=83806, name=product 83806, condition=new, state=ok, price=2.32), Product(id=97622, name=product 97622, condition=new, state=ok, price=2.32), Product(id=11781, name=product 11781, condition=new, state=ok, price=2.33), Product(id=3086, name=product 3086, condition=new, state=ok, price=2.33), Product(id=32622, name=product 32622, condition=new, state=ok, price=2.33), Product(id=3477, name=product 3477, condition=new, state=ok, price=2.33), Product(id=3958, name=product 3958, condition=new, state=ok, price=2.33), Product(id=68943, name=product 68943, condition=new, state=ok, price=2.33), Product(id=7164, name=product 7164, condition=new, state=ok, price=2.33), Product(id=11030, name=product 11030, condition=new, state=ok, price=2.34), Product(id=13991, name=product 13991, condition=new, state=ok, price=2.34), Product(id=52364, name=product 52364, condition=new, state=ok, price=2.34), Product(id=13689, name=product 13689, condition=new, state=ok, price=2.35), Product(id=10177, name=product 10177, condition=new, state=ok, price=2.36), Product(id=3675, name=product 3675, condition=new, state=ok, price=2.36), Product(id=66452, name=product 66452, condition=new, state=ok, price=2.36), Product(id=73689, name=product 73689, condition=new, state=ok, price=2.36), Product(id=8578, name=product 8578, condition=new, state=ok, price=2.36), Product(id=26521, name=product 26521, condition=new, state=ok, price=2.38), Product(id=33854, name=product 33854, condition=new, state=ok, price=2.38), Product(id=10344, name=product 10344, condition=new, state=ok, price=2.39), Product(id=36072, name=product 36072, condition=new, state=ok, price=2.39), Product(id=41368, name=product 41368, condition=new, state=ok, price=2.39), Product(id=5551, name=product 5551, condition=new, state=ok, price=2.39), Product(id=6853, name=product 6853, condition=new, state=ok, price=2.4), Product(id=8626, name=product 8626, condition=new, state=ok, price=2.41), Product(id=98554, name=product 98554, condition=new, state=ok, price=2.41), Product(id=3725, name=product 3725, condition=new, state=ok, price=2.42), Product(id=47638, name=product 47638, condition=new, state=ok, price=2.42), Product(id=89410, name=product 89410, condition=new, state=ok, price=2.42), Product(id=68610, name=product 68610, condition=new, state=ok, price=2.43), Product(id=84822, name=product 84822, condition=new, state=ok, price=2.43), Product(id=4672, name=product 4672, condition=new, state=ok, price=2.44), Product(id=61796, name=product 61796, condition=new, state=ok, price=2.44), Product(id=21600, name=product 21600, condition=new, state=ok, price=2.45), Product(id=26270, name=product 26270, condition=new, state=ok, price=2.45), Product(id=38736, name=product 38736, condition=new, state=ok, price=2.45), Product(id=5054, name=product 5054, condition=new, state=ok, price=2.45), Product(id=2902, name=product 2902, condition=new, state=ok, price=2.46), Product(id=35844, name=product 35844, condition=new, state=ok, price=2.47), Product(id=68250, name=product 68250, condition=new, state=ok, price=2.47), Product(id=16131, name=product 16131, condition=new, state=ok, price=2.48), Product(id=14730, name=product 14730, condition=new, state=ok, price=2.49), Product(id=25631, name=product 25631, condition=new, state=ok, price=2.49), Product(id=39309, name=product 39309, condition=new, state=ok, price=2.49), Product(id=3058, name=product 3058, condition=new, state=ok, price=2.5), Product(id=3253, name=product 3253, condition=new, state=ok, price=2.5), Product(id=6694, name=product 6694, condition=new, state=ok, price=2.5), Product(id=97058, name=product 97058, condition=new, state=ok, price=2.5), Product(id=31587, name=product 31587, condition=new, state=ok, price=2.51), Product(id=95813, name=product 95813, condition=new, state=ok, price=2.52), Product(id=1663, name=product 1663, condition=new, state=ok, price=2.53), Product(id=2599, name=product 2599, condition=new, state=ok, price=2.53), Product(id=34132, name=product 34132, condition=new, state=ok, price=2.56), Product(id=39787, name=product 39787, condition=new, state=ok, price=2.56), Product(id=15965, name=product 15965, condition=new, state=ok, price=2.57), Product(id=29262, name=product 29262, condition=new, state=ok, price=2.57), Product(id=1538, name=product 1538, condition=new, state=ok, price=2.58), Product(id=75154, name=product 75154, condition=new, state=ok, price=2.58), Product(id=2401, name=product 2401, condition=new, state=ok, price=2.59), Product(id=28790, name=product 28790, condition=new, state=ok, price=2.59), Product(id=5242, name=product 5242, condition=new, state=ok, price=2.59), Product(id=6747, name=product 6747, condition=new, state=ok, price=2.6), Product(id=77811, name=product 77811, condition=new, state=ok, price=2.6), Product(id=97, name=product 97, condition=new, state=ok, price=2.6), Product(id=31220, name=product 31220, condition=new, state=ok, price=2.61), Product(id=40726, name=product 40726, condition=new, state=ok, price=2.62), Product(id=31137, name=product 31137, condition=new, state=ok, price=2.64), Product(id=1326, name=product 1326, condition=new, state=ok, price=2.66), Product(id=49352, name=product 49352, condition=new, state=ok, price=2.66), Product(id=73204, name=product 73204, condition=new, state=ok, price=2.66), Product(id=8659, name=product 8659, condition=new, state=ok, price=2.66), Product(id=1844, name=product 1844, condition=new, state=ok, price=2.67), Product(id=64184, name=product 64184, condition=new, state=ok, price=2.67), Product(id=70763, name=product 70763, condition=new, state=ok, price=2.67), Product(id=7457, name=product 7457, condition=new, state=ok, price=2.67), Product(id=8747, name=product 8747, condition=new, state=ok, price=2.67), Product(id=73274, name=product 73274, condition=new, state=ok, price=2.68), Product(id=10057, name=product 10057, condition=new, state=ok, price=2.69), Product(id=10944, name=product 10944, condition=new, state=ok, price=2.69), Product(id=27970, name=product 27970, condition=new, state=ok, price=2.69), Product(id=3298, name=product 3298, condition=new, state=ok, price=2.69), Product(id=51666, name=product 51666, condition=new, state=ok, price=2.69), Product(id=58656, name=product 58656, condition=new, state=ok, price=2.69), Product(id=50225, name=product 50225, condition=new, state=ok, price=2.71), Product(id=79, name=product 79, condition=new, state=ok, price=2.72), Product(id=1868, name=product 1868, condition=new, state=ok, price=2.73), Product(id=32929, name=product 32929, condition=new, state=ok, price=2.73), Product(id=48208, name=product 48208, condition=new, state=ok, price=2.73), Product(id=9697, name=product 9697, condition=new, state=ok, price=2.73), Product(id=33333, name=product 33333, condition=new, state=ok, price=2.74), Product(id=7219, name=product 7219, condition=new, state=ok, price=2.74), Product(id=75621, name=product 75621, condition=new, state=ok, price=2.74), Product(id=10445, name=product 10445, condition=new, state=ok, price=2.75), Product(id=1998, name=product 1998, condition=new, state=ok, price=2.75), Product(id=14531, name=product 14531, condition=new, state=ok, price=2.76), Product(id=91978, name=product 91978, condition=new, state=ok, price=2.76), Product(id=6276, name=product 6276, condition=new, state=ok, price=2.77), Product(id=5268, name=product 5268, condition=new, state=ok, price=2.78), Product(id=7670, name=product 7670, condition=new, state=ok, price=2.79), Product(id=26645, name=product 26645, condition=new, state=ok, price=2.8), Product(id=48461, name=product 48461, condition=new, state=ok, price=2.8), Product(id=97084, name=product 97084, condition=new, state=ok, price=2.81), Product(id=12685, name=product 12685, condition=new, state=ok, price=2.82), Product(id=18726, name=product 18726, condition=new, state=ok, price=2.82), Product(id=30014, name=product 30014, condition=new, state=ok, price=2.82), Product(id=3611, name=product 3611, condition=new, state=ok, price=2.82), Product(id=68705, name=product 68705, condition=new, state=ok, price=2.82), Product(id=75441, name=product 75441, condition=new, state=ok, price=2.82), Product(id=9962, name=product 9962, condition=new, state=ok, price=2.82), Product(id=59563, name=product 59563, condition=new, state=ok, price=2.83), Product(id=30279, name=product 30279, condition=new, state=ok, price=2.84), Product(id=32856, name=product 32856, condition=new, state=ok, price=2.84), Product(id=44063, name=product 44063, condition=new, state=ok, price=2.84), Product(id=8093, name=product 8093, condition=new, state=ok, price=2.85), Product(id=21767, name=product 21767, condition=new, state=ok, price=2.86), Product(id=82141, name=product 82141, condition=new, state=ok, price=2.86), Product(id=97206, name=product 97206, condition=new, state=ok, price=2.86), Product(id=5579, name=product 5579, condition=new, state=ok, price=2.87), Product(id=6146, name=product 6146, condition=new, state=ok, price=2.87), Product(id=8691, name=product 8691, condition=new, state=ok, price=2.87), Product(id=12208, name=product 12208, condition=new, state=ok, price=2.88), Product(id=15994, name=product 15994, condition=new, state=ok, price=2.88), Product(id=24174, name=product 24174, condition=new, state=ok, price=2.88), Product(id=48477, name=product 48477, condition=new, state=ok, price=2.88), Product(id=56082, name=product 56082, condition=new, state=ok, price=2.88), Product(id=6087, name=product 6087, condition=new, state=ok, price=2.88), Product(id=89976, name=product 89976, condition=new, state=ok, price=2.88), Product(id=27414, name=product 27414, condition=new, state=ok, price=2.89), Product(id=13553, name=product 13553, condition=new, state=ok, price=2.9), Product(id=84912, name=product 84912, condition=new, state=ok, price=2.9), Product(id=15935, name=product 15935, condition=new, state=ok, price=2.91), Product(id=36372, name=product 36372, condition=new, state=ok, price=2.91), Product(id=49558, name=product 49558, condition=new, state=ok, price=2.91), Product(id=77026, name=product 77026, condition=new, state=ok, price=2.91), Product(id=16066, name=product 16066, condition=new, state=ok, price=2.92), Product(id=364, name=product 364, condition=new, state=ok, price=2.92), Product(id=94929, name=product 94929, condition=new, state=ok, price=2.92), Product(id=44437, name=product 44437, condition=new, state=ok, price=2.94), Product(id=5495, name=product 5495, condition=new, state=ok, price=2.95), Product(id=9911, name=product 9911, condition=new, state=ok, price=2.95), Product(id=34733, name=product 34733, condition=new, state=ok, price=2.96), Product(id=56650, name=product 56650, condition=new, state=ok, price=2.96), Product(id=30315, name=product 30315, condition=new, state=ok, price=2.97), Product(id=29240, name=product 29240, condition=new, state=ok, price=2.98), Product(id=41692, name=product 41692, condition=new, state=ok, price=2.98), Product(id=45698, name=product 45698, condition=new, state=ok, price=2.98), Product(id=80740, name=product 80740, condition=new, state=ok, price=2.99), Product(id=20323, name=product 20323, condition=new, state=ok, price=3.01), Product(id=40008, name=product 40008, condition=new, state=ok, price=3.01), Product(id=10237, name=product 10237, condition=new, state=ok, price=3.02), Product(id=5904, name=product 5904, condition=new, state=ok, price=3.02), Product(id=81799, name=product 81799, condition=new, state=ok, price=3.02), Product(id=10261, name=product 10261, condition=new, state=ok, price=3.03), Product(id=1481, name=product 1481, condition=new, state=ok, price=3.03), Product(id=2729, name=product 2729, condition=new, state=ok, price=3.03), Product(id=2356, name=product 2356, condition=new, state=ok, price=3.05), Product(id=345, name=product 345, condition=new, state=ok, price=3.05), Product(id=5942, name=product 5942, condition=new, state=ok, price=3.05), Product(id=24721, name=product 24721, condition=new, state=ok, price=3.06), Product(id=7146, name=product 7146, condition=new, state=ok, price=3.06), Product(id=14328, name=product 14328, condition=new, state=ok, price=3.07), Product(id=4121, name=product 4121, condition=new, state=ok, price=3.07), Product(id=13526, name=product 13526, condition=new, state=ok, price=3.08), Product(id=50832, name=product 50832, condition=new, state=ok, price=3.09), Product(id=16812, name=product 16812, condition=new, state=ok, price=3.1), Product(id=19204, name=product 19204, condition=new, state=ok, price=3.1), Product(id=55575, name=product 55575, condition=new, state=ok, price=3.1), Product(id=70511, name=product 70511, condition=new, state=ok, price=3.1), Product(id=77129, name=product 77129, condition=new, state=ok, price=3.11), Product(id=93325, name=product 93325, condition=new, state=ok, price=3.11), Product(id=34195, name=product 34195, condition=new, state=ok, price=3.12), Product(id=4445, name=product 4445, condition=new, state=ok, price=3.13), Product(id=47294, name=product 47294, condition=new, state=ok, price=3.13), Product(id=81861, name=product 81861, condition=new, state=ok, price=3.13), Product(id=68107, name=product 68107, condition=new, state=ok, price=3.14), Product(id=63287, name=product 63287, condition=new, state=ok, price=3.15), Product(id=36783, name=product 36783, condition=new, state=ok, price=3.16), Product(id=80778, name=product 80778, condition=new, state=ok, price=3.16), Product(id=94570, name=product 94570, condition=new, state=ok, price=3.17), Product(id=99427, name=product 99427, condition=new, state=ok, price=3.17), Product(id=1405, name=product 1405, condition=new, state=ok, price=3.18), Product(id=22336, name=product 22336, condition=new, state=ok, price=3.19), Product(id=8632, name=product 8632, condition=new, state=ok, price=3.19), Product(id=8798, name=product 8798, condition=new, state=ok, price=3.19), Product(id=3317, name=product 3317, condition=new, state=ok, price=3.2), Product(id=14302, name=product 14302, condition=new, state=ok, price=3.21), Product(id=29477, name=product 29477, condition=new, state=ok, price=3.21), Product(id=35128, name=product 35128, condition=new, state=ok, price=3.21), Product(id=7683, name=product 7683, condition=new, state=ok, price=3.21), Product(id=9940, name=product 9940, condition=new, state=ok, price=3.21), Product(id=1145, name=product 1145, condition=new, state=ok, price=3.22), Product(id=11577, name=product 11577, condition=new, state=ok, price=3.22), Product(id=66963, name=product 66963, condition=new, state=ok, price=3.23), Product(id=70577, name=product 70577, condition=new, state=ok, price=3.23), Product(id=4929, name=product 4929, condition=new, state=ok, price=3.24), Product(id=50427, name=product 50427, condition=new, state=ok, price=3.24), Product(id=81254, name=product 81254, condition=new, state=ok, price=3.24), Product(id=2467, name=product 2467, condition=new, state=ok, price=3.25), Product(id=47176, name=product 47176, condition=new, state=ok, price=3.25), Product(id=51451, name=product 51451, condition=new, state=ok, price=3.25), Product(id=13913, name=product 13913, condition=new, state=ok, price=3.26), Product(id=98901, name=product 98901, condition=new, state=ok, price=3.28), Product(id=13221, name=product 13221, condition=new, state=ok, price=3.29), Product(id=17287, name=product 17287, condition=new, state=ok, price=3.29), Product(id=78790, name=product 78790, condition=new, state=ok, price=3.29), Product(id=16942, name=product 16942, condition=new, state=ok, price=3.3), Product(id=2905, name=product 2905, condition=new, state=ok, price=3.3), Product(id=36462, name=product 36462, condition=new, state=ok, price=3.3), Product(id=8466, name=product 8466, condition=new, state=ok, price=3.32), Product(id=5443, name=product 5443, condition=new, state=ok, price=3.33), Product(id=40398, name=product 40398, condition=new, state=ok, price=3.34), Product(id=9200, name=product 9200, condition=new, state=ok, price=3.35), Product(id=31379, name=product 31379, condition=new, state=ok, price=3.36), Product(id=31721, name=product 31721, condition=new, state=ok, price=3.36), Product(id=40393, name=product 40393, condition=new, state=ok, price=3.36), Product(id=25050, name=product 25050, condition=new, state=ok, price=3.37), Product(id=14151, name=product 14151, condition=new, state=ok, price=3.38), Product(id=91826, name=product 91826, condition=new, state=ok, price=3.38), Product(id=2295, name=product 2295, condition=new, state=ok, price=3.39), Product(id=64419, name=product 64419, condition=new, state=ok, price=3.39), Product(id=13579, name=product 13579, condition=new, state=ok, price=3.4), Product(id=27570, name=product 27570, condition=new, state=ok, price=3.4), Product(id=2839, name=product 2839, condition=new, state=ok, price=3.4), Product(id=281, name=product 281, condition=new, state=ok, price=3.41), Product(id=13571, name=product 13571, condition=new, state=ok, price=3.42), Product(id=1453, name=product 1453, condition=new, state=ok, price=3.42), Product(id=22344, name=product 22344, condition=new, state=ok, price=3.42), Product(id=33099, name=product 33099, condition=new, state=ok, price=3.42), Product(id=35764, name=product 35764, condition=new, state=ok, price=3.44), Product(id=51630, name=product 51630, condition=new, state=ok, price=3.44), Product(id=54197, name=product 54197, condition=new, state=ok, price=3.44), Product(id=19909, name=product 19909, condition=new, state=ok, price=3.45), Product(id=23124, name=product 23124, condition=new, state=ok, price=3.45), Product(id=34649, name=product 34649, condition=new, state=ok, price=3.45), Product(id=68316, name=product 68316, condition=new, state=ok, price=3.45), Product(id=28909, name=product 28909, condition=new, state=ok, price=3.47), Product(id=13920, name=product 13920, condition=new, state=ok, price=3.49), Product(id=7477, name=product 7477, condition=new, state=ok, price=3.49), Product(id=41630, name=product 41630, condition=new, state=ok, price=3.5), Product(id=12998, name=product 12998, condition=new, state=ok, price=3.51), Product(id=3666, name=product 3666, condition=new, state=ok, price=3.51), Product(id=50089, name=product 50089, condition=new, state=ok, price=3.51), Product(id=17675, name=product 17675, condition=new, state=ok, price=3.52), Product(id=31366, name=product 31366, condition=new, state=ok, price=3.52), Product(id=4387, name=product 4387, condition=new, state=ok, price=3.52), Product(id=82223, name=product 82223, condition=new, state=ok, price=3.52), Product(id=57660, name=product 57660, condition=new, state=ok, price=3.53), Product(id=23539, name=product 23539, condition=new, state=ok, price=3.54), Product(id=5626, name=product 5626, condition=new, state=ok, price=3.54), Product(id=5804, name=product 5804, condition=new, state=ok, price=3.54), Product(id=8613, name=product 8613, condition=new, state=ok, price=3.54), Product(id=17007, name=product 17007, condition=new, state=ok, price=3.55), Product(id=2832, name=product 2832, condition=new, state=ok, price=3.55), Product(id=2995, name=product 2995, condition=new, state=ok, price=3.55), Product(id=52586, name=product 52586, condition=new, state=ok, price=3.55), Product(id=6134, name=product 6134, condition=new, state=ok, price=3.55), Product(id=13137, name=product 13137, condition=new, state=ok, price=3.56), Product(id=2307, name=product 2307, condition=new, state=ok, price=3.56), Product(id=70998, name=product 70998, condition=new, state=ok, price=3.56), Product(id=82580, name=product 82580, condition=new, state=ok, price=3.56), Product(id=11464, name=product 11464, condition=new, state=ok, price=3.57), Product(id=35102, name=product 35102, condition=new, state=ok, price=3.57), Product(id=54437, name=product 54437, condition=new, state=ok, price=3.58), Product(id=12736, name=product 12736, condition=new, state=ok, price=3.59), Product(id=20267, name=product 20267, condition=new, state=ok, price=3.6), Product(id=57400, name=product 57400, condition=new, state=ok, price=3.6), Product(id=8718, name=product 8718, condition=new, state=ok, price=3.61), Product(id=2904, name=product 2904, condition=new, state=ok, price=3.62), Product(id=4675, name=product 4675, condition=new, state=ok, price=3.62), Product(id=1858, name=product 1858, condition=new, state=ok, price=3.63), Product(id=81101, name=product 81101, condition=new, state=ok, price=3.64), Product(id=28369, name=product 28369, condition=new, state=ok, price=3.65), Product(id=75132, name=product 75132, condition=new, state=ok, price=3.65), Product(id=17461, name=product 17461, condition=new, state=ok, price=3.66), Product(id=20214, name=product 20214, condition=new, state=ok, price=3.66), Product(id=57588, name=product 57588, condition=new, state=ok, price=3.66), Product(id=1350, name=product 1350, condition=new, state=ok, price=3.67), Product(id=17535, name=product 17535, condition=new, state=ok, price=3.69), Product(id=21367, name=product 21367, condition=new, state=ok, price=3.69), Product(id=5493, name=product 5493, condition=new, state=ok, price=3.69), Product(id=98815, name=product 98815, condition=new, state=ok, price=3.69), Product(id=17726, name=product 17726, condition=new, state=ok, price=3.7), Product(id=2037, name=product 2037, condition=new, state=ok, price=3.7), Product(id=2524, name=product 2524, condition=new, state=ok, price=3.7), Product(id=2682, name=product 2682, condition=new, state=ok, price=3.7), Product(id=44821, name=product 44821, condition=new, state=ok, price=3.7), Product(id=8980, name=product 8980, condition=new, state=ok, price=3.7), Product(id=28872, name=product 28872, condition=new, state=ok, price=3.71), Product(id=39601, name=product 39601, condition=new, state=ok, price=3.71), Product(id=46597, name=product 46597, condition=new, state=ok, price=3.71), Product(id=20277, name=product 20277, condition=new, state=ok, price=3.72), Product(id=21835, name=product 21835, condition=new, state=ok, price=3.72), Product(id=74545, name=product 74545, condition=new, state=ok, price=3.72), Product(id=22677, name=product 22677, condition=new, state=ok, price=3.73), Product(id=2496, name=product 2496, condition=new, state=ok, price=3.73), Product(id=28430, name=product 28430, condition=new, state=ok, price=3.73), Product(id=55103, name=product 55103, condition=new, state=ok, price=3.73), Product(id=65553, name=product 65553, condition=new, state=ok, price=3.73), Product(id=5999, name=product 5999, condition=new, state=ok, price=3.74), Product(id=22517, name=product 22517, condition=new, state=ok, price=3.75), Product(id=46849, name=product 46849, condition=new, state=ok, price=3.75), Product(id=20301, name=product 20301, condition=new, state=ok, price=3.76), Product(id=2286, name=product 2286, condition=new, state=ok, price=3.76), Product(id=9592, name=product 9592, condition=new, state=ok, price=3.76), Product(id=9553, name=product 9553, condition=new, state=ok, price=3.77), Product(id=73, name=product 73, condition=new, state=ok, price=3.79), Product(id=97418, name=product 97418, condition=new, state=ok, price=3.79), Product(id=12589, name=product 12589, condition=new, state=ok, price=3.8), Product(id=42601, name=product 42601, condition=new, state=ok, price=3.8), Product(id=13610, name=product 13610, condition=new, state=ok, price=3.81), Product(id=95248, name=product 95248, condition=new, state=ok, price=3.81), Product(id=38862, name=product 38862, condition=new, state=ok, price=3.82), Product(id=2422, name=product 2422, condition=new, state=ok, price=3.83), Product(id=31765, name=product 31765, condition=new, state=ok, price=3.84), Product(id=35478, name=product 35478, condition=new, state=ok, price=3.84), Product(id=47042, name=product 47042, condition=new, state=ok, price=3.84), Product(id=1314, name=product 1314, condition=new, state=ok, price=3.85), Product(id=1645, name=product 1645, condition=new, state=ok, price=3.85), Product(id=11542, name=product 11542, condition=new, state=ok, price=3.86), Product(id=25701, name=product 25701, condition=new, state=ok, price=3.86), Product(id=76706, name=product 76706, condition=new, state=ok, price=3.86), Product(id=10260, name=product 10260, condition=new, state=ok, price=3.87), Product(id=1541, name=product 1541, condition=new, state=ok, price=3.87), Product(id=62883, name=product 62883, condition=new, state=ok, price=3.88), Product(id=78739, name=product 78739, condition=new, state=ok, price=3.88), Product(id=8299, name=product 8299, condition=new, state=ok, price=3.88), Product(id=2591, name=product 2591, condition=new, state=ok, price=3.89), Product(id=62839, name=product 62839, condition=new, state=ok, price=3.89), Product(id=33697, name=product 33697, condition=new, state=ok, price=3.9), Product(id=49252, name=product 49252, condition=new, state=ok, price=3.9), Product(id=65, name=product 65, condition=new, state=ok, price=3.91), Product(id=11650, name=product 11650, condition=new, state=ok, price=3.92), Product(id=35938, name=product 35938, condition=new, state=ok, price=3.92), Product(id=44514, name=product 44514, condition=new, state=ok, price=3.92), Product(id=11942, name=product 11942, condition=new, state=ok, price=3.93), Product(id=16921, name=product 16921, condition=new, state=ok, price=3.93), Product(id=33134, name=product 33134, condition=new, state=ok, price=3.93), Product(id=3975, name=product 3975, condition=new, state=ok, price=3.93), Product(id=20027, name=product 20027, condition=new, state=ok, price=3.94), Product(id=67334, name=product 67334, condition=new, state=ok, price=3.94), Product(id=72331, name=product 72331, condition=new, state=ok, price=3.94), Product(id=19383, name=product 19383, condition=new, state=ok, price=3.95), Product(id=21666, name=product 21666, condition=new, state=ok, price=3.95), Product(id=71865, name=product 71865, condition=new, state=ok, price=3.95), Product(id=79542, name=product 79542, condition=new, state=ok, price=3.95), Product(id=2367, name=product 2367, condition=new, state=ok, price=3.97), Product(id=6201, name=product 6201, condition=new, state=ok, price=3.97), Product(id=15675, name=product 15675, condition=new, state=ok, price=3.98), Product(id=24529, name=product 24529, condition=new, state=ok, price=3.98), Product(id=3559, name=product 3559, condition=new, state=ok, price=3.98), Product(id=77303, name=product 77303, condition=new, state=ok, price=3.98), Product(id=84475, name=product 84475, condition=new, state=ok, price=3.98), Product(id=9319, name=product 9319, condition=new, state=ok, price=4.0), Product(id=72037, name=product 72037, condition=new, state=ok, price=4.01), Product(id=76516, name=product 76516, condition=new, state=ok, price=4.02), Product(id=84553, name=product 84553, condition=new, state=ok, price=4.02), Product(id=88615, name=product 88615, condition=new, state=ok, price=4.02), Product(id=93204, name=product 93204, condition=new, state=ok, price=4.02), Product(id=3019, name=product 3019, condition=new, state=ok, price=4.03), Product(id=7713, name=product 7713, condition=new, state=ok, price=4.03), Product(id=23887, name=product 23887, condition=new, state=ok, price=4.04), Product(id=27463, name=product 27463, condition=new, state=ok, price=4.04), Product(id=25838, name=product 25838, condition=new, state=ok, price=4.05), Product(id=33017, name=product 33017, condition=new, state=ok, price=4.05), Product(id=58794, name=product 58794, condition=new, state=ok, price=4.05), Product(id=75209, name=product 75209, condition=new, state=ok, price=4.06), Product(id=15255, name=product 15255, condition=new, state=ok, price=4.08), Product(id=46672, name=product 46672, condition=new, state=ok, price=4.08), Product(id=52135, name=product 52135, condition=new, state=ok, price=4.08), Product(id=8009, name=product 8009, condition=new, state=ok, price=4.08), Product(id=81498, name=product 81498, condition=new, state=ok, price=4.08), Product(id=24173, name=product 24173, condition=new, state=ok, price=4.09), Product(id=33305, name=product 33305, condition=new, state=ok, price=4.09), Product(id=65819, name=product 65819, condition=new, state=ok, price=4.09), Product(id=17776, name=product 17776, condition=new, state=ok, price=4.1), Product(id=45459, name=product 45459, condition=new, state=ok, price=4.1), Product(id=25090, name=product 25090, condition=new, state=ok, price=4.11), Product(id=95651, name=product 95651, condition=new, state=ok, price=4.11), Product(id=13359, name=product 13359, condition=new, state=ok, price=4.12), Product(id=21549, name=product 21549, condition=new, state=ok, price=4.12), Product(id=10570, name=product 10570, condition=new, state=ok, price=4.14), Product(id=37961, name=product 37961, condition=new, state=ok, price=4.14), Product(id=24690, name=product 24690, condition=new, state=ok, price=4.15), Product(id=10868, name=product 10868, condition=new, state=ok, price=4.16), Product(id=1219, name=product 1219, condition=new, state=ok, price=4.16), Product(id=7704, name=product 7704, condition=new, state=ok, price=4.16), Product(id=54350, name=product 54350, condition=new, state=ok, price=4.17), Product(id=9443, name=product 9443, condition=new, state=ok, price=4.17), Product(id=19658, name=product 19658, condition=new, state=ok, price=4.18), Product(id=31585, name=product 31585, condition=new, state=ok, price=4.19), Product(id=27372, name=product 27372, condition=new, state=ok, price=4.2), Product(id=11826, name=product 11826, condition=new, state=ok, price=4.23), Product(id=21367, name=product 21367, condition=new, state=ok, price=4.23), Product(id=23819, name=product 23819, condition=new, state=ok, price=4.23), Product(id=71190, name=product 71190, condition=new, state=ok, price=4.23), Product(id=38945, name=product 38945, condition=new, state=ok, price=4.24), Product(id=19399, name=product 19399, condition=new, state=ok, price=4.25), Product(id=57183, name=product 57183, condition=new, state=ok, price=4.26), Product(id=93649, name=product 93649, condition=new, state=ok, price=4.26), Product(id=20605, name=product 20605, condition=new, state=ok, price=4.27), Product(id=52349, name=product 52349, condition=new, state=ok, price=4.27), Product(id=8309, name=product 8309, condition=new, state=ok, price=4.27), Product(id=83254, name=product 83254, condition=new, state=ok, price=4.27), Product(id=17138, name=product 17138, condition=new, state=ok, price=4.28), Product(id=22870, name=product 22870, condition=new, state=ok, price=4.28), Product(id=4122, name=product 4122, condition=new, state=ok, price=4.28), Product(id=29606, name=product 29606, condition=new, state=ok, price=4.3), Product(id=33123, name=product 33123, condition=new, state=ok, price=4.3), Product(id=46395, name=product 46395, condition=new, state=ok, price=4.3), Product(id=19024, name=product 19024, condition=new, state=ok, price=4.31), Product(id=2946, name=product 2946, condition=new, state=ok, price=4.31), Product(id=37977, name=product 37977, condition=new, state=ok, price=4.32), Product(id=4284, name=product 4284, condition=new, state=ok, price=4.32), Product(id=38849, name=product 38849, condition=new, state=ok, price=4.34), Product(id=47188, name=product 47188, condition=new, state=ok, price=4.34), Product(id=71638, name=product 71638, condition=new, state=ok, price=4.34), Product(id=10803, name=product 10803, condition=new, state=ok, price=4.35), Product(id=1251, name=product 1251, condition=new, state=ok, price=4.35), Product(id=28716, name=product 28716, condition=new, state=ok, price=4.35), Product(id=53300, name=product 53300, condition=new, state=ok, price=4.35), Product(id=59718, name=product 59718, condition=new, state=ok, price=4.35), Product(id=886, name=product 886, condition=new, state=ok, price=4.35), Product(id=7005, name=product 7005, condition=new, state=ok, price=4.37), Product(id=99842, name=product 99842, condition=new, state=ok, price=4.38), Product(id=20827, name=product 20827, condition=new, state=ok, price=4.39), Product(id=21843, name=product 21843, condition=new, state=ok, price=4.39), Product(id=2350, name=product 2350, condition=new, state=ok, price=4.39), Product(id=2947, name=product 2947, condition=new, state=ok, price=4.39), Product(id=3126, name=product 3126, condition=new, state=ok, price=4.39), Product(id=13620, name=product 13620, condition=new, state=ok, price=4.4), Product(id=3290, name=product 3290, condition=new, state=ok, price=4.4), Product(id=17939, name=product 17939, condition=new, state=ok, price=4.41), Product(id=3465, name=product 3465, condition=new, state=ok, price=4.41), Product(id=48794, name=product 48794, condition=new, state=ok, price=4.41), Product(id=19222, name=product 19222, condition=new, state=ok, price=4.42), Product(id=24057, name=product 24057, condition=new, state=ok, price=4.42), Product(id=57615, name=product 57615, condition=new, state=ok, price=4.42), Product(id=88964, name=product 88964, condition=new, state=ok, price=4.42), Product(id=23766, name=product 23766, condition=new, state=ok, price=4.44), Product(id=22398, name=product 22398, condition=new, state=ok, price=4.45), Product(id=6078, name=product 6078, condition=new, state=ok, price=4.45), Product(id=91073, name=product 91073, condition=new, state=ok, price=4.45), Product(id=94647, name=product 94647, condition=new, state=ok, price=4.45), Product(id=27911, name=product 27911, condition=new, state=ok, price=4.46), Product(id=19864, name=product 19864, condition=new, state=ok, price=4.47), Product(id=5672, name=product 5672, condition=new, state=ok, price=4.47), Product(id=14830, name=product 14830, condition=new, state=ok, price=4.48), Product(id=29096, name=product 29096, condition=new, state=ok, price=4.48), Product(id=4645, name=product 4645, condition=new, state=ok, price=4.48), Product(id=75346, name=product 75346, condition=new, state=ok, price=4.48), Product(id=48417, name=product 48417, condition=new, state=ok, price=4.51), Product(id=270, name=product 270, condition=new, state=ok, price=4.52), Product(id=17897, name=product 17897, condition=new, state=ok, price=4.53), Product(id=53809, name=product 53809, condition=new, state=ok, price=4.53), Product(id=75638, name=product 75638, condition=new, state=ok, price=4.53), Product(id=37935, name=product 37935, condition=new, state=ok, price=4.54), Product(id=2950, name=product 2950, condition=new, state=ok, price=4.55), Product(id=5339, name=product 5339, condition=new, state=ok, price=4.55), Product(id=1256, name=product 1256, condition=new, state=ok, price=4.56), Product(id=13686, name=product 13686, condition=new, state=ok, price=4.56), Product(id=3478, name=product 3478, condition=new, state=ok, price=4.56), Product(id=48384, name=product 48384, condition=new, state=ok, price=4.57), Product(id=1370, name=product 1370, condition=new, state=ok, price=4.58), Product(id=2447, name=product 2447, condition=new, state=ok, price=4.58), Product(id=3984, name=product 3984, condition=new, state=ok, price=4.59), Product(id=96921, name=product 96921, condition=new, state=ok, price=4.59), Product(id=45941, name=product 45941, condition=new, state=ok, price=4.6), Product(id=19803, name=product 19803, condition=new, state=ok, price=4.61), Product(id=33226, name=product 33226, condition=new, state=ok, price=4.61), Product(id=94164, name=product 94164, condition=new, state=ok, price=4.61), Product(id=93437, name=product 93437, condition=new, state=ok, price=4.63), Product(id=23158, name=product 23158, condition=new, state=ok, price=4.65), Product(id=31597, name=product 31597, condition=new, state=ok, price=4.65), Product(id=32378, name=product 32378, condition=new, state=ok, price=4.66), Product(id=6989, name=product 6989, condition=new, state=ok, price=4.66), Product(id=48711, name=product 48711, condition=new, state=ok, price=4.67), Product(id=6689, name=product 6689, condition=new, state=ok, price=4.67), Product(id=72602, name=product 72602, condition=new, state=ok, price=4.68), Product(id=7876, name=product 7876, condition=new, state=ok, price=4.68), Product(id=99324, name=product 99324, condition=new, state=ok, price=4.68), Product(id=54595, name=product 54595, condition=new, state=ok, price=4.69), Product(id=4898, name=product 4898, condition=new, state=ok, price=4.71), Product(id=33342, name=product 33342, condition=new, state=ok, price=4.73), Product(id=40396, name=product 40396, condition=new, state=ok, price=4.73), Product(id=94146, name=product 94146, condition=new, state=ok, price=4.73), Product(id=15886, name=product 15886, condition=new, state=ok, price=4.74), Product(id=40572, name=product 40572, condition=new, state=ok, price=4.74), Product(id=8530, name=product 8530, condition=new, state=ok, price=4.74), Product(id=1961, name=product 1961, condition=new, state=ok, price=4.75), Product(id=2176, name=product 2176, condition=new, state=ok, price=4.76), Product(id=28564, name=product 28564, condition=new, state=ok, price=4.76), Product(id=48448, name=product 48448, condition=new, state=ok, price=4.76), Product(id=86475, name=product 86475, condition=new, state=ok, price=4.76), Product(id=36622, name=product 36622, condition=new, state=ok, price=4.77), Product(id=2179, name=product 2179, condition=new, state=ok, price=4.78), Product(id=21967, name=product 21967, condition=new, state=ok, price=4.78), Product(id=2353, name=product 2353, condition=new, state=ok, price=4.78), Product(id=23349, name=product 23349, condition=new, state=ok, price=4.79), Product(id=50094, name=product 50094, condition=new, state=ok, price=4.79), Product(id=13381, name=product 13381, condition=new, state=ok, price=4.8), Product(id=23853, name=product 23853, condition=new, state=ok, price=4.81), Product(id=44604, name=product 44604, condition=new, state=ok, price=4.81), Product(id=74635, name=product 74635, condition=new, state=ok, price=4.81), Product(id=1799, name=product 1799, condition=new, state=ok, price=4.82), Product(id=23094, name=product 23094, condition=new, state=ok, price=4.83), Product(id=27123, name=product 27123, condition=new, state=ok, price=4.83), Product(id=28366, name=product 28366, condition=new, state=ok, price=4.83), Product(id=43258, name=product 43258, condition=new, state=ok, price=4.83), Product(id=2491, name=product 2491, condition=new, state=ok, price=4.84), Product(id=76522, name=product 76522, condition=new, state=ok, price=4.85), Product(id=80012, name=product 80012, condition=new, state=ok, price=4.85), Product(id=1275, name=product 1275, condition=new, state=ok, price=4.86), Product(id=6052, name=product 6052, condition=new, state=ok, price=4.86), Product(id=74420, name=product 74420, condition=new, state=ok, price=4.86), Product(id=964, name=product 964, condition=new, state=ok, price=4.86), Product(id=50097, name=product 50097, condition=new, state=ok, price=4.87), Product(id=92832, name=product 92832, condition=new, state=ok, price=4.87), Product(id=15755, name=product 15755, condition=new, state=ok, price=4.88), Product(id=21592, name=product 21592, condition=new, state=ok, price=4.88), Product(id=36644, name=product 36644, condition=new, state=ok, price=4.88), Product(id=59, name=product 59, condition=new, state=ok, price=4.88), Product(id=60138, name=product 60138, condition=new, state=ok, price=4.88), Product(id=67230, name=product 67230, condition=new, state=ok, price=4.88), Product(id=9870, name=product 9870, condition=new, state=ok, price=4.89), Product(id=18174, name=product 18174, condition=new, state=ok, price=4.91), Product(id=65772, name=product 65772, condition=new, state=ok, price=4.91), Product(id=87257, name=product 87257, condition=new, state=ok, price=4.91), Product(id=4784, name=product 4784, condition=new, state=ok, price=4.93), Product(id=5398, name=product 5398, condition=new, state=ok, price=4.93), Product(id=70441, name=product 70441, condition=new, state=ok, price=4.93), Product(id=11854, name=product 11854, condition=new, state=ok, price=4.94), Product(id=15434, name=product 15434, condition=new, state=ok, price=4.94), Product(id=27766, name=product 27766, condition=new, state=ok, price=4.94), Product(id=29221, name=product 29221, condition=new, state=ok, price=4.94), Product(id=6491, name=product 6491, condition=new, state=ok, price=4.97), Product(id=11466, name=product 11466, condition=new, state=ok, price=4.98), Product(id=12196, name=product 12196, condition=new, state=ok, price=4.98), Product(id=12297, name=product 12297, condition=new, state=ok, price=4.98), Product(id=1820, name=product 1820, condition=new, state=ok, price=5.0)]&gt;
	at org.junit.Assert.fail(Assert.java:88)
	at org.junit.Assert.failNotEquals(Assert.java:834)
	at org.junit.Assert.assertEquals(Assert.java:118)
	at org.junit.Assert.assertEquals(Assert.java:144)
	at net.ddns.arnautovevgeny.pricelist.AutomationTest.producerConsumer(AutomationTest.java:251)
	at net.ddns.arnautovevgeny.pricelist.AutomationTest.testViaProducerConsumerLoadBalancer(AutomationTest.java:261)
	at java.base/jdk.internal.reflect.NativeMethodAccessorImpl.invoke0(Native Method)
	at java.base/jdk.internal.reflect.NativeMethodAccessorImpl.invoke(NativeMethodAccessorImpl.java:62)
	at java.base/jdk.internal.reflect.DelegatingMethodAccessorImpl.invoke(DelegatingMethodAccessorImpl.java:43)
	at java.base/java.lang.reflect.Method.invoke(Method.java:566)
	at org.junit.runners.model.FrameworkMethod$1.runReflectiveCall(FrameworkMethod.java:50)
	at org.junit.internal.runners.model.ReflectiveCallable.run(ReflectiveCallable.java:12)
	at org.junit.runners.model.FrameworkMethod.invokeExplosively(FrameworkMethod.java:47)
	at org.junit.internal.runners.statements.InvokeMethod.evaluate(InvokeMethod.java:17)
	at org.junit.internal.runners.statements.RunBefores.evaluate(RunBefores.java:26)
	at org.junit.internal.runners.statements.RunAfters.evaluate(RunAfters.java:27)
	at org.junit.runners.ParentRunner.runLeaf(ParentRunner.java:325)
	at org.junit.runners.BlockJUnit4ClassRunner.runChild(BlockJUnit4ClassRunner.java:78)
	at org.junit.runners.BlockJUnit4ClassRunner.runChild(BlockJUnit4ClassRunner.java:57)
	at org.junit.runners.ParentRunner$3.run(ParentRunner.java:290)
	at org.junit.runners.ParentRunner$1.schedule(ParentRunner.java:71)
	at org.junit.runners.ParentRunner.runChildren(ParentRunner.java:288)
	at org.junit.runners.ParentRunner.access$000(ParentRunner.java:58)
	at org.junit.runners.ParentRunner$2.evaluate(ParentRunner.java:268)
	at org.junit.runners.ParentRunner.run(ParentRunner.java:363)
	at org.apache.maven.surefire.junit4.JUnit4Provider.execute(JUnit4Provider.java:252)
	at org.apache.maven.surefire.junit4.JUnit4Provider.executeTestSet(JUnit4Provider.java:141)
	at org.apache.maven.surefire.junit4.JUnit4Provider.invoke(JUnit4Provider.java:112)
	at java.base/jdk.internal.reflect.NativeMethodAccessorImpl.invoke0(Native Method)
	at java.base/jdk.internal.reflect.NativeMethodAccessorImpl.invoke(NativeMethodAccessorImpl.java:62)
	at java.base/jdk.internal.reflect.DelegatingMethodAccessorImpl.invoke(DelegatingMethodAccessorImpl.java:43)
	at java.base/java.lang.reflect.Method.invoke(Method.java:566)
	at org.apache.maven.surefire.util.ReflectionUtils.invokeMethodWithArray(ReflectionUtils.java:189)
	at org.apache.maven.surefire.booter.ProviderFactory$ProviderProxy.invoke(ProviderFactory.java:165)
	at org.apache.maven.surefire.booter.ProviderFactory.invokeProvider(ProviderFactory.java:85)
	at org.apache.maven.surefire.booter.ForkedBooter.runSuitesInProcess(ForkedBooter.java:115)
	at org.apache.maven.surefire.booter.ForkedBooter.main(ForkedBooter.java:75)
</failure>
  </testcase>
</testsuite>